2024-02-29 11:17:04: == Sync Started by User Command
2024-02-29 11:17:04: ConnectCloned connected to file:///G:/Andy/hexo/public
2024-02-29 11:17:04: ConnectCloned connected to file:///G:/Andy/hexo/public
2024-02-29 11:17:04: ConnectCloned connected to file:///G:/Andy/hexo/public
2024-02-29 11:17:04: ConnectCloned connected to file:///G:/Work/Github/wangandi520.github.io
2024-02-29 11:17:04: ConnectCloned connected to file:///G:/Work/Github/wangandi520.github.io
2024-02-29 11:17:04: ConnectCloned connected to file:///G:/Work/Github/wangandi520.github.io
2024-02-29 11:17:04: Copy Over 'G:/Andy/hexo/public/2021/06/07/红米ac2100路由器刷padavan系统/index.html' -> 'G:/Work/Github/wangandi520.github.io/2021/06/07/红米ac2100路由器刷padavan系统/index.html' (20,801)
2024-02-29 11:17:04: Copy Over 'G:/Andy/hexo/public/2021/04/30/PNG批量转成PDF/index.html' -> 'G:/Work/Github/wangandi520.github.io/2021/04/30/PNG批量转成PDF/index.html' (17,347)
2024-02-29 11:17:04: Copy Over 'G:/Andy/hexo/public/2021/03/09/电脑手机技巧/index.html' -> 'G:/Work/Github/wangandi520.github.io/2021/03/09/电脑手机技巧/index.html' (49,388)
2024-02-29 11:17:04: Copy Over 'G:/Andy/hexo/public/2021/03/09/红楼梦校注本标注/index.html' -> 'G:/Work/Github/wangandi520.github.io/2021/03/09/红楼梦校注本标注/index.html' (24,686)
2024-02-29 11:17:04: Copy Over 'G:/Andy/hexo/public/2021/03/12/REAPER6学习笔记/index.html' -> 'G:/Work/Github/wangandi520.github.io/2021/03/12/REAPER6学习笔记/index.html' (34,711)
2024-02-29 11:17:04: Copy Over 'G:/Andy/hexo/public/2021/03/11/遥远的向日葵地标注/index.html' -> 'G:/Work/Github/wangandi520.github.io/2021/03/11/遥远的向日葵地标注/index.html' (20,944)
2024-02-29 11:17:04: Copy Over 'G:/Andy/hexo/public/2021/03/11/魔方笔记/index.html' -> 'G:/Work/Github/wangandi520.github.io/2021/03/11/魔方笔记/index.html' (20,183)
2024-02-29 11:17:04: Copy Over 'G:/Andy/hexo/public/2021/03/13/文城标注/index.html' -> 'G:/Work/Github/wangandi520.github.io/2021/03/13/文城标注/index.html' (22,077)
2024-02-29 11:17:04: Copy Over 'G:/Andy/hexo/public/2021/03/15/吉他和弦图查询与生成/index.html' -> 'G:/Work/Github/wangandi520.github.io/2021/03/15/吉他和弦图查询与生成/index.html' (18,962)
2024-02-29 11:17:04: Copy Over 'G:/Andy/hexo/public/2021/03/15/文石Boox,Kindle,静读天下专业版,微信读书,KOReader的标注转换为Markdown格式/index.html' -> 'G:/Work/Github/wangandi520.github.io/2021/03/15/文石Boox,Kindle,静读天下专业版,微信读书,KOReader的标注转换为Markdown格式/index.html' (23,512)
2024-02-29 11:17:04: Copy Over 'G:/Andy/hexo/public/2021/03/17/hexo主题icarus的一些玩法/index.html' -> 'G:/Work/Github/wangandi520.github.io/2021/03/17/hexo主题icarus的一些玩法/index.html' (22,888)
2024-02-29 11:17:04: Copy Over 'G:/Andy/hexo/public/2021/03/16/西游记校注本标注/index.html' -> 'G:/Work/Github/wangandi520.github.io/2021/03/16/西游记校注本标注/index.html' (23,006)
2024-02-29 11:17:04: Copy Over 'G:/Andy/hexo/public/2021/03/16/舒适阅读电子书和漫画/index.html' -> 'G:/Work/Github/wangandi520.github.io/2021/03/16/舒适阅读电子书和漫画/index.html' (35,127)
2024-02-29 11:17:04: Copy Over 'G:/Andy/hexo/public/2021/03/22/搭建webdav服务器实现静读天下同步/index.html' -> 'G:/Work/Github/wangandi520.github.io/2021/03/22/搭建webdav服务器实现静读天下同步/index.html' (22,828)
2024-02-29 11:17:04: Copy Over 'G:/Andy/hexo/public/2020/03/26/树莓派4B加微雪2.13寸墨水屏监测pm2.5信息/index.html' -> 'G:/Work/Github/wangandi520.github.io/2020/03/26/树莓派4B加微雪2.13寸墨水屏监测pm2.5信息/index.html' (25,274)
2024-02-29 11:17:04: Copy Over 'G:/Andy/hexo/public/2021/07/03/几个漫画整理脚本的使用/index.html' -> 'G:/Work/Github/wangandi520.github.io/2021/07/03/几个漫画整理脚本的使用/index.html' (59,744)
2024-02-29 11:17:04: Copy Over 'G:/Andy/hexo/public/2021/09/25/一只特立独行的猪标注/index.html' -> 'G:/Work/Github/wangandi520.github.io/2021/09/25/一只特立独行的猪标注/index.html' (44,278)
2024-02-29 11:17:04: Copy Over 'G:/Andy/hexo/public/2021/09/28/中国历代政治得失标注/index.html' -> 'G:/Work/Github/wangandi520.github.io/2021/09/28/中国历代政治得失标注/index.html' (65,169)
2024-02-29 11:17:04: Copy Over 'G:/Andy/hexo/public/2021/10/05/离线漫画NeeView的使用和与其他软件的对比/index.html' -> 'G:/Work/Github/wangandi520.github.io/2021/10/05/离线漫画NeeView的使用和与其他软件的对比/index.html' (22,538)
2024-02-29 11:17:04: Copy Over 'G:/Andy/hexo/public/2021/10/22/沉默的大多数标注/index.html' -> 'G:/Work/Github/wangandi520.github.io/2021/10/22/沉默的大多数标注/index.html' (40,282)
2024-02-29 11:17:04: Copy Over 'G:/Andy/hexo/public/2021/12/31/书电影电视剧记录/index.html' -> 'G:/Work/Github/wangandi520.github.io/2021/12/31/书电影电视剧记录/index.html' (178,339)
2024-02-29 11:17:04: Copy Over 'G:/Andy/hexo/public/2020/06/23/文石boox nova2评测体验/index.html' -> 'G:/Work/Github/wangandi520.github.io/2020/06/23/文石boox nova2评测体验/index.html' (25,477)
2024-02-29 11:17:04: Copy Over 'G:/Andy/hexo/public/2019/03/29/文石boox poke pro评测体验/index.html' -> 'G:/Work/Github/wangandi520.github.io/2019/03/29/文石boox poke pro评测体验/index.html' (21,773)
2024-02-29 11:17:04: Copy Over 'G:/Andy/hexo/public/2019/12/04/老王随机点名器v1.0/index.html' -> 'G:/Work/Github/wangandi520.github.io/2019/12/04/老王随机点名器v1.0/index.html' (17,284)
2024-02-29 11:17:04: Copy Over 'G:/Andy/hexo/public/2019/03/29/文石poke pro,nova pro评测体验/index.html' -> 'G:/Work/Github/wangandi520.github.io/2019/03/29/文石poke pro,nova pro评测体验/index.html' (19,046)
2024-02-29 11:17:04: Copy Over 'G:/Andy/hexo/public/2017/01/09/kindle标注/index.html' -> 'G:/Work/Github/wangandi520.github.io/2017/01/09/kindle标注/index.html' (210,431)
2024-02-29 11:17:04: Copy Over 'G:/Andy/hexo/public/2017/01/14/路由器发送IP至服务器/index.html' -> 'G:/Work/Github/wangandi520.github.io/2017/01/14/路由器发送IP至服务器/index.html' (22,281)
2024-02-29 11:17:04: Copy Over 'G:/Andy/hexo/public/2017/01/09/树莓派-archlinuxarm做路由/index.html' -> 'G:/Work/Github/wangandi520.github.io/2017/01/09/树莓派-archlinuxarm做路由/index.html' (19,145)
2024-02-29 11:17:04: Copy Over 'G:/Andy/hexo/public/2017/01/09/树莓派3-Raspberry-pi-3-刷kali-3-5寸微雪屏/index.html' -> 'G:/Work/Github/wangandi520.github.io/2017/01/09/树莓派3-Raspberry-pi-3-刷kali-3-5寸微雪屏/index.html' (20,856)
2024-02-29 11:17:04: Copy Over 'G:/Andy/hexo/public/2017/01/09/树莓派3-Raspberry-pi-3-刷OpenWrt/index.html' -> 'G:/Work/Github/wangandi520.github.io/2017/01/09/树莓派3-Raspberry-pi-3-刷OpenWrt/index.html' (28,317)
2024-02-29 11:17:04: Copy Over 'G:/Andy/hexo/public/2017/01/09/歌词/index.html' -> 'G:/Work/Github/wangandi520.github.io/2017/01/09/歌词/index.html' (149,238)
2024-02-29 11:17:04: Copy Over 'G:/Andy/hexo/public/2017/01/31/单页面投资行情/index.html' -> 'G:/Work/Github/wangandi520.github.io/2017/01/31/单页面投资行情/index.html' (17,698)
2024-02-29 11:17:04: Copy Over 'G:/Andy/hexo/public/2017/03/23/speaksoftlylove/index.html' -> 'G:/Work/Github/wangandi520.github.io/2017/03/23/speaksoftlylove/index.html' (15,980)
2024-02-29 11:17:04: Copy Over 'G:/Andy/hexo/public/2017/05/15/树莓派3B和攀藤PMS5003ST/index.html' -> 'G:/Work/Github/wangandi520.github.io/2017/05/15/树莓派3B和攀藤PMS5003ST/index.html' (52,206)
2024-02-29 11:17:04: Copy Over 'G:/Andy/hexo/public/2022/01/06/书电影电视剧简评/index.html' -> 'G:/Work/Github/wangandi520.github.io/2022/01/06/书电影电视剧简评/index.html' (44,362)
2024-02-29 11:17:04: Copy Over 'G:/Andy/hexo/public/2022/03/19/几个PyQt程序/index.html' -> 'G:/Work/Github/wangandi520.github.io/2022/03/19/几个PyQt程序/index.html' (23,642)
2024-02-29 11:17:04: Copy Over 'G:/Andy/hexo/public/2022/01/08/Seventh9日麻教程（79博客）v1.2/index.html' -> 'G:/Work/Github/wangandi520.github.io/2022/01/08/Seventh9日麻教程（79博客）v1.2/index.html' (54,126)
2024-02-29 11:17:04: Copy Over 'G:/Andy/hexo/public/2022/01/26/linux笔记/index.html' -> 'G:/Work/Github/wangandi520.github.io/2022/01/26/linux笔记/index.html' (42,958)
2024-02-29 11:17:04: Copy Over 'G:/Andy/hexo/public/2022/01/26/使用archlinux搭建家庭数据服务中心/index.html' -> 'G:/Work/Github/wangandi520.github.io/2022/01/26/使用archlinux搭建家庭数据服务中心/index.html' (83,535)
2024-02-29 11:17:04: Copy Over 'G:/Andy/hexo/public/2022/08/08/漫画印刷与扫描错误/index.html' -> 'G:/Work/Github/wangandi520.github.io/2022/08/08/漫画印刷与扫描错误/index.html' (42,501)
2024-02-29 11:17:04: Copy Over 'G:/Andy/hexo/public/2023/01/29/SciTE文本编辑器配置/index.html' -> 'G:/Work/Github/wangandi520.github.io/2023/01/29/SciTE文本编辑器配置/index.html' (21,266)
2024-02-29 11:17:04: Copy Over 'G:/Andy/hexo/public/2023/05/25/红楼梦人物关系图/index.html' -> 'G:/Work/Github/wangandi520.github.io/2023/05/25/红楼梦人物关系图/index.html' (15,263)
2024-02-29 11:17:04: Copy Over 'G:/Andy/hexo/public/2023/06/06/书籍删减与翻译情况/index.html' -> 'G:/Work/Github/wangandi520.github.io/2023/06/06/书籍删减与翻译情况/index.html' (22,465)
2024-02-29 11:17:04: Copy Over 'G:/Andy/hexo/public/2023/06/07/食品用品/index.html' -> 'G:/Work/Github/wangandi520.github.io/2023/06/07/食品用品/index.html' (17,425)
2024-02-29 11:17:04: Copy Over 'G:/Andy/hexo/public/2023/06/11/百年孤独人物关系图/index.html' -> 'G:/Work/Github/wangandi520.github.io/2023/06/11/百年孤独人物关系图/index.html' (15,212)
2024-02-29 11:17:04: Copy Over 'G:/Andy/hexo/public/2023/11/20/小米14的bug/index.html' -> 'G:/Work/Github/wangandi520.github.io/2023/11/20/小米14的bug/index.html' (17,153)
2024-02-29 11:17:04: Copy Over 'G:/Andy/hexo/public/2023/12/15/音频软件插件简评/index.html' -> 'G:/Work/Github/wangandi520.github.io/2023/12/15/音频软件插件简评/index.html' (23,989)
2024-02-29 11:17:04: Copy Over 'G:/Andy/hexo/public/2023/12/25/美丽的世界你在哪里/index.html' -> 'G:/Work/Github/wangandi520.github.io/2023/12/25/美丽的世界你在哪里/index.html' (23,933)
2024-02-29 11:17:04: Copy Over 'G:/Andy/hexo/public/2023/12/29/快速上手羽毛球弹弓/index.html' -> 'G:/Work/Github/wangandi520.github.io/2023/12/29/快速上手羽毛球弹弓/index.html' (19,072)
2024-02-29 11:17:04: Copy Over 'G:/Andy/hexo/public/2024/01/03/Windows和Android优质软件/index.html' -> 'G:/Work/Github/wangandi520.github.io/2024/01/03/Windows和Android优质软件/index.html' (18,944)
2024-02-29 11:17:04: Copy Over 'G:/Andy/hexo/public/2024/01/13/联想拯救者y700一代（2022）平板刷机过程/index.html' -> 'G:/Work/Github/wangandi520.github.io/2024/01/13/联想拯救者y700一代（2022）平板刷机过程/index.html' (24,472)
2024-02-29 11:17:04: Copy Over 'G:/Andy/hexo/public/2024/01/28/不能承受的生命之轻标注/index.html' -> 'G:/Work/Github/wangandi520.github.io/2024/01/28/不能承受的生命之轻标注/index.html' (36,736)
2024-02-29 11:17:04: Copy Over 'G:/Andy/hexo/public/2024/02/05/挪威的森林赖明珠译标注/index.html' -> 'G:/Work/Github/wangandi520.github.io/2024/02/05/挪威的森林赖明珠译标注/index.html' (30,098)
2024-02-29 11:17:04: Copy Over 'G:/Andy/hexo/public/2024/02/11/使用github的action配合python每天签到/index.html' -> 'G:/Work/Github/wangandi520.github.io/2024/02/11/使用github的action配合python每天签到/index.html' (19,358)
2024-02-29 11:17:04: Copy Over 'G:/Andy/hexo/public/2024/02/18/中文日文注音使用html上标注音格式/index.html' -> 'G:/Work/Github/wangandi520.github.io/2024/02/18/中文日文注音使用html上标注音格式/index.html' (19,343)
2024-02-29 11:17:04: Copy Over 'G:/Andy/hexo/public/2023/12/29/省钱玩电吉他单车摄影，阅读音乐/index.html' -> 'G:/Work/Github/wangandi520.github.io/2023/12/29/省钱玩电吉他单车摄影，阅读音乐/index.html' (25,311)
2024-02-29 11:17:04: Copy Over 'G:/Andy/hexo/public/about/index.html' -> 'G:/Work/Github/wangandi520.github.io/about/index.html' (13,699)
2024-02-29 11:17:04: Copy Over 'G:/Andy/hexo/public/archives/2017/01/index.html' -> 'G:/Work/Github/wangandi520.github.io/archives/2017/01/index.html' (14,822)
2024-02-29 11:17:04: Copy Over 'G:/Andy/hexo/public/archives/2019/03/index.html' -> 'G:/Work/Github/wangandi520.github.io/archives/2019/03/index.html' (11,903)
2024-02-29 11:17:04: Copy Over 'G:/Andy/hexo/public/archives/2019/index.html' -> 'G:/Work/Github/wangandi520.github.io/archives/2019/index.html' (12,493)
2024-02-29 11:17:04: Copy Over 'G:/Andy/hexo/public/archives/2019/12/index.html' -> 'G:/Work/Github/wangandi520.github.io/archives/2019/12/index.html' (11,276)
2024-02-29 11:17:04: Copy Over 'G:/Andy/hexo/public/archives/2017/03/index.html' -> 'G:/Work/Github/wangandi520.github.io/archives/2017/03/index.html' (11,243)
2024-02-29 11:17:04: Copy Over 'G:/Andy/hexo/public/archives/2017/05/index.html' -> 'G:/Work/Github/wangandi520.github.io/archives/2017/05/index.html' (11,278)
2024-02-29 11:17:04: Copy Over 'G:/Andy/hexo/public/archives/2017/index.html' -> 'G:/Work/Github/wangandi520.github.io/archives/2017/index.html' (15,980)
2024-02-29 11:17:04: Copy Over 'G:/Andy/hexo/public/archives/2020/03/index.html' -> 'G:/Work/Github/wangandi520.github.io/archives/2020/03/index.html' (11,377)
2024-02-29 11:17:04: Copy Over 'G:/Andy/hexo/public/archives/2021/03/index.html' -> 'G:/Work/Github/wangandi520.github.io/archives/2021/03/index.html' (17,225)
2024-02-29 11:17:04: Copy Over 'G:/Andy/hexo/public/archives/2021/04/index.html' -> 'G:/Work/Github/wangandi520.github.io/archives/2021/04/index.html' (11,244)
2024-02-29 11:17:04: Copy Over 'G:/Andy/hexo/public/archives/2021/03/page/2/index.html' -> 'G:/Work/Github/wangandi520.github.io/archives/2021/03/page/2/index.html' (12,155)
2024-02-29 11:17:04: Copy Over 'G:/Andy/hexo/public/archives/2021/06/index.html' -> 'G:/Work/Github/wangandi520.github.io/archives/2021/06/index.html' (11,306)
2024-02-29 11:17:04: Copy Over 'G:/Andy/hexo/public/archives/2021/07/index.html' -> 'G:/Work/Github/wangandi520.github.io/archives/2021/07/index.html' (11,316)
2024-02-29 11:17:04: Copy Over 'G:/Andy/hexo/public/archives/2021/09/index.html' -> 'G:/Work/Github/wangandi520.github.io/archives/2021/09/index.html' (11,933)
2024-02-29 11:17:04: Copy Over 'G:/Andy/hexo/public/archives/2021/10/index.html' -> 'G:/Work/Github/wangandi520.github.io/archives/2021/10/index.html' (11,994)
2024-02-29 11:17:04: Copy Over 'G:/Andy/hexo/public/archives/2021/index.html' -> 'G:/Work/Github/wangandi520.github.io/archives/2021/index.html' (17,254)
2024-02-29 11:17:04: Copy Over 'G:/Andy/hexo/public/archives/2021/12/index.html' -> 'G:/Work/Github/wangandi520.github.io/archives/2021/12/index.html' (11,286)
2024-02-29 11:17:04: Copy Over 'G:/Andy/hexo/public/archives/2020/06/index.html' -> 'G:/Work/Github/wangandi520.github.io/archives/2020/06/index.html' (11,278)
2024-02-29 11:17:04: Copy Over 'G:/Andy/hexo/public/archives/2021/page/2/index.html' -> 'G:/Work/Github/wangandi520.github.io/archives/2021/page/2/index.html' (17,113)
2024-02-29 11:17:04: Copy Over 'G:/Andy/hexo/public/archives/2020/index.html' -> 'G:/Work/Github/wangandi520.github.io/archives/2020/index.html' (11,969)
2024-02-29 11:17:04: Copy Over 'G:/Andy/hexo/public/archives/2022/01/index.html' -> 'G:/Work/Github/wangandi520.github.io/archives/2022/01/index.html' (13,116)
2024-02-29 11:17:04: Copy Over 'G:/Andy/hexo/public/archives/2023/01/index.html' -> 'G:/Work/Github/wangandi520.github.io/archives/2023/01/index.html' (11,278)
2024-02-29 11:17:04: Copy Over 'G:/Andy/hexo/public/archives/2023/05/index.html' -> 'G:/Work/Github/wangandi520.github.io/archives/2023/05/index.html' (11,292)
2024-02-29 11:17:04: Copy Over 'G:/Andy/hexo/public/archives/2023/06/index.html' -> 'G:/Work/Github/wangandi520.github.io/archives/2023/06/index.html' (12,474)
2024-02-29 11:17:04: Copy Over 'G:/Andy/hexo/public/archives/2023/11/index.html' -> 'G:/Work/Github/wangandi520.github.io/archives/2023/11/index.html' (11,236)
2024-02-29 11:17:04: Copy Over 'G:/Andy/hexo/public/archives/2023/12/index.html' -> 'G:/Work/Github/wangandi520.github.io/archives/2023/12/index.html' (13,207)
2024-02-29 11:17:04: Copy Over 'G:/Andy/hexo/public/archives/2023/index.html' -> 'G:/Work/Github/wangandi520.github.io/archives/2023/index.html' (16,770)
2024-02-29 11:17:04: Copy Over 'G:/Andy/hexo/public/archives/2022/03/index.html' -> 'G:/Work/Github/wangandi520.github.io/archives/2022/03/index.html' (11,240)
2024-02-29 11:17:04: Copy Over 'G:/Andy/hexo/public/archives/2022/08/index.html' -> 'G:/Work/Github/wangandi520.github.io/archives/2022/08/index.html' (11,292)
2024-02-29 11:17:04: Copy Over 'G:/Andy/hexo/public/archives/2022/index.html' -> 'G:/Work/Github/wangandi520.github.io/archives/2022/index.html' (14,285)
2024-02-29 11:17:04: Copy Over 'G:/Andy/hexo/public/archives/index.html' -> 'G:/Work/Github/wangandi520.github.io/archives/index.html' (17,551)
2024-02-29 11:17:04: Copy Over 'G:/Andy/hexo/public/archives/2024/01/index.html' -> 'G:/Work/Github/wangandi520.github.io/archives/2024/01/index.html' (12,615)
2024-02-29 11:17:04: Copy Over 'G:/Andy/hexo/public/archives/2024/02/index.html' -> 'G:/Work/Github/wangandi520.github.io/archives/2024/02/index.html' (12,651)
2024-02-29 11:17:04: Copy Over 'G:/Andy/hexo/public/archives/2024/index.html' -> 'G:/Work/Github/wangandi520.github.io/archives/2024/index.html' (14,580)
2024-02-29 11:17:04: Copy Over 'G:/Andy/hexo/public/categories/个人/index.html' -> 'G:/Work/Github/wangandi520.github.io/categories/个人/index.html' (12,787)
2024-02-29 11:17:04: Copy Over 'G:/Andy/hexo/public/archives/page/2/index.html' -> 'G:/Work/Github/wangandi520.github.io/archives/page/2/index.html' (17,265)
2024-02-29 11:17:04: Copy Over 'G:/Andy/hexo/public/categories/吉他/index.html' -> 'G:/Work/Github/wangandi520.github.io/categories/吉他/index.html' (11,258)
2024-02-29 11:17:04: Copy Over 'G:/Andy/hexo/public/categories/学习笔记/index.html' -> 'G:/Work/Github/wangandi520.github.io/categories/学习笔记/index.html' (15,076)
2024-02-29 11:17:04: Copy Over 'G:/Andy/hexo/public/categories/程序/index.html' -> 'G:/Work/Github/wangandi520.github.io/categories/程序/index.html' (17,425)
2024-02-29 11:17:04: Copy Over 'G:/Andy/hexo/public/categories/评测/index.html' -> 'G:/Work/Github/wangandi520.github.io/categories/评测/index.html' (17,369)
2024-02-29 11:17:04: Copy Over 'G:/Andy/hexo/public/categories/读书笔记/index.html' -> 'G:/Work/Github/wangandi520.github.io/categories/读书笔记/index.html' (17,624)
2024-02-29 11:17:04: Copy Over 'G:/Andy/hexo/public/categories/程序/page/2/index.html' -> 'G:/Work/Github/wangandi520.github.io/categories/程序/page/2/index.html' (17,715)
2024-02-29 11:17:04: Copy Over 'G:/Andy/hexo/public/archives/page/3/index.html' -> 'G:/Work/Github/wangandi520.github.io/archives/page/3/index.html' (17,611)
2024-02-29 11:17:04: Copy Over 'G:/Andy/hexo/public/categories/读书笔记/page/2/index.html' -> 'G:/Work/Github/wangandi520.github.io/categories/读书笔记/page/2/index.html' (14,121)
2024-02-29 11:17:04: Copy Over 'G:/Andy/hexo/public/archives/page/4/index.html' -> 'G:/Work/Github/wangandi520.github.io/archives/page/4/index.html' (17,529)
2024-02-29 11:17:04: Copy Over 'G:/Andy/hexo/public/archives/page/5/index.html' -> 'G:/Work/Github/wangandi520.github.io/archives/page/5/index.html' (17,569)
2024-02-29 11:17:04: Copy Over 'G:/Andy/hexo/public/index.html' -> 'G:/Work/Github/wangandi520.github.io/index.html' (44,568)
2024-02-29 11:17:04: Copy Over 'G:/Andy/hexo/public/archives/page/6/index.html' -> 'G:/Work/Github/wangandi520.github.io/archives/page/6/index.html' (14,581)
2024-02-29 11:17:04: Copy Over 'G:/Andy/hexo/public/links/index.html' -> 'G:/Work/Github/wangandi520.github.io/links/index.html' (12,230)
2024-02-29 11:17:04: Copy Over 'G:/Andy/hexo/public/page/2/index.html' -> 'G:/Work/Github/wangandi520.github.io/page/2/index.html' (42,726)
2024-02-29 11:17:04: Copy Over 'G:/Andy/hexo/public/page/3/index.html' -> 'G:/Work/Github/wangandi520.github.io/page/3/index.html' (47,398)
2024-02-29 11:17:04: Copy Over 'G:/Andy/hexo/public/page/4/index.html' -> 'G:/Work/Github/wangandi520.github.io/page/4/index.html' (50,812)
2024-02-29 11:17:04: Copy Over 'G:/Andy/hexo/public/page/5/index.html' -> 'G:/Work/Github/wangandi520.github.io/page/5/index.html' (44,726)
2024-02-29 11:17:04: Copy Over 'G:/Andy/hexo/public/page/6/index.html' -> 'G:/Work/Github/wangandi520.github.io/page/6/index.html' (32,794)
2024-02-29 11:17:04: Copy Over 'G:/Andy/hexo/public/tags/archlinuxarm/index.html' -> 'G:/Work/Github/wangandi520.github.io/tags/archlinuxarm/index.html' (12,050)
2024-02-29 11:17:04: Copy Over 'G:/Andy/hexo/public/tags/bash/index.html' -> 'G:/Work/Github/wangandi520.github.io/tags/bash/index.html' (11,254)
2024-02-29 11:17:04: Copy Over 'G:/Andy/hexo/public/tags/boox/index.html' -> 'G:/Work/Github/wangandi520.github.io/tags/boox/index.html' (12,557)
2024-02-29 11:17:04: Copy Over 'G:/Andy/hexo/public/tags/hexo/index.html' -> 'G:/Work/Github/wangandi520.github.io/tags/hexo/index.html' (11,246)
2024-02-29 11:17:04: Copy Over 'G:/Andy/hexo/public/tags/html/index.html' -> 'G:/Work/Github/wangandi520.github.io/tags/html/index.html' (11,226)
2024-02-29 11:17:04: Copy Over 'G:/Andy/hexo/public/tags/icarus/index.html' -> 'G:/Work/Github/wangandi520.github.io/tags/icarus/index.html' (11,256)
2024-02-29 11:17:04: Copy Over 'G:/Andy/hexo/public/tags/javascript/index.html' -> 'G:/Work/Github/wangandi520.github.io/tags/javascript/index.html' (11,256)
2024-02-29 11:17:04: Copy Over 'G:/Andy/hexo/public/tags/kali/index.html' -> 'G:/Work/Github/wangandi520.github.io/tags/kali/index.html' (11,288)
2024-02-29 11:17:04: Copy Over 'G:/Andy/hexo/public/tags/kindle/index.html' -> 'G:/Work/Github/wangandi520.github.io/tags/kindle/index.html' (12,102)
2024-02-29 11:17:04: Copy Over 'G:/Andy/hexo/public/tags/linux/index.html' -> 'G:/Work/Github/wangandi520.github.io/tags/linux/index.html' (11,951)
2024-02-29 11:17:04: Copy Over 'G:/Andy/hexo/public/tags/koreader/index.html' -> 'G:/Work/Github/wangandi520.github.io/tags/koreader/index.html' (11,474)
2024-02-29 11:17:04: Copy Over 'G:/Andy/hexo/public/tags/markdown/index.html' -> 'G:/Work/Github/wangandi520.github.io/tags/markdown/index.html' (11,474)
2024-02-29 11:17:04: Copy Over 'G:/Andy/hexo/public/tags/NeeView/index.html' -> 'G:/Work/Github/wangandi520.github.io/tags/NeeView/index.html' (11,363)
2024-02-29 11:17:04: Copy Over 'G:/Andy/hexo/public/tags/nuc/index.html' -> 'G:/Work/Github/wangandi520.github.io/tags/nuc/index.html' (11,299)
2024-02-29 11:17:04: Copy Over 'G:/Andy/hexo/public/tags/OpenWrt/index.html' -> 'G:/Work/Github/wangandi520.github.io/tags/OpenWrt/index.html' (11,253)
2024-02-29 11:17:04: Copy Over 'G:/Andy/hexo/public/tags/PDF/index.html' -> 'G:/Work/Github/wangandi520.github.io/tags/PDF/index.html' (11,197)
2024-02-29 11:17:04: Copy Over 'G:/Andy/hexo/public/tags/padavan/index.html' -> 'G:/Work/Github/wangandi520.github.io/tags/padavan/index.html' (11,279)
2024-02-29 11:17:04: Copy Over 'G:/Andy/hexo/public/tags/php/index.html' -> 'G:/Work/Github/wangandi520.github.io/tags/php/index.html' (11,249)
2024-02-29 11:17:04: Copy Over 'G:/Andy/hexo/public/tags/PM2-5/index.html' -> 'G:/Work/Github/wangandi520.github.io/tags/PM2-5/index.html' (11,241)
2024-02-29 11:17:04: Copy Over 'G:/Andy/hexo/public/tags/PMS5003ST/index.html' -> 'G:/Work/Github/wangandi520.github.io/tags/PMS5003ST/index.html' (11,261)
2024-02-29 11:17:04: Copy Over 'G:/Andy/hexo/public/tags/python/index.html' -> 'G:/Work/Github/wangandi520.github.io/tags/python/index.html' (13,371)
2024-02-29 11:17:04: Copy Over 'G:/Andy/hexo/public/tags/Qt/index.html' -> 'G:/Work/Github/wangandi520.github.io/tags/Qt/index.html' (11,882)
2024-02-29 11:17:04: Copy Over 'G:/Andy/hexo/public/tags/Raspberry/index.html' -> 'G:/Work/Github/wangandi520.github.io/tags/Raspberry/index.html' (15,451)
2024-02-29 11:17:04: Copy Over 'G:/Andy/hexo/public/tags/REAPER/index.html' -> 'G:/Work/Github/wangandi520.github.io/tags/REAPER/index.html' (11,214)
2024-02-29 11:17:04: Copy Over 'G:/Andy/hexo/public/tags/webdav/index.html' -> 'G:/Work/Github/wangandi520.github.io/tags/webdav/index.html' (11,320)
2024-02-29 11:17:04: Copy Over 'G:/Andy/hexo/public/tags/y700/index.html' -> 'G:/Work/Github/wangandi520.github.io/tags/y700/index.html' (11,338)
2024-02-29 11:17:04: Copy Over 'G:/Andy/hexo/public/tags/书/index.html' -> 'G:/Work/Github/wangandi520.github.io/tags/书/index.html' (11,955)
2024-02-29 11:17:04: Copy Over 'G:/Andy/hexo/public/tags/余华/index.html' -> 'G:/Work/Github/wangandi520.github.io/tags/余华/index.html' (11,225)
2024-02-29 11:17:04: Copy Over 'G:/Andy/hexo/public/tags/刷机/index.html' -> 'G:/Work/Github/wangandi520.github.io/tags/刷机/index.html' (11,372)
2024-02-29 11:17:04: Copy Over 'G:/Andy/hexo/public/tags/单车/index.html' -> 'G:/Work/Github/wangandi520.github.io/tags/单车/index.html' (11,356)
2024-02-29 11:17:04: Copy Over 'G:/Andy/hexo/public/tags/吉他/index.html' -> 'G:/Work/Github/wangandi520.github.io/tags/吉他/index.html' (11,957)
2024-02-29 11:17:04: Copy Over 'G:/Andy/hexo/public/tags/学习笔记/index.html' -> 'G:/Work/Github/wangandi520.github.io/tags/学习笔记/index.html' (11,278)
2024-02-29 11:17:04: Copy Over 'G:/Andy/hexo/public/tags/弹弓/index.html' -> 'G:/Work/Github/wangandi520.github.io/tags/弹弓/index.html' (11,284)
2024-02-29 11:17:04: Copy Over 'G:/Andy/hexo/public/tags/微信读书/index.html' -> 'G:/Work/Github/wangandi520.github.io/tags/微信读书/index.html' (11,542)
2024-02-29 11:17:04: Copy Over 'G:/Andy/hexo/public/tags/微雪/index.html' -> 'G:/Work/Github/wangandi520.github.io/tags/微雪/index.html' (11,369)
2024-02-29 11:17:04: Copy Over 'G:/Andy/hexo/public/tags/投资/index.html' -> 'G:/Work/Github/wangandi520.github.io/tags/投资/index.html' (11,260)
2024-02-29 11:17:04: Copy Over 'G:/Andy/hexo/public/tags/指弹/index.html' -> 'G:/Work/Github/wangandi520.github.io/tags/指弹/index.html' (11,235)
2024-02-29 11:17:04: Copy Over 'G:/Andy/hexo/public/tags/摄影/index.html' -> 'G:/Work/Github/wangandi520.github.io/tags/摄影/index.html' (11,356)
2024-02-29 11:17:04: Copy Over 'G:/Andy/hexo/public/tags/摘抄/index.html' -> 'G:/Work/Github/wangandi520.github.io/tags/摘抄/index.html' (11,212)
2024-02-29 11:17:04: Copy Over 'G:/Andy/hexo/public/tags/攀藤/index.html' -> 'G:/Work/Github/wangandi520.github.io/tags/攀藤/index.html' (11,270)
2024-02-29 11:17:04: Copy Over 'G:/Andy/hexo/public/tags/文城/index.html' -> 'G:/Work/Github/wangandi520.github.io/tags/文城/index.html' (11,225)
2024-02-29 11:17:04: Copy Over 'G:/Andy/hexo/public/tags/文石/index.html' -> 'G:/Work/Github/wangandi520.github.io/tags/文石/index.html' (13,505)
2024-02-29 11:17:04: Copy Over 'G:/Andy/hexo/public/tags/日语/index.html' -> 'G:/Work/Github/wangandi520.github.io/tags/日语/index.html' (11,200)
2024-02-29 11:17:04: Copy Over 'G:/Andy/hexo/public/tags/标注/index.html' -> 'G:/Work/Github/wangandi520.github.io/tags/标注/index.html' (17,418)
2024-02-29 11:17:04: Copy Over 'G:/Andy/hexo/public/tags/树莓派/index.html' -> 'G:/Work/Github/wangandi520.github.io/tags/树莓派/index.html' (15,487)
2024-02-29 11:17:04: Copy Over 'G:/Andy/hexo/public/tags/歌词/index.html' -> 'G:/Work/Github/wangandi520.github.io/tags/歌词/index.html' (11,200)
2024-02-29 11:17:04: Copy Over 'G:/Andy/hexo/public/tags/标注/page/2/index.html' -> 'G:/Work/Github/wangandi520.github.io/tags/标注/page/2/index.html' (12,220)
2024-02-29 11:17:04: Copy Over 'G:/Andy/hexo/public/tags/漫画/index.html' -> 'G:/Work/Github/wangandi520.github.io/tags/漫画/index.html' (13,358)
2024-02-29 11:17:04: Copy Over 'G:/Andy/hexo/public/tags/王小波/index.html' -> 'G:/Work/Github/wangandi520.github.io/tags/王小波/index.html' (11,928)
2024-02-29 11:17:04: Copy Over 'G:/Andy/hexo/public/tags/电吉他/index.html' -> 'G:/Work/Github/wangandi520.github.io/tags/电吉他/index.html' (11,383)
2024-02-29 11:17:04: Copy Over 'G:/Andy/hexo/public/tags/电影/index.html' -> 'G:/Work/Github/wangandi520.github.io/tags/电影/index.html' (11,982)
2024-02-29 11:17:04: Copy Over 'G:/Andy/hexo/public/tags/电纸书/index.html' -> 'G:/Work/Github/wangandi520.github.io/tags/电纸书/index.html' (13,340)
2024-02-29 11:17:04: Copy Over 'G:/Andy/hexo/public/tags/电脑手机技巧/index.html' -> 'G:/Work/Github/wangandi520.github.io/tags/电脑手机技巧/index.html' (11,356)
2024-02-29 11:17:04: Copy Over 'G:/Andy/hexo/public/tags/电脑技巧/index.html' -> 'G:/Work/Github/wangandi520.github.io/tags/电脑技巧/index.html' (12,014)
2024-02-29 11:17:04: Copy Over 'G:/Andy/hexo/public/tags/电视剧/index.html' -> 'G:/Work/Github/wangandi520.github.io/tags/电视剧/index.html' (12,009)
2024-02-29 11:17:04: Copy Over 'G:/Andy/hexo/public/tags/百年孤独/index.html' -> 'G:/Work/Github/wangandi520.github.io/tags/百年孤独/index.html' (11,350)
2024-02-29 11:17:04: Copy Over 'G:/Andy/hexo/public/tags/程序/index.html' -> 'G:/Work/Github/wangandi520.github.io/tags/程序/index.html' (12,603)
2024-02-29 11:17:04: Copy Over 'G:/Andy/hexo/public/tags/红楼梦/index.html' -> 'G:/Work/Github/wangandi520.github.io/tags/红楼梦/index.html' (12,010)
2024-02-29 11:17:04: Copy Over 'G:/Andy/hexo/public/tags/羽毛球/index.html' -> 'G:/Work/Github/wangandi520.github.io/tags/羽毛球/index.html' (11,311)
2024-02-29 11:17:04: Copy Over 'G:/Andy/hexo/public/tags/英语/index.html' -> 'G:/Work/Github/wangandi520.github.io/tags/英语/index.html' (11,200)
2024-02-29 11:17:04: Copy Over 'G:/Andy/hexo/public/tags/西游记/index.html' -> 'G:/Work/Github/wangandi520.github.io/tags/西游记/index.html' (11,300)
2024-02-29 11:17:04: Copy Over 'G:/Andy/hexo/public/tags/评测/index.html' -> 'G:/Work/Github/wangandi520.github.io/tags/评测/index.html' (13,967)
2024-02-29 11:17:04: Copy Over 'G:/Andy/hexo/public/tags/读书笔记/index.html' -> 'G:/Work/Github/wangandi520.github.io/tags/读书笔记/index.html' (17,508)
2024-02-29 11:17:04: Copy Over 'G:/Andy/hexo/public/tags/路由器/index.html' -> 'G:/Work/Github/wangandi520.github.io/tags/路由器/index.html' (11,325)
2024-02-29 11:17:04: Copy Over 'G:/Andy/hexo/public/tags/读书笔记/page/2/index.html' -> 'G:/Work/Github/wangandi520.github.io/tags/读书笔记/page/2/index.html' (11,672)
2024-02-29 11:17:04: Copy Over 'G:/Andy/hexo/public/tags/遥远的向日葵地/index.html' -> 'G:/Work/Github/wangandi520.github.io/tags/遥远的向日葵地/index.html' (11,420)
2024-02-29 11:17:04: Copy Over 'G:/Andy/hexo/public/tags/钱穆/index.html' -> 'G:/Work/Github/wangandi520.github.io/tags/钱穆/index.html' (11,297)
2024-02-29 11:17:04: Copy Over 'G:/Andy/hexo/public/tags/静读天下专业版/index.html' -> 'G:/Work/Github/wangandi520.github.io/tags/静读天下专业版/index.html' (12,298)
2024-02-29 11:17:04: Copy Over 'G:/Andy/hexo/public/tags/音乐/index.html' -> 'G:/Work/Github/wangandi520.github.io/tags/音乐/index.html' (11,356)
2024-02-29 11:17:04: Copy Over 'G:/Andy/hexo/public/tags/阅读/index.html' -> 'G:/Work/Github/wangandi520.github.io/tags/阅读/index.html' (17,481)
2024-02-29 11:17:04: Copy Over 'G:/Andy/hexo/public/tags/音频/index.html' -> 'G:/Work/Github/wangandi520.github.io/tags/音频/index.html' (12,623)
2024-02-29 11:17:04: Copy Over 'G:/Andy/hexo/public/tags/阅读/page/2/index.html' -> 'G:/Work/Github/wangandi520.github.io/tags/阅读/page/2/index.html' (13,392)
2024-02-29 11:17:04: Close Modified Folder (mod-time, acl): /2021/04/30/PNG批量转成PDF
2024-02-29 11:17:04: Close Modified Folder (mod-time, acl): /2021/03/09/电脑手机技巧
2024-02-29 11:17:04: Close Modified Folder (mod-time, acl): /2021/06/07/红米ac2100路由器刷padavan系统
2024-02-29 11:17:04: Close Modified Folder (mod-time, acl): /2021/03/09/红楼梦校注本标注
2024-02-29 11:17:04: Close Modified Folder (mod-time, acl): /2021/03/12/REAPER6学习笔记
2024-02-29 11:17:04: Copy Over 'G:/Andy/hexo/public/tags/食品用品/index.html' -> 'G:/Work/Github/wangandi520.github.io/tags/食品用品/index.html' (11,278)
2024-02-29 11:17:04: Close Modified Folder (mod-time, acl): /2021/03/11/遥远的向日葵地标注
2024-02-29 11:17:04: Copy Over 'G:/Andy/hexo/public/tags/魔方/index.html' -> 'G:/Work/Github/wangandi520.github.io/tags/魔方/index.html' (11,224)
2024-02-29 11:17:04: Close Modified Folder (mod-time, acl): /2021/03/11/魔方笔记
2024-02-29 11:17:04: Close Modified Folder (mod-time, acl): /2021/03/13/文城标注
2024-02-29 11:17:04: Copy Over 'G:/Andy/hexo/public/tags/麻将/index.html' -> 'G:/Work/Github/wangandi520.github.io/tags/麻将/index.html' (11,289)
2024-02-29 11:17:04: Close Modified Folder (mod-time, acl): /2021/03/15/吉他和弦图查询与生成
2024-02-29 11:17:04: Close Modified Folder (mod-time, acl): /2021/03/15/文石Boox,Kindle,静读天下专业版,微信读书,KOReader的标注转换为Markdown格式
2024-02-29 11:17:04: Close Modified Folder (mod-time, acl): /2021/03/17/hexo主题icarus的一些玩法
2024-02-29 11:17:04: Close Modified Folder (mod-time, acl): /2021/03/16/西游记校注本标注
2024-02-29 11:17:04: Close Modified Folder (mod-time, acl): /2021/03/16/舒适阅读电子书和漫画
2024-02-29 11:17:04: Close Modified Folder (mod-time, acl): /2021/03/22/搭建webdav服务器实现静读天下同步
2024-02-29 11:17:04: Close Modified Folder (mod-time, acl): /2020/03/26/树莓派4B加微雪2.13寸墨水屏监测pm2.5信息
2024-02-29 11:17:04: Close Modified Folder (mod-time, acl): /2021/07/03/几个漫画整理脚本的使用
2024-02-29 11:17:04: Close Modified Folder (mod-time, acl): /2021/09/25/一只特立独行的猪标注
2024-02-29 11:17:04: Close Modified Folder (mod-time, acl): /2021/09/28/中国历代政治得失标注
2024-02-29 11:17:04: Close Modified Folder (mod-time, acl): /2021/10/05/离线漫画NeeView的使用和与其他软件的对比
2024-02-29 11:17:04: Close Modified Folder (mod-time, acl): /2021/10/22/沉默的大多数标注
2024-02-29 11:17:04: Close Modified Folder (mod-time, acl): /2021/12/31/书电影电视剧记录
2024-02-29 11:17:04: Close Modified Folder (mod-time, acl): /2020/06/23/文石boox nova2评测体验
2024-02-29 11:17:04: Close Modified Folder (mod-time, acl): /2019/03/29/文石boox poke pro评测体验
2024-02-29 11:17:04: Close Modified Folder (mod-time, acl): /2019/12/04/老王随机点名器v1.0
2024-02-29 11:17:04: Close Modified Folder (mod-time, acl): /2019/03/29/文石poke pro,nova pro评测体验
2024-02-29 11:17:04: Close Modified Folder (mod-time, acl): /2017/01/09/kindle标注
2024-02-29 11:17:04: Close Modified Folder (mod-time, acl): /2017/01/14/路由器发送IP至服务器
2024-02-29 11:17:04: Close Modified Folder (mod-time, acl): /2017/01/09/树莓派-archlinuxarm做路由
2024-02-29 11:17:04: Close Modified Folder (mod-time, acl): /2017/01/09/树莓派3-Raspberry-pi-3-刷kali-3-5寸微雪屏
2024-02-29 11:17:04: Close Modified Folder (mod-time, acl): /2017/01/09/树莓派3-Raspberry-pi-3-刷OpenWrt
2024-02-29 11:17:04: Close Modified Folder (mod-time, acl): /2017/01/09/歌词
2024-02-29 11:17:04: Close Modified Folder (mod-time, acl): /2017/01/31/单页面投资行情
2024-02-29 11:17:04: Close Modified Folder (mod-time, acl): /2017/03/23/speaksoftlylove
2024-02-29 11:17:04: Close Modified Folder (mod-time, acl): /2017/05/15/树莓派3B和攀藤PMS5003ST
2024-02-29 11:17:04: Close Modified Folder (mod-time, acl): /2022/01/06/书电影电视剧简评
2024-02-29 11:17:04: Close Modified Folder (mod-time, acl): /2022/03/19/几个PyQt程序
2024-02-29 11:17:04: Close Modified Folder (mod-time, acl): /2022/01/08/Seventh9日麻教程（79博客）v1.2
2024-02-29 11:17:04: Close Modified Folder (mod-time, acl): /2022/01/26/linux笔记
2024-02-29 11:17:04: Close Modified Folder (mod-time, acl): /2022/01/26/使用archlinux搭建家庭数据服务中心
2024-02-29 11:17:04: Close Modified Folder (mod-time, acl): /2022/08/08/漫画印刷与扫描错误
2024-02-29 11:17:04: Close Modified Folder (mod-time, acl): /2023/01/29/SciTE文本编辑器配置
2024-02-29 11:17:04: Close Modified Folder (mod-time, acl): /2023/05/25/红楼梦人物关系图
2024-02-29 11:17:04: Close Modified Folder (mod-time, acl): /2023/06/06/书籍删减与翻译情况
2024-02-29 11:17:04: Close Modified Folder (mod-time, acl): /2023/06/07/食品用品
2024-02-29 11:17:04: Close Modified Folder (mod-time, acl): /2023/06/11/百年孤独人物关系图
2024-02-29 11:17:04: Close Modified Folder (mod-time, acl): /2023/11/20/小米14的bug
2024-02-29 11:17:04: Close Modified Folder (mod-time, acl): /2023/12/15/音频软件插件简评
2024-02-29 11:17:04: Close Modified Folder (mod-time, acl): /2023/12/25/美丽的世界你在哪里
2024-02-29 11:17:04: Close Modified Folder (mod-time, acl): /2023/12/29/快速上手羽毛球弹弓
2024-02-29 11:17:04: Close Modified Folder (mod-time, acl): /2024/01/03/Windows和Android优质软件
2024-02-29 11:17:04: Close Modified Folder (mod-time, acl): /2024/01/13/联想拯救者y700一代（2022）平板刷机过程
2024-02-29 11:17:04: Close Modified Folder (mod-time, acl): /2024/01/28/不能承受的生命之轻标注
2024-02-29 11:17:04: Close Modified Folder (mod-time, acl): /2024/02/05/挪威的森林赖明珠译标注
2024-02-29 11:17:04: Close Modified Folder (mod-time, acl): /2024/02/11/使用github的action配合python每天签到
2024-02-29 11:17:04: Close Modified Folder (mod-time, acl): /2024/02/18/中文日文注音使用html上标注音格式
2024-02-29 11:17:04: Close Modified Folder (mod-time, acl): /2023/12/29/省钱玩电吉他单车摄影，阅读音乐
2024-02-29 11:17:04: Close Modified Folder (mod-time, acl): /about
2024-02-29 11:17:04: Close Modified Folder (mod-time, acl): /archives/2017/01
2024-02-29 11:17:04: Close Modified Folder (mod-time, acl): /archives/2019/03
2024-02-29 11:17:04: Close Modified Folder (mod-time, acl): /archives/2019/12
2024-02-29 11:17:04: Close Modified Folder (mod-time, acl): /archives/2017/03
2024-02-29 11:17:04: Close Modified Folder (mod-time, acl): /archives/2017/05
2024-02-29 11:17:04: Close Modified Folder (mod-time, acl): /archives/2020/03
2024-02-29 11:17:04: Close Modified Folder (mod-time, acl): /archives/2021/04
2024-02-29 11:17:04: Close Modified Folder (mod-time, acl): /archives/2021/03/page/2
2024-02-29 11:17:04: Close Modified Folder (mod-time, acl): /archives/2021/06
2024-02-29 11:17:04: Close Modified Folder (mod-time, acl): /archives/2021/07
2024-02-29 11:17:04: Close Modified Folder (mod-time, acl): /archives/2021/09
2024-02-29 11:17:04: Close Modified Folder (mod-time, acl): /archives/2021/10
2024-02-29 11:17:04: Close Modified Folder (mod-time, acl): /archives/2021/12
2024-02-29 11:17:04: Close Modified Folder (mod-time, acl): /archives/2020/06
2024-02-29 11:17:04: Close Modified Folder (mod-time, acl): /archives/2021/page/2
2024-02-29 11:17:04: Close Modified Folder (mod-time, acl): /archives/2022/01
2024-02-29 11:17:04: Close Modified Folder (mod-time, acl): /archives/2023/01
2024-02-29 11:17:04: Close Modified Folder (mod-time, acl): /archives/2023/05
2024-02-29 11:17:04: Close Modified Folder (mod-time, acl): /archives/2023/06
2024-02-29 11:17:04: Close Modified Folder (mod-time, acl): /archives/2023/11
2024-02-29 11:17:04: Close Modified Folder (mod-time, acl): /archives/2023/12
2024-02-29 11:17:04: Close Modified Folder (mod-time, acl): /archives/2022/03
2024-02-29 11:17:04: Close Modified Folder (mod-time, acl): /archives/2022/08
2024-02-29 11:17:04: Close Modified Folder (mod-time, acl): /archives/2024/01
2024-02-29 11:17:04: Close Modified Folder (mod-time, acl): /archives/2024/02
2024-02-29 11:17:04: Close Modified Folder (mod-time, acl): /categories/个人
2024-02-29 11:17:04: Close Modified Folder (mod-time, acl): /archives/page/2
2024-02-29 11:17:04: Close Modified Folder (mod-time, acl): /categories/吉他
2024-02-29 11:17:04: Close Modified Folder (mod-time, acl): /categories/学习笔记
2024-02-29 11:17:04: Close Modified Folder (mod-time, acl): /categories/评测
2024-02-29 11:17:04: Close Modified Folder (mod-time, acl): /categories/程序/page/2
2024-02-29 11:17:04: Close Modified Folder (mod-time, acl): /archives/page/3
2024-02-29 11:17:04: Close Modified Folder (mod-time, acl): /categories/读书笔记/page/2
2024-02-29 11:17:04: Close Modified Folder (mod-time, acl): /archives/page/4
2024-02-29 11:17:04: Close Modified Folder (mod-time, acl): /archives/page/5
2024-02-29 11:17:04: Close Modified Folder (mod-time, acl): /archives/page/6
2024-02-29 11:17:04: Close Modified Folder (mod-time, acl): /links
2024-02-29 11:17:04: Close Modified Folder (mod-time, acl): /page/2
2024-02-29 11:17:04: Close Modified Folder (mod-time, acl): /page/3
2024-02-29 11:17:04: Close Modified Folder (mod-time, acl): /page/4
2024-02-29 11:17:04: Close Modified Folder (mod-time, acl): /page/5
2024-02-29 11:17:04: Close Modified Folder (mod-time, acl): /page/6
2024-02-29 11:17:04: Close Modified Folder (mod-time, acl): /tags/archlinuxarm
2024-02-29 11:17:04: Close Modified Folder (mod-time, acl): /tags/bash
2024-02-29 11:17:04: Close Modified Folder (mod-time, acl): /tags/boox
2024-02-29 11:17:04: Close Modified Folder (mod-time, acl): /tags/hexo
2024-02-29 11:17:04: Close Modified Folder (mod-time, acl): /tags/html
2024-02-29 11:17:04: Close Modified Folder (mod-time, acl): /tags/icarus
2024-02-29 11:17:04: Close Modified Folder (mod-time, acl): /tags/javascript
2024-02-29 11:17:04: Close Modified Folder (mod-time, acl): /tags/kali
2024-02-29 11:17:04: Close Modified Folder (mod-time, acl): /tags/kindle
2024-02-29 11:17:04: Close Modified Folder (mod-time, acl): /tags/linux
2024-02-29 11:17:04: Close Modified Folder (mod-time, acl): /tags/koreader
2024-02-29 11:17:04: Close Modified Folder (mod-time, acl): /tags/markdown
2024-02-29 11:17:04: Close Modified Folder (mod-time, acl): /tags/NeeView
2024-02-29 11:17:04: Close Modified Folder (mod-time, acl): /tags/nuc
2024-02-29 11:17:04: Close Modified Folder (mod-time, acl): /tags/OpenWrt
2024-02-29 11:17:04: Close Modified Folder (mod-time, acl): /tags/PDF
2024-02-29 11:17:04: Close Modified Folder (mod-time, acl): /tags/padavan
2024-02-29 11:17:04: Close Modified Folder (mod-time, acl): /tags/php
2024-02-29 11:17:04: Close Modified Folder (mod-time, acl): /tags/PM2-5
2024-02-29 11:17:04: Close Modified Folder (mod-time, acl): /tags/PMS5003ST
2024-02-29 11:17:04: Close Modified Folder (mod-time, acl): /tags/python
2024-02-29 11:17:04: Close Modified Folder (mod-time, acl): /tags/Qt
2024-02-29 11:17:04: Close Modified Folder (mod-time, acl): /tags/Raspberry
2024-02-29 11:17:04: Close Modified Folder (mod-time, acl): /tags/REAPER
2024-02-29 11:17:04: Close Modified Folder (mod-time, acl): /tags/webdav
2024-02-29 11:17:04: Close Modified Folder (mod-time, acl): /tags/y700
2024-02-29 11:17:04: Close Modified Folder (mod-time, acl): /tags/书
2024-02-29 11:17:04: Close Modified Folder (mod-time, acl): /tags/余华
2024-02-29 11:17:04: Close Modified Folder (mod-time, acl): /tags/刷机
2024-02-29 11:17:04: Close Modified Folder (mod-time, acl): /tags/单车
2024-02-29 11:17:04: Close Modified Folder (mod-time, acl): /tags/吉他
2024-02-29 11:17:04: Close Modified Folder (mod-time, acl): /tags/学习笔记
2024-02-29 11:17:04: Close Modified Folder (mod-time, acl): /tags/弹弓
2024-02-29 11:17:04: Close Modified Folder (mod-time, acl): /tags/微信读书
2024-02-29 11:17:04: Close Modified Folder (mod-time, acl): /tags/微雪
2024-02-29 11:17:04: Close Modified Folder (mod-time, acl): /tags/投资
2024-02-29 11:17:04: Close Modified Folder (mod-time, acl): /tags/指弹
2024-02-29 11:17:04: Close Modified Folder (mod-time, acl): /tags/摄影
2024-02-29 11:17:04: Close Modified Folder (mod-time, acl): /tags/摘抄
2024-02-29 11:17:04: Close Modified Folder (mod-time, acl): /tags/攀藤
2024-02-29 11:17:04: Close Modified Folder (mod-time, acl): /tags/文城
2024-02-29 11:17:04: Close Modified Folder (mod-time, acl): /tags/文石
2024-02-29 11:17:04: Close Modified Folder (mod-time, acl): /tags/日语
2024-02-29 11:17:04: Close Modified Folder (mod-time, acl): /tags/树莓派
2024-02-29 11:17:04: Close Modified Folder (mod-time, acl): /tags/歌词
2024-02-29 11:17:04: Close Modified Folder (mod-time, acl): /tags/标注/page/2
2024-02-29 11:17:04: Close Modified Folder (mod-time, acl): /tags/漫画
2024-02-29 11:17:04: Close Modified Folder (mod-time, acl): /tags/王小波
2024-02-29 11:17:04: Close Modified Folder (mod-time, acl): /tags/电吉他
2024-02-29 11:17:04: Close Modified Folder (mod-time, acl): /tags/电影
2024-02-29 11:17:04: Close Modified Folder (mod-time, acl): /tags/电纸书
2024-02-29 11:17:04: Close Modified Folder (mod-time, acl): /tags/电脑手机技巧
2024-02-29 11:17:04: Close Modified Folder (mod-time, acl): /tags/电脑技巧
2024-02-29 11:17:04: Close Modified Folder (mod-time, acl): /tags/电视剧
2024-02-29 11:17:04: Close Modified Folder (mod-time, acl): /tags/百年孤独
2024-02-29 11:17:04: Close Modified Folder (mod-time, acl): /tags/程序
2024-02-29 11:17:04: Close Modified Folder (mod-time, acl): /tags/红楼梦
2024-02-29 11:17:04: Close Modified Folder (mod-time, acl): /tags/羽毛球
2024-02-29 11:17:04: Close Modified Folder (mod-time, acl): /tags/英语
2024-02-29 11:17:04: Close Modified Folder (mod-time, acl): /tags/西游记
2024-02-29 11:17:04: Close Modified Folder (mod-time, acl): /tags/评测
2024-02-29 11:17:04: Close Modified Folder (mod-time, acl): /tags/路由器
2024-02-29 11:17:04: Close Modified Folder (mod-time, acl): /tags/读书笔记/page/2
2024-02-29 11:17:04: Close Modified Folder (mod-time, acl): /tags/遥远的向日葵地
2024-02-29 11:17:04: Close Modified Folder (mod-time, acl): /tags/静读天下专业版
2024-02-29 11:17:04: Close Modified Folder (mod-time, acl): /tags/钱穆
2024-02-29 11:17:04: Close Modified Folder (mod-time, acl): /tags/音乐
2024-02-29 11:17:04: Close Modified Folder (mod-time, acl): /tags/音频
2024-02-29 11:17:04: Close Modified Folder (mod-time, acl): /tags/阅读/page/2
2024-02-29 11:17:04: Close Modified Folder (mod-time, acl): /tags/食品用品
2024-02-29 11:17:04: Close Modified Folder (mod-time, acl): /tags/魔方
2024-02-29 11:17:04: Close Modified Folder (mod-time, acl): /tags/麻将
2024-02-29 11:17:04: Close Modified Folder (mod-time, acl): /archives/2019
2024-02-29 11:17:04: Close Modified Folder (mod-time, acl): /archives/2017
2024-02-29 11:17:04: Close Modified Folder (mod-time, acl): /archives/2020
2024-02-29 11:17:04: Close Modified Folder (mod-time, acl): /archives/2023
2024-02-29 11:17:04: Close Modified Folder (mod-time, acl): /archives/2022
2024-02-29 11:17:04: Close Modified Folder (mod-time, acl): /archives/2024
2024-02-29 11:17:04: Close Modified Folder (mod-time, acl): /archives/2021/03
2024-02-29 11:17:04: Close Modified Folder (mod-time, acl): /categories/程序
2024-02-29 11:17:04: Close Modified Folder (mod-time, acl): /categories/读书笔记
2024-02-29 11:17:04: Close Modified Folder (mod-time, acl): /tags/标注
2024-02-29 11:17:04: Close Modified Folder (mod-time, acl): /tags/读书笔记
2024-02-29 11:17:04: Close Modified Folder (mod-time, acl): /tags/阅读
2024-02-29 11:17:04: Close Modified Folder (mod-time, acl): /archives/2021
2024-02-29 11:17:04: Close Modified Folder (mod-time, acl): /archives
2024-02-29 11:17:04: Save State File G:/Andy/hexo/public/_gsdata_/_file_state_v4._gs
2024-02-29 11:17:04: Save State File G:/Work/Github/wangandi520.github.io/_gsdata_/_file_state_v4._gs
2024-02-29 11:17:04: == Sync Complete. Time: 00:00:00, Speed: 0.00/s, OK: 186, Errors: 0
