2024-02-29 11:00:16: == Sync Started by User Command
2024-02-29 11:00:16: ConnectCloned connected to file:///G:/Andy/hexo/public
2024-02-29 11:00:16: ConnectCloned connected to file:///G:/Andy/hexo/public
2024-02-29 11:00:16: ConnectCloned connected to file:///G:/Andy/hexo/public
2024-02-29 11:00:16: ConnectCloned connected to file:///G:/Work/Github/wangandi520.github.io
2024-02-29 11:00:16: ConnectCloned connected to file:///G:/Work/Github/wangandi520.github.io
2024-02-29 11:00:16: ConnectCloned connected to file:///G:/Work/Github/wangandi520.github.io
2024-02-29 11:00:16: Copy Over 'G:/Andy/hexo/public/2017/01/09/树莓派3-Raspberry-pi-3-刷kali-3-5寸微雪屏/index.html' -> 'G:/Work/Github/wangandi520.github.io/2017/01/09/树莓派3-Raspberry-pi-3-刷kali-3-5寸微雪屏/index.html' (20,826)
2024-02-29 11:00:16: Copy Over 'G:/Andy/hexo/public/2017/01/09/树莓派-archlinuxarm做路由/index.html' -> 'G:/Work/Github/wangandi520.github.io/2017/01/09/树莓派-archlinuxarm做路由/index.html' (19,115)
2024-02-29 11:00:16: Copy Over 'G:/Andy/hexo/public/2017/01/09/kindle标注/index.html' -> 'G:/Work/Github/wangandi520.github.io/2017/01/09/kindle标注/index.html' (210,401)
2024-02-29 11:00:16: Copy Over 'G:/Andy/hexo/public/2017/01/09/树莓派3-Raspberry-pi-3-刷OpenWrt/index.html' -> 'G:/Work/Github/wangandi520.github.io/2017/01/09/树莓派3-Raspberry-pi-3-刷OpenWrt/index.html' (28,287)
2024-02-29 11:00:16: Copy Over 'G:/Andy/hexo/public/2017/01/14/路由器发送IP至服务器/index.html' -> 'G:/Work/Github/wangandi520.github.io/2017/01/14/路由器发送IP至服务器/index.html' (22,251)
2024-02-29 11:00:16: Copy Over 'G:/Andy/hexo/public/2017/01/09/歌词/index.html' -> 'G:/Work/Github/wangandi520.github.io/2017/01/09/歌词/index.html' (149,208)
2024-02-29 11:00:16: Copy Over 'G:/Andy/hexo/public/2017/01/31/单页面投资行情/index.html' -> 'G:/Work/Github/wangandi520.github.io/2017/01/31/单页面投资行情/index.html' (17,668)
2024-02-29 11:00:16: Copy Over 'G:/Andy/hexo/public/2017/03/23/speaksoftlylove/index.html' -> 'G:/Work/Github/wangandi520.github.io/2017/03/23/speaksoftlylove/index.html' (15,950)
2024-02-29 11:00:16: Copy Over 'G:/Andy/hexo/public/2017/05/15/树莓派3B和攀藤PMS5003ST/index.html' -> 'G:/Work/Github/wangandi520.github.io/2017/05/15/树莓派3B和攀藤PMS5003ST/index.html' (52,176)
2024-02-29 11:00:16: Copy Over 'G:/Andy/hexo/public/2019/03/29/文石boox poke pro评测体验/index.html' -> 'G:/Work/Github/wangandi520.github.io/2019/03/29/文石boox poke pro评测体验/index.html' (21,743)
2024-02-29 11:00:16: Copy Over 'G:/Andy/hexo/public/2019/03/29/文石poke pro,nova pro评测体验/index.html' -> 'G:/Work/Github/wangandi520.github.io/2019/03/29/文石poke pro,nova pro评测体验/index.html' (19,016)
2024-02-29 11:00:16: Copy Over 'G:/Andy/hexo/public/2019/12/04/老王随机点名器v1.0/index.html' -> 'G:/Work/Github/wangandi520.github.io/2019/12/04/老王随机点名器v1.0/index.html' (17,254)
2024-02-29 11:00:16: Copy Over 'G:/Andy/hexo/public/2020/03/26/树莓派4B加微雪2.13寸墨水屏监测pm2.5信息/index.html' -> 'G:/Work/Github/wangandi520.github.io/2020/03/26/树莓派4B加微雪2.13寸墨水屏监测pm2.5信息/index.html' (25,244)
2024-02-29 11:00:16: Copy Over 'G:/Andy/hexo/public/2020/06/23/文石boox nova2评测体验/index.html' -> 'G:/Work/Github/wangandi520.github.io/2020/06/23/文石boox nova2评测体验/index.html' (25,447)
2024-02-29 11:00:16: Copy Over 'G:/Andy/hexo/public/2021/03/09/电脑手机技巧/index.html' -> 'G:/Work/Github/wangandi520.github.io/2021/03/09/电脑手机技巧/index.html' (49,358)
2024-02-29 11:00:16: Copy Over 'G:/Andy/hexo/public/2021/03/09/红楼梦校注本标注/index.html' -> 'G:/Work/Github/wangandi520.github.io/2021/03/09/红楼梦校注本标注/index.html' (24,656)
2024-02-29 11:00:16: Copy Over 'G:/Andy/hexo/public/2021/03/11/遥远的向日葵地标注/index.html' -> 'G:/Work/Github/wangandi520.github.io/2021/03/11/遥远的向日葵地标注/index.html' (20,914)
2024-02-29 11:00:16: Copy Over 'G:/Andy/hexo/public/2021/03/11/魔方笔记/index.html' -> 'G:/Work/Github/wangandi520.github.io/2021/03/11/魔方笔记/index.html' (20,153)
2024-02-29 11:00:16: Copy Over 'G:/Andy/hexo/public/2021/03/12/REAPER6学习笔记/index.html' -> 'G:/Work/Github/wangandi520.github.io/2021/03/12/REAPER6学习笔记/index.html' (34,681)
2024-02-29 11:00:16: Copy Over 'G:/Andy/hexo/public/2021/03/13/文城标注/index.html' -> 'G:/Work/Github/wangandi520.github.io/2021/03/13/文城标注/index.html' (22,047)
2024-02-29 11:00:16: Copy Over 'G:/Andy/hexo/public/2021/03/15/吉他和弦图查询与生成/index.html' -> 'G:/Work/Github/wangandi520.github.io/2021/03/15/吉他和弦图查询与生成/index.html' (18,932)
2024-02-29 11:00:16: Copy Over 'G:/Andy/hexo/public/2021/03/15/文石Boox,Kindle,静读天下专业版,微信读书,KOReader的标注转换为Markdown格式/index.html' -> 'G:/Work/Github/wangandi520.github.io/2021/03/15/文石Boox,Kindle,静读天下专业版,微信读书,KOReader的标注转换为Markdown格式/index.html' (23,482)
2024-02-29 11:00:16: Copy Over 'G:/Andy/hexo/public/2021/03/16/舒适阅读电子书和漫画/index.html' -> 'G:/Work/Github/wangandi520.github.io/2021/03/16/舒适阅读电子书和漫画/index.html' (35,097)
2024-02-29 11:00:16: Copy Over 'G:/Andy/hexo/public/2021/03/16/西游记校注本标注/index.html' -> 'G:/Work/Github/wangandi520.github.io/2021/03/16/西游记校注本标注/index.html' (22,976)
2024-02-29 11:00:16: Copy Over 'G:/Andy/hexo/public/2021/03/17/hexo主题icarus的一些玩法/index.html' -> 'G:/Work/Github/wangandi520.github.io/2021/03/17/hexo主题icarus的一些玩法/index.html' (22,858)
2024-02-29 11:00:16: Copy Over 'G:/Andy/hexo/public/2021/03/22/搭建webdav服务器实现静读天下同步/index.html' -> 'G:/Work/Github/wangandi520.github.io/2021/03/22/搭建webdav服务器实现静读天下同步/index.html' (22,798)
2024-02-29 11:00:16: Copy Over 'G:/Andy/hexo/public/2021/04/30/PNG批量转成PDF/index.html' -> 'G:/Work/Github/wangandi520.github.io/2021/04/30/PNG批量转成PDF/index.html' (17,317)
2024-02-29 11:00:16: Copy Over 'G:/Andy/hexo/public/2021/06/07/红米ac2100路由器刷padavan系统/index.html' -> 'G:/Work/Github/wangandi520.github.io/2021/06/07/红米ac2100路由器刷padavan系统/index.html' (20,771)
2024-02-29 11:00:16: Copy Over 'G:/Andy/hexo/public/2021/07/03/几个漫画整理脚本的使用/index.html' -> 'G:/Work/Github/wangandi520.github.io/2021/07/03/几个漫画整理脚本的使用/index.html' (59,714)
2024-02-29 11:00:16: Copy Over 'G:/Andy/hexo/public/2021/09/25/一只特立独行的猪标注/index.html' -> 'G:/Work/Github/wangandi520.github.io/2021/09/25/一只特立独行的猪标注/index.html' (44,248)
2024-02-29 11:00:16: Copy Over 'G:/Andy/hexo/public/2021/09/28/中国历代政治得失标注/index.html' -> 'G:/Work/Github/wangandi520.github.io/2021/09/28/中国历代政治得失标注/index.html' (65,139)
2024-02-29 11:00:16: Copy Over 'G:/Andy/hexo/public/2021/10/05/离线漫画NeeView的使用和与其他软件的对比/index.html' -> 'G:/Work/Github/wangandi520.github.io/2021/10/05/离线漫画NeeView的使用和与其他软件的对比/index.html' (22,508)
2024-02-29 11:00:16: Copy Over 'G:/Andy/hexo/public/2021/10/22/沉默的大多数标注/index.html' -> 'G:/Work/Github/wangandi520.github.io/2021/10/22/沉默的大多数标注/index.html' (40,252)
2024-02-29 11:00:16: Copy Over 'G:/Andy/hexo/public/2021/12/31/书电影电视剧记录/index.html' -> 'G:/Work/Github/wangandi520.github.io/2021/12/31/书电影电视剧记录/index.html' (178,309)
2024-02-29 11:00:16: Copy Over 'G:/Andy/hexo/public/2022/01/06/书电影电视剧简评/index.html' -> 'G:/Work/Github/wangandi520.github.io/2022/01/06/书电影电视剧简评/index.html' (44,332)
2024-02-29 11:00:16: Copy Over 'G:/Andy/hexo/public/2022/01/08/Seventh9日麻教程（79博客）v1.2/index.html' -> 'G:/Work/Github/wangandi520.github.io/2022/01/08/Seventh9日麻教程（79博客）v1.2/index.html' (54,096)
2024-02-29 11:00:16: Copy Over 'G:/Andy/hexo/public/2022/01/26/linux笔记/index.html' -> 'G:/Work/Github/wangandi520.github.io/2022/01/26/linux笔记/index.html' (42,928)
2024-02-29 11:00:16: Copy Over 'G:/Andy/hexo/public/2022/01/26/使用archlinux搭建家庭数据服务中心/index.html' -> 'G:/Work/Github/wangandi520.github.io/2022/01/26/使用archlinux搭建家庭数据服务中心/index.html' (83,505)
2024-02-29 11:00:16: Copy Over 'G:/Andy/hexo/public/2022/03/19/几个PyQt程序/index.html' -> 'G:/Work/Github/wangandi520.github.io/2022/03/19/几个PyQt程序/index.html' (23,612)
2024-02-29 11:00:16: Copy Over 'G:/Andy/hexo/public/2022/08/08/漫画印刷与扫描错误/index.html' -> 'G:/Work/Github/wangandi520.github.io/2022/08/08/漫画印刷与扫描错误/index.html' (42,471)
2024-02-29 11:00:16: Copy Over 'G:/Andy/hexo/public/2023/01/29/SciTE文本编辑器配置/index.html' -> 'G:/Work/Github/wangandi520.github.io/2023/01/29/SciTE文本编辑器配置/index.html' (21,236)
2024-02-29 11:00:16: Copy Over 'G:/Andy/hexo/public/2023/05/25/红楼梦人物关系图/index.html' -> 'G:/Work/Github/wangandi520.github.io/2023/05/25/红楼梦人物关系图/index.html' (15,233)
2024-02-29 11:00:16: Copy Over 'G:/Andy/hexo/public/2023/06/06/书籍删减与翻译情况/index.html' -> 'G:/Work/Github/wangandi520.github.io/2023/06/06/书籍删减与翻译情况/index.html' (22,435)
2024-02-29 11:00:16: Copy Over 'G:/Andy/hexo/public/2023/06/11/百年孤独人物关系图/index.html' -> 'G:/Work/Github/wangandi520.github.io/2023/06/11/百年孤独人物关系图/index.html' (15,182)
2024-02-29 11:00:16: Copy Over 'G:/Andy/hexo/public/2023/06/07/食品用品/index.html' -> 'G:/Work/Github/wangandi520.github.io/2023/06/07/食品用品/index.html' (17,395)
2024-02-29 11:00:16: Copy Over 'G:/Andy/hexo/public/2023/11/20/小米14的bug/index.html' -> 'G:/Work/Github/wangandi520.github.io/2023/11/20/小米14的bug/index.html' (17,123)
2024-02-29 11:00:16: Copy Over 'G:/Andy/hexo/public/2023/12/15/音频软件插件简评/index.html' -> 'G:/Work/Github/wangandi520.github.io/2023/12/15/音频软件插件简评/index.html' (23,959)
2024-02-29 11:00:16: Copy Over 'G:/Andy/hexo/public/2023/12/25/美丽的世界你在哪里/index.html' -> 'G:/Work/Github/wangandi520.github.io/2023/12/25/美丽的世界你在哪里/index.html' (23,903)
2024-02-29 11:00:16: Copy Over 'G:/Andy/hexo/public/2023/12/29/快速上手羽毛球弹弓/index.html' -> 'G:/Work/Github/wangandi520.github.io/2023/12/29/快速上手羽毛球弹弓/index.html' (19,042)
2024-02-29 11:00:16: Copy Over 'G:/Andy/hexo/public/2023/12/29/省钱玩电吉他单车摄影，阅读音乐/index.html' -> 'G:/Work/Github/wangandi520.github.io/2023/12/29/省钱玩电吉他单车摄影，阅读音乐/index.html' (25,281)
2024-02-29 11:00:16: Copy Over 'G:/Andy/hexo/public/2024/01/03/Windows和Android优质软件/index.html' -> 'G:/Work/Github/wangandi520.github.io/2024/01/03/Windows和Android优质软件/index.html' (18,914)
2024-02-29 11:00:16: Copy Over 'G:/Andy/hexo/public/2024/01/13/联想拯救者y700一代（2022）平板刷机过程/index.html' -> 'G:/Work/Github/wangandi520.github.io/2024/01/13/联想拯救者y700一代（2022）平板刷机过程/index.html' (24,442)
2024-02-29 11:00:16: Copy Over 'G:/Andy/hexo/public/2024/01/28/不能承受的生命之轻标注/index.html' -> 'G:/Work/Github/wangandi520.github.io/2024/01/28/不能承受的生命之轻标注/index.html' (36,706)
2024-02-29 11:00:16: Copy Over 'G:/Andy/hexo/public/2024/02/05/挪威的森林赖明珠译标注/index.html' -> 'G:/Work/Github/wangandi520.github.io/2024/02/05/挪威的森林赖明珠译标注/index.html' (30,068)
2024-02-29 11:00:16: Copy Over 'G:/Andy/hexo/public/2024/02/11/使用github的action配合python每天签到/index.html' -> 'G:/Work/Github/wangandi520.github.io/2024/02/11/使用github的action配合python每天签到/index.html' (19,328)
2024-02-29 11:00:16: Copy Over 'G:/Andy/hexo/public/2024/02/18/中文日文注音使用html上标注音格式/index.html' -> 'G:/Work/Github/wangandi520.github.io/2024/02/18/中文日文注音使用html上标注音格式/index.html' (19,313)
2024-02-29 11:00:16: Copy Over 'G:/Andy/hexo/public/about/index.html' -> 'G:/Work/Github/wangandi520.github.io/about/index.html' (13,669)
2024-02-29 11:00:16: Copy Over 'G:/Andy/hexo/public/archives/2017/01/index.html' -> 'G:/Work/Github/wangandi520.github.io/archives/2017/01/index.html' (14,792)
2024-02-29 11:00:16: Copy Over 'G:/Andy/hexo/public/archives/2017/03/index.html' -> 'G:/Work/Github/wangandi520.github.io/archives/2017/03/index.html' (11,213)
2024-02-29 11:00:16: Copy Over 'G:/Andy/hexo/public/archives/2017/05/index.html' -> 'G:/Work/Github/wangandi520.github.io/archives/2017/05/index.html' (11,248)
2024-02-29 11:00:16: Copy Over 'G:/Andy/hexo/public/archives/2017/index.html' -> 'G:/Work/Github/wangandi520.github.io/archives/2017/index.html' (15,950)
2024-02-29 11:00:16: Copy Over 'G:/Andy/hexo/public/archives/2019/03/index.html' -> 'G:/Work/Github/wangandi520.github.io/archives/2019/03/index.html' (11,873)
2024-02-29 11:00:16: Copy Over 'G:/Andy/hexo/public/archives/2019/12/index.html' -> 'G:/Work/Github/wangandi520.github.io/archives/2019/12/index.html' (11,246)
2024-02-29 11:00:16: Copy Over 'G:/Andy/hexo/public/archives/2019/index.html' -> 'G:/Work/Github/wangandi520.github.io/archives/2019/index.html' (12,463)
2024-02-29 11:00:16: Copy Over 'G:/Andy/hexo/public/archives/2020/03/index.html' -> 'G:/Work/Github/wangandi520.github.io/archives/2020/03/index.html' (11,347)
2024-02-29 11:00:16: Copy Over 'G:/Andy/hexo/public/archives/2020/06/index.html' -> 'G:/Work/Github/wangandi520.github.io/archives/2020/06/index.html' (11,248)
2024-02-29 11:00:16: Copy Over 'G:/Andy/hexo/public/archives/2020/index.html' -> 'G:/Work/Github/wangandi520.github.io/archives/2020/index.html' (11,939)
2024-02-29 11:00:16: Copy Over 'G:/Andy/hexo/public/archives/2021/03/index.html' -> 'G:/Work/Github/wangandi520.github.io/archives/2021/03/index.html' (17,195)
2024-02-29 11:00:16: Copy Over 'G:/Andy/hexo/public/archives/2021/03/page/2/index.html' -> 'G:/Work/Github/wangandi520.github.io/archives/2021/03/page/2/index.html' (12,125)
2024-02-29 11:00:16: Copy Over 'G:/Andy/hexo/public/archives/2021/04/index.html' -> 'G:/Work/Github/wangandi520.github.io/archives/2021/04/index.html' (11,214)
2024-02-29 11:00:16: Copy Over 'G:/Andy/hexo/public/archives/2021/06/index.html' -> 'G:/Work/Github/wangandi520.github.io/archives/2021/06/index.html' (11,276)
2024-02-29 11:00:16: Copy Over 'G:/Andy/hexo/public/archives/2021/07/index.html' -> 'G:/Work/Github/wangandi520.github.io/archives/2021/07/index.html' (11,286)
2024-02-29 11:00:16: Copy Over 'G:/Andy/hexo/public/archives/2021/09/index.html' -> 'G:/Work/Github/wangandi520.github.io/archives/2021/09/index.html' (11,903)
2024-02-29 11:00:16: Copy Over 'G:/Andy/hexo/public/archives/2021/10/index.html' -> 'G:/Work/Github/wangandi520.github.io/archives/2021/10/index.html' (11,964)
2024-02-29 11:00:16: Copy Over 'G:/Andy/hexo/public/archives/2021/12/index.html' -> 'G:/Work/Github/wangandi520.github.io/archives/2021/12/index.html' (11,256)
2024-02-29 11:00:16: Copy Over 'G:/Andy/hexo/public/archives/2021/index.html' -> 'G:/Work/Github/wangandi520.github.io/archives/2021/index.html' (17,224)
2024-02-29 11:00:16: Copy Over 'G:/Andy/hexo/public/archives/2021/page/2/index.html' -> 'G:/Work/Github/wangandi520.github.io/archives/2021/page/2/index.html' (17,083)
2024-02-29 11:00:16: Copy Over 'G:/Andy/hexo/public/archives/2022/01/index.html' -> 'G:/Work/Github/wangandi520.github.io/archives/2022/01/index.html' (13,086)
2024-02-29 11:00:16: Copy Over 'G:/Andy/hexo/public/archives/2022/03/index.html' -> 'G:/Work/Github/wangandi520.github.io/archives/2022/03/index.html' (11,210)
2024-02-29 11:00:16: Copy Over 'G:/Andy/hexo/public/archives/2022/08/index.html' -> 'G:/Work/Github/wangandi520.github.io/archives/2022/08/index.html' (11,262)
2024-02-29 11:00:16: Copy Over 'G:/Andy/hexo/public/archives/2022/index.html' -> 'G:/Work/Github/wangandi520.github.io/archives/2022/index.html' (14,255)
2024-02-29 11:00:16: Copy Over 'G:/Andy/hexo/public/archives/2023/01/index.html' -> 'G:/Work/Github/wangandi520.github.io/archives/2023/01/index.html' (11,248)
2024-02-29 11:00:16: Copy Over 'G:/Andy/hexo/public/archives/2023/05/index.html' -> 'G:/Work/Github/wangandi520.github.io/archives/2023/05/index.html' (11,262)
2024-02-29 11:00:16: Copy Over 'G:/Andy/hexo/public/archives/2023/06/index.html' -> 'G:/Work/Github/wangandi520.github.io/archives/2023/06/index.html' (12,444)
2024-02-29 11:00:16: Copy Over 'G:/Andy/hexo/public/archives/2023/11/index.html' -> 'G:/Work/Github/wangandi520.github.io/archives/2023/11/index.html' (11,206)
2024-02-29 11:00:16: Copy Over 'G:/Andy/hexo/public/archives/2023/12/index.html' -> 'G:/Work/Github/wangandi520.github.io/archives/2023/12/index.html' (13,177)
2024-02-29 11:00:16: Copy Over 'G:/Andy/hexo/public/archives/2023/index.html' -> 'G:/Work/Github/wangandi520.github.io/archives/2023/index.html' (16,740)
2024-02-29 11:00:16: Copy Over 'G:/Andy/hexo/public/archives/2024/01/index.html' -> 'G:/Work/Github/wangandi520.github.io/archives/2024/01/index.html' (12,585)
2024-02-29 11:00:16: Copy Over 'G:/Andy/hexo/public/archives/2024/02/index.html' -> 'G:/Work/Github/wangandi520.github.io/archives/2024/02/index.html' (12,621)
2024-02-29 11:00:16: Copy Over 'G:/Andy/hexo/public/archives/2024/index.html' -> 'G:/Work/Github/wangandi520.github.io/archives/2024/index.html' (14,550)
2024-02-29 11:00:16: Copy Over 'G:/Andy/hexo/public/archives/page/2/index.html' -> 'G:/Work/Github/wangandi520.github.io/archives/page/2/index.html' (17,235)
2024-02-29 11:00:16: Copy Over 'G:/Andy/hexo/public/archives/index.html' -> 'G:/Work/Github/wangandi520.github.io/archives/index.html' (17,521)
2024-02-29 11:00:16: Copy Over 'G:/Andy/hexo/public/archives/page/3/index.html' -> 'G:/Work/Github/wangandi520.github.io/archives/page/3/index.html' (17,581)
2024-02-29 11:00:16: Copy Over 'G:/Andy/hexo/public/archives/page/4/index.html' -> 'G:/Work/Github/wangandi520.github.io/archives/page/4/index.html' (17,499)
2024-02-29 11:00:16: Copy Over 'G:/Andy/hexo/public/archives/page/5/index.html' -> 'G:/Work/Github/wangandi520.github.io/archives/page/5/index.html' (17,539)
2024-02-29 11:00:16: Copy Over 'G:/Andy/hexo/public/archives/page/6/index.html' -> 'G:/Work/Github/wangandi520.github.io/archives/page/6/index.html' (14,551)
2024-02-29 11:00:16: Copy Over 'G:/Andy/hexo/public/atom.xml' -> 'G:/Work/Github/wangandi520.github.io/atom.xml' (26,182)
2024-02-29 11:00:16: Copy Over 'G:/Andy/hexo/public/categories/个人/index.html' -> 'G:/Work/Github/wangandi520.github.io/categories/个人/index.html' (12,757)
2024-02-29 11:00:16: Copy Over 'G:/Andy/hexo/public/categories/吉他/index.html' -> 'G:/Work/Github/wangandi520.github.io/categories/吉他/index.html' (11,228)
2024-02-29 11:00:16: Copy Over 'G:/Andy/hexo/public/categories/学习笔记/index.html' -> 'G:/Work/Github/wangandi520.github.io/categories/学习笔记/index.html' (15,046)
2024-02-29 11:00:16: Copy Over 'G:/Andy/hexo/public/categories/程序/index.html' -> 'G:/Work/Github/wangandi520.github.io/categories/程序/index.html' (17,395)
2024-02-29 11:00:16: Copy Over 'G:/Andy/hexo/public/categories/程序/page/2/index.html' -> 'G:/Work/Github/wangandi520.github.io/categories/程序/page/2/index.html' (17,685)
2024-02-29 11:00:16: Copy Over 'G:/Andy/hexo/public/categories/评测/index.html' -> 'G:/Work/Github/wangandi520.github.io/categories/评测/index.html' (17,339)
2024-02-29 11:00:16: Copy Over 'G:/Andy/hexo/public/categories/读书笔记/index.html' -> 'G:/Work/Github/wangandi520.github.io/categories/读书笔记/index.html' (17,594)
2024-02-29 11:00:16: Copy Over 'G:/Andy/hexo/public/categories/读书笔记/page/2/index.html' -> 'G:/Work/Github/wangandi520.github.io/categories/读书笔记/page/2/index.html' (14,091)
2024-02-29 11:00:16: Copy Over 'G:/Andy/hexo/public/css/main.css' -> 'G:/Work/Github/wangandi520.github.io/css/main.css' (51,106)
2024-02-29 11:00:16: Copy Over 'G:/Andy/hexo/public/css/noscript.css' -> 'G:/Work/Github/wangandi520.github.io/css/noscript.css' (881)
2024-02-29 11:00:16: Copy Over 'G:/Andy/hexo/public/files/foobar左列表右eslyric歌词布局.fth' -> 'G:/Work/Github/wangandi520.github.io/files/foobar左列表右eslyric歌词布局.fth' (2,168)
2024-02-29 11:00:16: Copy Over 'G:/Andy/hexo/public/files/NeeView40.5-20240204.nvzip' -> 'G:/Work/Github/wangandi520.github.io/files/NeeView40.5-20240204.nvzip' (6,987)
2024-02-29 11:00:16: Copy Over 'G:/Andy/hexo/public/images/alipay.png' -> 'G:/Work/Github/wangandi520.github.io/images/alipay.png' (10,470)
2024-02-29 11:00:16: Copy Over 'G:/Andy/hexo/public/images/apple-touch-icon-next.png' -> 'G:/Work/Github/wangandi520.github.io/images/apple-touch-icon-next.png' (1,544)
2024-02-29 11:00:16: Copy Over 'G:/Andy/hexo/public/images/avatar.gif' -> 'G:/Work/Github/wangandi520.github.io/images/avatar.gif' (1,785)
2024-02-29 11:00:16: Copy Over 'G:/Andy/hexo/public/images/avatar.png' -> 'G:/Work/Github/wangandi520.github.io/images/avatar.png' (26,603)
2024-02-29 11:00:16: Copy Over 'G:/Andy/hexo/public/images/bainiangudu01.png' -> 'G:/Work/Github/wangandi520.github.io/images/bainiangudu01.png' (146,752)
2024-02-29 11:00:16: Copy Over 'G:/Andy/hexo/public/images/avatar.jpg' -> 'G:/Work/Github/wangandi520.github.io/images/avatar.jpg' (14,260)
2024-02-29 11:00:16: Copy Over 'G:/Andy/hexo/public/images/comfortreading01.jpg' -> 'G:/Work/Github/wangandi520.github.io/images/comfortreading01.jpg' (128,260)
2024-02-29 11:00:16: Copy Over 'G:/Andy/hexo/public/images/comfortreading03.png' -> 'G:/Work/Github/wangandi520.github.io/images/comfortreading03.png' (118,175)
2024-02-29 11:00:16: Copy Over 'G:/Andy/hexo/public/images/comfortreading04.jpg' -> 'G:/Work/Github/wangandi520.github.io/images/comfortreading04.jpg' (187,349)
2024-02-29 11:00:16: Copy Over 'G:/Andy/hexo/public/images/favicon-16x16-next.png' -> 'G:/Work/Github/wangandi520.github.io/images/favicon-16x16-next.png' (435)
2024-02-29 11:00:16: Copy Over 'G:/Andy/hexo/public/images/favicon-32x32-next.png' -> 'G:/Work/Github/wangandi520.github.io/images/favicon-32x32-next.png' (640)
2024-02-29 11:00:16: Copy Over 'G:/Andy/hexo/public/images/favicon.ico' -> 'G:/Work/Github/wangandi520.github.io/images/favicon.ico' (26,603)
2024-02-29 11:00:16: Copy Over 'G:/Andy/hexo/public/images/hongloumeng01.png' -> 'G:/Work/Github/wangandi520.github.io/images/hongloumeng01.png' (271,010)
2024-02-29 11:00:16: Copy Over 'G:/Andy/hexo/public/images/logo-algolia-nebula-blue-full.svg' -> 'G:/Work/Github/wangandi520.github.io/images/logo-algolia-nebula-blue-full.svg' (5,318)
2024-02-29 11:00:16: Copy Over 'G:/Andy/hexo/public/images/logo.svg' -> 'G:/Work/Github/wangandi520.github.io/images/logo.svg' (647)
2024-02-29 11:00:16: Copy Over 'G:/Andy/hexo/public/images/shengqian01.png' -> 'G:/Work/Github/wangandi520.github.io/images/shengqian01.png' (46,562)
2024-02-29 11:00:16: Copy Over 'G:/Andy/hexo/public/images/shengqian02.jpg' -> 'G:/Work/Github/wangandi520.github.io/images/shengqian02.jpg' (427,485)
2024-02-29 11:00:16: Copy Over 'G:/Andy/hexo/public/images/shengqian03.jpg' -> 'G:/Work/Github/wangandi520.github.io/images/shengqian03.jpg' (306,568)
2024-02-29 11:00:16: Copy Over 'G:/Andy/hexo/public/images/shengqian05.jpg' -> 'G:/Work/Github/wangandi520.github.io/images/shengqian05.jpg' (224,357)
2024-02-29 11:00:16: Copy Over 'G:/Andy/hexo/public/images/shengqian04.jpg' -> 'G:/Work/Github/wangandi520.github.io/images/shengqian04.jpg' (467,812)
2024-02-29 11:00:16: Copy Over 'G:/Andy/hexo/public/images/shengqian06.jpg' -> 'G:/Work/Github/wangandi520.github.io/images/shengqian06.jpg' (349,584)
2024-02-29 11:00:16: Copy Over 'G:/Andy/hexo/public/images/shengqian08.jpg' -> 'G:/Work/Github/wangandi520.github.io/images/shengqian08.jpg' (360,345)
2024-02-29 11:00:16: Copy Over 'G:/Andy/hexo/public/images/shengqian07.jpg' -> 'G:/Work/Github/wangandi520.github.io/images/shengqian07.jpg' (333,433)
2024-02-29 11:00:16: Copy Over 'G:/Andy/hexo/public/images/shengqian09.jpg' -> 'G:/Work/Github/wangandi520.github.io/images/shengqian09.jpg' (254,285)
2024-02-29 11:00:16: Copy Over 'G:/Andy/hexo/public/images/weixin.png' -> 'G:/Work/Github/wangandi520.github.io/images/weixin.png' (48,887)
2024-02-29 11:00:16: Copy Over 'G:/Andy/hexo/public/images/shengqian10.jpg' -> 'G:/Work/Github/wangandi520.github.io/images/shengqian10.jpg' (272,488)
2024-02-29 11:00:16: Copy Over 'G:/Andy/hexo/public/images/y700-01.png' -> 'G:/Work/Github/wangandi520.github.io/images/y700-01.png' (81,680)
2024-02-29 11:00:16: Copy Over 'G:/Andy/hexo/public/index.html' -> 'G:/Work/Github/wangandi520.github.io/index.html' (44,538)
2024-02-29 11:00:16: Copy Over 'G:/Andy/hexo/public/js/bookmark.js' -> 'G:/Work/Github/wangandi520.github.io/js/bookmark.js' (1,682)
2024-02-29 11:00:16: Copy Over 'G:/Andy/hexo/public/js/comments-buttons.js' -> 'G:/Work/Github/wangandi520.github.io/js/comments-buttons.js' (923)
2024-02-29 11:00:16: Copy Over 'G:/Andy/hexo/public/js/comments.js' -> 'G:/Work/Github/wangandi520.github.io/js/comments.js' (666)
2024-02-29 11:00:16: Copy Over 'G:/Andy/hexo/public/js/config.js' -> 'G:/Work/Github/wangandi520.github.io/js/config.js' (1,704)
2024-02-29 11:00:16: Copy Over 'G:/Andy/hexo/public/js/motion.js' -> 'G:/Work/Github/wangandi520.github.io/js/motion.js' (3,818)
2024-02-29 11:00:16: Copy Over 'G:/Andy/hexo/public/js/next-boot.js' -> 'G:/Work/Github/wangandi520.github.io/js/next-boot.js' (2,417)
2024-02-29 11:00:16: Copy Over 'G:/Andy/hexo/public/js/pjax.js' -> 'G:/Work/Github/wangandi520.github.io/js/pjax.js' (1,513)
2024-02-29 11:00:16: Copy Over 'G:/Andy/hexo/public/js/schedule.js' -> 'G:/Work/Github/wangandi520.github.io/js/schedule.js' (4,399)
2024-02-29 11:00:16: Copy Over 'G:/Andy/hexo/public/js/schemes/muse.js' -> 'G:/Work/Github/wangandi520.github.io/js/schemes/muse.js' (2,518)
2024-02-29 11:00:16: Copy Over 'G:/Andy/hexo/public/js/third-party/addtoany.js' -> 'G:/Work/Github/wangandi520.github.io/js/third-party/addtoany.js' (217)
2024-02-29 11:00:16: Copy Over 'G:/Andy/hexo/public/js/third-party/analytics/baidu-analytics.js' -> 'G:/Work/Github/wangandi520.github.io/js/third-party/analytics/baidu-analytics.js' (162)
2024-02-29 11:00:16: Copy Over 'G:/Andy/hexo/public/js/third-party/analytics/google-analytics.js' -> 'G:/Work/Github/wangandi520.github.io/js/third-party/analytics/google-analytics.js' (1,549)
2024-02-29 11:00:16: Copy Over 'G:/Andy/hexo/public/js/third-party/analytics/growingio.js' -> 'G:/Work/Github/wangandi520.github.io/js/third-party/analytics/growingio.js' (201)
2024-02-29 11:00:16: Copy Over 'G:/Andy/hexo/public/js/third-party/analytics/matomo.js' -> 'G:/Work/Github/wangandi520.github.io/js/third-party/analytics/matomo.js' (603)
2024-02-29 11:00:16: Copy Over 'G:/Andy/hexo/public/js/third-party/chat/chatra.js' -> 'G:/Work/Github/wangandi520.github.io/js/third-party/chat/chatra.js' (401)
2024-02-29 11:00:16: Copy Over 'G:/Andy/hexo/public/js/third-party/chat/tidio.js' -> 'G:/Work/Github/wangandi520.github.io/js/third-party/chat/tidio.js' (226)
2024-02-29 11:00:16: Copy Over 'G:/Andy/hexo/public/js/third-party/comments/changyan.js' -> 'G:/Work/Github/wangandi520.github.io/js/third-party/comments/changyan.js' (1,023)
2024-02-29 11:00:16: Copy Over 'G:/Andy/hexo/public/js/third-party/comments/disqus.js' -> 'G:/Work/Github/wangandi520.github.io/js/third-party/comments/disqus.js' (1,299)
2024-02-29 11:00:16: Copy Over 'G:/Andy/hexo/public/js/third-party/comments/disqusjs.js' -> 'G:/Work/Github/wangandi520.github.io/js/third-party/comments/disqusjs.js' (784)
2024-02-29 11:00:16: Copy Over 'G:/Andy/hexo/public/js/third-party/comments/gitalk.js' -> 'G:/Work/Github/wangandi520.github.io/js/third-party/comments/gitalk.js' (927)
2024-02-29 11:00:16: Copy Over 'G:/Andy/hexo/public/js/third-party/comments/isso.js' -> 'G:/Work/Github/wangandi520.github.io/js/third-party/comments/isso.js' (389)
2024-02-29 11:00:16: Copy Over 'G:/Andy/hexo/public/js/third-party/comments/livere.js' -> 'G:/Work/Github/wangandi520.github.io/js/third-party/comments/livere.js' (471)
2024-02-29 11:00:16: Copy Over 'G:/Andy/hexo/public/js/third-party/fancybox.js' -> 'G:/Work/Github/wangandi520.github.io/js/third-party/fancybox.js' (1,151)
2024-02-29 11:00:16: Copy Over 'G:/Andy/hexo/public/js/third-party/comments/utterances.js' -> 'G:/Work/Github/wangandi520.github.io/js/third-party/comments/utterances.js' (552)
2024-02-29 11:00:16: Copy Over 'G:/Andy/hexo/public/js/third-party/math/katex.js' -> 'G:/Work/Github/wangandi520.github.io/js/third-party/math/katex.js' (181)
2024-02-29 11:00:16: Copy Over 'G:/Andy/hexo/public/js/third-party/math/mathjax.js' -> 'G:/Work/Github/wangandi520.github.io/js/third-party/math/mathjax.js' (934)
2024-02-29 11:00:16: Copy Over 'G:/Andy/hexo/public/js/third-party/pace.js' -> 'G:/Work/Github/wangandi520.github.io/js/third-party/pace.js' (130)
2024-02-29 11:00:16: Copy Over 'G:/Andy/hexo/public/js/third-party/quicklink.js' -> 'G:/Work/Github/wangandi520.github.io/js/third-party/quicklink.js' (944)
2024-02-29 11:00:16: Copy Over 'G:/Andy/hexo/public/js/third-party/search/algolia-search.js' -> 'G:/Work/Github/wangandi520.github.io/js/third-party/search/algolia-search.js' (4,058)
2024-02-29 11:00:16: Copy Over 'G:/Andy/hexo/public/js/third-party/search/local-search.js' -> 'G:/Work/Github/wangandi520.github.io/js/third-party/search/local-search.js' (3,587)
2024-02-29 11:00:16: Copy Over 'G:/Andy/hexo/public/js/third-party/statistics/firestore.js' -> 'G:/Work/Github/wangandi520.github.io/js/third-party/statistics/firestore.js' (1,834)
2024-02-29 11:00:16: Copy Over 'G:/Andy/hexo/public/js/third-party/statistics/lean-analytics.js' -> 'G:/Work/Github/wangandi520.github.io/js/third-party/statistics/lean-analytics.js' (3,719)
2024-02-29 11:00:16: Copy Over 'G:/Andy/hexo/public/js/third-party/tags/mermaid.js' -> 'G:/Work/Github/wangandi520.github.io/js/third-party/tags/mermaid.js' (1,168)
2024-02-29 11:00:16: Copy Over 'G:/Andy/hexo/public/js/third-party/tags/pdf.js' -> 'G:/Work/Github/wangandi520.github.io/js/third-party/tags/pdf.js' (681)
2024-02-29 11:00:16: Copy Over 'G:/Andy/hexo/public/js/third-party/tags/wavedrom.js' -> 'G:/Work/Github/wangandi520.github.io/js/third-party/tags/wavedrom.js' (332)
2024-02-29 11:00:16: Copy Over 'G:/Andy/hexo/public/js/utils.js' -> 'G:/Work/Github/wangandi520.github.io/js/utils.js' (19,347)
2024-02-29 11:00:16: Copy Over 'G:/Andy/hexo/public/links/index.html' -> 'G:/Work/Github/wangandi520.github.io/links/index.html' (12,200)
2024-02-29 11:00:16: Copy Over 'G:/Andy/hexo/public/page/2/index.html' -> 'G:/Work/Github/wangandi520.github.io/page/2/index.html' (42,696)
2024-02-29 11:00:16: Copy Over 'G:/Andy/hexo/public/page/3/index.html' -> 'G:/Work/Github/wangandi520.github.io/page/3/index.html' (47,368)
2024-02-29 11:00:16: Copy Over 'G:/Andy/hexo/public/page/4/index.html' -> 'G:/Work/Github/wangandi520.github.io/page/4/index.html' (50,782)
2024-02-29 11:00:16: Copy Over 'G:/Andy/hexo/public/page/5/index.html' -> 'G:/Work/Github/wangandi520.github.io/page/5/index.html' (44,696)
2024-02-29 11:00:16: Copy Over 'G:/Andy/hexo/public/page/6/index.html' -> 'G:/Work/Github/wangandi520.github.io/page/6/index.html' (32,764)
2024-02-29 11:00:16: Copy New 'G:/Andy/hexo/public/search.xml' -> 'G:/Work/Github/wangandi520.github.io/search.xml' (979,971)
2024-02-29 11:00:16: Copy Over 'G:/Andy/hexo/public/tags/archlinuxarm/index.html' -> 'G:/Work/Github/wangandi520.github.io/tags/archlinuxarm/index.html' (12,020)
2024-02-29 11:00:16: Copy Over 'G:/Andy/hexo/public/tags/bash/index.html' -> 'G:/Work/Github/wangandi520.github.io/tags/bash/index.html' (11,224)
2024-02-29 11:00:16: Copy Over 'G:/Andy/hexo/public/tags/boox/index.html' -> 'G:/Work/Github/wangandi520.github.io/tags/boox/index.html' (12,527)
2024-02-29 11:00:16: Copy Over 'G:/Andy/hexo/public/tags/hexo/index.html' -> 'G:/Work/Github/wangandi520.github.io/tags/hexo/index.html' (11,216)
2024-02-29 11:00:16: Copy Over 'G:/Andy/hexo/public/tags/html/index.html' -> 'G:/Work/Github/wangandi520.github.io/tags/html/index.html' (11,196)
2024-02-29 11:00:16: Copy Over 'G:/Andy/hexo/public/tags/icarus/index.html' -> 'G:/Work/Github/wangandi520.github.io/tags/icarus/index.html' (11,226)
2024-02-29 11:00:16: Copy Over 'G:/Andy/hexo/public/tags/javascript/index.html' -> 'G:/Work/Github/wangandi520.github.io/tags/javascript/index.html' (11,226)
2024-02-29 11:00:16: Copy Over 'G:/Andy/hexo/public/tags/kali/index.html' -> 'G:/Work/Github/wangandi520.github.io/tags/kali/index.html' (11,258)
2024-02-29 11:00:16: Copy Over 'G:/Andy/hexo/public/tags/kindle/index.html' -> 'G:/Work/Github/wangandi520.github.io/tags/kindle/index.html' (12,072)
2024-02-29 11:00:16: Copy Over 'G:/Andy/hexo/public/tags/koreader/index.html' -> 'G:/Work/Github/wangandi520.github.io/tags/koreader/index.html' (11,444)
2024-02-29 11:00:16: Copy Over 'G:/Andy/hexo/public/tags/linux/index.html' -> 'G:/Work/Github/wangandi520.github.io/tags/linux/index.html' (11,921)
2024-02-29 11:00:16: Copy Over 'G:/Andy/hexo/public/tags/markdown/index.html' -> 'G:/Work/Github/wangandi520.github.io/tags/markdown/index.html' (11,444)
2024-02-29 11:00:16: Copy Over 'G:/Andy/hexo/public/tags/NeeView/index.html' -> 'G:/Work/Github/wangandi520.github.io/tags/NeeView/index.html' (11,333)
2024-02-29 11:00:16: Copy Over 'G:/Andy/hexo/public/tags/nuc/index.html' -> 'G:/Work/Github/wangandi520.github.io/tags/nuc/index.html' (11,269)
2024-02-29 11:00:16: Copy Over 'G:/Andy/hexo/public/tags/OpenWrt/index.html' -> 'G:/Work/Github/wangandi520.github.io/tags/OpenWrt/index.html' (11,223)
2024-02-29 11:00:16: Copy Over 'G:/Andy/hexo/public/tags/padavan/index.html' -> 'G:/Work/Github/wangandi520.github.io/tags/padavan/index.html' (11,249)
2024-02-29 11:00:16: Copy Over 'G:/Andy/hexo/public/tags/PDF/index.html' -> 'G:/Work/Github/wangandi520.github.io/tags/PDF/index.html' (11,167)
2024-02-29 11:00:16: Copy Over 'G:/Andy/hexo/public/tags/php/index.html' -> 'G:/Work/Github/wangandi520.github.io/tags/php/index.html' (11,219)
2024-02-29 11:00:16: Copy Over 'G:/Andy/hexo/public/tags/PM2-5/index.html' -> 'G:/Work/Github/wangandi520.github.io/tags/PM2-5/index.html' (11,211)
2024-02-29 11:00:16: Copy Over 'G:/Andy/hexo/public/tags/PMS5003ST/index.html' -> 'G:/Work/Github/wangandi520.github.io/tags/PMS5003ST/index.html' (11,231)
2024-02-29 11:00:16: Copy Over 'G:/Andy/hexo/public/tags/Qt/index.html' -> 'G:/Work/Github/wangandi520.github.io/tags/Qt/index.html' (11,852)
2024-02-29 11:00:16: Copy Over 'G:/Andy/hexo/public/tags/python/index.html' -> 'G:/Work/Github/wangandi520.github.io/tags/python/index.html' (13,341)
2024-02-29 11:00:16: Copy Over 'G:/Andy/hexo/public/tags/Raspberry/index.html' -> 'G:/Work/Github/wangandi520.github.io/tags/Raspberry/index.html' (15,421)
2024-02-29 11:00:16: Copy Over 'G:/Andy/hexo/public/tags/REAPER/index.html' -> 'G:/Work/Github/wangandi520.github.io/tags/REAPER/index.html' (11,184)
2024-02-29 11:00:16: Copy Over 'G:/Andy/hexo/public/tags/webdav/index.html' -> 'G:/Work/Github/wangandi520.github.io/tags/webdav/index.html' (11,290)
2024-02-29 11:00:16: Copy Over 'G:/Andy/hexo/public/tags/y700/index.html' -> 'G:/Work/Github/wangandi520.github.io/tags/y700/index.html' (11,308)
2024-02-29 11:00:16: Copy Over 'G:/Andy/hexo/public/tags/书/index.html' -> 'G:/Work/Github/wangandi520.github.io/tags/书/index.html' (11,925)
2024-02-29 11:00:16: Copy Over 'G:/Andy/hexo/public/tags/余华/index.html' -> 'G:/Work/Github/wangandi520.github.io/tags/余华/index.html' (11,195)
2024-02-29 11:00:16: Copy Over 'G:/Andy/hexo/public/tags/刷机/index.html' -> 'G:/Work/Github/wangandi520.github.io/tags/刷机/index.html' (11,342)
2024-02-29 11:00:16: Copy Over 'G:/Andy/hexo/public/tags/单车/index.html' -> 'G:/Work/Github/wangandi520.github.io/tags/单车/index.html' (11,326)
2024-02-29 11:00:16: Copy Over 'G:/Andy/hexo/public/tags/吉他/index.html' -> 'G:/Work/Github/wangandi520.github.io/tags/吉他/index.html' (11,927)
2024-02-29 11:00:16: Copy Over 'G:/Andy/hexo/public/tags/学习笔记/index.html' -> 'G:/Work/Github/wangandi520.github.io/tags/学习笔记/index.html' (11,248)
2024-02-29 11:00:16: Copy Over 'G:/Andy/hexo/public/tags/弹弓/index.html' -> 'G:/Work/Github/wangandi520.github.io/tags/弹弓/index.html' (11,254)
2024-02-29 11:00:16: Copy Over 'G:/Andy/hexo/public/tags/微信读书/index.html' -> 'G:/Work/Github/wangandi520.github.io/tags/微信读书/index.html' (11,512)
2024-02-29 11:00:16: Copy Over 'G:/Andy/hexo/public/tags/微雪/index.html' -> 'G:/Work/Github/wangandi520.github.io/tags/微雪/index.html' (11,339)
2024-02-29 11:00:16: Copy Over 'G:/Andy/hexo/public/tags/投资/index.html' -> 'G:/Work/Github/wangandi520.github.io/tags/投资/index.html' (11,230)
2024-02-29 11:00:16: Copy Over 'G:/Andy/hexo/public/tags/指弹/index.html' -> 'G:/Work/Github/wangandi520.github.io/tags/指弹/index.html' (11,205)
2024-02-29 11:00:16: Copy Over 'G:/Andy/hexo/public/tags/摄影/index.html' -> 'G:/Work/Github/wangandi520.github.io/tags/摄影/index.html' (11,326)
2024-02-29 11:00:16: Copy Over 'G:/Andy/hexo/public/tags/摘抄/index.html' -> 'G:/Work/Github/wangandi520.github.io/tags/摘抄/index.html' (11,182)
2024-02-29 11:00:16: Copy Over 'G:/Andy/hexo/public/tags/攀藤/index.html' -> 'G:/Work/Github/wangandi520.github.io/tags/攀藤/index.html' (11,240)
2024-02-29 11:00:16: Copy Over 'G:/Andy/hexo/public/tags/文城/index.html' -> 'G:/Work/Github/wangandi520.github.io/tags/文城/index.html' (11,195)
2024-02-29 11:00:16: Copy Over 'G:/Andy/hexo/public/tags/文石/index.html' -> 'G:/Work/Github/wangandi520.github.io/tags/文石/index.html' (13,475)
2024-02-29 11:00:16: Copy Over 'G:/Andy/hexo/public/tags/标注/index.html' -> 'G:/Work/Github/wangandi520.github.io/tags/标注/index.html' (17,388)
2024-02-29 11:00:16: Copy Over 'G:/Andy/hexo/public/tags/日语/index.html' -> 'G:/Work/Github/wangandi520.github.io/tags/日语/index.html' (11,170)
2024-02-29 11:00:16: Copy Over 'G:/Andy/hexo/public/tags/标注/page/2/index.html' -> 'G:/Work/Github/wangandi520.github.io/tags/标注/page/2/index.html' (12,190)
2024-02-29 11:00:16: Copy Over 'G:/Andy/hexo/public/tags/树莓派/index.html' -> 'G:/Work/Github/wangandi520.github.io/tags/树莓派/index.html' (15,457)
2024-02-29 11:00:16: Copy Over 'G:/Andy/hexo/public/tags/歌词/index.html' -> 'G:/Work/Github/wangandi520.github.io/tags/歌词/index.html' (11,170)
2024-02-29 11:00:16: Copy Over 'G:/Andy/hexo/public/tags/漫画/index.html' -> 'G:/Work/Github/wangandi520.github.io/tags/漫画/index.html' (13,328)
2024-02-29 11:00:16: Copy Over 'G:/Andy/hexo/public/tags/王小波/index.html' -> 'G:/Work/Github/wangandi520.github.io/tags/王小波/index.html' (11,898)
2024-02-29 11:00:16: Copy Over 'G:/Andy/hexo/public/tags/电吉他/index.html' -> 'G:/Work/Github/wangandi520.github.io/tags/电吉他/index.html' (11,353)
2024-02-29 11:00:16: Copy Over 'G:/Andy/hexo/public/tags/电影/index.html' -> 'G:/Work/Github/wangandi520.github.io/tags/电影/index.html' (11,952)
2024-02-29 11:00:16: Copy Over 'G:/Andy/hexo/public/tags/电纸书/index.html' -> 'G:/Work/Github/wangandi520.github.io/tags/电纸书/index.html' (13,310)
2024-02-29 11:00:16: Copy Over 'G:/Andy/hexo/public/tags/电脑手机技巧/index.html' -> 'G:/Work/Github/wangandi520.github.io/tags/电脑手机技巧/index.html' (11,326)
2024-02-29 11:00:16: Copy Over 'G:/Andy/hexo/public/tags/电脑技巧/index.html' -> 'G:/Work/Github/wangandi520.github.io/tags/电脑技巧/index.html' (11,984)
2024-02-29 11:00:16: Copy Over 'G:/Andy/hexo/public/tags/电视剧/index.html' -> 'G:/Work/Github/wangandi520.github.io/tags/电视剧/index.html' (11,979)
2024-02-29 11:00:16: Copy Over 'G:/Andy/hexo/public/tags/百年孤独/index.html' -> 'G:/Work/Github/wangandi520.github.io/tags/百年孤独/index.html' (11,320)
2024-02-29 11:00:16: Copy Over 'G:/Andy/hexo/public/tags/红楼梦/index.html' -> 'G:/Work/Github/wangandi520.github.io/tags/红楼梦/index.html' (11,980)
2024-02-29 11:00:16: Copy Over 'G:/Andy/hexo/public/tags/程序/index.html' -> 'G:/Work/Github/wangandi520.github.io/tags/程序/index.html' (12,573)
2024-02-29 11:00:16: Copy Over 'G:/Andy/hexo/public/tags/羽毛球/index.html' -> 'G:/Work/Github/wangandi520.github.io/tags/羽毛球/index.html' (11,281)
2024-02-29 11:00:16: Copy Over 'G:/Andy/hexo/public/tags/英语/index.html' -> 'G:/Work/Github/wangandi520.github.io/tags/英语/index.html' (11,170)
2024-02-29 11:00:16: Copy Over 'G:/Andy/hexo/public/tags/西游记/index.html' -> 'G:/Work/Github/wangandi520.github.io/tags/西游记/index.html' (11,270)
2024-02-29 11:00:16: Copy Over 'G:/Andy/hexo/public/tags/评测/index.html' -> 'G:/Work/Github/wangandi520.github.io/tags/评测/index.html' (13,937)
2024-02-29 11:00:16: Copy Over 'G:/Andy/hexo/public/tags/读书笔记/index.html' -> 'G:/Work/Github/wangandi520.github.io/tags/读书笔记/index.html' (17,478)
2024-02-29 11:00:16: Copy Over 'G:/Andy/hexo/public/tags/读书笔记/page/2/index.html' -> 'G:/Work/Github/wangandi520.github.io/tags/读书笔记/page/2/index.html' (11,642)
2024-02-29 11:00:16: Copy Over 'G:/Andy/hexo/public/tags/路由器/index.html' -> 'G:/Work/Github/wangandi520.github.io/tags/路由器/index.html' (11,295)
2024-02-29 11:00:16: Copy Over 'G:/Andy/hexo/public/tags/遥远的向日葵地/index.html' -> 'G:/Work/Github/wangandi520.github.io/tags/遥远的向日葵地/index.html' (11,390)
2024-02-29 11:00:16: Copy Over 'G:/Andy/hexo/public/tags/钱穆/index.html' -> 'G:/Work/Github/wangandi520.github.io/tags/钱穆/index.html' (11,267)
2024-02-29 11:00:16: Copy Over 'G:/Andy/hexo/public/tags/阅读/index.html' -> 'G:/Work/Github/wangandi520.github.io/tags/阅读/index.html' (17,451)
2024-02-29 11:00:16: Copy Over 'G:/Andy/hexo/public/tags/阅读/page/2/index.html' -> 'G:/Work/Github/wangandi520.github.io/tags/阅读/page/2/index.html' (13,362)
2024-02-29 11:00:16: Copy Over 'G:/Andy/hexo/public/tags/静读天下专业版/index.html' -> 'G:/Work/Github/wangandi520.github.io/tags/静读天下专业版/index.html' (12,268)
2024-02-29 11:00:16: Copy Over 'G:/Andy/hexo/public/tags/音乐/index.html' -> 'G:/Work/Github/wangandi520.github.io/tags/音乐/index.html' (11,326)
2024-02-29 11:00:16: Copy Over 'G:/Andy/hexo/public/tags/音频/index.html' -> 'G:/Work/Github/wangandi520.github.io/tags/音频/index.html' (12,593)
2024-02-29 11:00:16: Close Modified Folder (mod-time, acl): /2017/01/09/树莓派-archlinuxarm做路由
2024-02-29 11:00:16: Copy Over 'G:/Andy/hexo/public/tags/食品用品/index.html' -> 'G:/Work/Github/wangandi520.github.io/tags/食品用品/index.html' (11,248)
2024-02-29 11:00:16: Close Modified Folder (mod-time, acl): /2017/01/09/kindle标注
2024-02-29 11:00:16: Copy Over 'G:/Andy/hexo/public/tags/魔方/index.html' -> 'G:/Work/Github/wangandi520.github.io/tags/魔方/index.html' (11,194)
2024-02-29 11:00:16: Close Modified Folder (mod-time, acl): /2017/01/09/树莓派3-Raspberry-pi-3-刷kali-3-5寸微雪屏
2024-02-29 11:00:16: Close Modified Folder (mod-time, acl): /2017/01/09/树莓派3-Raspberry-pi-3-刷OpenWrt
2024-02-29 11:00:16: Close Modified Folder (mod-time, acl): /2017/01/14/路由器发送IP至服务器
2024-02-29 11:00:16: Close Modified Folder (mod-time, acl): /2017/01/09/歌词
2024-02-29 11:00:16: Copy Over 'G:/Andy/hexo/public/tags/麻将/index.html' -> 'G:/Work/Github/wangandi520.github.io/tags/麻将/index.html' (11,259)
2024-02-29 11:00:16: Close Modified Folder (mod-time, acl): /2017/01/31/单页面投资行情
2024-02-29 11:00:16: Close Modified Folder (mod-time, acl): /2017/03/23/speaksoftlylove
2024-02-29 11:00:16: Close Modified Folder (mod-time, acl): /2017/05/15/树莓派3B和攀藤PMS5003ST
2024-02-29 11:00:16: Close Modified Folder (mod-time, acl): /2019/03/29/文石boox poke pro评测体验
2024-02-29 11:00:16: Close Modified Folder (mod-time, acl): /2019/03/29/文石poke pro,nova pro评测体验
2024-02-29 11:00:16: Close Modified Folder (mod-time, acl): /2019/12/04/老王随机点名器v1.0
2024-02-29 11:00:16: Close Modified Folder (mod-time, acl): /2020/03/26/树莓派4B加微雪2.13寸墨水屏监测pm2.5信息
2024-02-29 11:00:16: Close Modified Folder (mod-time, acl): /2020/06/23/文石boox nova2评测体验
2024-02-29 11:00:16: Close Modified Folder (mod-time, acl): /2021/03/09/电脑手机技巧
2024-02-29 11:00:16: Close Modified Folder (mod-time, acl): /2021/03/09/红楼梦校注本标注
2024-02-29 11:00:16: Close Modified Folder (mod-time, acl): /2021/03/11/遥远的向日葵地标注
2024-02-29 11:00:16: Close Modified Folder (mod-time, acl): /2021/03/11/魔方笔记
2024-02-29 11:00:16: Close Modified Folder (mod-time, acl): /2021/03/12/REAPER6学习笔记
2024-02-29 11:00:16: Close Modified Folder (mod-time, acl): /2021/03/13/文城标注
2024-02-29 11:00:16: Close Modified Folder (mod-time, acl): /2021/03/15/吉他和弦图查询与生成
2024-02-29 11:00:16: Close Modified Folder (mod-time, acl): /2021/03/15/文石Boox,Kindle,静读天下专业版,微信读书,KOReader的标注转换为Markdown格式
2024-02-29 11:00:16: Close Modified Folder (mod-time, acl): /2021/03/16/舒适阅读电子书和漫画
2024-02-29 11:00:16: Close Modified Folder (mod-time, acl): /2021/03/16/西游记校注本标注
2024-02-29 11:00:16: Close Modified Folder (mod-time, acl): /2021/03/17/hexo主题icarus的一些玩法
2024-02-29 11:00:16: Close Modified Folder (mod-time, acl): /2021/03/22/搭建webdav服务器实现静读天下同步
2024-02-29 11:00:16: Close Modified Folder (mod-time, acl): /2021/04/30/PNG批量转成PDF
2024-02-29 11:00:16: Close Modified Folder (mod-time, acl): /2021/06/07/红米ac2100路由器刷padavan系统
2024-02-29 11:00:16: Close Modified Folder (mod-time, acl): /2021/07/03/几个漫画整理脚本的使用
2024-02-29 11:00:16: Close Modified Folder (mod-time, acl): /2021/09/25/一只特立独行的猪标注
2024-02-29 11:00:16: Close Modified Folder (mod-time, acl): /2021/09/28/中国历代政治得失标注
2024-02-29 11:00:16: Close Modified Folder (mod-time, acl): /2021/10/05/离线漫画NeeView的使用和与其他软件的对比
2024-02-29 11:00:16: Close Modified Folder (mod-time, acl): /2021/10/22/沉默的大多数标注
2024-02-29 11:00:16: Close Modified Folder (mod-time, acl): /2021/12/31/书电影电视剧记录
2024-02-29 11:00:16: Close Modified Folder (mod-time, acl): /2022/01/06/书电影电视剧简评
2024-02-29 11:00:16: Close Modified Folder (mod-time, acl): /2022/01/08/Seventh9日麻教程（79博客）v1.2
2024-02-29 11:00:16: Close Modified Folder (mod-time, acl): /2022/01/26/linux笔记
2024-02-29 11:00:16: Close Modified Folder (mod-time, acl): /2022/01/26/使用archlinux搭建家庭数据服务中心
2024-02-29 11:00:16: Close Modified Folder (mod-time, acl): /2022/03/19/几个PyQt程序
2024-02-29 11:00:16: Close Modified Folder (mod-time, acl): /2022/08/08/漫画印刷与扫描错误
2024-02-29 11:00:16: Close Modified Folder (mod-time, acl): /2023/01/29/SciTE文本编辑器配置
2024-02-29 11:00:16: Close Modified Folder (mod-time, acl): /2023/05/25/红楼梦人物关系图
2024-02-29 11:00:16: Close Modified Folder (mod-time, acl): /2023/06/06/书籍删减与翻译情况
2024-02-29 11:00:16: Close Modified Folder (mod-time, acl): /2023/06/11/百年孤独人物关系图
2024-02-29 11:00:16: Close Modified Folder (mod-time, acl): /2023/06/07/食品用品
2024-02-29 11:00:16: Close Modified Folder (mod-time, acl): /2023/11/20/小米14的bug
2024-02-29 11:00:16: Close Modified Folder (mod-time, acl): /2023/12/15/音频软件插件简评
2024-02-29 11:00:16: Close Modified Folder (mod-time, acl): /2023/12/25/美丽的世界你在哪里
2024-02-29 11:00:16: Close Modified Folder (mod-time, acl): /2023/12/29/快速上手羽毛球弹弓
2024-02-29 11:00:16: Close Modified Folder (mod-time, acl): /2023/12/29/省钱玩电吉他单车摄影，阅读音乐
2024-02-29 11:00:16: Close Modified Folder (mod-time, acl): /2024/01/03/Windows和Android优质软件
2024-02-29 11:00:16: Close Modified Folder (mod-time, acl): /2024/01/13/联想拯救者y700一代（2022）平板刷机过程
2024-02-29 11:00:16: Close Modified Folder (mod-time, acl): /2024/01/28/不能承受的生命之轻标注
2024-02-29 11:00:16: Close Modified Folder (mod-time, acl): /2024/02/05/挪威的森林赖明珠译标注
2024-02-29 11:00:16: Close Modified Folder (mod-time, acl): /2024/02/11/使用github的action配合python每天签到
2024-02-29 11:00:16: Close Modified Folder (mod-time, acl): /2024/02/18/中文日文注音使用html上标注音格式
2024-02-29 11:00:16: Close Modified Folder (mod-time, acl): /about
2024-02-29 11:00:16: Close Modified Folder (mod-time, acl): /archives/2017/01
2024-02-29 11:00:16: Close Modified Folder (mod-time, acl): /archives/2017/03
2024-02-29 11:00:16: Close Modified Folder (mod-time, acl): /archives/2017/05
2024-02-29 11:00:16: Close Modified Folder (mod-time, acl): /archives/2019/03
2024-02-29 11:00:16: Close Modified Folder (mod-time, acl): /archives/2019/12
2024-02-29 11:00:16: Close Modified Folder (mod-time, acl): /archives/2020/03
2024-02-29 11:00:16: Close Modified Folder (mod-time, acl): /archives/2020/06
2024-02-29 11:00:16: Close Modified Folder (mod-time, acl): /archives/2021/03/page/2
2024-02-29 11:00:16: Close Modified Folder (mod-time, acl): /archives/2021/04
2024-02-29 11:00:16: Close Modified Folder (mod-time, acl): /archives/2021/06
2024-02-29 11:00:16: Close Modified Folder (mod-time, acl): /archives/2021/07
2024-02-29 11:00:16: Close Modified Folder (mod-time, acl): /archives/2021/09
2024-02-29 11:00:16: Close Modified Folder (mod-time, acl): /archives/2021/10
2024-02-29 11:00:16: Close Modified Folder (mod-time, acl): /archives/2021/12
2024-02-29 11:00:16: Close Modified Folder (mod-time, acl): /archives/2021/page/2
2024-02-29 11:00:16: Close Modified Folder (mod-time, acl): /archives/2022/01
2024-02-29 11:00:16: Close Modified Folder (mod-time, acl): /archives/2022/03
2024-02-29 11:00:16: Close Modified Folder (mod-time, acl): /archives/2022/08
2024-02-29 11:00:16: Close Modified Folder (mod-time, acl): /archives/2023/01
2024-02-29 11:00:16: Close Modified Folder (mod-time, acl): /archives/2023/05
2024-02-29 11:00:16: Close Modified Folder (mod-time, acl): /archives/2023/06
2024-02-29 11:00:16: Close Modified Folder (mod-time, acl): /archives/2023/11
2024-02-29 11:00:16: Close Modified Folder (mod-time, acl): /archives/2023/12
2024-02-29 11:00:16: Close Modified Folder (mod-time, acl): /archives/2024/01
2024-02-29 11:00:16: Close Modified Folder (mod-time, acl): /archives/2024/02
2024-02-29 11:00:16: Close Modified Folder (mod-time, acl): /archives/page/2
2024-02-29 11:00:16: Close Modified Folder (mod-time, acl): /archives/page/3
2024-02-29 11:00:16: Close Modified Folder (mod-time, acl): /archives/page/4
2024-02-29 11:00:16: Close Modified Folder (mod-time, acl): /archives/page/5
2024-02-29 11:00:16: Close Modified Folder (mod-time, acl): /archives/page/6
2024-02-29 11:00:16: Close Modified Folder (mod-time, acl): /categories/个人
2024-02-29 11:00:16: Close Modified Folder (mod-time, acl): /categories/吉他
2024-02-29 11:00:16: Close Modified Folder (mod-time, acl): /categories/学习笔记
2024-02-29 11:00:16: Close Modified Folder (mod-time, acl): /categories/程序/page/2
2024-02-29 11:00:16: Close Modified Folder (mod-time, acl): /categories/评测
2024-02-29 11:00:16: Close Modified Folder (mod-time, acl): /categories/读书笔记/page/2
2024-02-29 11:00:16: Close Modified Folder (mod-time, acl): /css
2024-02-29 11:00:16: Close Modified Folder (mod-time, acl): /files
2024-02-29 11:00:16: Close Modified Folder (mod-time, acl): /images
2024-02-29 11:00:16: Close Modified Folder (mod-time, acl): /js/schemes
2024-02-29 11:00:16: Close Modified Folder (mod-time, acl): /js/third-party/analytics
2024-02-29 11:00:16: Close Modified Folder (mod-time, acl): /js/third-party/chat
2024-02-29 11:00:16: Close Modified Folder (mod-time, acl): /js/third-party/comments
2024-02-29 11:00:16: Close Modified Folder (mod-time, acl): /js/third-party/math
2024-02-29 11:00:16: Close Modified Folder (mod-time, acl): /js/third-party/search
2024-02-29 11:00:16: Close Modified Folder (mod-time, acl): /js/third-party/statistics
2024-02-29 11:00:16: Close Modified Folder (mod-time, acl): /js/third-party/tags
2024-02-29 11:00:16: Close Modified Folder (mod-time, acl): /links
2024-02-29 11:00:16: Close Modified Folder (mod-time, acl): /page/3
2024-02-29 11:00:16: Close Modified Folder (mod-time, acl): /page/2
2024-02-29 11:00:16: Close Modified Folder (mod-time, acl): /page/4
2024-02-29 11:00:16: Close Modified Folder (mod-time, acl): /page/5
2024-02-29 11:00:16: Close Modified Folder (mod-time, acl): /page/6
2024-02-29 11:00:16: Close Modified Folder (mod-time, acl): /tags/archlinuxarm
2024-02-29 11:00:16: Close Modified Folder (mod-time, acl): /tags/bash
2024-02-29 11:00:16: Close Modified Folder (mod-time, acl): /tags/boox
2024-02-29 11:00:16: Close Modified Folder (mod-time, acl): /tags/hexo
2024-02-29 11:00:16: Close Modified Folder (mod-time, acl): /tags/html
2024-02-29 11:00:16: Close Modified Folder (mod-time, acl): /tags/icarus
2024-02-29 11:00:16: Close Modified Folder (mod-time, acl): /tags/javascript
2024-02-29 11:00:16: Close Modified Folder (mod-time, acl): /tags/kali
2024-02-29 11:00:16: Close Modified Folder (mod-time, acl): /tags/kindle
2024-02-29 11:00:16: Close Modified Folder (mod-time, acl): /tags/koreader
2024-02-29 11:00:16: Close Modified Folder (mod-time, acl): /tags/linux
2024-02-29 11:00:16: Close Modified Folder (mod-time, acl): /tags/markdown
2024-02-29 11:00:16: Close Modified Folder (mod-time, acl): /tags/NeeView
2024-02-29 11:00:16: Close Modified Folder (mod-time, acl): /tags/nuc
2024-02-29 11:00:16: Close Modified Folder (mod-time, acl): /tags/OpenWrt
2024-02-29 11:00:16: Close Modified Folder (mod-time, acl): /tags/padavan
2024-02-29 11:00:16: Close Modified Folder (mod-time, acl): /tags/PDF
2024-02-29 11:00:16: Close Modified Folder (mod-time, acl): /tags/php
2024-02-29 11:00:16: Close Modified Folder (mod-time, acl): /tags/PM2-5
2024-02-29 11:00:16: Close Modified Folder (mod-time, acl): /tags/PMS5003ST
2024-02-29 11:00:16: Close Modified Folder (mod-time, acl): /tags/Qt
2024-02-29 11:00:16: Close Modified Folder (mod-time, acl): /tags/python
2024-02-29 11:00:16: Close Modified Folder (mod-time, acl): /tags/Raspberry
2024-02-29 11:00:16: Close Modified Folder (mod-time, acl): /tags/REAPER
2024-02-29 11:00:16: Close Modified Folder (mod-time, acl): /tags/webdav
2024-02-29 11:00:16: Close Modified Folder (mod-time, acl): /tags/y700
2024-02-29 11:00:16: Close Modified Folder (mod-time, acl): /tags/书
2024-02-29 11:00:16: Close Modified Folder (mod-time, acl): /tags/余华
2024-02-29 11:00:16: Close Modified Folder (mod-time, acl): /tags/刷机
2024-02-29 11:00:16: Close Modified Folder (mod-time, acl): /tags/单车
2024-02-29 11:00:16: Close Modified Folder (mod-time, acl): /tags/吉他
2024-02-29 11:00:16: Close Modified Folder (mod-time, acl): /tags/学习笔记
2024-02-29 11:00:16: Close Modified Folder (mod-time, acl): /tags/弹弓
2024-02-29 11:00:16: Close Modified Folder (mod-time, acl): /tags/微信读书
2024-02-29 11:00:16: Close Modified Folder (mod-time, acl): /tags/微雪
2024-02-29 11:00:16: Close Modified Folder (mod-time, acl): /tags/投资
2024-02-29 11:00:16: Close Modified Folder (mod-time, acl): /tags/指弹
2024-02-29 11:00:16: Close Modified Folder (mod-time, acl): /tags/摄影
2024-02-29 11:00:16: Close Modified Folder (mod-time, acl): /tags/摘抄
2024-02-29 11:00:16: Close Modified Folder (mod-time, acl): /tags/攀藤
2024-02-29 11:00:16: Close Modified Folder (mod-time, acl): /tags/文城
2024-02-29 11:00:16: Close Modified Folder (mod-time, acl): /tags/文石
2024-02-29 11:00:16: Close Modified Folder (mod-time, acl): /tags/日语
2024-02-29 11:00:16: Close Modified Folder (mod-time, acl): /tags/标注/page/2
2024-02-29 11:00:16: Close Modified Folder (mod-time, acl): /tags/树莓派
2024-02-29 11:00:16: Close Modified Folder (mod-time, acl): /tags/歌词
2024-02-29 11:00:16: Close Modified Folder (mod-time, acl): /tags/漫画
2024-02-29 11:00:16: Close Modified Folder (mod-time, acl): /tags/王小波
2024-02-29 11:00:16: Close Modified Folder (mod-time, acl): /tags/电吉他
2024-02-29 11:00:16: Close Modified Folder (mod-time, acl): /tags/电影
2024-02-29 11:00:16: Close Modified Folder (mod-time, acl): /tags/电纸书
2024-02-29 11:00:16: Close Modified Folder (mod-time, acl): /tags/电脑手机技巧
2024-02-29 11:00:16: Close Modified Folder (mod-time, acl): /tags/电脑技巧
2024-02-29 11:00:16: Close Modified Folder (mod-time, acl): /tags/电视剧
2024-02-29 11:00:16: Close Modified Folder (mod-time, acl): /tags/百年孤独
2024-02-29 11:00:16: Close Modified Folder (mod-time, acl): /tags/红楼梦
2024-02-29 11:00:16: Close Modified Folder (mod-time, acl): /tags/程序
2024-02-29 11:00:16: Close Modified Folder (mod-time, acl): /tags/羽毛球
2024-02-29 11:00:16: Close Modified Folder (mod-time, acl): /tags/英语
2024-02-29 11:00:16: Close Modified Folder (mod-time, acl): /tags/西游记
2024-02-29 11:00:16: Close Modified Folder (mod-time, acl): /tags/评测
2024-02-29 11:00:16: Close Modified Folder (mod-time, acl): /tags/读书笔记/page/2
2024-02-29 11:00:16: Close Modified Folder (mod-time, acl): /tags/路由器
2024-02-29 11:00:16: Close Modified Folder (mod-time, acl): /tags/遥远的向日葵地
2024-02-29 11:00:16: Close Modified Folder (mod-time, acl): /tags/钱穆
2024-02-29 11:00:16: Close Modified Folder (mod-time, acl): /tags/阅读/page/2
2024-02-29 11:00:16: Close Modified Folder (mod-time, acl): /tags/静读天下专业版
2024-02-29 11:00:16: Close Modified Folder (mod-time, acl): /tags/音乐
2024-02-29 11:00:16: Close Modified Folder (mod-time, acl): /tags/音频
2024-02-29 11:00:16: Close Modified Folder (mod-time, acl): /tags/食品用品
2024-02-29 11:00:16: Close Modified Folder (mod-time, acl): /tags/魔方
2024-02-29 11:00:16: Close Modified Folder (mod-time, acl): /tags/麻将
2024-02-29 11:00:16: Close Modified Folder (mod-time, acl): /archives/2017
2024-02-29 11:00:16: Close Modified Folder (mod-time, acl): /archives/2019
2024-02-29 11:00:16: Close Modified Folder (mod-time, acl): /archives/2020
2024-02-29 11:00:16: Close Modified Folder (mod-time, acl): /archives/2022
2024-02-29 11:00:16: Close Modified Folder (mod-time, acl): /archives/2023
2024-02-29 11:00:16: Close Modified Folder (mod-time, acl): /archives/2024
2024-02-29 11:00:16: Close Modified Folder (mod-time, acl): /js/third-party
2024-02-29 11:00:16: Close Modified Folder (mod-time, acl): /archives/2021/03
2024-02-29 11:00:16: Close Modified Folder (mod-time, acl): /categories/程序
2024-02-29 11:00:16: Close Modified Folder (mod-time, acl): /categories/读书笔记
2024-02-29 11:00:16: Close Modified Folder (mod-time, acl): /js
2024-02-29 11:00:16: Close Modified Folder (mod-time, acl): /tags/标注
2024-02-29 11:00:16: Close Modified Folder (mod-time, acl): /tags/读书笔记
2024-02-29 11:00:16: Close Modified Folder (mod-time, acl): /tags/阅读
2024-02-29 11:00:16: Close Modified Folder (mod-time, acl): /archives/2021
2024-02-29 11:00:16: Close Modified Folder (mod-time, acl): /archives
2024-02-29 11:00:16: Save State File G:/Andy/hexo/public/_gsdata_/_file_state_v4._gs
2024-02-29 11:00:16: Save State File G:/Work/Github/wangandi520.github.io/_gsdata_/_file_state_v4._gs
2024-02-29 11:00:17: == Sync Complete. Time: 00:00:01, Speed: 0.00/s, OK: 540, Errors: 0
