2024-03-01 10:28:47: == Sync Started by User Command
2024-03-01 10:28:47: ConnectCloned connected to file:///G:/Andy/hexo/public
2024-03-01 10:28:47: ConnectCloned connected to file:///G:/Andy/hexo/public
2024-03-01 10:28:47: ConnectCloned connected to file:///G:/Andy/hexo/public
2024-03-01 10:28:47: ConnectCloned connected to file:///G:/Work/Github/wangandi520.github.io
2024-03-01 10:28:47: ConnectCloned connected to file:///G:/Work/Github/wangandi520.github.io
2024-03-01 10:28:47: ConnectCloned connected to file:///G:/Work/Github/wangandi520.github.io
2024-03-01 10:28:47: Copy Over 'G:/Andy/hexo/public/2017/01/09/树莓派-archlinuxarm做路由/index.html' -> 'G:/Work/Github/wangandi520.github.io/2017/01/09/树莓派-archlinuxarm做路由/index.html' (19,906)
2024-03-01 10:28:47: Copy Over 'G:/Andy/hexo/public/2017/01/09/kindle标注/index.html' -> 'G:/Work/Github/wangandi520.github.io/2017/01/09/kindle标注/index.html' (211,111)
2024-03-01 10:28:47: Copy Over 'G:/Andy/hexo/public/2017/01/09/树莓派3-Raspberry-pi-3-刷kali-3-5寸微雪屏/index.html' -> 'G:/Work/Github/wangandi520.github.io/2017/01/09/树莓派3-Raspberry-pi-3-刷kali-3-5寸微雪屏/index.html' (21,683)
2024-03-01 10:28:47: Copy Over 'G:/Andy/hexo/public/2017/01/14/路由器发送IP至服务器/index.html' -> 'G:/Work/Github/wangandi520.github.io/2017/01/14/路由器发送IP至服务器/index.html' (23,054)
2024-03-01 10:28:47: Copy Over 'G:/Andy/hexo/public/2017/01/09/歌词/index.html' -> 'G:/Work/Github/wangandi520.github.io/2017/01/09/歌词/index.html' (149,900)
2024-03-01 10:28:47: Copy Over 'G:/Andy/hexo/public/2017/01/09/树莓派3-Raspberry-pi-3-刷OpenWrt/index.html' -> 'G:/Work/Github/wangandi520.github.io/2017/01/09/树莓派3-Raspberry-pi-3-刷OpenWrt/index.html' (29,081)
2024-03-01 10:28:47: Copy Over 'G:/Andy/hexo/public/2017/01/31/单页面投资行情/index.html' -> 'G:/Work/Github/wangandi520.github.io/2017/01/31/单页面投资行情/index.html' (18,435)
2024-03-01 10:28:47: Copy Over 'G:/Andy/hexo/public/2017/03/23/speaksoftlylove/index.html' -> 'G:/Work/Github/wangandi520.github.io/2017/03/23/speaksoftlylove/index.html' (16,691)
2024-03-01 10:28:47: Copy Over 'G:/Andy/hexo/public/2017/05/15/树莓派3B和攀藤PMS5003ST/index.html' -> 'G:/Work/Github/wangandi520.github.io/2017/05/15/树莓派3B和攀藤PMS5003ST/index.html' (52,961)
2024-03-01 10:28:47: Copy Over 'G:/Andy/hexo/public/2019/03/29/文石boox poke pro评测体验/index.html' -> 'G:/Work/Github/wangandi520.github.io/2019/03/29/文石boox poke pro评测体验/index.html' (22,538)
2024-03-01 10:28:47: Copy Over 'G:/Andy/hexo/public/2019/12/04/老王随机点名器v1.0/index.html' -> 'G:/Work/Github/wangandi520.github.io/2019/12/04/老王随机点名器v1.0/index.html' (18,033)
2024-03-01 10:28:47: Copy Over 'G:/Andy/hexo/public/2019/03/29/文石poke pro,nova pro评测体验/index.html' -> 'G:/Work/Github/wangandi520.github.io/2019/03/29/文石poke pro,nova pro评测体验/index.html' (19,823)
2024-03-01 10:28:47: Copy Over 'G:/Andy/hexo/public/2020/03/26/树莓派4B加微雪2.13寸墨水屏监测pm2.5信息/index.html' -> 'G:/Work/Github/wangandi520.github.io/2020/03/26/树莓派4B加微雪2.13寸墨水屏监测pm2.5信息/index.html' (26,152)
2024-03-01 10:28:47: Copy Over 'G:/Andy/hexo/public/2020/06/23/文石boox nova2评测体验/index.html' -> 'G:/Work/Github/wangandi520.github.io/2020/06/23/文石boox nova2评测体验/index.html' (26,231)
2024-03-01 10:28:47: Copy Over 'G:/Andy/hexo/public/2021/03/09/电脑手机技巧/index.html' -> 'G:/Work/Github/wangandi520.github.io/2021/03/09/电脑手机技巧/index.html' (50,110)
2024-03-01 10:28:47: Copy Over 'G:/Andy/hexo/public/2021/03/09/红楼梦校注本标注/index.html' -> 'G:/Work/Github/wangandi520.github.io/2021/03/09/红楼梦校注本标注/index.html' (25,439)
2024-03-01 10:28:47: Copy Over 'G:/Andy/hexo/public/2021/03/11/遥远的向日葵地标注/index.html' -> 'G:/Work/Github/wangandi520.github.io/2021/03/11/遥远的向日葵地标注/index.html' (21,712)
2024-03-01 10:28:47: Copy Over 'G:/Andy/hexo/public/2021/03/11/魔方笔记/index.html' -> 'G:/Work/Github/wangandi520.github.io/2021/03/11/魔方笔记/index.html' (20,875)
2024-03-01 10:28:47: Copy Over 'G:/Andy/hexo/public/2021/03/12/REAPER6学习笔记/index.html' -> 'G:/Work/Github/wangandi520.github.io/2021/03/12/REAPER6学习笔记/index.html' (35,424)
2024-03-01 10:28:47: Copy Over 'G:/Andy/hexo/public/2021/03/13/文城标注/index.html' -> 'G:/Work/Github/wangandi520.github.io/2021/03/13/文城标注/index.html' (22,770)
2024-03-01 10:28:47: Copy Over 'G:/Andy/hexo/public/2021/03/15/吉他和弦图查询与生成/index.html' -> 'G:/Work/Github/wangandi520.github.io/2021/03/15/吉他和弦图查询与生成/index.html' (19,744)
2024-03-01 10:28:47: Copy Over 'G:/Andy/hexo/public/2021/03/15/文石Boox,Kindle,静读天下专业版,微信读书,KOReader的标注转换为Markdown格式/index.html' -> 'G:/Work/Github/wangandi520.github.io/2021/03/15/文石Boox,Kindle,静读天下专业版,微信读书,KOReader的标注转换为Markdown格式/index.html' (24,144)
2024-03-01 10:28:47: Copy Over 'G:/Andy/hexo/public/2021/03/16/舒适阅读电子书和漫画/index.html' -> 'G:/Work/Github/wangandi520.github.io/2021/03/16/舒适阅读电子书和漫画/index.html' (35,909)
2024-03-01 10:28:47: Copy Over 'G:/Andy/hexo/public/2021/03/16/西游记校注本标注/index.html' -> 'G:/Work/Github/wangandi520.github.io/2021/03/16/西游记校注本标注/index.html' (23,759)
2024-03-01 10:28:47: Copy Over 'G:/Andy/hexo/public/2021/03/17/hexo主题icarus的一些玩法/index.html' -> 'G:/Work/Github/wangandi520.github.io/2021/03/17/hexo主题icarus的一些玩法/index.html' (23,655)
2024-03-01 10:28:47: Copy Over 'G:/Andy/hexo/public/2021/03/22/搭建webdav服务器实现静读天下同步/index.html' -> 'G:/Work/Github/wangandi520.github.io/2021/03/22/搭建webdav服务器实现静读天下同步/index.html' (23,673)
2024-03-01 10:28:47: Copy Over 'G:/Andy/hexo/public/2021/04/30/PNG批量转成PDF/index.html' -> 'G:/Work/Github/wangandi520.github.io/2021/04/30/PNG批量转成PDF/index.html' (18,057)
2024-03-01 10:28:47: Copy Over 'G:/Andy/hexo/public/2021/06/07/红米ac2100路由器刷padavan系统/index.html' -> 'G:/Work/Github/wangandi520.github.io/2021/06/07/红米ac2100路由器刷padavan系统/index.html' (21,592)
2024-03-01 10:28:47: Copy Over 'G:/Andy/hexo/public/2021/07/03/几个漫画整理脚本的使用/index.html' -> 'G:/Work/Github/wangandi520.github.io/2021/07/03/几个漫画整理脚本的使用/index.html' (60,541)
2024-03-01 10:28:47: Copy Over 'G:/Andy/hexo/public/2021/09/25/一只特立独行的猪标注/index.html' -> 'G:/Work/Github/wangandi520.github.io/2021/09/25/一只特立独行的猪标注/index.html' (45,061)
2024-03-01 10:28:47: Copy Over 'G:/Andy/hexo/public/2021/09/28/中国历代政治得失标注/index.html' -> 'G:/Work/Github/wangandi520.github.io/2021/09/28/中国历代政治得失标注/index.html' (65,952)
2024-03-01 10:28:47: Copy Over 'G:/Andy/hexo/public/2021/10/05/离线漫画NeeView的使用和与其他软件的对比/index.html' -> 'G:/Work/Github/wangandi520.github.io/2021/10/05/离线漫画NeeView的使用和与其他软件的对比/index.html' (23,431)
2024-03-01 10:28:47: Copy Over 'G:/Andy/hexo/public/2021/10/22/沉默的大多数标注/index.html' -> 'G:/Work/Github/wangandi520.github.io/2021/10/22/沉默的大多数标注/index.html' (41,035)
2024-03-01 10:28:47: Copy Over 'G:/Andy/hexo/public/2021/12/31/书电影电视剧记录/index.html' -> 'G:/Work/Github/wangandi520.github.io/2021/12/31/书电影电视剧记录/index.html' (179,097)
2024-03-01 10:28:47: Copy Over 'G:/Andy/hexo/public/2022/01/06/书电影电视剧简评/index.html' -> 'G:/Work/Github/wangandi520.github.io/2022/01/06/书电影电视剧简评/index.html' (45,120)
2024-03-01 10:28:47: Copy Over 'G:/Andy/hexo/public/2022/01/08/Seventh9日麻教程（79博客）v1.2/index.html' -> 'G:/Work/Github/wangandi520.github.io/2022/01/08/Seventh9日麻教程（79博客）v1.2/index.html' (54,909)
2024-03-01 10:28:47: Copy Over 'G:/Andy/hexo/public/2022/01/26/linux笔记/index.html' -> 'G:/Work/Github/wangandi520.github.io/2022/01/26/linux笔记/index.html' (43,635)
2024-03-01 10:28:47: Copy Over 'G:/Andy/hexo/public/2022/01/26/使用archlinux搭建家庭数据服务中心/index.html' -> 'G:/Work/Github/wangandi520.github.io/2022/01/26/使用archlinux搭建家庭数据服务中心/index.html' (84,374)
2024-03-01 10:28:47: Copy Over 'G:/Andy/hexo/public/2022/03/19/几个PyQt程序/index.html' -> 'G:/Work/Github/wangandi520.github.io/2022/03/19/几个PyQt程序/index.html' (24,346)
2024-03-01 10:28:47: Copy Over 'G:/Andy/hexo/public/2022/08/08/漫画印刷与扫描错误/index.html' -> 'G:/Work/Github/wangandi520.github.io/2022/08/08/漫画印刷与扫描错误/index.html' (43,268)
2024-03-01 10:28:47: Copy Over 'G:/Andy/hexo/public/2023/01/29/SciTE文本编辑器配置/index.html' -> 'G:/Work/Github/wangandi520.github.io/2023/01/29/SciTE文本编辑器配置/index.html' (22,018)
2024-03-01 10:28:47: Copy Over 'G:/Andy/hexo/public/2023/05/25/红楼梦人物关系图/index.html' -> 'G:/Work/Github/wangandi520.github.io/2023/05/25/红楼梦人物关系图/index.html' (16,027)
2024-03-01 10:28:47: Copy Over 'G:/Andy/hexo/public/2023/06/06/书籍删减与翻译情况/index.html' -> 'G:/Work/Github/wangandi520.github.io/2023/06/06/书籍删减与翻译情况/index.html' (23,232)
2024-03-01 10:28:47: Copy Over 'G:/Andy/hexo/public/2023/06/07/食品用品/index.html' -> 'G:/Work/Github/wangandi520.github.io/2023/06/07/食品用品/index.html' (18,117)
2024-03-01 10:28:47: Copy Over 'G:/Andy/hexo/public/2023/06/11/百年孤独人物关系图/index.html' -> 'G:/Work/Github/wangandi520.github.io/2023/06/11/百年孤独人物关系图/index.html' (15,991)
2024-03-01 10:28:47: Copy Over 'G:/Andy/hexo/public/2023/11/20/小米14的bug/index.html' -> 'G:/Work/Github/wangandi520.github.io/2023/11/20/小米14的bug/index.html' (17,851)
2024-03-01 10:28:47: Copy Over 'G:/Andy/hexo/public/2023/12/15/音频软件插件简评/index.html' -> 'G:/Work/Github/wangandi520.github.io/2023/12/15/音频软件插件简评/index.html' (24,741)
2024-03-01 10:28:47: Copy Over 'G:/Andy/hexo/public/2023/12/25/美丽的世界你在哪里/index.html' -> 'G:/Work/Github/wangandi520.github.io/2023/12/25/美丽的世界你在哪里/index.html' (24,710)
2024-03-01 10:28:47: Copy Over 'G:/Andy/hexo/public/2023/12/29/快速上手羽毛球弹弓/index.html' -> 'G:/Work/Github/wangandi520.github.io/2023/12/29/快速上手羽毛球弹弓/index.html' (19,839)
2024-03-01 10:28:47: Copy Over 'G:/Andy/hexo/public/2023/12/29/省钱玩电吉他单车摄影，阅读音乐/index.html' -> 'G:/Work/Github/wangandi520.github.io/2023/12/29/省钱玩电吉他单车摄影，阅读音乐/index.html' (26,168)
2024-03-01 10:28:47: Copy Over 'G:/Andy/hexo/public/2024/01/03/Windows和Android优质软件/index.html' -> 'G:/Work/Github/wangandi520.github.io/2024/01/03/Windows和Android优质软件/index.html' (19,693)
2024-03-01 10:28:47: Copy Over 'G:/Andy/hexo/public/2024/01/28/不能承受的生命之轻标注/index.html' -> 'G:/Work/Github/wangandi520.github.io/2024/01/28/不能承受的生命之轻标注/index.html' (37,534)
2024-03-01 10:28:47: Copy Over 'G:/Andy/hexo/public/2024/01/13/联想拯救者y700一代（2022）平板刷机过程/index.html' -> 'G:/Work/Github/wangandi520.github.io/2024/01/13/联想拯救者y700一代（2022）平板刷机过程/index.html' (25,353)
2024-03-01 10:28:47: Copy Over 'G:/Andy/hexo/public/2024/02/05/挪威的森林赖明珠译标注/index.html' -> 'G:/Work/Github/wangandi520.github.io/2024/02/05/挪威的森林赖明珠译标注/index.html' (30,896)
2024-03-01 10:28:47: Copy Over 'G:/Andy/hexo/public/2024/02/11/使用github的action配合python每天签到/index.html' -> 'G:/Work/Github/wangandi520.github.io/2024/02/11/使用github的action配合python每天签到/index.html' (20,179)
2024-03-01 10:28:47: Copy Over 'G:/Andy/hexo/public/2024/02/18/中文日文注音使用html上标注音格式/index.html' -> 'G:/Work/Github/wangandi520.github.io/2024/02/18/中文日文注音使用html上标注音格式/index.html' (20,416)
2024-03-01 10:28:47: Copy Over 'G:/Andy/hexo/public/2024/02/29/配置hexo主题next/index.html' -> 'G:/Work/Github/wangandi520.github.io/2024/02/29/配置hexo主题next/index.html' (24,790)
2024-03-01 10:28:47: Copy Over 'G:/Andy/hexo/public/about/index.html' -> 'G:/Work/Github/wangandi520.github.io/about/index.html' (13,725)
2024-03-01 10:28:47: Copy Over 'G:/Andy/hexo/public/archives/2017/01/index.html' -> 'G:/Work/Github/wangandi520.github.io/archives/2017/01/index.html' (14,797)
2024-03-01 10:28:47: Copy Over 'G:/Andy/hexo/public/archives/2017/03/index.html' -> 'G:/Work/Github/wangandi520.github.io/archives/2017/03/index.html' (11,218)
2024-03-01 10:28:47: Copy Over 'G:/Andy/hexo/public/archives/2017/05/index.html' -> 'G:/Work/Github/wangandi520.github.io/archives/2017/05/index.html' (11,253)
2024-03-01 10:28:47: Copy Over 'G:/Andy/hexo/public/archives/2017/index.html' -> 'G:/Work/Github/wangandi520.github.io/archives/2017/index.html' (15,955)
2024-03-01 10:28:47: Copy Over 'G:/Andy/hexo/public/archives/2019/03/index.html' -> 'G:/Work/Github/wangandi520.github.io/archives/2019/03/index.html' (11,878)
2024-03-01 10:28:47: Copy Over 'G:/Andy/hexo/public/archives/2019/12/index.html' -> 'G:/Work/Github/wangandi520.github.io/archives/2019/12/index.html' (11,251)
2024-03-01 10:28:47: Copy Over 'G:/Andy/hexo/public/archives/2019/index.html' -> 'G:/Work/Github/wangandi520.github.io/archives/2019/index.html' (12,468)
2024-03-01 10:28:47: Copy Over 'G:/Andy/hexo/public/archives/2020/03/index.html' -> 'G:/Work/Github/wangandi520.github.io/archives/2020/03/index.html' (11,352)
2024-03-01 10:28:47: Copy Over 'G:/Andy/hexo/public/archives/2020/06/index.html' -> 'G:/Work/Github/wangandi520.github.io/archives/2020/06/index.html' (11,253)
2024-03-01 10:28:47: Copy Over 'G:/Andy/hexo/public/archives/2020/index.html' -> 'G:/Work/Github/wangandi520.github.io/archives/2020/index.html' (11,944)
2024-03-01 10:28:47: Copy Over 'G:/Andy/hexo/public/archives/2021/03/index.html' -> 'G:/Work/Github/wangandi520.github.io/archives/2021/03/index.html' (17,200)
2024-03-01 10:28:47: Copy Over 'G:/Andy/hexo/public/archives/2021/03/page/2/index.html' -> 'G:/Work/Github/wangandi520.github.io/archives/2021/03/page/2/index.html' (12,130)
2024-03-01 10:28:47: Copy Over 'G:/Andy/hexo/public/archives/2021/04/index.html' -> 'G:/Work/Github/wangandi520.github.io/archives/2021/04/index.html' (11,219)
2024-03-01 10:28:47: Copy Over 'G:/Andy/hexo/public/archives/2021/06/index.html' -> 'G:/Work/Github/wangandi520.github.io/archives/2021/06/index.html' (11,281)
2024-03-01 10:28:47: Copy Over 'G:/Andy/hexo/public/archives/2021/07/index.html' -> 'G:/Work/Github/wangandi520.github.io/archives/2021/07/index.html' (11,291)
2024-03-01 10:28:47: Copy Over 'G:/Andy/hexo/public/archives/2021/09/index.html' -> 'G:/Work/Github/wangandi520.github.io/archives/2021/09/index.html' (11,908)
2024-03-01 10:28:47: Copy Over 'G:/Andy/hexo/public/archives/2021/10/index.html' -> 'G:/Work/Github/wangandi520.github.io/archives/2021/10/index.html' (11,969)
2024-03-01 10:28:47: Copy Over 'G:/Andy/hexo/public/archives/2021/12/index.html' -> 'G:/Work/Github/wangandi520.github.io/archives/2021/12/index.html' (11,261)
2024-03-01 10:28:47: Copy Over 'G:/Andy/hexo/public/archives/2021/index.html' -> 'G:/Work/Github/wangandi520.github.io/archives/2021/index.html' (17,229)
2024-03-01 10:28:47: Copy Over 'G:/Andy/hexo/public/archives/2021/page/2/index.html' -> 'G:/Work/Github/wangandi520.github.io/archives/2021/page/2/index.html' (17,088)
2024-03-01 10:28:47: Copy Over 'G:/Andy/hexo/public/archives/2022/01/index.html' -> 'G:/Work/Github/wangandi520.github.io/archives/2022/01/index.html' (13,091)
2024-03-01 10:28:47: Copy Over 'G:/Andy/hexo/public/archives/2022/03/index.html' -> 'G:/Work/Github/wangandi520.github.io/archives/2022/03/index.html' (11,215)
2024-03-01 10:28:47: Copy Over 'G:/Andy/hexo/public/archives/2022/08/index.html' -> 'G:/Work/Github/wangandi520.github.io/archives/2022/08/index.html' (11,267)
2024-03-01 10:28:47: Copy Over 'G:/Andy/hexo/public/archives/2022/index.html' -> 'G:/Work/Github/wangandi520.github.io/archives/2022/index.html' (14,260)
2024-03-01 10:28:47: Copy Over 'G:/Andy/hexo/public/archives/2023/01/index.html' -> 'G:/Work/Github/wangandi520.github.io/archives/2023/01/index.html' (11,253)
2024-03-01 10:28:47: Copy Over 'G:/Andy/hexo/public/archives/2023/05/index.html' -> 'G:/Work/Github/wangandi520.github.io/archives/2023/05/index.html' (11,267)
2024-03-01 10:28:47: Copy Over 'G:/Andy/hexo/public/archives/2023/06/index.html' -> 'G:/Work/Github/wangandi520.github.io/archives/2023/06/index.html' (12,449)
2024-03-01 10:28:47: Copy Over 'G:/Andy/hexo/public/archives/2023/11/index.html' -> 'G:/Work/Github/wangandi520.github.io/archives/2023/11/index.html' (11,211)
2024-03-01 10:28:47: Copy Over 'G:/Andy/hexo/public/archives/2023/index.html' -> 'G:/Work/Github/wangandi520.github.io/archives/2023/index.html' (16,745)
2024-03-01 10:28:47: Copy Over 'G:/Andy/hexo/public/archives/2023/12/index.html' -> 'G:/Work/Github/wangandi520.github.io/archives/2023/12/index.html' (13,182)
2024-03-01 10:28:47: Copy Over 'G:/Andy/hexo/public/archives/2024/01/index.html' -> 'G:/Work/Github/wangandi520.github.io/archives/2024/01/index.html' (12,590)
2024-03-01 10:28:47: Delete File G:/Work/Github/wangandi520.github.io/archives/2024/03/index.html
2024-03-01 10:28:47: Copy Over 'G:/Andy/hexo/public/archives/2024/02/index.html' -> 'G:/Work/Github/wangandi520.github.io/archives/2024/02/index.html' (13,197)
2024-03-01 10:28:47: Copy Over 'G:/Andy/hexo/public/archives/2024/index.html' -> 'G:/Work/Github/wangandi520.github.io/archives/2024/index.html' (15,126)
2024-03-01 10:28:47: Copy Over 'G:/Andy/hexo/public/archives/index.html' -> 'G:/Work/Github/wangandi520.github.io/archives/index.html' (17,494)
2024-03-01 10:28:47: Copy Over 'G:/Andy/hexo/public/archives/page/2/index.html' -> 'G:/Work/Github/wangandi520.github.io/archives/page/2/index.html' (17,302)
2024-03-01 10:28:47: Copy Over 'G:/Andy/hexo/public/archives/page/3/index.html' -> 'G:/Work/Github/wangandi520.github.io/archives/page/3/index.html' (17,560)
2024-03-01 10:28:47: Copy Over 'G:/Andy/hexo/public/archives/page/4/index.html' -> 'G:/Work/Github/wangandi520.github.io/archives/page/4/index.html' (17,455)
2024-03-01 10:28:47: Copy Over 'G:/Andy/hexo/public/archives/page/5/index.html' -> 'G:/Work/Github/wangandi520.github.io/archives/page/5/index.html' (17,569)
2024-03-01 10:28:47: Copy Over 'G:/Andy/hexo/public/archives/page/6/index.html' -> 'G:/Work/Github/wangandi520.github.io/archives/page/6/index.html' (15,147)
2024-03-01 10:28:47: Copy Over 'G:/Andy/hexo/public/categories/index.html' -> 'G:/Work/Github/wangandi520.github.io/categories/index.html' (12,004)
2024-03-01 10:28:47: Copy Over 'G:/Andy/hexo/public/categories/个人/index.html' -> 'G:/Work/Github/wangandi520.github.io/categories/个人/index.html' (12,762)
2024-03-01 10:28:47: Copy Over 'G:/Andy/hexo/public/categories/吉他/index.html' -> 'G:/Work/Github/wangandi520.github.io/categories/吉他/index.html' (11,233)
2024-03-01 10:28:47: Copy Over 'G:/Andy/hexo/public/categories/学习笔记/index.html' -> 'G:/Work/Github/wangandi520.github.io/categories/学习笔记/index.html' (15,051)
2024-03-01 10:28:47: Copy Over 'G:/Andy/hexo/public/categories/程序/index.html' -> 'G:/Work/Github/wangandi520.github.io/categories/程序/index.html' (17,434)
2024-03-01 10:28:47: Copy Over 'G:/Andy/hexo/public/categories/程序/page/2/index.html' -> 'G:/Work/Github/wangandi520.github.io/categories/程序/page/2/index.html' (17,928)
2024-03-01 10:28:47: Copy Over 'G:/Andy/hexo/public/categories/程序/page/3/index.html' -> 'G:/Work/Github/wangandi520.github.io/categories/程序/page/3/index.html' (11,674)
2024-03-01 10:28:47: Copy Over 'G:/Andy/hexo/public/categories/评测/index.html' -> 'G:/Work/Github/wangandi520.github.io/categories/评测/index.html' (17,344)
2024-03-01 10:28:47: Copy Over 'G:/Andy/hexo/public/categories/读书笔记/index.html' -> 'G:/Work/Github/wangandi520.github.io/categories/读书笔记/index.html' (17,599)
2024-03-01 10:28:47: Copy Over 'G:/Andy/hexo/public/categories/读书笔记/page/2/index.html' -> 'G:/Work/Github/wangandi520.github.io/categories/读书笔记/page/2/index.html' (14,096)
2024-03-01 10:28:47: Copy Over 'G:/Andy/hexo/public/css/main.css' -> 'G:/Work/Github/wangandi520.github.io/css/main.css' (53,575)
2024-03-01 10:28:47: Copy Over 'G:/Andy/hexo/public/css/noscript.css' -> 'G:/Work/Github/wangandi520.github.io/css/noscript.css' (881)
2024-03-01 10:28:47: Copy Over 'G:/Andy/hexo/public/files/foobar左列表右eslyric歌词布局.fth' -> 'G:/Work/Github/wangandi520.github.io/files/foobar左列表右eslyric歌词布局.fth' (2,168)
2024-03-01 10:28:47: Delete File G:/Work/Github/wangandi520.github.io/images/alipay.png
2024-03-01 10:28:47: Copy Over 'G:/Andy/hexo/public/files/NeeView40.5-20240204.nvzip' -> 'G:/Work/Github/wangandi520.github.io/files/NeeView40.5-20240204.nvzip' (6,987)
2024-03-01 10:28:47: Copy Over 'G:/Andy/hexo/public/images/apple-touch-icon-next.png' -> 'G:/Work/Github/wangandi520.github.io/images/apple-touch-icon-next.png' (1,544)
2024-03-01 10:28:47: Delete File G:/Work/Github/wangandi520.github.io/images/avatar.jpg
2024-03-01 10:28:47: Copy Over 'G:/Andy/hexo/public/images/avatar.gif' -> 'G:/Work/Github/wangandi520.github.io/images/avatar.gif' (1,785)
2024-03-01 10:28:47: Delete File G:/Work/Github/wangandi520.github.io/images/avatar.png
2024-03-01 10:28:47: Copy Over 'G:/Andy/hexo/public/images/bainiangudu01.png' -> 'G:/Work/Github/wangandi520.github.io/images/bainiangudu01.png' (146,752)
2024-03-01 10:28:47: Copy Over 'G:/Andy/hexo/public/images/comfortreading03.png' -> 'G:/Work/Github/wangandi520.github.io/images/comfortreading03.png' (118,175)
2024-03-01 10:28:47: Copy Over 'G:/Andy/hexo/public/images/comfortreading01.jpg' -> 'G:/Work/Github/wangandi520.github.io/images/comfortreading01.jpg' (128,260)
2024-03-01 10:28:47: Copy Over 'G:/Andy/hexo/public/images/favicon-16x16-next.png' -> 'G:/Work/Github/wangandi520.github.io/images/favicon-16x16-next.png' (435)
2024-03-01 10:28:47: Copy Over 'G:/Andy/hexo/public/images/comfortreading04.jpg' -> 'G:/Work/Github/wangandi520.github.io/images/comfortreading04.jpg' (187,349)
2024-03-01 10:28:47: Copy Over 'G:/Andy/hexo/public/images/favicon-32x32-next.png' -> 'G:/Work/Github/wangandi520.github.io/images/favicon-32x32-next.png' (640)
2024-03-01 10:28:47: Delete File G:/Work/Github/wangandi520.github.io/images/favicon.ico
2024-03-01 10:28:47: Copy Over 'G:/Andy/hexo/public/images/logo-algolia-nebula-blue-full.svg' -> 'G:/Work/Github/wangandi520.github.io/images/logo-algolia-nebula-blue-full.svg' (5,318)
2024-03-01 10:28:47: Copy Over 'G:/Andy/hexo/public/images/hongloumeng01.png' -> 'G:/Work/Github/wangandi520.github.io/images/hongloumeng01.png' (271,010)
2024-03-01 10:28:47: Copy Over 'G:/Andy/hexo/public/images/logo.svg' -> 'G:/Work/Github/wangandi520.github.io/images/logo.svg' (647)
2024-03-01 10:28:47: Copy Over 'G:/Andy/hexo/public/images/shengqian01.png' -> 'G:/Work/Github/wangandi520.github.io/images/shengqian01.png' (46,562)
2024-03-01 10:28:47: Copy Over 'G:/Andy/hexo/public/images/shengqian02.jpg' -> 'G:/Work/Github/wangandi520.github.io/images/shengqian02.jpg' (427,485)
2024-03-01 10:28:47: Copy Over 'G:/Andy/hexo/public/images/shengqian03.jpg' -> 'G:/Work/Github/wangandi520.github.io/images/shengqian03.jpg' (306,568)
2024-03-01 10:28:47: Copy Over 'G:/Andy/hexo/public/images/shengqian04.jpg' -> 'G:/Work/Github/wangandi520.github.io/images/shengqian04.jpg' (467,812)
2024-03-01 10:28:47: Copy Over 'G:/Andy/hexo/public/images/shengqian05.jpg' -> 'G:/Work/Github/wangandi520.github.io/images/shengqian05.jpg' (224,357)
2024-03-01 10:28:47: Copy Over 'G:/Andy/hexo/public/images/shengqian06.jpg' -> 'G:/Work/Github/wangandi520.github.io/images/shengqian06.jpg' (349,584)
2024-03-01 10:28:47: Copy Over 'G:/Andy/hexo/public/images/shengqian07.jpg' -> 'G:/Work/Github/wangandi520.github.io/images/shengqian07.jpg' (333,433)
2024-03-01 10:28:47: Copy Over 'G:/Andy/hexo/public/images/shengqian08.jpg' -> 'G:/Work/Github/wangandi520.github.io/images/shengqian08.jpg' (360,345)
2024-03-01 10:28:47: Delete File G:/Work/Github/wangandi520.github.io/images/weixin.png
2024-03-01 10:28:47: Copy Over 'G:/Andy/hexo/public/images/shengqian09.jpg' -> 'G:/Work/Github/wangandi520.github.io/images/shengqian09.jpg' (254,285)
2024-03-01 10:28:47: Copy Over 'G:/Andy/hexo/public/images/shengqian10.jpg' -> 'G:/Work/Github/wangandi520.github.io/images/shengqian10.jpg' (272,488)
2024-03-01 10:28:47: Copy Over 'G:/Andy/hexo/public/images/y700-01.png' -> 'G:/Work/Github/wangandi520.github.io/images/y700-01.png' (81,680)
2024-03-01 10:28:47: Copy Over 'G:/Andy/hexo/public/index.html' -> 'G:/Work/Github/wangandi520.github.io/index.html' (44,617)
2024-03-01 10:28:47: Copy Over 'G:/Andy/hexo/public/js/bookmark.js' -> 'G:/Work/Github/wangandi520.github.io/js/bookmark.js' (1,682)
2024-03-01 10:28:47: Copy Over 'G:/Andy/hexo/public/js/comments-buttons.js' -> 'G:/Work/Github/wangandi520.github.io/js/comments-buttons.js' (923)
2024-03-01 10:28:47: Copy Over 'G:/Andy/hexo/public/js/comments.js' -> 'G:/Work/Github/wangandi520.github.io/js/comments.js' (666)
2024-03-01 10:28:47: Copy Over 'G:/Andy/hexo/public/js/motion.js' -> 'G:/Work/Github/wangandi520.github.io/js/motion.js' (3,818)
2024-03-01 10:28:47: Copy Over 'G:/Andy/hexo/public/js/next-boot.js' -> 'G:/Work/Github/wangandi520.github.io/js/next-boot.js' (2,417)
2024-03-01 10:28:47: Copy Over 'G:/Andy/hexo/public/js/config.js' -> 'G:/Work/Github/wangandi520.github.io/js/config.js' (1,704)
2024-03-01 10:28:47: Copy Over 'G:/Andy/hexo/public/js/pjax.js' -> 'G:/Work/Github/wangandi520.github.io/js/pjax.js' (1,513)
2024-03-01 10:28:47: Copy Over 'G:/Andy/hexo/public/js/schedule.js' -> 'G:/Work/Github/wangandi520.github.io/js/schedule.js' (4,399)
2024-03-01 10:28:47: Copy Over 'G:/Andy/hexo/public/js/schemes/muse.js' -> 'G:/Work/Github/wangandi520.github.io/js/schemes/muse.js' (2,518)
2024-03-01 10:28:47: Copy Over 'G:/Andy/hexo/public/js/third-party/addtoany.js' -> 'G:/Work/Github/wangandi520.github.io/js/third-party/addtoany.js' (217)
2024-03-01 10:28:47: Copy Over 'G:/Andy/hexo/public/js/third-party/analytics/baidu-analytics.js' -> 'G:/Work/Github/wangandi520.github.io/js/third-party/analytics/baidu-analytics.js' (162)
2024-03-01 10:28:47: Copy Over 'G:/Andy/hexo/public/js/third-party/analytics/google-analytics.js' -> 'G:/Work/Github/wangandi520.github.io/js/third-party/analytics/google-analytics.js' (1,549)
2024-03-01 10:28:47: Copy Over 'G:/Andy/hexo/public/js/third-party/analytics/matomo.js' -> 'G:/Work/Github/wangandi520.github.io/js/third-party/analytics/matomo.js' (603)
2024-03-01 10:28:47: Copy Over 'G:/Andy/hexo/public/js/third-party/chat/chatra.js' -> 'G:/Work/Github/wangandi520.github.io/js/third-party/chat/chatra.js' (401)
2024-03-01 10:28:47: Copy Over 'G:/Andy/hexo/public/js/third-party/analytics/growingio.js' -> 'G:/Work/Github/wangandi520.github.io/js/third-party/analytics/growingio.js' (201)
2024-03-01 10:28:47: Copy Over 'G:/Andy/hexo/public/js/third-party/chat/tidio.js' -> 'G:/Work/Github/wangandi520.github.io/js/third-party/chat/tidio.js' (226)
2024-03-01 10:28:47: Copy Over 'G:/Andy/hexo/public/js/third-party/comments/changyan.js' -> 'G:/Work/Github/wangandi520.github.io/js/third-party/comments/changyan.js' (1,023)
2024-03-01 10:28:47: Copy Over 'G:/Andy/hexo/public/js/third-party/comments/disqus.js' -> 'G:/Work/Github/wangandi520.github.io/js/third-party/comments/disqus.js' (1,299)
2024-03-01 10:28:47: Copy Over 'G:/Andy/hexo/public/js/third-party/comments/disqusjs.js' -> 'G:/Work/Github/wangandi520.github.io/js/third-party/comments/disqusjs.js' (784)
2024-03-01 10:28:47: Copy Over 'G:/Andy/hexo/public/js/third-party/comments/gitalk.js' -> 'G:/Work/Github/wangandi520.github.io/js/third-party/comments/gitalk.js' (927)
2024-03-01 10:28:47: Copy Over 'G:/Andy/hexo/public/js/third-party/comments/isso.js' -> 'G:/Work/Github/wangandi520.github.io/js/third-party/comments/isso.js' (389)
2024-03-01 10:28:47: Copy Over 'G:/Andy/hexo/public/js/third-party/comments/livere.js' -> 'G:/Work/Github/wangandi520.github.io/js/third-party/comments/livere.js' (471)
2024-03-01 10:28:47: Copy Over 'G:/Andy/hexo/public/js/third-party/comments/utterances.js' -> 'G:/Work/Github/wangandi520.github.io/js/third-party/comments/utterances.js' (552)
2024-03-01 10:28:47: Copy Over 'G:/Andy/hexo/public/js/third-party/fancybox.js' -> 'G:/Work/Github/wangandi520.github.io/js/third-party/fancybox.js' (1,151)
2024-03-01 10:28:47: Copy Over 'G:/Andy/hexo/public/js/third-party/math/katex.js' -> 'G:/Work/Github/wangandi520.github.io/js/third-party/math/katex.js' (181)
2024-03-01 10:28:47: Copy Over 'G:/Andy/hexo/public/js/third-party/math/mathjax.js' -> 'G:/Work/Github/wangandi520.github.io/js/third-party/math/mathjax.js' (934)
2024-03-01 10:28:47: Copy Over 'G:/Andy/hexo/public/js/third-party/pace.js' -> 'G:/Work/Github/wangandi520.github.io/js/third-party/pace.js' (130)
2024-03-01 10:28:47: Copy Over 'G:/Andy/hexo/public/js/third-party/quicklink.js' -> 'G:/Work/Github/wangandi520.github.io/js/third-party/quicklink.js' (944)
2024-03-01 10:28:47: Copy Over 'G:/Andy/hexo/public/js/third-party/search/algolia-search.js' -> 'G:/Work/Github/wangandi520.github.io/js/third-party/search/algolia-search.js' (4,058)
2024-03-01 10:28:47: Copy Over 'G:/Andy/hexo/public/js/third-party/search/local-search.js' -> 'G:/Work/Github/wangandi520.github.io/js/third-party/search/local-search.js' (3,587)
2024-03-01 10:28:47: Copy Over 'G:/Andy/hexo/public/js/third-party/statistics/firestore.js' -> 'G:/Work/Github/wangandi520.github.io/js/third-party/statistics/firestore.js' (1,834)
2024-03-01 10:28:47: Copy Over 'G:/Andy/hexo/public/js/third-party/tags/mermaid.js' -> 'G:/Work/Github/wangandi520.github.io/js/third-party/tags/mermaid.js' (1,168)
2024-03-01 10:28:47: Copy Over 'G:/Andy/hexo/public/js/third-party/statistics/lean-analytics.js' -> 'G:/Work/Github/wangandi520.github.io/js/third-party/statistics/lean-analytics.js' (3,719)
2024-03-01 10:28:47: Copy Over 'G:/Andy/hexo/public/js/third-party/tags/pdf.js' -> 'G:/Work/Github/wangandi520.github.io/js/third-party/tags/pdf.js' (681)
2024-03-01 10:28:47: Copy Over 'G:/Andy/hexo/public/js/third-party/tags/wavedrom.js' -> 'G:/Work/Github/wangandi520.github.io/js/third-party/tags/wavedrom.js' (332)
2024-03-01 10:28:47: Copy Over 'G:/Andy/hexo/public/js/utils.js' -> 'G:/Work/Github/wangandi520.github.io/js/utils.js' (19,347)
2024-03-01 10:28:47: Copy Over 'G:/Andy/hexo/public/links/index.html' -> 'G:/Work/Github/wangandi520.github.io/links/index.html' (12,205)
2024-03-01 10:28:47: Copy Over 'G:/Andy/hexo/public/page/3/index.html' -> 'G:/Work/Github/wangandi520.github.io/page/3/index.html' (48,019)
2024-03-01 10:28:47: Copy Over 'G:/Andy/hexo/public/page/2/index.html' -> 'G:/Work/Github/wangandi520.github.io/page/2/index.html' (42,463)
2024-03-01 10:28:47: Copy Over 'G:/Andy/hexo/public/page/4/index.html' -> 'G:/Work/Github/wangandi520.github.io/page/4/index.html' (45,774)
2024-03-01 10:28:47: Copy Over 'G:/Andy/hexo/public/page/5/index.html' -> 'G:/Work/Github/wangandi520.github.io/page/5/index.html' (44,116)
2024-03-01 10:28:47: Copy Over 'G:/Andy/hexo/public/page/6/index.html' -> 'G:/Work/Github/wangandi520.github.io/page/6/index.html' (36,551)
2024-03-01 10:28:47: Copy Over 'G:/Andy/hexo/public/tags/archlinuxarm/index.html' -> 'G:/Work/Github/wangandi520.github.io/tags/archlinuxarm/index.html' (12,025)
2024-03-01 10:28:47: Copy Over 'G:/Andy/hexo/public/search.xml' -> 'G:/Work/Github/wangandi520.github.io/search.xml' (986,034)
2024-03-01 10:28:47: Copy Over 'G:/Andy/hexo/public/tags/bash/index.html' -> 'G:/Work/Github/wangandi520.github.io/tags/bash/index.html' (11,229)
2024-03-01 10:28:47: Copy Over 'G:/Andy/hexo/public/tags/boox/index.html' -> 'G:/Work/Github/wangandi520.github.io/tags/boox/index.html' (12,532)
2024-03-01 10:28:47: Copy Over 'G:/Andy/hexo/public/tags/hexo/index.html' -> 'G:/Work/Github/wangandi520.github.io/tags/hexo/index.html' (11,887)
2024-03-01 10:28:47: Copy Over 'G:/Andy/hexo/public/tags/html/index.html' -> 'G:/Work/Github/wangandi520.github.io/tags/html/index.html' (11,201)
2024-03-01 10:28:47: Copy Over 'G:/Andy/hexo/public/tags/icarus/index.html' -> 'G:/Work/Github/wangandi520.github.io/tags/icarus/index.html' (11,231)
2024-03-01 10:28:47: Copy Over 'G:/Andy/hexo/public/tags/index.html' -> 'G:/Work/Github/wangandi520.github.io/tags/index.html' (17,704)
2024-03-01 10:28:47: Copy Over 'G:/Andy/hexo/public/tags/javascript/index.html' -> 'G:/Work/Github/wangandi520.github.io/tags/javascript/index.html' (11,231)
2024-03-01 10:28:47: Copy Over 'G:/Andy/hexo/public/tags/kali/index.html' -> 'G:/Work/Github/wangandi520.github.io/tags/kali/index.html' (11,263)
2024-03-01 10:28:47: Copy Over 'G:/Andy/hexo/public/tags/kindle/index.html' -> 'G:/Work/Github/wangandi520.github.io/tags/kindle/index.html' (12,077)
2024-03-01 10:28:47: Copy Over 'G:/Andy/hexo/public/tags/koreader/index.html' -> 'G:/Work/Github/wangandi520.github.io/tags/koreader/index.html' (11,449)
2024-03-01 10:28:47: Copy Over 'G:/Andy/hexo/public/tags/markdown/index.html' -> 'G:/Work/Github/wangandi520.github.io/tags/markdown/index.html' (11,449)
2024-03-01 10:28:47: Copy Over 'G:/Andy/hexo/public/tags/linux/index.html' -> 'G:/Work/Github/wangandi520.github.io/tags/linux/index.html' (11,926)
2024-03-01 10:28:47: Copy Over 'G:/Andy/hexo/public/tags/NeeView/index.html' -> 'G:/Work/Github/wangandi520.github.io/tags/NeeView/index.html' (11,338)
2024-03-01 10:28:47: Copy Over 'G:/Andy/hexo/public/tags/nuc/index.html' -> 'G:/Work/Github/wangandi520.github.io/tags/nuc/index.html' (11,274)
2024-03-01 10:28:47: Copy Over 'G:/Andy/hexo/public/tags/OpenWrt/index.html' -> 'G:/Work/Github/wangandi520.github.io/tags/OpenWrt/index.html' (11,228)
2024-03-01 10:28:47: Copy Over 'G:/Andy/hexo/public/tags/padavan/index.html' -> 'G:/Work/Github/wangandi520.github.io/tags/padavan/index.html' (11,254)
2024-03-01 10:28:47: Copy Over 'G:/Andy/hexo/public/tags/PDF/index.html' -> 'G:/Work/Github/wangandi520.github.io/tags/PDF/index.html' (11,172)
2024-03-01 10:28:47: Copy Over 'G:/Andy/hexo/public/tags/php/index.html' -> 'G:/Work/Github/wangandi520.github.io/tags/php/index.html' (11,224)
2024-03-01 10:28:47: Copy Over 'G:/Andy/hexo/public/tags/PM2-5/index.html' -> 'G:/Work/Github/wangandi520.github.io/tags/PM2-5/index.html' (11,216)
2024-03-01 10:28:47: Copy Over 'G:/Andy/hexo/public/tags/PMS5003ST/index.html' -> 'G:/Work/Github/wangandi520.github.io/tags/PMS5003ST/index.html' (11,236)
2024-03-01 10:28:47: Copy Over 'G:/Andy/hexo/public/tags/python/index.html' -> 'G:/Work/Github/wangandi520.github.io/tags/python/index.html' (13,346)
2024-03-01 10:28:47: Copy Over 'G:/Andy/hexo/public/tags/Qt/index.html' -> 'G:/Work/Github/wangandi520.github.io/tags/Qt/index.html' (11,857)
2024-03-01 10:28:47: Copy Over 'G:/Andy/hexo/public/tags/Raspberry/index.html' -> 'G:/Work/Github/wangandi520.github.io/tags/Raspberry/index.html' (15,426)
2024-03-01 10:28:47: Copy Over 'G:/Andy/hexo/public/tags/REAPER/index.html' -> 'G:/Work/Github/wangandi520.github.io/tags/REAPER/index.html' (11,189)
2024-03-01 10:28:47: Copy Over 'G:/Andy/hexo/public/tags/webdav/index.html' -> 'G:/Work/Github/wangandi520.github.io/tags/webdav/index.html' (11,295)
2024-03-01 10:28:47: Copy Over 'G:/Andy/hexo/public/tags/y700/index.html' -> 'G:/Work/Github/wangandi520.github.io/tags/y700/index.html' (11,313)
2024-03-01 10:28:47: Copy Over 'G:/Andy/hexo/public/tags/书/index.html' -> 'G:/Work/Github/wangandi520.github.io/tags/书/index.html' (11,930)
2024-03-01 10:28:47: Copy Over 'G:/Andy/hexo/public/tags/余华/index.html' -> 'G:/Work/Github/wangandi520.github.io/tags/余华/index.html' (11,200)
2024-03-01 10:28:47: Copy Over 'G:/Andy/hexo/public/tags/刷机/index.html' -> 'G:/Work/Github/wangandi520.github.io/tags/刷机/index.html' (11,347)
2024-03-01 10:28:47: Copy Over 'G:/Andy/hexo/public/tags/单车/index.html' -> 'G:/Work/Github/wangandi520.github.io/tags/单车/index.html' (11,331)
2024-03-01 10:28:47: Copy Over 'G:/Andy/hexo/public/tags/吉他/index.html' -> 'G:/Work/Github/wangandi520.github.io/tags/吉他/index.html' (11,932)
2024-03-01 10:28:47: Copy Over 'G:/Andy/hexo/public/tags/学习笔记/index.html' -> 'G:/Work/Github/wangandi520.github.io/tags/学习笔记/index.html' (11,253)
2024-03-01 10:28:47: Copy Over 'G:/Andy/hexo/public/tags/弹弓/index.html' -> 'G:/Work/Github/wangandi520.github.io/tags/弹弓/index.html' (11,259)
2024-03-01 10:28:47: Copy Over 'G:/Andy/hexo/public/tags/微信读书/index.html' -> 'G:/Work/Github/wangandi520.github.io/tags/微信读书/index.html' (11,517)
2024-03-01 10:28:47: Copy Over 'G:/Andy/hexo/public/tags/微雪/index.html' -> 'G:/Work/Github/wangandi520.github.io/tags/微雪/index.html' (11,344)
2024-03-01 10:28:47: Copy Over 'G:/Andy/hexo/public/tags/投资/index.html' -> 'G:/Work/Github/wangandi520.github.io/tags/投资/index.html' (11,235)
2024-03-01 10:28:47: Copy Over 'G:/Andy/hexo/public/tags/指弹/index.html' -> 'G:/Work/Github/wangandi520.github.io/tags/指弹/index.html' (11,210)
2024-03-01 10:28:47: Copy Over 'G:/Andy/hexo/public/tags/摄影/index.html' -> 'G:/Work/Github/wangandi520.github.io/tags/摄影/index.html' (11,331)
2024-03-01 10:28:47: Copy Over 'G:/Andy/hexo/public/tags/摘抄/index.html' -> 'G:/Work/Github/wangandi520.github.io/tags/摘抄/index.html' (11,187)
2024-03-01 10:28:47: Copy Over 'G:/Andy/hexo/public/tags/攀藤/index.html' -> 'G:/Work/Github/wangandi520.github.io/tags/攀藤/index.html' (11,245)
2024-03-01 10:28:47: Copy Over 'G:/Andy/hexo/public/tags/文城/index.html' -> 'G:/Work/Github/wangandi520.github.io/tags/文城/index.html' (11,200)
2024-03-01 10:28:47: Copy Over 'G:/Andy/hexo/public/tags/文石/index.html' -> 'G:/Work/Github/wangandi520.github.io/tags/文石/index.html' (13,480)
2024-03-01 10:28:47: Copy Over 'G:/Andy/hexo/public/tags/日语/index.html' -> 'G:/Work/Github/wangandi520.github.io/tags/日语/index.html' (11,175)
2024-03-01 10:28:47: Copy Over 'G:/Andy/hexo/public/tags/标注/index.html' -> 'G:/Work/Github/wangandi520.github.io/tags/标注/index.html' (17,393)
2024-03-01 10:28:47: Copy Over 'G:/Andy/hexo/public/tags/标注/page/2/index.html' -> 'G:/Work/Github/wangandi520.github.io/tags/标注/page/2/index.html' (12,195)
2024-03-01 10:28:47: Copy Over 'G:/Andy/hexo/public/tags/树莓派/index.html' -> 'G:/Work/Github/wangandi520.github.io/tags/树莓派/index.html' (15,462)
2024-03-01 10:28:47: Copy Over 'G:/Andy/hexo/public/tags/歌词/index.html' -> 'G:/Work/Github/wangandi520.github.io/tags/歌词/index.html' (11,175)
2024-03-01 10:28:47: Copy Over 'G:/Andy/hexo/public/tags/漫画/index.html' -> 'G:/Work/Github/wangandi520.github.io/tags/漫画/index.html' (13,333)
2024-03-01 10:28:47: Copy Over 'G:/Andy/hexo/public/tags/王小波/index.html' -> 'G:/Work/Github/wangandi520.github.io/tags/王小波/index.html' (11,903)
2024-03-01 10:28:47: Copy Over 'G:/Andy/hexo/public/tags/电吉他/index.html' -> 'G:/Work/Github/wangandi520.github.io/tags/电吉他/index.html' (11,358)
2024-03-01 10:28:47: Copy Over 'G:/Andy/hexo/public/tags/电影/index.html' -> 'G:/Work/Github/wangandi520.github.io/tags/电影/index.html' (11,957)
2024-03-01 10:28:47: Copy Over 'G:/Andy/hexo/public/tags/电纸书/index.html' -> 'G:/Work/Github/wangandi520.github.io/tags/电纸书/index.html' (13,315)
2024-03-01 10:28:47: Copy Over 'G:/Andy/hexo/public/tags/电脑手机技巧/index.html' -> 'G:/Work/Github/wangandi520.github.io/tags/电脑手机技巧/index.html' (11,331)
2024-03-01 10:28:47: Copy Over 'G:/Andy/hexo/public/tags/电脑技巧/index.html' -> 'G:/Work/Github/wangandi520.github.io/tags/电脑技巧/index.html' (11,989)
2024-03-01 10:28:47: Copy Over 'G:/Andy/hexo/public/tags/电视剧/index.html' -> 'G:/Work/Github/wangandi520.github.io/tags/电视剧/index.html' (11,984)
2024-03-01 10:28:47: Copy Over 'G:/Andy/hexo/public/tags/百年孤独/index.html' -> 'G:/Work/Github/wangandi520.github.io/tags/百年孤独/index.html' (11,325)
2024-03-01 10:28:47: Copy Over 'G:/Andy/hexo/public/tags/程序/index.html' -> 'G:/Work/Github/wangandi520.github.io/tags/程序/index.html' (12,578)
2024-03-01 10:28:47: Copy Over 'G:/Andy/hexo/public/tags/红楼梦/index.html' -> 'G:/Work/Github/wangandi520.github.io/tags/红楼梦/index.html' (11,985)
2024-03-01 10:28:47: Copy Over 'G:/Andy/hexo/public/tags/羽毛球/index.html' -> 'G:/Work/Github/wangandi520.github.io/tags/羽毛球/index.html' (11,286)
2024-03-01 10:28:47: Copy Over 'G:/Andy/hexo/public/tags/英语/index.html' -> 'G:/Work/Github/wangandi520.github.io/tags/英语/index.html' (11,175)
2024-03-01 10:28:47: Copy Over 'G:/Andy/hexo/public/tags/西游记/index.html' -> 'G:/Work/Github/wangandi520.github.io/tags/西游记/index.html' (11,275)
2024-03-01 10:28:47: Copy Over 'G:/Andy/hexo/public/tags/评测/index.html' -> 'G:/Work/Github/wangandi520.github.io/tags/评测/index.html' (13,942)
2024-03-01 10:28:47: Copy Over 'G:/Andy/hexo/public/tags/读书笔记/index.html' -> 'G:/Work/Github/wangandi520.github.io/tags/读书笔记/index.html' (17,483)
2024-03-01 10:28:47: Copy Over 'G:/Andy/hexo/public/tags/读书笔记/page/2/index.html' -> 'G:/Work/Github/wangandi520.github.io/tags/读书笔记/page/2/index.html' (11,647)
2024-03-01 10:28:47: Copy Over 'G:/Andy/hexo/public/tags/路由器/index.html' -> 'G:/Work/Github/wangandi520.github.io/tags/路由器/index.html' (11,300)
2024-03-01 10:28:47: Copy Over 'G:/Andy/hexo/public/tags/遥远的向日葵地/index.html' -> 'G:/Work/Github/wangandi520.github.io/tags/遥远的向日葵地/index.html' (11,395)
2024-03-01 10:28:47: Copy Over 'G:/Andy/hexo/public/tags/钱穆/index.html' -> 'G:/Work/Github/wangandi520.github.io/tags/钱穆/index.html' (11,272)
2024-03-01 10:28:47: Copy Over 'G:/Andy/hexo/public/tags/阅读/index.html' -> 'G:/Work/Github/wangandi520.github.io/tags/阅读/index.html' (17,456)
2024-03-01 10:28:47: Copy Over 'G:/Andy/hexo/public/tags/阅读/page/2/index.html' -> 'G:/Work/Github/wangandi520.github.io/tags/阅读/page/2/index.html' (13,367)
2024-03-01 10:28:47: Copy Over 'G:/Andy/hexo/public/tags/静读天下专业版/index.html' -> 'G:/Work/Github/wangandi520.github.io/tags/静读天下专业版/index.html' (12,273)
2024-03-01 10:28:47: Copy Over 'G:/Andy/hexo/public/tags/音乐/index.html' -> 'G:/Work/Github/wangandi520.github.io/tags/音乐/index.html' (11,331)
2024-03-01 10:28:47: Copy Over 'G:/Andy/hexo/public/tags/音频/index.html' -> 'G:/Work/Github/wangandi520.github.io/tags/音频/index.html' (12,598)
2024-03-01 10:28:47: Close Modified Folder (mod-time, acl): /2017/01/09/树莓派-archlinuxarm做路由
2024-03-01 10:28:47: Close Modified Folder (mod-time, acl): /2017/01/09/kindle标注
2024-03-01 10:28:47: Copy Over 'G:/Andy/hexo/public/tags/食品用品/index.html' -> 'G:/Work/Github/wangandi520.github.io/tags/食品用品/index.html' (11,253)
2024-03-01 10:28:47: Close Modified Folder (mod-time, acl): /2017/01/09/树莓派3-Raspberry-pi-3-刷kali-3-5寸微雪屏
2024-03-01 10:28:47: Close Modified Folder (mod-time, acl): /2017/01/14/路由器发送IP至服务器
2024-03-01 10:28:47: Close Modified Folder (mod-time, acl): /2017/01/09/歌词
2024-03-01 10:28:47: Copy Over 'G:/Andy/hexo/public/tags/魔方/index.html' -> 'G:/Work/Github/wangandi520.github.io/tags/魔方/index.html' (11,199)
2024-03-01 10:28:47: Close Modified Folder (mod-time, acl): /2017/01/09/树莓派3-Raspberry-pi-3-刷OpenWrt
2024-03-01 10:28:47: Copy Over 'G:/Andy/hexo/public/tags/麻将/index.html' -> 'G:/Work/Github/wangandi520.github.io/tags/麻将/index.html' (11,264)
2024-03-01 10:28:47: Close Modified Folder (mod-time, acl): /2017/01/31/单页面投资行情
2024-03-01 10:28:47: Close Modified Folder (mod-time, acl): /2017/03/23/speaksoftlylove
2024-03-01 10:28:47: Close Modified Folder (mod-time, acl): /2017/05/15/树莓派3B和攀藤PMS5003ST
2024-03-01 10:28:47: Close Modified Folder (mod-time, acl): /2019/03/29/文石boox poke pro评测体验
2024-03-01 10:28:47: Close Modified Folder (mod-time, acl): /2019/12/04/老王随机点名器v1.0
2024-03-01 10:28:47: Close Modified Folder (mod-time, acl): /2019/03/29/文石poke pro,nova pro评测体验
2024-03-01 10:28:47: Close Modified Folder (mod-time, acl): /2020/03/26/树莓派4B加微雪2.13寸墨水屏监测pm2.5信息
2024-03-01 10:28:47: Close Modified Folder (mod-time, acl): /2020/06/23/文石boox nova2评测体验
2024-03-01 10:28:47: Close Modified Folder (mod-time, acl): /2021/03/09/电脑手机技巧
2024-03-01 10:28:47: Close Modified Folder (mod-time, acl): /2021/03/09/红楼梦校注本标注
2024-03-01 10:28:47: Close Modified Folder (mod-time, acl): /2021/03/11/遥远的向日葵地标注
2024-03-01 10:28:47: Close Modified Folder (mod-time, acl): /2021/03/11/魔方笔记
2024-03-01 10:28:47: Close Modified Folder (mod-time, acl): /2021/03/12/REAPER6学习笔记
2024-03-01 10:28:47: Close Modified Folder (mod-time, acl): /2021/03/13/文城标注
2024-03-01 10:28:47: Close Modified Folder (mod-time, acl): /2021/03/15/吉他和弦图查询与生成
2024-03-01 10:28:47: Close Modified Folder (mod-time, acl): /2021/03/15/文石Boox,Kindle,静读天下专业版,微信读书,KOReader的标注转换为Markdown格式
2024-03-01 10:28:47: Close Modified Folder (mod-time, acl): /2021/03/16/舒适阅读电子书和漫画
2024-03-01 10:28:47: Close Modified Folder (mod-time, acl): /2021/03/16/西游记校注本标注
2024-03-01 10:28:47: Close Modified Folder (mod-time, acl): /2021/03/17/hexo主题icarus的一些玩法
2024-03-01 10:28:47: Close Modified Folder (mod-time, acl): /2021/03/22/搭建webdav服务器实现静读天下同步
2024-03-01 10:28:47: Close Modified Folder (mod-time, acl): /2021/04/30/PNG批量转成PDF
2024-03-01 10:28:47: Close Modified Folder (mod-time, acl): /2021/06/07/红米ac2100路由器刷padavan系统
2024-03-01 10:28:47: Close Modified Folder (mod-time, acl): /2021/07/03/几个漫画整理脚本的使用
2024-03-01 10:28:47: Close Modified Folder (mod-time, acl): /2021/09/25/一只特立独行的猪标注
2024-03-01 10:28:47: Close Modified Folder (mod-time, acl): /2021/09/28/中国历代政治得失标注
2024-03-01 10:28:47: Close Modified Folder (mod-time, acl): /2021/10/05/离线漫画NeeView的使用和与其他软件的对比
2024-03-01 10:28:47: Close Modified Folder (mod-time, acl): /2021/10/22/沉默的大多数标注
2024-03-01 10:28:47: Close Modified Folder (mod-time, acl): /2021/12/31/书电影电视剧记录
2024-03-01 10:28:47: Close Modified Folder (mod-time, acl): /2022/01/06/书电影电视剧简评
2024-03-01 10:28:47: Close Modified Folder (mod-time, acl): /2022/01/08/Seventh9日麻教程（79博客）v1.2
2024-03-01 10:28:47: Close Modified Folder (mod-time, acl): /2022/01/26/linux笔记
2024-03-01 10:28:47: Close Modified Folder (mod-time, acl): /2022/01/26/使用archlinux搭建家庭数据服务中心
2024-03-01 10:28:47: Close Modified Folder (mod-time, acl): /2022/03/19/几个PyQt程序
2024-03-01 10:28:47: Close Modified Folder (mod-time, acl): /2022/08/08/漫画印刷与扫描错误
2024-03-01 10:28:47: Close Modified Folder (mod-time, acl): /2023/01/29/SciTE文本编辑器配置
2024-03-01 10:28:47: Close Modified Folder (mod-time, acl): /2023/05/25/红楼梦人物关系图
2024-03-01 10:28:47: Close Modified Folder (mod-time, acl): /2023/06/06/书籍删减与翻译情况
2024-03-01 10:28:47: Close Modified Folder (mod-time, acl): /2023/06/07/食品用品
2024-03-01 10:28:47: Close Modified Folder (mod-time, acl): /2023/06/11/百年孤独人物关系图
2024-03-01 10:28:47: Close Modified Folder (mod-time, acl): /2023/11/20/小米14的bug
2024-03-01 10:28:47: Close Modified Folder (mod-time, acl): /2023/12/15/音频软件插件简评
2024-03-01 10:28:47: Close Modified Folder (mod-time, acl): /2023/12/25/美丽的世界你在哪里
2024-03-01 10:28:47: Close Modified Folder (mod-time, acl): /2023/12/29/快速上手羽毛球弹弓
2024-03-01 10:28:47: Close Modified Folder (mod-time, acl): /2023/12/29/省钱玩电吉他单车摄影，阅读音乐
2024-03-01 10:28:47: Close Modified Folder (mod-time, acl): /2024/01/03/Windows和Android优质软件
2024-03-01 10:28:47: Close Modified Folder (mod-time, acl): /2024/01/28/不能承受的生命之轻标注
2024-03-01 10:28:47: Close Modified Folder (mod-time, acl): /2024/01/13/联想拯救者y700一代（2022）平板刷机过程
2024-03-01 10:28:47: Close Modified Folder (mod-time, acl): /2024/02/05/挪威的森林赖明珠译标注
2024-03-01 10:28:47: Close Modified Folder (mod-time, acl): /2024/02/11/使用github的action配合python每天签到
2024-03-01 10:28:47: Close Modified Folder (mod-time, acl): /2024/02/18/中文日文注音使用html上标注音格式
2024-03-01 10:28:47: Close Modified Folder (mod-time, acl): /2024/02/29/配置hexo主题next
2024-03-01 10:28:47: Close Modified Folder (mod-time, acl): /about
2024-03-01 10:28:47: Close Modified Folder (mod-time, acl): /archives/2017/01
2024-03-01 10:28:47: Close Modified Folder (mod-time, acl): /archives/2017/03
2024-03-01 10:28:47: Close Modified Folder (mod-time, acl): /archives/2017/05
2024-03-01 10:28:47: Close Modified Folder (mod-time, acl): /archives/2019/03
2024-03-01 10:28:47: Close Modified Folder (mod-time, acl): /archives/2019/12
2024-03-01 10:28:47: Close Modified Folder (mod-time, acl): /archives/2020/03
2024-03-01 10:28:47: Close Modified Folder (mod-time, acl): /archives/2020/06
2024-03-01 10:28:47: Close Modified Folder (mod-time, acl): /archives/2021/03/page/2
2024-03-01 10:28:47: Close Modified Folder (mod-time, acl): /archives/2021/04
2024-03-01 10:28:47: Close Modified Folder (mod-time, acl): /archives/2021/06
2024-03-01 10:28:47: Close Modified Folder (mod-time, acl): /archives/2021/07
2024-03-01 10:28:47: Close Modified Folder (mod-time, acl): /archives/2021/09
2024-03-01 10:28:47: Close Modified Folder (mod-time, acl): /archives/2021/10
2024-03-01 10:28:47: Close Modified Folder (mod-time, acl): /archives/2021/12
2024-03-01 10:28:47: Close Modified Folder (mod-time, acl): /archives/2022/01
2024-03-01 10:28:47: Close Modified Folder (mod-time, acl): /archives/2021/page/2
2024-03-01 10:28:47: Close Modified Folder (mod-time, acl): /archives/2022/03
2024-03-01 10:28:47: Close Modified Folder (mod-time, acl): /archives/2022/08
2024-03-01 10:28:47: Close Modified Folder (mod-time, acl): /archives/2023/01
2024-03-01 10:28:47: Close Modified Folder (mod-time, acl): /archives/2023/05
2024-03-01 10:28:47: Close Modified Folder (mod-time, acl): /archives/2023/06
2024-03-01 10:28:47: Close Modified Folder (mod-time, acl): /archives/2023/11
2024-03-01 10:28:47: Close Modified Folder (mod-time, acl): /archives/2023/12
2024-03-01 10:28:47: Close Modified Folder (mod-time, acl): /archives/2024/01
2024-03-01 10:28:47: Close Modified Folder (mod-time, acl): /archives/2024/02
2024-03-01 10:28:47: Delete Folder G:/Work/Github/wangandi520.github.io/archives/2024/03
2024-03-01 10:28:47: Close Modified Folder (mod-time, acl): /archives/page/2
2024-03-01 10:28:47: Close Modified Folder (mod-time, acl): /archives/page/3
2024-03-01 10:28:47: Close Modified Folder (mod-time, acl): /archives/page/4
2024-03-01 10:28:47: Close Modified Folder (mod-time, acl): /archives/page/5
2024-03-01 10:28:47: Close Modified Folder (mod-time, acl): /archives/page/6
2024-03-01 10:28:47: Close Modified Folder (mod-time, acl): /categories/个人
2024-03-01 10:28:47: Close Modified Folder (mod-time, acl): /categories/吉他
2024-03-01 10:28:47: Close Modified Folder (mod-time, acl): /categories/学习笔记
2024-03-01 10:28:47: Close Modified Folder (mod-time, acl): /categories/程序/page/2
2024-03-01 10:28:47: Close Modified Folder (mod-time, acl): /categories/程序/page/3
2024-03-01 10:28:47: Close Modified Folder (mod-time, acl): /categories/评测
2024-03-01 10:28:47: Close Modified Folder (mod-time, acl): /categories/读书笔记/page/2
2024-03-01 10:28:47: Close Modified Folder (mod-time, acl): /css
2024-03-01 10:28:47: Close Modified Folder (mod-time, acl): /files
2024-03-01 10:28:47: Close Modified Folder (mod-time, acl): /images
2024-03-01 10:28:47: Close Modified Folder (mod-time, acl): /js/schemes
2024-03-01 10:28:47: Close Modified Folder (mod-time, acl): /js/third-party/analytics
2024-03-01 10:28:47: Close Modified Folder (mod-time, acl): /js/third-party/chat
2024-03-01 10:28:47: Close Modified Folder (mod-time, acl): /js/third-party/comments
2024-03-01 10:28:47: Close Modified Folder (mod-time, acl): /js/third-party/math
2024-03-01 10:28:47: Close Modified Folder (mod-time, acl): /js/third-party/search
2024-03-01 10:28:47: Close Modified Folder (mod-time, acl): /js/third-party/statistics
2024-03-01 10:28:47: Close Modified Folder (mod-time, acl): /js/third-party/tags
2024-03-01 10:28:47: Close Modified Folder (mod-time, acl): /links
2024-03-01 10:28:47: Close Modified Folder (mod-time, acl): /page/3
2024-03-01 10:28:47: Close Modified Folder (mod-time, acl): /page/2
2024-03-01 10:28:47: Close Modified Folder (mod-time, acl): /page/4
2024-03-01 10:28:47: Close Modified Folder (mod-time, acl): /page/5
2024-03-01 10:28:47: Close Modified Folder (mod-time, acl): /page/6
2024-03-01 10:28:47: Close Modified Folder (mod-time, acl): /tags/archlinuxarm
2024-03-01 10:28:47: Close Modified Folder (mod-time, acl): /tags/bash
2024-03-01 10:28:47: Close Modified Folder (mod-time, acl): /tags/boox
2024-03-01 10:28:47: Close Modified Folder (mod-time, acl): /tags/hexo
2024-03-01 10:28:47: Close Modified Folder (mod-time, acl): /tags/html
2024-03-01 10:28:47: Close Modified Folder (mod-time, acl): /tags/icarus
2024-03-01 10:28:47: Close Modified Folder (mod-time, acl): /tags/javascript
2024-03-01 10:28:47: Close Modified Folder (mod-time, acl): /tags/kali
2024-03-01 10:28:47: Close Modified Folder (mod-time, acl): /tags/kindle
2024-03-01 10:28:47: Close Modified Folder (mod-time, acl): /tags/koreader
2024-03-01 10:28:47: Close Modified Folder (mod-time, acl): /tags/markdown
2024-03-01 10:28:47: Close Modified Folder (mod-time, acl): /tags/linux
2024-03-01 10:28:47: Close Modified Folder (mod-time, acl): /tags/NeeView
2024-03-01 10:28:47: Close Modified Folder (mod-time, acl): /tags/nuc
2024-03-01 10:28:47: Close Modified Folder (mod-time, acl): /tags/OpenWrt
2024-03-01 10:28:47: Close Modified Folder (mod-time, acl): /tags/padavan
2024-03-01 10:28:47: Close Modified Folder (mod-time, acl): /tags/PDF
2024-03-01 10:28:47: Close Modified Folder (mod-time, acl): /tags/php
2024-03-01 10:28:47: Close Modified Folder (mod-time, acl): /tags/PM2-5
2024-03-01 10:28:47: Close Modified Folder (mod-time, acl): /tags/PMS5003ST
2024-03-01 10:28:47: Close Modified Folder (mod-time, acl): /tags/python
2024-03-01 10:28:47: Close Modified Folder (mod-time, acl): /tags/Qt
2024-03-01 10:28:47: Close Modified Folder (mod-time, acl): /tags/Raspberry
2024-03-01 10:28:47: Close Modified Folder (mod-time, acl): /tags/REAPER
2024-03-01 10:28:47: Close Modified Folder (mod-time, acl): /tags/webdav
2024-03-01 10:28:47: Close Modified Folder (mod-time, acl): /tags/y700
2024-03-01 10:28:47: Close Modified Folder (mod-time, acl): /tags/书
2024-03-01 10:28:47: Close Modified Folder (mod-time, acl): /tags/余华
2024-03-01 10:28:47: Close Modified Folder (mod-time, acl): /tags/刷机
2024-03-01 10:28:47: Close Modified Folder (mod-time, acl): /tags/单车
2024-03-01 10:28:47: Close Modified Folder (mod-time, acl): /tags/吉他
2024-03-01 10:28:47: Close Modified Folder (mod-time, acl): /tags/学习笔记
2024-03-01 10:28:47: Close Modified Folder (mod-time, acl): /tags/弹弓
2024-03-01 10:28:47: Close Modified Folder (mod-time, acl): /tags/微信读书
2024-03-01 10:28:47: Close Modified Folder (mod-time, acl): /tags/微雪
2024-03-01 10:28:47: Close Modified Folder (mod-time, acl): /tags/指弹
2024-03-01 10:28:47: Close Modified Folder (mod-time, acl): /tags/投资
2024-03-01 10:28:47: Close Modified Folder (mod-time, acl): /tags/摄影
2024-03-01 10:28:47: Close Modified Folder (mod-time, acl): /tags/摘抄
2024-03-01 10:28:47: Close Modified Folder (mod-time, acl): /tags/攀藤
2024-03-01 10:28:47: Close Modified Folder (mod-time, acl): /tags/文城
2024-03-01 10:28:47: Close Modified Folder (mod-time, acl): /tags/文石
2024-03-01 10:28:47: Close Modified Folder (mod-time, acl): /tags/日语
2024-03-01 10:28:47: Close Modified Folder (mod-time, acl): /tags/标注/page/2
2024-03-01 10:28:47: Close Modified Folder (mod-time, acl): /tags/树莓派
2024-03-01 10:28:47: Close Modified Folder (mod-time, acl): /tags/歌词
2024-03-01 10:28:47: Close Modified Folder (mod-time, acl): /tags/漫画
2024-03-01 10:28:47: Close Modified Folder (mod-time, acl): /tags/王小波
2024-03-01 10:28:47: Close Modified Folder (mod-time, acl): /tags/电吉他
2024-03-01 10:28:47: Close Modified Folder (mod-time, acl): /tags/电影
2024-03-01 10:28:47: Close Modified Folder (mod-time, acl): /tags/电纸书
2024-03-01 10:28:47: Close Modified Folder (mod-time, acl): /tags/电脑手机技巧
2024-03-01 10:28:47: Close Modified Folder (mod-time, acl): /tags/电脑技巧
2024-03-01 10:28:47: Close Modified Folder (mod-time, acl): /tags/电视剧
2024-03-01 10:28:47: Close Modified Folder (mod-time, acl): /tags/百年孤独
2024-03-01 10:28:47: Close Modified Folder (mod-time, acl): /tags/程序
2024-03-01 10:28:47: Close Modified Folder (mod-time, acl): /tags/红楼梦
2024-03-01 10:28:47: Close Modified Folder (mod-time, acl): /tags/羽毛球
2024-03-01 10:28:47: Close Modified Folder (mod-time, acl): /tags/英语
2024-03-01 10:28:47: Close Modified Folder (mod-time, acl): /tags/西游记
2024-03-01 10:28:47: Close Modified Folder (mod-time, acl): /tags/评测
2024-03-01 10:28:47: Close Modified Folder (mod-time, acl): /tags/读书笔记/page/2
2024-03-01 10:28:47: Close Modified Folder (mod-time, acl): /tags/路由器
2024-03-01 10:28:47: Close Modified Folder (mod-time, acl): /tags/遥远的向日葵地
2024-03-01 10:28:47: Close Modified Folder (mod-time, acl): /tags/钱穆
2024-03-01 10:28:47: Close Modified Folder (mod-time, acl): /tags/阅读/page/2
2024-03-01 10:28:47: Close Modified Folder (mod-time, acl): /tags/静读天下专业版
2024-03-01 10:28:47: Close Modified Folder (mod-time, acl): /tags/音乐
2024-03-01 10:28:47: Close Modified Folder (mod-time, acl): /tags/音频
2024-03-01 10:28:47: Close Modified Folder (mod-time, acl): /tags/食品用品
2024-03-01 10:28:47: Close Modified Folder (mod-time, acl): /tags/魔方
2024-03-01 10:28:47: Close Modified Folder (mod-time, acl): /tags/麻将
2024-03-01 10:28:47: Close Modified Folder (mod-time, acl): /archives/2017
2024-03-01 10:28:47: Close Modified Folder (mod-time, acl): /archives/2019
2024-03-01 10:28:47: Close Modified Folder (mod-time, acl): /archives/2020
2024-03-01 10:28:47: Close Modified Folder (mod-time, acl): /archives/2022
2024-03-01 10:28:47: Close Modified Folder (mod-time, acl): /archives/2023
2024-03-01 10:28:47: Close Modified Folder (mod-time, acl): /archives/2024
2024-03-01 10:28:47: Close Modified Folder (mod-time, acl): /js/third-party
2024-03-01 10:28:47: Close Modified Folder (mod-time, acl): /archives/2021/03
2024-03-01 10:28:47: Close Modified Folder (mod-time, acl): /categories/程序
2024-03-01 10:28:47: Close Modified Folder (mod-time, acl): /categories/读书笔记
2024-03-01 10:28:47: Close Modified Folder (mod-time, acl): /js
2024-03-01 10:28:47: Close Modified Folder (mod-time, acl): /tags/标注
2024-03-01 10:28:47: Close Modified Folder (mod-time, acl): /tags/读书笔记
2024-03-01 10:28:47: Close Modified Folder (mod-time, acl): /tags/阅读
2024-03-01 10:28:47: Close Modified Folder (mod-time, acl): /archives/2021
2024-03-01 10:28:47: Close Modified Folder (mod-time, acl): /categories
2024-03-01 10:28:47: Close Modified Folder (mod-time, acl): /tags
2024-03-01 10:28:47: Close Modified Folder (mod-time, acl): /archives
2024-03-01 10:28:47: Save State File G:/Andy/hexo/public/_gsdata_/_file_state_v4._gs
2024-03-01 10:28:47: Save State File G:/Work/Github/wangandi520.github.io/_gsdata_/_file_state_v4._gs
2024-03-01 10:28:47: == Sync Complete. Time: 00:00:00, Speed: 0.00/s, OK: 549, Errors: 0
