2024-02-29 10:45:34: == Sync Started by User Command
2024-02-29 10:45:34: ConnectCloned connected to file:///G:/Andy/hexo/public
2024-02-29 10:45:34: ConnectCloned connected to file:///G:/Andy/hexo/public
2024-02-29 10:45:34: ConnectCloned connected to file:///G:/Andy/hexo/public
2024-02-29 10:45:34: ConnectCloned connected to file:///G:/Work/Github/wangandi520.github.io
2024-02-29 10:45:34: ConnectCloned connected to file:///G:/Work/Github/wangandi520.github.io
2024-02-29 10:45:34: ConnectCloned connected to file:///G:/Work/Github/wangandi520.github.io
2024-02-29 10:45:34: Copy Over 'G:/Andy/hexo/public/2017/01/09/树莓派3-Raspberry-pi-3-刷kali-3-5寸微雪屏/index.html' -> 'G:/Work/Github/wangandi520.github.io/2017/01/09/树莓派3-Raspberry-pi-3-刷kali-3-5寸微雪屏/index.html' (19,796)
2024-02-29 10:45:34: Copy Over 'G:/Andy/hexo/public/2017/01/09/kindle标注/index.html' -> 'G:/Work/Github/wangandi520.github.io/2017/01/09/kindle标注/index.html' (209,371)
2024-02-29 10:45:34: Copy Over 'G:/Andy/hexo/public/2017/01/09/树莓派-archlinuxarm做路由/index.html' -> 'G:/Work/Github/wangandi520.github.io/2017/01/09/树莓派-archlinuxarm做路由/index.html' (18,085)
2024-02-29 10:45:34: Copy Over 'G:/Andy/hexo/public/2017/01/09/树莓派3-Raspberry-pi-3-刷OpenWrt/index.html' -> 'G:/Work/Github/wangandi520.github.io/2017/01/09/树莓派3-Raspberry-pi-3-刷OpenWrt/index.html' (27,257)
2024-02-29 10:45:34: Copy Over 'G:/Andy/hexo/public/2017/01/09/歌词/index.html' -> 'G:/Work/Github/wangandi520.github.io/2017/01/09/歌词/index.html' (148,178)
2024-02-29 10:45:34: Copy Over 'G:/Andy/hexo/public/2017/01/14/路由器发送IP至服务器/index.html' -> 'G:/Work/Github/wangandi520.github.io/2017/01/14/路由器发送IP至服务器/index.html' (21,221)
2024-02-29 10:45:34: Copy Over 'G:/Andy/hexo/public/2017/01/31/单页面投资行情/index.html' -> 'G:/Work/Github/wangandi520.github.io/2017/01/31/单页面投资行情/index.html' (16,638)
2024-02-29 10:45:34: Copy Over 'G:/Andy/hexo/public/2017/03/23/speaksoftlylove/index.html' -> 'G:/Work/Github/wangandi520.github.io/2017/03/23/speaksoftlylove/index.html' (14,920)
2024-02-29 10:45:34: Copy Over 'G:/Andy/hexo/public/2017/05/15/树莓派3B和攀藤PMS5003ST/index.html' -> 'G:/Work/Github/wangandi520.github.io/2017/05/15/树莓派3B和攀藤PMS5003ST/index.html' (51,146)
2024-02-29 10:45:34: Copy Over 'G:/Andy/hexo/public/2019/03/29/文石boox poke pro评测体验/index.html' -> 'G:/Work/Github/wangandi520.github.io/2019/03/29/文石boox poke pro评测体验/index.html' (20,713)
2024-02-29 10:45:34: Copy Over 'G:/Andy/hexo/public/2019/03/29/文石poke pro,nova pro评测体验/index.html' -> 'G:/Work/Github/wangandi520.github.io/2019/03/29/文石poke pro,nova pro评测体验/index.html' (17,986)
2024-02-29 10:45:34: Copy Over 'G:/Andy/hexo/public/2019/12/04/老王随机点名器v1.0/index.html' -> 'G:/Work/Github/wangandi520.github.io/2019/12/04/老王随机点名器v1.0/index.html' (16,224)
2024-02-29 10:45:34: Copy Over 'G:/Andy/hexo/public/2020/03/26/树莓派4B加微雪2.13寸墨水屏监测pm2.5信息/index.html' -> 'G:/Work/Github/wangandi520.github.io/2020/03/26/树莓派4B加微雪2.13寸墨水屏监测pm2.5信息/index.html' (24,214)
2024-02-29 10:45:34: Copy Over 'G:/Andy/hexo/public/2020/06/23/文石boox nova2评测体验/index.html' -> 'G:/Work/Github/wangandi520.github.io/2020/06/23/文石boox nova2评测体验/index.html' (24,417)
2024-02-29 10:45:34: Copy Over 'G:/Andy/hexo/public/2021/03/09/电脑手机技巧/index.html' -> 'G:/Work/Github/wangandi520.github.io/2021/03/09/电脑手机技巧/index.html' (48,328)
2024-02-29 10:45:34: Copy Over 'G:/Andy/hexo/public/2021/03/09/红楼梦校注本标注/index.html' -> 'G:/Work/Github/wangandi520.github.io/2021/03/09/红楼梦校注本标注/index.html' (23,626)
2024-02-29 10:45:34: Copy Over 'G:/Andy/hexo/public/2021/03/11/遥远的向日葵地标注/index.html' -> 'G:/Work/Github/wangandi520.github.io/2021/03/11/遥远的向日葵地标注/index.html' (19,884)
2024-02-29 10:45:34: Copy Over 'G:/Andy/hexo/public/2021/03/11/魔方笔记/index.html' -> 'G:/Work/Github/wangandi520.github.io/2021/03/11/魔方笔记/index.html' (19,123)
2024-02-29 10:45:34: Copy Over 'G:/Andy/hexo/public/2021/03/12/REAPER6学习笔记/index.html' -> 'G:/Work/Github/wangandi520.github.io/2021/03/12/REAPER6学习笔记/index.html' (33,651)
2024-02-29 10:45:34: Copy Over 'G:/Andy/hexo/public/2021/03/13/文城标注/index.html' -> 'G:/Work/Github/wangandi520.github.io/2021/03/13/文城标注/index.html' (21,017)
2024-02-29 10:45:34: Copy Over 'G:/Andy/hexo/public/2021/03/15/吉他和弦图查询与生成/index.html' -> 'G:/Work/Github/wangandi520.github.io/2021/03/15/吉他和弦图查询与生成/index.html' (17,902)
2024-02-29 10:45:34: Copy Over 'G:/Andy/hexo/public/2021/03/15/文石Boox,Kindle,静读天下专业版,微信读书,KOReader的标注转换为Markdown格式/index.html' -> 'G:/Work/Github/wangandi520.github.io/2021/03/15/文石Boox,Kindle,静读天下专业版,微信读书,KOReader的标注转换为Markdown格式/index.html' (22,452)
2024-02-29 10:45:34: Copy Over 'G:/Andy/hexo/public/2021/03/16/舒适阅读电子书和漫画/index.html' -> 'G:/Work/Github/wangandi520.github.io/2021/03/16/舒适阅读电子书和漫画/index.html' (34,067)
2024-02-29 10:45:34: Copy Over 'G:/Andy/hexo/public/2021/03/16/西游记校注本标注/index.html' -> 'G:/Work/Github/wangandi520.github.io/2021/03/16/西游记校注本标注/index.html' (21,946)
2024-02-29 10:45:34: Copy Over 'G:/Andy/hexo/public/2021/03/17/hexo主题icarus的一些玩法/index.html' -> 'G:/Work/Github/wangandi520.github.io/2021/03/17/hexo主题icarus的一些玩法/index.html' (21,828)
2024-02-29 10:45:34: Copy Over 'G:/Andy/hexo/public/2021/03/22/搭建webdav服务器实现静读天下同步/index.html' -> 'G:/Work/Github/wangandi520.github.io/2021/03/22/搭建webdav服务器实现静读天下同步/index.html' (21,768)
2024-02-29 10:45:34: Copy Over 'G:/Andy/hexo/public/2021/04/30/PNG批量转成PDF/index.html' -> 'G:/Work/Github/wangandi520.github.io/2021/04/30/PNG批量转成PDF/index.html' (16,287)
2024-02-29 10:45:34: Copy Over 'G:/Andy/hexo/public/2021/06/07/红米ac2100路由器刷padavan系统/index.html' -> 'G:/Work/Github/wangandi520.github.io/2021/06/07/红米ac2100路由器刷padavan系统/index.html' (19,741)
2024-02-29 10:45:34: Copy Over 'G:/Andy/hexo/public/2021/07/03/几个漫画整理脚本的使用/index.html' -> 'G:/Work/Github/wangandi520.github.io/2021/07/03/几个漫画整理脚本的使用/index.html' (58,684)
2024-02-29 10:45:34: Copy Over 'G:/Andy/hexo/public/2021/09/25/一只特立独行的猪标注/index.html' -> 'G:/Work/Github/wangandi520.github.io/2021/09/25/一只特立独行的猪标注/index.html' (43,218)
2024-02-29 10:45:34: Copy Over 'G:/Andy/hexo/public/2021/09/28/中国历代政治得失标注/index.html' -> 'G:/Work/Github/wangandi520.github.io/2021/09/28/中国历代政治得失标注/index.html' (64,109)
2024-02-29 10:45:34: Copy Over 'G:/Andy/hexo/public/2021/10/05/离线漫画NeeView的使用和与其他软件的对比/index.html' -> 'G:/Work/Github/wangandi520.github.io/2021/10/05/离线漫画NeeView的使用和与其他软件的对比/index.html' (21,478)
2024-02-29 10:45:34: Copy Over 'G:/Andy/hexo/public/2021/10/22/沉默的大多数标注/index.html' -> 'G:/Work/Github/wangandi520.github.io/2021/10/22/沉默的大多数标注/index.html' (39,222)
2024-02-29 10:45:34: Copy Over 'G:/Andy/hexo/public/2021/12/31/书电影电视剧记录/index.html' -> 'G:/Work/Github/wangandi520.github.io/2021/12/31/书电影电视剧记录/index.html' (177,279)
2024-02-29 10:45:34: Copy Over 'G:/Andy/hexo/public/2022/01/06/书电影电视剧简评/index.html' -> 'G:/Work/Github/wangandi520.github.io/2022/01/06/书电影电视剧简评/index.html' (43,302)
2024-02-29 10:45:34: Copy Over 'G:/Andy/hexo/public/2022/01/08/Seventh9日麻教程（79博客）v1.2/index.html' -> 'G:/Work/Github/wangandi520.github.io/2022/01/08/Seventh9日麻教程（79博客）v1.2/index.html' (53,066)
2024-02-29 10:45:34: Copy Over 'G:/Andy/hexo/public/2022/01/26/linux笔记/index.html' -> 'G:/Work/Github/wangandi520.github.io/2022/01/26/linux笔记/index.html' (41,898)
2024-02-29 10:45:34: Copy Over 'G:/Andy/hexo/public/2022/01/26/使用archlinux搭建家庭数据服务中心/index.html' -> 'G:/Work/Github/wangandi520.github.io/2022/01/26/使用archlinux搭建家庭数据服务中心/index.html' (82,475)
2024-02-29 10:45:34: Copy Over 'G:/Andy/hexo/public/2022/03/19/几个PyQt程序/index.html' -> 'G:/Work/Github/wangandi520.github.io/2022/03/19/几个PyQt程序/index.html' (22,582)
2024-02-29 10:45:34: Copy Over 'G:/Andy/hexo/public/2022/08/08/漫画印刷与扫描错误/index.html' -> 'G:/Work/Github/wangandi520.github.io/2022/08/08/漫画印刷与扫描错误/index.html' (41,441)
2024-02-29 10:45:34: Copy Over 'G:/Andy/hexo/public/2023/01/29/SciTE文本编辑器配置/index.html' -> 'G:/Work/Github/wangandi520.github.io/2023/01/29/SciTE文本编辑器配置/index.html' (20,206)
2024-02-29 10:45:34: Copy Over 'G:/Andy/hexo/public/2023/05/25/红楼梦人物关系图/index.html' -> 'G:/Work/Github/wangandi520.github.io/2023/05/25/红楼梦人物关系图/index.html' (14,203)
2024-02-29 10:45:34: Copy Over 'G:/Andy/hexo/public/2023/06/06/书籍删减与翻译情况/index.html' -> 'G:/Work/Github/wangandi520.github.io/2023/06/06/书籍删减与翻译情况/index.html' (21,405)
2024-02-29 10:45:34: Copy Over 'G:/Andy/hexo/public/2023/06/07/食品用品/index.html' -> 'G:/Work/Github/wangandi520.github.io/2023/06/07/食品用品/index.html' (16,365)
2024-02-29 10:45:34: Copy Over 'G:/Andy/hexo/public/2023/06/11/百年孤独人物关系图/index.html' -> 'G:/Work/Github/wangandi520.github.io/2023/06/11/百年孤独人物关系图/index.html' (14,152)
2024-02-29 10:45:34: Copy Over 'G:/Andy/hexo/public/2023/11/20/小米14的bug/index.html' -> 'G:/Work/Github/wangandi520.github.io/2023/11/20/小米14的bug/index.html' (16,093)
2024-02-29 10:45:34: Copy Over 'G:/Andy/hexo/public/2023/12/15/音频软件插件简评/index.html' -> 'G:/Work/Github/wangandi520.github.io/2023/12/15/音频软件插件简评/index.html' (22,929)
2024-02-29 10:45:34: Copy Over 'G:/Andy/hexo/public/2023/12/25/美丽的世界你在哪里/index.html' -> 'G:/Work/Github/wangandi520.github.io/2023/12/25/美丽的世界你在哪里/index.html' (22,873)
2024-02-29 10:45:34: Copy Over 'G:/Andy/hexo/public/2023/12/29/快速上手羽毛球弹弓/index.html' -> 'G:/Work/Github/wangandi520.github.io/2023/12/29/快速上手羽毛球弹弓/index.html' (18,012)
2024-02-29 10:45:34: Copy Over 'G:/Andy/hexo/public/2023/12/29/省钱玩电吉他单车摄影，阅读音乐/index.html' -> 'G:/Work/Github/wangandi520.github.io/2023/12/29/省钱玩电吉他单车摄影，阅读音乐/index.html' (24,251)
2024-02-29 10:45:34: Copy Over 'G:/Andy/hexo/public/2024/01/03/Windows和Android优质软件/index.html' -> 'G:/Work/Github/wangandi520.github.io/2024/01/03/Windows和Android优质软件/index.html' (17,884)
2024-02-29 10:45:34: Copy Over 'G:/Andy/hexo/public/2024/01/13/联想拯救者y700一代（2022）平板刷机过程/index.html' -> 'G:/Work/Github/wangandi520.github.io/2024/01/13/联想拯救者y700一代（2022）平板刷机过程/index.html' (23,412)
2024-02-29 10:45:34: Copy Over 'G:/Andy/hexo/public/2024/01/28/不能承受的生命之轻标注/index.html' -> 'G:/Work/Github/wangandi520.github.io/2024/01/28/不能承受的生命之轻标注/index.html' (35,676)
2024-02-29 10:45:34: Copy Over 'G:/Andy/hexo/public/2024/02/05/挪威的森林赖明珠译标注/index.html' -> 'G:/Work/Github/wangandi520.github.io/2024/02/05/挪威的森林赖明珠译标注/index.html' (29,038)
2024-02-29 10:45:34: Copy Over 'G:/Andy/hexo/public/2024/02/11/使用github的action配合python每天签到/index.html' -> 'G:/Work/Github/wangandi520.github.io/2024/02/11/使用github的action配合python每天签到/index.html' (18,298)
2024-02-29 10:45:34: Copy Over 'G:/Andy/hexo/public/2024/02/18/中文日文注音使用html上标注音格式/index.html' -> 'G:/Work/Github/wangandi520.github.io/2024/02/18/中文日文注音使用html上标注音格式/index.html' (18,283)
2024-02-29 10:45:34: Copy Over 'G:/Andy/hexo/public/about/index.html' -> 'G:/Work/Github/wangandi520.github.io/about/index.html' (12,856)
2024-02-29 10:45:34: Copy Over 'G:/Andy/hexo/public/archives/2017/01/index.html' -> 'G:/Work/Github/wangandi520.github.io/archives/2017/01/index.html' (13,762)
2024-02-29 10:45:34: Copy Over 'G:/Andy/hexo/public/archives/2017/03/index.html' -> 'G:/Work/Github/wangandi520.github.io/archives/2017/03/index.html' (10,183)
2024-02-29 10:45:34: Copy Over 'G:/Andy/hexo/public/archives/2017/05/index.html' -> 'G:/Work/Github/wangandi520.github.io/archives/2017/05/index.html' (10,218)
2024-02-29 10:45:34: Copy Over 'G:/Andy/hexo/public/archives/2017/index.html' -> 'G:/Work/Github/wangandi520.github.io/archives/2017/index.html' (14,920)
2024-02-29 10:45:34: Copy Over 'G:/Andy/hexo/public/archives/2019/03/index.html' -> 'G:/Work/Github/wangandi520.github.io/archives/2019/03/index.html' (10,843)
2024-02-29 10:45:34: Copy Over 'G:/Andy/hexo/public/archives/2019/12/index.html' -> 'G:/Work/Github/wangandi520.github.io/archives/2019/12/index.html' (10,216)
2024-02-29 10:45:34: Copy Over 'G:/Andy/hexo/public/archives/2019/index.html' -> 'G:/Work/Github/wangandi520.github.io/archives/2019/index.html' (11,433)
2024-02-29 10:45:34: Copy Over 'G:/Andy/hexo/public/archives/2020/03/index.html' -> 'G:/Work/Github/wangandi520.github.io/archives/2020/03/index.html' (10,317)
2024-02-29 10:45:34: Copy Over 'G:/Andy/hexo/public/archives/2020/06/index.html' -> 'G:/Work/Github/wangandi520.github.io/archives/2020/06/index.html' (10,218)
2024-02-29 10:45:34: Copy Over 'G:/Andy/hexo/public/archives/2020/index.html' -> 'G:/Work/Github/wangandi520.github.io/archives/2020/index.html' (10,909)
2024-02-29 10:45:34: Copy Over 'G:/Andy/hexo/public/archives/2021/03/index.html' -> 'G:/Work/Github/wangandi520.github.io/archives/2021/03/index.html' (16,165)
2024-02-29 10:45:34: Copy Over 'G:/Andy/hexo/public/archives/2021/03/page/2/index.html' -> 'G:/Work/Github/wangandi520.github.io/archives/2021/03/page/2/index.html' (11,095)
2024-02-29 10:45:34: Copy Over 'G:/Andy/hexo/public/archives/2021/04/index.html' -> 'G:/Work/Github/wangandi520.github.io/archives/2021/04/index.html' (10,184)
2024-02-29 10:45:34: Copy Over 'G:/Andy/hexo/public/archives/2021/06/index.html' -> 'G:/Work/Github/wangandi520.github.io/archives/2021/06/index.html' (10,246)
2024-02-29 10:45:34: Copy Over 'G:/Andy/hexo/public/archives/2021/07/index.html' -> 'G:/Work/Github/wangandi520.github.io/archives/2021/07/index.html' (10,256)
2024-02-29 10:45:34: Copy Over 'G:/Andy/hexo/public/archives/2021/09/index.html' -> 'G:/Work/Github/wangandi520.github.io/archives/2021/09/index.html' (10,873)
2024-02-29 10:45:34: Copy Over 'G:/Andy/hexo/public/archives/2021/10/index.html' -> 'G:/Work/Github/wangandi520.github.io/archives/2021/10/index.html' (10,934)
2024-02-29 10:45:34: Copy Over 'G:/Andy/hexo/public/archives/2021/12/index.html' -> 'G:/Work/Github/wangandi520.github.io/archives/2021/12/index.html' (10,226)
2024-02-29 10:45:34: Copy Over 'G:/Andy/hexo/public/archives/2021/index.html' -> 'G:/Work/Github/wangandi520.github.io/archives/2021/index.html' (16,194)
2024-02-29 10:45:34: Copy Over 'G:/Andy/hexo/public/archives/2021/page/2/index.html' -> 'G:/Work/Github/wangandi520.github.io/archives/2021/page/2/index.html' (16,053)
2024-02-29 10:45:34: Copy Over 'G:/Andy/hexo/public/archives/2022/01/index.html' -> 'G:/Work/Github/wangandi520.github.io/archives/2022/01/index.html' (12,056)
2024-02-29 10:45:34: Copy Over 'G:/Andy/hexo/public/archives/2022/03/index.html' -> 'G:/Work/Github/wangandi520.github.io/archives/2022/03/index.html' (10,180)
2024-02-29 10:45:34: Copy Over 'G:/Andy/hexo/public/archives/2022/08/index.html' -> 'G:/Work/Github/wangandi520.github.io/archives/2022/08/index.html' (10,232)
2024-02-29 10:45:34: Copy Over 'G:/Andy/hexo/public/archives/2022/index.html' -> 'G:/Work/Github/wangandi520.github.io/archives/2022/index.html' (13,225)
2024-02-29 10:45:34: Copy Over 'G:/Andy/hexo/public/archives/2023/01/index.html' -> 'G:/Work/Github/wangandi520.github.io/archives/2023/01/index.html' (10,218)
2024-02-29 10:45:34: Copy Over 'G:/Andy/hexo/public/archives/2023/05/index.html' -> 'G:/Work/Github/wangandi520.github.io/archives/2023/05/index.html' (10,232)
2024-02-29 10:45:34: Copy Over 'G:/Andy/hexo/public/archives/2023/06/index.html' -> 'G:/Work/Github/wangandi520.github.io/archives/2023/06/index.html' (11,414)
2024-02-29 10:45:34: Copy Over 'G:/Andy/hexo/public/archives/2023/11/index.html' -> 'G:/Work/Github/wangandi520.github.io/archives/2023/11/index.html' (10,176)
2024-02-29 10:45:34: Copy Over 'G:/Andy/hexo/public/archives/2023/index.html' -> 'G:/Work/Github/wangandi520.github.io/archives/2023/index.html' (15,710)
2024-02-29 10:45:34: Copy Over 'G:/Andy/hexo/public/archives/2023/12/index.html' -> 'G:/Work/Github/wangandi520.github.io/archives/2023/12/index.html' (12,147)
2024-02-29 10:45:34: Copy Over 'G:/Andy/hexo/public/archives/2024/01/index.html' -> 'G:/Work/Github/wangandi520.github.io/archives/2024/01/index.html' (11,555)
2024-02-29 10:45:34: Copy Over 'G:/Andy/hexo/public/archives/2024/02/index.html' -> 'G:/Work/Github/wangandi520.github.io/archives/2024/02/index.html' (11,591)
2024-02-29 10:45:34: Copy Over 'G:/Andy/hexo/public/archives/2024/index.html' -> 'G:/Work/Github/wangandi520.github.io/archives/2024/index.html' (13,520)
2024-02-29 10:45:34: Copy Over 'G:/Andy/hexo/public/archives/index.html' -> 'G:/Work/Github/wangandi520.github.io/archives/index.html' (16,491)
2024-02-29 10:45:34: Copy Over 'G:/Andy/hexo/public/archives/page/2/index.html' -> 'G:/Work/Github/wangandi520.github.io/archives/page/2/index.html' (16,205)
2024-02-29 10:45:34: Copy Over 'G:/Andy/hexo/public/archives/page/3/index.html' -> 'G:/Work/Github/wangandi520.github.io/archives/page/3/index.html' (16,551)
2024-02-29 10:45:34: Copy Over 'G:/Andy/hexo/public/archives/page/4/index.html' -> 'G:/Work/Github/wangandi520.github.io/archives/page/4/index.html' (16,469)
2024-02-29 10:45:34: Copy Over 'G:/Andy/hexo/public/archives/page/5/index.html' -> 'G:/Work/Github/wangandi520.github.io/archives/page/5/index.html' (16,509)
2024-02-29 10:45:34: Copy Over 'G:/Andy/hexo/public/archives/page/6/index.html' -> 'G:/Work/Github/wangandi520.github.io/archives/page/6/index.html' (13,521)
2024-02-29 10:45:34: Copy Over 'G:/Andy/hexo/public/categories/个人/index.html' -> 'G:/Work/Github/wangandi520.github.io/categories/个人/index.html' (11,727)
2024-02-29 10:45:34: Copy Over 'G:/Andy/hexo/public/categories/吉他/index.html' -> 'G:/Work/Github/wangandi520.github.io/categories/吉他/index.html' (10,198)
2024-02-29 10:45:34: Copy Over 'G:/Andy/hexo/public/categories/学习笔记/index.html' -> 'G:/Work/Github/wangandi520.github.io/categories/学习笔记/index.html' (14,016)
2024-02-29 10:45:34: Copy Over 'G:/Andy/hexo/public/categories/程序/index.html' -> 'G:/Work/Github/wangandi520.github.io/categories/程序/index.html' (16,365)
2024-02-29 10:45:34: Copy Over 'G:/Andy/hexo/public/categories/程序/page/2/index.html' -> 'G:/Work/Github/wangandi520.github.io/categories/程序/page/2/index.html' (16,655)
2024-02-29 10:45:34: Copy Over 'G:/Andy/hexo/public/categories/评测/index.html' -> 'G:/Work/Github/wangandi520.github.io/categories/评测/index.html' (16,309)
2024-02-29 10:45:34: Copy Over 'G:/Andy/hexo/public/categories/读书笔记/index.html' -> 'G:/Work/Github/wangandi520.github.io/categories/读书笔记/index.html' (16,564)
2024-02-29 10:45:34: Copy Over 'G:/Andy/hexo/public/categories/读书笔记/page/2/index.html' -> 'G:/Work/Github/wangandi520.github.io/categories/读书笔记/page/2/index.html' (13,061)
2024-02-29 10:45:34: Copy Over 'G:/Andy/hexo/public/index.html' -> 'G:/Work/Github/wangandi520.github.io/index.html' (43,508)
2024-02-29 10:45:34: Copy Over 'G:/Andy/hexo/public/links/index.html' -> 'G:/Work/Github/wangandi520.github.io/links/index.html' (11,170)
2024-02-29 10:45:34: Copy Over 'G:/Andy/hexo/public/page/2/index.html' -> 'G:/Work/Github/wangandi520.github.io/page/2/index.html' (41,666)
2024-02-29 10:45:34: Copy Over 'G:/Andy/hexo/public/page/3/index.html' -> 'G:/Work/Github/wangandi520.github.io/page/3/index.html' (46,338)
2024-02-29 10:45:34: Copy Over 'G:/Andy/hexo/public/page/4/index.html' -> 'G:/Work/Github/wangandi520.github.io/page/4/index.html' (49,752)
2024-02-29 10:45:34: Copy Over 'G:/Andy/hexo/public/page/5/index.html' -> 'G:/Work/Github/wangandi520.github.io/page/5/index.html' (43,666)
2024-02-29 10:45:34: Copy Over 'G:/Andy/hexo/public/page/6/index.html' -> 'G:/Work/Github/wangandi520.github.io/page/6/index.html' (31,734)
2024-02-29 10:45:34: Copy Over 'G:/Andy/hexo/public/tags/archlinuxarm/index.html' -> 'G:/Work/Github/wangandi520.github.io/tags/archlinuxarm/index.html' (10,990)
2024-02-29 10:45:34: Copy Over 'G:/Andy/hexo/public/tags/bash/index.html' -> 'G:/Work/Github/wangandi520.github.io/tags/bash/index.html' (10,194)
2024-02-29 10:45:34: Copy Over 'G:/Andy/hexo/public/tags/boox/index.html' -> 'G:/Work/Github/wangandi520.github.io/tags/boox/index.html' (11,497)
2024-02-29 10:45:34: Copy Over 'G:/Andy/hexo/public/tags/hexo/index.html' -> 'G:/Work/Github/wangandi520.github.io/tags/hexo/index.html' (10,186)
2024-02-29 10:45:34: Copy Over 'G:/Andy/hexo/public/tags/html/index.html' -> 'G:/Work/Github/wangandi520.github.io/tags/html/index.html' (10,166)
2024-02-29 10:45:34: Copy Over 'G:/Andy/hexo/public/tags/icarus/index.html' -> 'G:/Work/Github/wangandi520.github.io/tags/icarus/index.html' (10,196)
2024-02-29 10:45:34: Copy Over 'G:/Andy/hexo/public/tags/javascript/index.html' -> 'G:/Work/Github/wangandi520.github.io/tags/javascript/index.html' (10,196)
2024-02-29 10:45:34: Copy Over 'G:/Andy/hexo/public/tags/kali/index.html' -> 'G:/Work/Github/wangandi520.github.io/tags/kali/index.html' (10,228)
2024-02-29 10:45:34: Copy Over 'G:/Andy/hexo/public/tags/kindle/index.html' -> 'G:/Work/Github/wangandi520.github.io/tags/kindle/index.html' (11,042)
2024-02-29 10:45:34: Copy Over 'G:/Andy/hexo/public/tags/koreader/index.html' -> 'G:/Work/Github/wangandi520.github.io/tags/koreader/index.html' (10,414)
2024-02-29 10:45:34: Copy Over 'G:/Andy/hexo/public/tags/linux/index.html' -> 'G:/Work/Github/wangandi520.github.io/tags/linux/index.html' (10,891)
2024-02-29 10:45:34: Copy Over 'G:/Andy/hexo/public/tags/markdown/index.html' -> 'G:/Work/Github/wangandi520.github.io/tags/markdown/index.html' (10,414)
2024-02-29 10:45:34: Copy Over 'G:/Andy/hexo/public/tags/NeeView/index.html' -> 'G:/Work/Github/wangandi520.github.io/tags/NeeView/index.html' (10,303)
2024-02-29 10:45:34: Copy Over 'G:/Andy/hexo/public/tags/nuc/index.html' -> 'G:/Work/Github/wangandi520.github.io/tags/nuc/index.html' (10,239)
2024-02-29 10:45:34: Copy Over 'G:/Andy/hexo/public/tags/OpenWrt/index.html' -> 'G:/Work/Github/wangandi520.github.io/tags/OpenWrt/index.html' (10,193)
2024-02-29 10:45:34: Copy Over 'G:/Andy/hexo/public/tags/padavan/index.html' -> 'G:/Work/Github/wangandi520.github.io/tags/padavan/index.html' (10,219)
2024-02-29 10:45:34: Copy Over 'G:/Andy/hexo/public/tags/PDF/index.html' -> 'G:/Work/Github/wangandi520.github.io/tags/PDF/index.html' (10,137)
2024-02-29 10:45:34: Copy Over 'G:/Andy/hexo/public/tags/php/index.html' -> 'G:/Work/Github/wangandi520.github.io/tags/php/index.html' (10,189)
2024-02-29 10:45:34: Copy Over 'G:/Andy/hexo/public/tags/PMS5003ST/index.html' -> 'G:/Work/Github/wangandi520.github.io/tags/PMS5003ST/index.html' (10,201)
2024-02-29 10:45:34: Copy Over 'G:/Andy/hexo/public/tags/PM2-5/index.html' -> 'G:/Work/Github/wangandi520.github.io/tags/PM2-5/index.html' (10,181)
2024-02-29 10:45:34: Copy Over 'G:/Andy/hexo/public/tags/python/index.html' -> 'G:/Work/Github/wangandi520.github.io/tags/python/index.html' (12,311)
2024-02-29 10:45:34: Copy Over 'G:/Andy/hexo/public/tags/Qt/index.html' -> 'G:/Work/Github/wangandi520.github.io/tags/Qt/index.html' (10,822)
2024-02-29 10:45:34: Copy Over 'G:/Andy/hexo/public/tags/Raspberry/index.html' -> 'G:/Work/Github/wangandi520.github.io/tags/Raspberry/index.html' (14,391)
2024-02-29 10:45:34: Copy Over 'G:/Andy/hexo/public/tags/REAPER/index.html' -> 'G:/Work/Github/wangandi520.github.io/tags/REAPER/index.html' (10,154)
2024-02-29 10:45:34: Copy Over 'G:/Andy/hexo/public/tags/webdav/index.html' -> 'G:/Work/Github/wangandi520.github.io/tags/webdav/index.html' (10,260)
2024-02-29 10:45:34: Copy Over 'G:/Andy/hexo/public/tags/y700/index.html' -> 'G:/Work/Github/wangandi520.github.io/tags/y700/index.html' (10,278)
2024-02-29 10:45:34: Copy Over 'G:/Andy/hexo/public/tags/书/index.html' -> 'G:/Work/Github/wangandi520.github.io/tags/书/index.html' (10,895)
2024-02-29 10:45:34: Copy Over 'G:/Andy/hexo/public/tags/余华/index.html' -> 'G:/Work/Github/wangandi520.github.io/tags/余华/index.html' (10,165)
2024-02-29 10:45:34: Copy Over 'G:/Andy/hexo/public/tags/刷机/index.html' -> 'G:/Work/Github/wangandi520.github.io/tags/刷机/index.html' (10,312)
2024-02-29 10:45:34: Copy Over 'G:/Andy/hexo/public/tags/单车/index.html' -> 'G:/Work/Github/wangandi520.github.io/tags/单车/index.html' (10,296)
2024-02-29 10:45:34: Copy Over 'G:/Andy/hexo/public/tags/吉他/index.html' -> 'G:/Work/Github/wangandi520.github.io/tags/吉他/index.html' (10,897)
2024-02-29 10:45:34: Copy Over 'G:/Andy/hexo/public/tags/学习笔记/index.html' -> 'G:/Work/Github/wangandi520.github.io/tags/学习笔记/index.html' (10,218)
2024-02-29 10:45:34: Copy Over 'G:/Andy/hexo/public/tags/弹弓/index.html' -> 'G:/Work/Github/wangandi520.github.io/tags/弹弓/index.html' (10,224)
2024-02-29 10:45:34: Copy Over 'G:/Andy/hexo/public/tags/微信读书/index.html' -> 'G:/Work/Github/wangandi520.github.io/tags/微信读书/index.html' (10,482)
2024-02-29 10:45:34: Copy Over 'G:/Andy/hexo/public/tags/微雪/index.html' -> 'G:/Work/Github/wangandi520.github.io/tags/微雪/index.html' (10,309)
2024-02-29 10:45:34: Copy Over 'G:/Andy/hexo/public/tags/投资/index.html' -> 'G:/Work/Github/wangandi520.github.io/tags/投资/index.html' (10,200)
2024-02-29 10:45:34: Copy Over 'G:/Andy/hexo/public/tags/指弹/index.html' -> 'G:/Work/Github/wangandi520.github.io/tags/指弹/index.html' (10,175)
2024-02-29 10:45:34: Copy Over 'G:/Andy/hexo/public/tags/摄影/index.html' -> 'G:/Work/Github/wangandi520.github.io/tags/摄影/index.html' (10,296)
2024-02-29 10:45:34: Copy Over 'G:/Andy/hexo/public/tags/摘抄/index.html' -> 'G:/Work/Github/wangandi520.github.io/tags/摘抄/index.html' (10,152)
2024-02-29 10:45:34: Copy Over 'G:/Andy/hexo/public/tags/攀藤/index.html' -> 'G:/Work/Github/wangandi520.github.io/tags/攀藤/index.html' (10,210)
2024-02-29 10:45:34: Copy Over 'G:/Andy/hexo/public/tags/文城/index.html' -> 'G:/Work/Github/wangandi520.github.io/tags/文城/index.html' (10,165)
2024-02-29 10:45:34: Copy Over 'G:/Andy/hexo/public/tags/文石/index.html' -> 'G:/Work/Github/wangandi520.github.io/tags/文石/index.html' (12,445)
2024-02-29 10:45:34: Copy Over 'G:/Andy/hexo/public/tags/日语/index.html' -> 'G:/Work/Github/wangandi520.github.io/tags/日语/index.html' (10,140)
2024-02-29 10:45:34: Copy Over 'G:/Andy/hexo/public/tags/标注/index.html' -> 'G:/Work/Github/wangandi520.github.io/tags/标注/index.html' (16,358)
2024-02-29 10:45:34: Copy Over 'G:/Andy/hexo/public/tags/标注/page/2/index.html' -> 'G:/Work/Github/wangandi520.github.io/tags/标注/page/2/index.html' (11,160)
2024-02-29 10:45:34: Copy Over 'G:/Andy/hexo/public/tags/树莓派/index.html' -> 'G:/Work/Github/wangandi520.github.io/tags/树莓派/index.html' (14,427)
2024-02-29 10:45:34: Copy Over 'G:/Andy/hexo/public/tags/歌词/index.html' -> 'G:/Work/Github/wangandi520.github.io/tags/歌词/index.html' (10,140)
2024-02-29 10:45:34: Copy Over 'G:/Andy/hexo/public/tags/漫画/index.html' -> 'G:/Work/Github/wangandi520.github.io/tags/漫画/index.html' (12,298)
2024-02-29 10:45:34: Copy Over 'G:/Andy/hexo/public/tags/王小波/index.html' -> 'G:/Work/Github/wangandi520.github.io/tags/王小波/index.html' (10,868)
2024-02-29 10:45:34: Copy Over 'G:/Andy/hexo/public/tags/电吉他/index.html' -> 'G:/Work/Github/wangandi520.github.io/tags/电吉他/index.html' (10,323)
2024-02-29 10:45:34: Copy Over 'G:/Andy/hexo/public/tags/电影/index.html' -> 'G:/Work/Github/wangandi520.github.io/tags/电影/index.html' (10,922)
2024-02-29 10:45:34: Copy Over 'G:/Andy/hexo/public/tags/电纸书/index.html' -> 'G:/Work/Github/wangandi520.github.io/tags/电纸书/index.html' (12,280)
2024-02-29 10:45:34: Copy Over 'G:/Andy/hexo/public/tags/电脑手机技巧/index.html' -> 'G:/Work/Github/wangandi520.github.io/tags/电脑手机技巧/index.html' (10,296)
2024-02-29 10:45:34: Copy Over 'G:/Andy/hexo/public/tags/电脑技巧/index.html' -> 'G:/Work/Github/wangandi520.github.io/tags/电脑技巧/index.html' (10,954)
2024-02-29 10:45:34: Copy Over 'G:/Andy/hexo/public/tags/电视剧/index.html' -> 'G:/Work/Github/wangandi520.github.io/tags/电视剧/index.html' (10,949)
2024-02-29 10:45:34: Copy Over 'G:/Andy/hexo/public/tags/百年孤独/index.html' -> 'G:/Work/Github/wangandi520.github.io/tags/百年孤独/index.html' (10,290)
2024-02-29 10:45:34: Copy Over 'G:/Andy/hexo/public/tags/程序/index.html' -> 'G:/Work/Github/wangandi520.github.io/tags/程序/index.html' (11,543)
2024-02-29 10:45:34: Copy Over 'G:/Andy/hexo/public/tags/红楼梦/index.html' -> 'G:/Work/Github/wangandi520.github.io/tags/红楼梦/index.html' (10,950)
2024-02-29 10:45:34: Copy Over 'G:/Andy/hexo/public/tags/羽毛球/index.html' -> 'G:/Work/Github/wangandi520.github.io/tags/羽毛球/index.html' (10,251)
2024-02-29 10:45:34: Copy Over 'G:/Andy/hexo/public/tags/英语/index.html' -> 'G:/Work/Github/wangandi520.github.io/tags/英语/index.html' (10,140)
2024-02-29 10:45:34: Copy Over 'G:/Andy/hexo/public/tags/西游记/index.html' -> 'G:/Work/Github/wangandi520.github.io/tags/西游记/index.html' (10,240)
2024-02-29 10:45:34: Copy Over 'G:/Andy/hexo/public/tags/评测/index.html' -> 'G:/Work/Github/wangandi520.github.io/tags/评测/index.html' (12,907)
2024-02-29 10:45:34: Copy Over 'G:/Andy/hexo/public/tags/读书笔记/index.html' -> 'G:/Work/Github/wangandi520.github.io/tags/读书笔记/index.html' (16,448)
2024-02-29 10:45:34: Copy Over 'G:/Andy/hexo/public/tags/读书笔记/page/2/index.html' -> 'G:/Work/Github/wangandi520.github.io/tags/读书笔记/page/2/index.html' (10,612)
2024-02-29 10:45:34: Copy Over 'G:/Andy/hexo/public/tags/路由器/index.html' -> 'G:/Work/Github/wangandi520.github.io/tags/路由器/index.html' (10,265)
2024-02-29 10:45:34: Copy Over 'G:/Andy/hexo/public/tags/遥远的向日葵地/index.html' -> 'G:/Work/Github/wangandi520.github.io/tags/遥远的向日葵地/index.html' (10,360)
2024-02-29 10:45:34: Copy Over 'G:/Andy/hexo/public/tags/钱穆/index.html' -> 'G:/Work/Github/wangandi520.github.io/tags/钱穆/index.html' (10,237)
2024-02-29 10:45:34: Copy Over 'G:/Andy/hexo/public/tags/阅读/index.html' -> 'G:/Work/Github/wangandi520.github.io/tags/阅读/index.html' (16,421)
2024-02-29 10:45:34: Copy Over 'G:/Andy/hexo/public/tags/阅读/page/2/index.html' -> 'G:/Work/Github/wangandi520.github.io/tags/阅读/page/2/index.html' (12,332)
2024-02-29 10:45:34: Copy Over 'G:/Andy/hexo/public/tags/静读天下专业版/index.html' -> 'G:/Work/Github/wangandi520.github.io/tags/静读天下专业版/index.html' (11,238)
2024-02-29 10:45:34: Copy Over 'G:/Andy/hexo/public/tags/音乐/index.html' -> 'G:/Work/Github/wangandi520.github.io/tags/音乐/index.html' (10,296)
2024-02-29 10:45:34: Copy Over 'G:/Andy/hexo/public/tags/音频/index.html' -> 'G:/Work/Github/wangandi520.github.io/tags/音频/index.html' (11,563)
2024-02-29 10:45:34: Close Modified Folder (mod-time, acl): /2017/01/09/kindle标注
2024-02-29 10:45:34: Close Modified Folder (mod-time, acl): /2017/01/09/树莓派3-Raspberry-pi-3-刷kali-3-5寸微雪屏
2024-02-29 10:45:34: Copy Over 'G:/Andy/hexo/public/tags/食品用品/index.html' -> 'G:/Work/Github/wangandi520.github.io/tags/食品用品/index.html' (10,218)
2024-02-29 10:45:34: Close Modified Folder (mod-time, acl): /2017/01/09/树莓派-archlinuxarm做路由
2024-02-29 10:45:34: Close Modified Folder (mod-time, acl): /2017/01/09/树莓派3-Raspberry-pi-3-刷OpenWrt
2024-02-29 10:45:34: Copy Over 'G:/Andy/hexo/public/tags/魔方/index.html' -> 'G:/Work/Github/wangandi520.github.io/tags/魔方/index.html' (10,164)
2024-02-29 10:45:34: Close Modified Folder (mod-time, acl): /2017/01/09/歌词
2024-02-29 10:45:34: Close Modified Folder (mod-time, acl): /2017/01/14/路由器发送IP至服务器
2024-02-29 10:45:34: Close Modified Folder (mod-time, acl): /2017/01/31/单页面投资行情
2024-02-29 10:45:34: Copy Over 'G:/Andy/hexo/public/tags/麻将/index.html' -> 'G:/Work/Github/wangandi520.github.io/tags/麻将/index.html' (10,229)
2024-02-29 10:45:34: Close Modified Folder (mod-time, acl): /2017/03/23/speaksoftlylove
2024-02-29 10:45:34: Close Modified Folder (mod-time, acl): /2017/05/15/树莓派3B和攀藤PMS5003ST
2024-02-29 10:45:34: Close Modified Folder (mod-time, acl): /2019/03/29/文石boox poke pro评测体验
2024-02-29 10:45:34: Close Modified Folder (mod-time, acl): /2019/03/29/文石poke pro,nova pro评测体验
2024-02-29 10:45:34: Close Modified Folder (mod-time, acl): /2019/12/04/老王随机点名器v1.0
2024-02-29 10:45:34: Close Modified Folder (mod-time, acl): /2020/03/26/树莓派4B加微雪2.13寸墨水屏监测pm2.5信息
2024-02-29 10:45:34: Close Modified Folder (mod-time, acl): /2020/06/23/文石boox nova2评测体验
2024-02-29 10:45:34: Close Modified Folder (mod-time, acl): /2021/03/09/电脑手机技巧
2024-02-29 10:45:34: Close Modified Folder (mod-time, acl): /2021/03/09/红楼梦校注本标注
2024-02-29 10:45:34: Close Modified Folder (mod-time, acl): /2021/03/11/遥远的向日葵地标注
2024-02-29 10:45:34: Close Modified Folder (mod-time, acl): /2021/03/11/魔方笔记
2024-02-29 10:45:34: Close Modified Folder (mod-time, acl): /2021/03/12/REAPER6学习笔记
2024-02-29 10:45:34: Close Modified Folder (mod-time, acl): /2021/03/13/文城标注
2024-02-29 10:45:34: Close Modified Folder (mod-time, acl): /2021/03/15/吉他和弦图查询与生成
2024-02-29 10:45:34: Close Modified Folder (mod-time, acl): /2021/03/15/文石Boox,Kindle,静读天下专业版,微信读书,KOReader的标注转换为Markdown格式
2024-02-29 10:45:34: Close Modified Folder (mod-time, acl): /2021/03/16/舒适阅读电子书和漫画
2024-02-29 10:45:34: Close Modified Folder (mod-time, acl): /2021/03/16/西游记校注本标注
2024-02-29 10:45:34: Close Modified Folder (mod-time, acl): /2021/03/17/hexo主题icarus的一些玩法
2024-02-29 10:45:34: Close Modified Folder (mod-time, acl): /2021/03/22/搭建webdav服务器实现静读天下同步
2024-02-29 10:45:34: Close Modified Folder (mod-time, acl): /2021/04/30/PNG批量转成PDF
2024-02-29 10:45:34: Close Modified Folder (mod-time, acl): /2021/06/07/红米ac2100路由器刷padavan系统
2024-02-29 10:45:34: Close Modified Folder (mod-time, acl): /2021/07/03/几个漫画整理脚本的使用
2024-02-29 10:45:34: Close Modified Folder (mod-time, acl): /2021/09/25/一只特立独行的猪标注
2024-02-29 10:45:34: Close Modified Folder (mod-time, acl): /2021/09/28/中国历代政治得失标注
2024-02-29 10:45:34: Close Modified Folder (mod-time, acl): /2021/10/05/离线漫画NeeView的使用和与其他软件的对比
2024-02-29 10:45:34: Close Modified Folder (mod-time, acl): /2021/10/22/沉默的大多数标注
2024-02-29 10:45:34: Close Modified Folder (mod-time, acl): /2021/12/31/书电影电视剧记录
2024-02-29 10:45:34: Close Modified Folder (mod-time, acl): /2022/01/06/书电影电视剧简评
2024-02-29 10:45:34: Close Modified Folder (mod-time, acl): /2022/01/08/Seventh9日麻教程（79博客）v1.2
2024-02-29 10:45:34: Close Modified Folder (mod-time, acl): /2022/01/26/linux笔记
2024-02-29 10:45:34: Close Modified Folder (mod-time, acl): /2022/01/26/使用archlinux搭建家庭数据服务中心
2024-02-29 10:45:34: Close Modified Folder (mod-time, acl): /2022/03/19/几个PyQt程序
2024-02-29 10:45:34: Close Modified Folder (mod-time, acl): /2022/08/08/漫画印刷与扫描错误
2024-02-29 10:45:34: Close Modified Folder (mod-time, acl): /2023/01/29/SciTE文本编辑器配置
2024-02-29 10:45:34: Close Modified Folder (mod-time, acl): /2023/05/25/红楼梦人物关系图
2024-02-29 10:45:34: Close Modified Folder (mod-time, acl): /2023/06/06/书籍删减与翻译情况
2024-02-29 10:45:34: Close Modified Folder (mod-time, acl): /2023/06/07/食品用品
2024-02-29 10:45:34: Close Modified Folder (mod-time, acl): /2023/06/11/百年孤独人物关系图
2024-02-29 10:45:34: Close Modified Folder (mod-time, acl): /2023/11/20/小米14的bug
2024-02-29 10:45:34: Close Modified Folder (mod-time, acl): /2023/12/15/音频软件插件简评
2024-02-29 10:45:34: Close Modified Folder (mod-time, acl): /2023/12/25/美丽的世界你在哪里
2024-02-29 10:45:34: Close Modified Folder (mod-time, acl): /2023/12/29/快速上手羽毛球弹弓
2024-02-29 10:45:34: Close Modified Folder (mod-time, acl): /2023/12/29/省钱玩电吉他单车摄影，阅读音乐
2024-02-29 10:45:34: Close Modified Folder (mod-time, acl): /2024/01/03/Windows和Android优质软件
2024-02-29 10:45:34: Close Modified Folder (mod-time, acl): /2024/01/13/联想拯救者y700一代（2022）平板刷机过程
2024-02-29 10:45:34: Close Modified Folder (mod-time, acl): /2024/01/28/不能承受的生命之轻标注
2024-02-29 10:45:34: Close Modified Folder (mod-time, acl): /2024/02/05/挪威的森林赖明珠译标注
2024-02-29 10:45:34: Close Modified Folder (mod-time, acl): /2024/02/11/使用github的action配合python每天签到
2024-02-29 10:45:34: Close Modified Folder (mod-time, acl): /2024/02/18/中文日文注音使用html上标注音格式
2024-02-29 10:45:34: Close Modified Folder (mod-time, acl): /about
2024-02-29 10:45:34: Close Modified Folder (mod-time, acl): /archives/2017/01
2024-02-29 10:45:34: Close Modified Folder (mod-time, acl): /archives/2017/03
2024-02-29 10:45:34: Close Modified Folder (mod-time, acl): /archives/2017/05
2024-02-29 10:45:34: Close Modified Folder (mod-time, acl): /archives/2019/03
2024-02-29 10:45:34: Close Modified Folder (mod-time, acl): /archives/2019/12
2024-02-29 10:45:34: Close Modified Folder (mod-time, acl): /archives/2020/03
2024-02-29 10:45:34: Close Modified Folder (mod-time, acl): /archives/2020/06
2024-02-29 10:45:34: Close Modified Folder (mod-time, acl): /archives/2021/03/page/2
2024-02-29 10:45:34: Close Modified Folder (mod-time, acl): /archives/2021/04
2024-02-29 10:45:34: Close Modified Folder (mod-time, acl): /archives/2021/06
2024-02-29 10:45:34: Close Modified Folder (mod-time, acl): /archives/2021/07
2024-02-29 10:45:34: Close Modified Folder (mod-time, acl): /archives/2021/09
2024-02-29 10:45:34: Close Modified Folder (mod-time, acl): /archives/2021/10
2024-02-29 10:45:34: Close Modified Folder (mod-time, acl): /archives/2021/12
2024-02-29 10:45:34: Close Modified Folder (mod-time, acl): /archives/2021/page/2
2024-02-29 10:45:34: Close Modified Folder (mod-time, acl): /archives/2022/01
2024-02-29 10:45:34: Close Modified Folder (mod-time, acl): /archives/2022/03
2024-02-29 10:45:34: Close Modified Folder (mod-time, acl): /archives/2022/08
2024-02-29 10:45:34: Close Modified Folder (mod-time, acl): /archives/2023/01
2024-02-29 10:45:34: Close Modified Folder (mod-time, acl): /archives/2023/05
2024-02-29 10:45:34: Close Modified Folder (mod-time, acl): /archives/2023/06
2024-02-29 10:45:34: Close Modified Folder (mod-time, acl): /archives/2023/11
2024-02-29 10:45:34: Close Modified Folder (mod-time, acl): /archives/2023/12
2024-02-29 10:45:34: Close Modified Folder (mod-time, acl): /archives/2024/01
2024-02-29 10:45:34: Close Modified Folder (mod-time, acl): /archives/2024/02
2024-02-29 10:45:34: Close Modified Folder (mod-time, acl): /archives/page/2
2024-02-29 10:45:34: Close Modified Folder (mod-time, acl): /archives/page/3
2024-02-29 10:45:34: Close Modified Folder (mod-time, acl): /archives/page/4
2024-02-29 10:45:34: Close Modified Folder (mod-time, acl): /archives/page/5
2024-02-29 10:45:34: Close Modified Folder (mod-time, acl): /archives/page/6
2024-02-29 10:45:34: Close Modified Folder (mod-time, acl): /categories/个人
2024-02-29 10:45:34: Close Modified Folder (mod-time, acl): /categories/吉他
2024-02-29 10:45:34: Close Modified Folder (mod-time, acl): /categories/学习笔记
2024-02-29 10:45:34: Close Modified Folder (mod-time, acl): /categories/程序/page/2
2024-02-29 10:45:34: Close Modified Folder (mod-time, acl): /categories/评测
2024-02-29 10:45:34: Close Modified Folder (mod-time, acl): /categories/读书笔记/page/2
2024-02-29 10:45:34: Close Modified Folder (mod-time, acl): /links
2024-02-29 10:45:34: Close Modified Folder (mod-time, acl): /page/2
2024-02-29 10:45:34: Close Modified Folder (mod-time, acl): /page/3
2024-02-29 10:45:34: Close Modified Folder (mod-time, acl): /page/4
2024-02-29 10:45:34: Close Modified Folder (mod-time, acl): /page/5
2024-02-29 10:45:34: Close Modified Folder (mod-time, acl): /page/6
2024-02-29 10:45:34: Close Modified Folder (mod-time, acl): /tags/archlinuxarm
2024-02-29 10:45:34: Close Modified Folder (mod-time, acl): /tags/bash
2024-02-29 10:45:34: Close Modified Folder (mod-time, acl): /tags/boox
2024-02-29 10:45:34: Close Modified Folder (mod-time, acl): /tags/hexo
2024-02-29 10:45:34: Close Modified Folder (mod-time, acl): /tags/html
2024-02-29 10:45:34: Close Modified Folder (mod-time, acl): /tags/icarus
2024-02-29 10:45:34: Close Modified Folder (mod-time, acl): /tags/javascript
2024-02-29 10:45:34: Close Modified Folder (mod-time, acl): /tags/kali
2024-02-29 10:45:34: Close Modified Folder (mod-time, acl): /tags/kindle
2024-02-29 10:45:34: Close Modified Folder (mod-time, acl): /tags/koreader
2024-02-29 10:45:34: Close Modified Folder (mod-time, acl): /tags/linux
2024-02-29 10:45:34: Close Modified Folder (mod-time, acl): /tags/markdown
2024-02-29 10:45:34: Close Modified Folder (mod-time, acl): /tags/NeeView
2024-02-29 10:45:34: Close Modified Folder (mod-time, acl): /tags/nuc
2024-02-29 10:45:34: Close Modified Folder (mod-time, acl): /tags/OpenWrt
2024-02-29 10:45:34: Close Modified Folder (mod-time, acl): /tags/padavan
2024-02-29 10:45:34: Close Modified Folder (mod-time, acl): /tags/PDF
2024-02-29 10:45:34: Close Modified Folder (mod-time, acl): /tags/php
2024-02-29 10:45:34: Close Modified Folder (mod-time, acl): /tags/PMS5003ST
2024-02-29 10:45:34: Close Modified Folder (mod-time, acl): /tags/PM2-5
2024-02-29 10:45:34: Close Modified Folder (mod-time, acl): /tags/python
2024-02-29 10:45:34: Close Modified Folder (mod-time, acl): /tags/Qt
2024-02-29 10:45:34: Close Modified Folder (mod-time, acl): /tags/Raspberry
2024-02-29 10:45:34: Close Modified Folder (mod-time, acl): /tags/REAPER
2024-02-29 10:45:34: Close Modified Folder (mod-time, acl): /tags/webdav
2024-02-29 10:45:34: Close Modified Folder (mod-time, acl): /tags/y700
2024-02-29 10:45:34: Close Modified Folder (mod-time, acl): /tags/书
2024-02-29 10:45:34: Close Modified Folder (mod-time, acl): /tags/余华
2024-02-29 10:45:34: Close Modified Folder (mod-time, acl): /tags/刷机
2024-02-29 10:45:34: Close Modified Folder (mod-time, acl): /tags/单车
2024-02-29 10:45:34: Close Modified Folder (mod-time, acl): /tags/吉他
2024-02-29 10:45:34: Close Modified Folder (mod-time, acl): /tags/学习笔记
2024-02-29 10:45:34: Close Modified Folder (mod-time, acl): /tags/弹弓
2024-02-29 10:45:34: Close Modified Folder (mod-time, acl): /tags/微信读书
2024-02-29 10:45:34: Close Modified Folder (mod-time, acl): /tags/微雪
2024-02-29 10:45:34: Close Modified Folder (mod-time, acl): /tags/投资
2024-02-29 10:45:34: Close Modified Folder (mod-time, acl): /tags/指弹
2024-02-29 10:45:34: Close Modified Folder (mod-time, acl): /tags/摄影
2024-02-29 10:45:34: Close Modified Folder (mod-time, acl): /tags/摘抄
2024-02-29 10:45:34: Close Modified Folder (mod-time, acl): /tags/攀藤
2024-02-29 10:45:34: Close Modified Folder (mod-time, acl): /tags/文城
2024-02-29 10:45:34: Close Modified Folder (mod-time, acl): /tags/文石
2024-02-29 10:45:34: Close Modified Folder (mod-time, acl): /tags/日语
2024-02-29 10:45:34: Close Modified Folder (mod-time, acl): /tags/标注/page/2
2024-02-29 10:45:34: Close Modified Folder (mod-time, acl): /tags/树莓派
2024-02-29 10:45:34: Close Modified Folder (mod-time, acl): /tags/歌词
2024-02-29 10:45:34: Close Modified Folder (mod-time, acl): /tags/漫画
2024-02-29 10:45:34: Close Modified Folder (mod-time, acl): /tags/王小波
2024-02-29 10:45:34: Close Modified Folder (mod-time, acl): /tags/电吉他
2024-02-29 10:45:34: Close Modified Folder (mod-time, acl): /tags/电影
2024-02-29 10:45:34: Close Modified Folder (mod-time, acl): /tags/电纸书
2024-02-29 10:45:34: Close Modified Folder (mod-time, acl): /tags/电脑手机技巧
2024-02-29 10:45:34: Close Modified Folder (mod-time, acl): /tags/电脑技巧
2024-02-29 10:45:34: Close Modified Folder (mod-time, acl): /tags/电视剧
2024-02-29 10:45:34: Close Modified Folder (mod-time, acl): /tags/百年孤独
2024-02-29 10:45:34: Close Modified Folder (mod-time, acl): /tags/程序
2024-02-29 10:45:34: Close Modified Folder (mod-time, acl): /tags/红楼梦
2024-02-29 10:45:34: Close Modified Folder (mod-time, acl): /tags/羽毛球
2024-02-29 10:45:34: Close Modified Folder (mod-time, acl): /tags/英语
2024-02-29 10:45:34: Close Modified Folder (mod-time, acl): /tags/西游记
2024-02-29 10:45:34: Close Modified Folder (mod-time, acl): /tags/评测
2024-02-29 10:45:34: Close Modified Folder (mod-time, acl): /tags/读书笔记/page/2
2024-02-29 10:45:34: Close Modified Folder (mod-time, acl): /tags/路由器
2024-02-29 10:45:34: Close Modified Folder (mod-time, acl): /tags/遥远的向日葵地
2024-02-29 10:45:34: Close Modified Folder (mod-time, acl): /tags/钱穆
2024-02-29 10:45:34: Close Modified Folder (mod-time, acl): /tags/阅读/page/2
2024-02-29 10:45:34: Close Modified Folder (mod-time, acl): /tags/静读天下专业版
2024-02-29 10:45:34: Close Modified Folder (mod-time, acl): /tags/音乐
2024-02-29 10:45:34: Close Modified Folder (mod-time, acl): /tags/音频
2024-02-29 10:45:34: Close Modified Folder (mod-time, acl): /tags/食品用品
2024-02-29 10:45:34: Close Modified Folder (mod-time, acl): /tags/魔方
2024-02-29 10:45:34: Close Modified Folder (mod-time, acl): /tags/麻将
2024-02-29 10:45:34: Close Modified Folder (mod-time, acl): /archives/2017
2024-02-29 10:45:34: Close Modified Folder (mod-time, acl): /archives/2019
2024-02-29 10:45:34: Close Modified Folder (mod-time, acl): /archives/2020
2024-02-29 10:45:34: Close Modified Folder (mod-time, acl): /archives/2022
2024-02-29 10:45:34: Close Modified Folder (mod-time, acl): /archives/2023
2024-02-29 10:45:34: Close Modified Folder (mod-time, acl): /archives/2024
2024-02-29 10:45:34: Close Modified Folder (mod-time, acl): /archives/2021/03
2024-02-29 10:45:34: Close Modified Folder (mod-time, acl): /categories/程序
2024-02-29 10:45:34: Close Modified Folder (mod-time, acl): /categories/读书笔记
2024-02-29 10:45:34: Close Modified Folder (mod-time, acl): /tags/标注
2024-02-29 10:45:34: Close Modified Folder (mod-time, acl): /tags/读书笔记
2024-02-29 10:45:34: Close Modified Folder (mod-time, acl): /tags/阅读
2024-02-29 10:45:34: Close Modified Folder (mod-time, acl): /archives/2021
2024-02-29 10:45:34: Close Modified Folder (mod-time, acl): /archives
2024-02-29 10:45:34: Save State File G:/Andy/hexo/public/_gsdata_/_file_state_v4._gs
2024-02-29 10:45:34: Save State File G:/Work/Github/wangandi520.github.io/_gsdata_/_file_state_v4._gs
2024-02-29 10:45:34: == Sync Complete. Time: 00:00:00, Speed: 0.00/s, OK: 539, Errors: 0
