2025-04-09 15:50:27: == Sync Started by User Command
2025-04-09 15:50:27: ConnectCloned connected to file:///G:/Andy/hexo/public
2025-04-09 15:50:27: ConnectCloned connected to file:///G:/Andy/hexo/public
2025-04-09 15:50:27: ConnectCloned connected to file:///G:/Andy/hexo/public
2025-04-09 15:50:27: ConnectCloned connected to file:///G:/Work/Github/wangandi520.github.io
2025-04-09 15:50:27: ConnectCloned connected to file:///G:/Work/Github/wangandi520.github.io
2025-04-09 15:50:27: ConnectCloned connected to file:///G:/Work/Github/wangandi520.github.io
2025-04-09 15:50:28: Delete File G:/Work/Github/wangandi520.github.io/.gitignore
2025-04-09 15:50:28: Copy Over 'G:/Andy/hexo/public/atom.xml' -> 'G:/Work/Github/wangandi520.github.io/atom.xml' (68,888)
2025-04-09 15:50:28: Copy Over 'G:/Andy/hexo/public/2021/03/09/电脑手机技巧/index.html' -> 'G:/Work/Github/wangandi520.github.io/2021/03/09/电脑手机技巧/index.html' (62,796)
2025-04-09 15:50:28: > Copy Over 'G:/Andy/hexo/public/search.xml' -> 'G:/Work/Github/wangandi520.github.io/search.xml' (1,229,923)
2025-04-09 15:50:28: Copy Over 'G:/Andy/hexo/public/index.html' -> 'G:/Work/Github/wangandi520.github.io/index.html' (59,008)
2025-04-09 15:50:28: Copy Over 'G:/Andy/hexo/public/2025/03/26/安伯尼克rg35xxplus个人体验/index.html' -> 'G:/Work/Github/wangandi520.github.io/2025/03/26/安伯尼克rg35xxplus个人体验/index.html' (39,330)
2025-04-09 15:50:28: Close Modified Folder (mod-time, acl): /2021/03/09/电脑手机技巧
2025-04-09 15:50:28: Close Modified Folder (mod-time, acl): /2025/03/26/安伯尼克rg35xxplus个人体验
2025-04-09 15:50:28: < Copy Over 'G:/Andy/hexo/public/search.xml' -> 'G:/Work/Github/wangandi520.github.io/search.xml' (1,229,923)
2025-04-09 15:50:28: Copy Over 'G:/Andy/hexo/public/sitemap.xml' -> 'G:/Work/Github/wangandi520.github.io/sitemap.xml' (34,942)
2025-04-09 15:50:28: Copy Over 'G:/Andy/hexo/public/page/5/index.html' -> 'G:/Work/Github/wangandi520.github.io/page/5/index.html' (50,513)
2025-04-09 15:50:28: Close Modified Folder (mod-time, acl): /page/5
2025-04-09 15:50:28: Save State File G:/Andy/hexo/public/_gsdata_/_file_state_v4._gs
2025-04-09 15:50:28: Save State File G:/Work/Github/wangandi520.github.io/_gsdata_/_file_state_v4._gs
2025-04-09 15:50:28: == Sync Complete. Time: 00:00:01, Speed: 0.00/s, OK: 8, Errors: 0
