2025-03-29 10:03:18: == Sync Started by User Command
2025-03-29 10:03:18: ConnectCloned connected to file:///G:/Andy/hexo/public
2025-03-29 10:03:18: ConnectCloned connected to file:///G:/Andy/hexo/public
2025-03-29 10:03:18: ConnectCloned connected to file:///G:/Andy/hexo/public
2025-03-29 10:03:18: ConnectCloned connected to file:///G:/Work/Github/wangandi520.github.io
2025-03-29 10:03:18: ConnectCloned connected to file:///G:/Work/Github/wangandi520.github.io
2025-03-29 10:03:18: ConnectCloned connected to file:///G:/Work/Github/wangandi520.github.io
2025-03-29 10:03:18: Copy Over 'G:/Andy/hexo/public/archives/2025/index.html' -> 'G:/Work/Github/wangandi520.github.io/archives/2025/index.html' (18,141)
2025-03-29 10:03:18: Copy Over 'G:/Andy/hexo/public/archives/index.html' -> 'G:/Work/Github/wangandi520.github.io/archives/index.html' (19,843)
2025-03-29 10:03:18: Copy Over 'G:/Andy/hexo/public/archives/2025/03/index.html' -> 'G:/Work/Github/wangandi520.github.io/archives/2025/03/index.html' (16,261)
2025-03-29 10:03:18: Copy Over 'G:/Andy/hexo/public/2025/03/26/使用RetroArch玩街机游戏/index.html' -> 'G:/Work/Github/wangandi520.github.io/2025/03/26/使用RetroArch玩街机游戏/index.html' (22,452)
2025-03-29 10:03:18: Copy Over 'G:/Andy/hexo/public/2025/03/28/vscode插件修改第二栏的数字加1/index.html' -> 'G:/Work/Github/wangandi520.github.io/2025/03/28/vscode插件修改第二栏的数字加1/index.html' (22,338)
2025-03-29 10:03:18: Copy Over 'G:/Andy/hexo/public/2022/01/06/书电影电视剧简评/index.html' -> 'G:/Work/Github/wangandi520.github.io/2022/01/06/书电影电视剧简评/index.html' (55,950)
2025-03-29 10:03:18: Copy Over 'G:/Andy/hexo/public/2025/03/28/vscode插件将当前行中的日期更新为今天的日期/index.html' -> 'G:/Work/Github/wangandi520.github.io/2025/03/28/vscode插件将当前行中的日期更新为今天的日期/index.html' (22,914)
2025-03-29 10:03:18: Copy Over 'G:/Andy/hexo/public/atom.xml' -> 'G:/Work/Github/wangandi520.github.io/atom.xml' (64,231)
2025-03-29 10:03:18: Copy Over 'G:/Andy/hexo/public/categories/极客/index.html' -> 'G:/Work/Github/wangandi520.github.io/categories/极客/index.html' (17,785)
2025-03-29 10:03:18: > Copy Over 'G:/Andy/hexo/public/search.xml' -> 'G:/Work/Github/wangandi520.github.io/search.xml' (1,219,137)
2025-03-29 10:03:18: Copy Over 'G:/Andy/hexo/public/2021/12/31/书电影电视剧记录/index.html' -> 'G:/Work/Github/wangandi520.github.io/2021/12/31/书电影电视剧记录/index.html' (209,908)
2025-03-29 10:03:18: Copy Over 'G:/Andy/hexo/public/index.html' -> 'G:/Work/Github/wangandi520.github.io/index.html' (55,320)
2025-03-29 10:03:18: < Copy Over 'G:/Andy/hexo/public/search.xml' -> 'G:/Work/Github/wangandi520.github.io/search.xml' (1,219,137)
2025-03-29 10:03:18: Close Modified Folder (mod-time, acl): /archives/2025/03
2025-03-29 10:03:18: Copy Over 'G:/Andy/hexo/public/sitemap.xml' -> 'G:/Work/Github/wangandi520.github.io/sitemap.xml' (34,418)
2025-03-29 10:03:18: Close Modified Folder (mod-time, acl): /2025/03/26/使用RetroArch玩街机游戏
2025-03-29 10:03:18: Close Modified Folder (mod-time, acl): /2022/01/06/书电影电视剧简评
2025-03-29 10:03:18: Copy Over 'G:/Andy/hexo/public/page/4/index.html' -> 'G:/Work/Github/wangandi520.github.io/page/4/index.html' (54,199)
2025-03-29 10:03:18: Close Modified Folder (mod-time, acl): /2025/03/28/vscode插件修改第二栏的数字加1
2025-03-29 10:03:18: Close Modified Folder (mod-time, acl): /2025/03/28/vscode插件将当前行中的日期更新为今天的日期
2025-03-29 10:03:18: Copy Over 'G:/Andy/hexo/public/tags/vscode/index.html' -> 'G:/Work/Github/wangandi520.github.io/tags/vscode/index.html' (14,280)
2025-03-29 10:03:18: Close Modified Folder (mod-time, acl): /categories/极客
2025-03-29 10:03:18: Copy Over 'G:/Andy/hexo/public/tags/极客/index.html' -> 'G:/Work/Github/wangandi520.github.io/tags/极客/index.html' (15,525)
2025-03-29 10:03:18: Close Modified Folder (mod-time, acl): /2021/12/31/书电影电视剧记录
2025-03-29 10:03:18: Close Modified Folder (mod-time, acl): /archives/2025
2025-03-29 10:03:18: Close Modified Folder (mod-time, acl): /page/4
2025-03-29 10:03:18: Close Modified Folder (mod-time, acl): /tags/vscode
2025-03-29 10:03:18: Close Modified Folder (mod-time, acl): /tags/极客
2025-03-29 10:03:18: Close Modified Folder (mod-time, acl): /archives
2025-03-29 10:03:18: Save State File G:/Andy/hexo/public/_gsdata_/_file_state_v4._gs
2025-03-29 10:03:18: Save State File G:/Work/Github/wangandi520.github.io/_gsdata_/_file_state_v4._gs
2025-03-29 10:03:18: == Sync Complete. Time: 00:00:00, Speed: 0.00/s, OK: 16, Errors: 0
