2025-03-07 19:59:09: == Sync Started by User Command
2025-03-07 19:59:09: ConnectCloned connected to file:///G:/Andy/hexo/public
2025-03-07 19:59:09: ConnectCloned connected to file:///G:/Andy/hexo/public
2025-03-07 19:59:09: ConnectCloned connected to file:///G:/Andy/hexo/public
2025-03-07 19:59:09: ConnectCloned connected to file:///G:/Work/Github/wangandi520.github.io
2025-03-07 19:59:09: ConnectCloned connected to file:///G:/Work/Github/wangandi520.github.io
2025-03-07 19:59:09: ConnectCloned connected to file:///G:/Work/Github/wangandi520.github.io
2025-03-07 19:59:09: Copy Over 'G:/Andy/hexo/public/2017/01/09/kindle标注/index.html' -> 'G:/Work/Github/wangandi520.github.io/2017/01/09/kindle标注/index.html' (213,426)
2025-03-07 19:59:09: Copy Over 'G:/Andy/hexo/public/2017/01/09/树莓派-archlinuxarm做路由/index.html' -> 'G:/Work/Github/wangandi520.github.io/2017/01/09/树莓派-archlinuxarm做路由/index.html' (22,567)
2025-03-07 19:59:09: Copy Over 'G:/Andy/hexo/public/2017/01/14/路由器发送IP至服务器/index.html' -> 'G:/Work/Github/wangandi520.github.io/2017/01/14/路由器发送IP至服务器/index.html' (25,935)
2025-03-07 19:59:09: Copy Over 'G:/Andy/hexo/public/2017/01/09/树莓派3-Raspberry-pi-3-刷kali-3-5寸微雪屏/index.html' -> 'G:/Work/Github/wangandi520.github.io/2017/01/09/树莓派3-Raspberry-pi-3-刷kali-3-5寸微雪屏/index.html' (24,566)
2025-03-07 19:59:09: Copy Over 'G:/Andy/hexo/public/2021/03/09/电脑手机技巧/index.html' -> 'G:/Work/Github/wangandi520.github.io/2021/03/09/电脑手机技巧/index.html' (61,876)
2025-03-07 19:59:09: Copy Over 'G:/Andy/hexo/public/2021/03/09/红楼梦校注本标注/index.html' -> 'G:/Work/Github/wangandi520.github.io/2021/03/09/红楼梦校注本标注/index.html' (27,466)
2025-03-07 19:59:09: Copy Over 'G:/Andy/hexo/public/2017/01/09/树莓派3-Raspberry-pi-3-刷OpenWrt/index.html' -> 'G:/Work/Github/wangandi520.github.io/2017/01/09/树莓派3-Raspberry-pi-3-刷OpenWrt/index.html' (31,946)
2025-03-07 19:59:09: Copy Over 'G:/Andy/hexo/public/2021/03/12/REAPER6学习笔记/index.html' -> 'G:/Work/Github/wangandi520.github.io/2021/03/12/REAPER6学习笔记/index.html' (38,395)
2025-03-07 19:59:09: Copy Over 'G:/Andy/hexo/public/2017/01/09/歌词/index.html' -> 'G:/Work/Github/wangandi520.github.io/2017/01/09/歌词/index.html' (164,149)
2025-03-07 19:59:09: Copy Over 'G:/Andy/hexo/public/2021/03/11/魔方笔记/index.html' -> 'G:/Work/Github/wangandi520.github.io/2021/03/11/魔方笔记/index.html' (23,711)
2025-03-07 19:59:09: Copy Over 'G:/Andy/hexo/public/2021/03/16/西游记校注本标注/index.html' -> 'G:/Work/Github/wangandi520.github.io/2021/03/16/西游记校注本标注/index.html' (25,713)
2025-03-07 19:59:09: Copy Over 'G:/Andy/hexo/public/2021/03/16/舒适阅读电子书和漫画/index.html' -> 'G:/Work/Github/wangandi520.github.io/2021/03/16/舒适阅读电子书和漫画/index.html' (38,876)
2025-03-07 19:59:09: Copy Over 'G:/Andy/hexo/public/2021/03/13/文城标注/index.html' -> 'G:/Work/Github/wangandi520.github.io/2021/03/13/文城标注/index.html' (24,538)
2025-03-07 19:59:09: Copy Over 'G:/Andy/hexo/public/2021/03/15/吉他和弦图查询与生成/index.html' -> 'G:/Work/Github/wangandi520.github.io/2021/03/15/吉他和弦图查询与生成/index.html' (22,330)
2025-03-07 19:59:09: Copy Over 'G:/Andy/hexo/public/2021/03/17/hexo主题icarus的一些玩法/index.html' -> 'G:/Work/Github/wangandi520.github.io/2021/03/17/hexo主题icarus的一些玩法/index.html' (26,730)
2025-03-07 19:59:09: Copy Over 'G:/Andy/hexo/public/2021/03/22/搭建webdav服务器实现静读天下同步/index.html' -> 'G:/Work/Github/wangandi520.github.io/2021/03/22/搭建webdav服务器实现静读天下同步/index.html' (26,818)
2025-03-07 19:59:09: Copy Over 'G:/Andy/hexo/public/2021/03/18/文石Boox,Kindle,静读天下专业版,微信读书,KOReader的标注转换为Markdown格式/index.html' -> 'G:/Work/Github/wangandi520.github.io/2021/03/18/文石Boox,Kindle,静读天下专业版,微信读书,KOReader的标注转换为Markdown格式/index.html' (28,081)
2025-03-07 19:59:09: Copy Over 'G:/Andy/hexo/public/2021/06/07/红米ac2100路由器刷padavan系统/index.html' -> 'G:/Work/Github/wangandi520.github.io/2021/06/07/红米ac2100路由器刷padavan系统/index.html' (24,910)
2025-03-07 19:59:09: Copy Over 'G:/Andy/hexo/public/2021/09/25/一只特立独行的猪标注/index.html' -> 'G:/Work/Github/wangandi520.github.io/2021/09/25/一只特立独行的猪标注/index.html' (47,219)
2025-03-07 19:59:09: Copy Over 'G:/Andy/hexo/public/2021/07/03/几个漫画整理脚本的使用/index.html' -> 'G:/Work/Github/wangandi520.github.io/2021/07/03/几个漫画整理脚本的使用/index.html' (63,533)
2025-03-07 19:59:09: Copy Over 'G:/Andy/hexo/public/2021/10/05/离线漫画NeeView的使用和与其他软件的对比/index.html' -> 'G:/Work/Github/wangandi520.github.io/2021/10/05/离线漫画NeeView的使用和与其他软件的对比/index.html' (26,575)
2025-03-07 19:59:09: Copy Over 'G:/Andy/hexo/public/2021/12/31/书电影电视剧记录/index.html' -> 'G:/Work/Github/wangandi520.github.io/2021/12/31/书电影电视剧记录/index.html' (207,801)
2025-03-07 19:59:09: Copy Over 'G:/Andy/hexo/public/2021/09/28/中国历代政治得失标注/index.html' -> 'G:/Work/Github/wangandi520.github.io/2021/09/28/中国历代政治得失标注/index.html' (67,795)
2025-03-07 19:59:09: Copy Over 'G:/Andy/hexo/public/2017/03/23/speaksoftlylove/index.html' -> 'G:/Work/Github/wangandi520.github.io/2017/03/23/speaksoftlylove/index.html' (19,304)
2025-03-07 19:59:09: Copy Over 'G:/Andy/hexo/public/2017/05/15/树莓派3B和攀藤PMS5003ST/index.html' -> 'G:/Work/Github/wangandi520.github.io/2017/05/15/树莓派3B和攀藤PMS5003ST/index.html' (55,844)
2025-03-07 19:59:09: Copy Over 'G:/Andy/hexo/public/2021/10/22/沉默的大多数标注/index.html' -> 'G:/Work/Github/wangandi520.github.io/2021/10/22/沉默的大多数标注/index.html' (43,117)
2025-03-07 19:59:09: Copy Over 'G:/Andy/hexo/public/2020/03/26/树莓派4B加微雪2.13寸墨水屏监测pm2.5信息/index.html' -> 'G:/Work/Github/wangandi520.github.io/2020/03/26/树莓派4B加微雪2.13寸墨水屏监测pm2.5信息/index.html' (28,814)
2025-03-07 19:59:09: Copy Over 'G:/Andy/hexo/public/2019/03/29/文石poke pro,nova pro评测体验/index.html' -> 'G:/Work/Github/wangandi520.github.io/2019/03/29/文石poke pro,nova pro评测体验/index.html' (22,705)
2025-03-07 19:59:09: Copy Over 'G:/Andy/hexo/public/2019/03/29/文石boox poke pro评测体验/index.html' -> 'G:/Work/Github/wangandi520.github.io/2019/03/29/文石boox poke pro评测体验/index.html' (25,421)
2025-03-07 19:59:09: Copy Over 'G:/Andy/hexo/public/2019/12/04/老王随机点名器v1.0/index.html' -> 'G:/Work/Github/wangandi520.github.io/2019/12/04/老王随机点名器v1.0/index.html' (20,694)
2025-03-07 19:59:09: Copy Over 'G:/Andy/hexo/public/2022/01/08/Seventh9日麻教程 标注/index.html' -> 'G:/Work/Github/wangandi520.github.io/2022/01/08/Seventh9日麻教程 标注/index.html' (57,080)
2025-03-07 19:59:09: Copy Over 'G:/Andy/hexo/public/2022/01/06/书电影电视剧简评/index.html' -> 'G:/Work/Github/wangandi520.github.io/2022/01/06/书电影电视剧简评/index.html' (55,441)
2025-03-07 19:59:09: Copy Over 'G:/Andy/hexo/public/2022/03/19/几个PyQt程序/index.html' -> 'G:/Work/Github/wangandi520.github.io/2022/03/19/几个PyQt程序/index.html' (27,229)
2025-03-07 19:59:09: Copy Over 'G:/Andy/hexo/public/2022/01/26/linux笔记/index.html' -> 'G:/Work/Github/wangandi520.github.io/2022/01/26/linux笔记/index.html' (46,510)
2025-03-07 19:59:09: Copy Over 'G:/Andy/hexo/public/2022/01/26/使用archlinux搭建家庭数据服务中心/index.html' -> 'G:/Work/Github/wangandi520.github.io/2022/01/26/使用archlinux搭建家庭数据服务中心/index.html' (87,348)
2025-03-07 19:59:09: Copy Over 'G:/Andy/hexo/public/2023/01/29/SciTE文本编辑器配置/index.html' -> 'G:/Work/Github/wangandi520.github.io/2023/01/29/SciTE文本编辑器配置/index.html' (24,901)
2025-03-07 19:59:09: Copy Over 'G:/Andy/hexo/public/2023/05/25/红楼梦人物关系图/index.html' -> 'G:/Work/Github/wangandi520.github.io/2023/05/25/红楼梦人物关系图/index.html' (18,686)
2025-03-07 19:59:09: Copy Over 'G:/Andy/hexo/public/2023/06/06/书籍删减与翻译情况/index.html' -> 'G:/Work/Github/wangandi520.github.io/2023/06/06/书籍删减与翻译情况/index.html' (26,281)
2025-03-07 19:59:09: Copy Over 'G:/Andy/hexo/public/2023/06/07/店铺食品用品/index.html' -> 'G:/Work/Github/wangandi520.github.io/2023/06/07/店铺食品用品/index.html' (25,388)
2025-03-07 19:59:09: Copy Over 'G:/Andy/hexo/public/2023/06/11/百年孤独人物关系图/index.html' -> 'G:/Work/Github/wangandi520.github.io/2023/06/11/百年孤独人物关系图/index.html' (18,680)
2025-03-07 19:59:09: Copy Over 'G:/Andy/hexo/public/2023/11/20/小米14的bug/index.html' -> 'G:/Work/Github/wangandi520.github.io/2023/11/20/小米14的bug/index.html' (22,782)
2025-03-07 19:59:09: Copy Over 'G:/Andy/hexo/public/2023/12/15/音频软件插件简评/index.html' -> 'G:/Work/Github/wangandi520.github.io/2023/12/15/音频软件插件简评/index.html' (29,611)
2025-03-07 19:59:09: Copy Over 'G:/Andy/hexo/public/2023/12/25/美丽的世界你在哪里 标注/index.html' -> 'G:/Work/Github/wangandi520.github.io/2023/12/25/美丽的世界你在哪里 标注/index.html' (26,738)
2025-03-07 19:59:09: Copy Over 'G:/Andy/hexo/public/2023/12/29/快速上手羽毛球弹弓/index.html' -> 'G:/Work/Github/wangandi520.github.io/2023/12/29/快速上手羽毛球弹弓/index.html' (22,717)
2025-03-07 19:59:09: Copy Over 'G:/Andy/hexo/public/2020/06/23/文石boox nova2评测体验/index.html' -> 'G:/Work/Github/wangandi520.github.io/2020/06/23/文石boox nova2评测体验/index.html' (29,114)
2025-03-07 19:59:09: Copy Over 'G:/Andy/hexo/public/2023/12/29/省钱玩电吉他单车摄影，阅读音乐/index.html' -> 'G:/Work/Github/wangandi520.github.io/2023/12/29/省钱玩电吉他单车摄影，阅读音乐/index.html' (28,940)
2025-03-07 19:59:09: Copy Over 'G:/Andy/hexo/public/2022/08/08/漫画印刷与扫描错误/index.html' -> 'G:/Work/Github/wangandi520.github.io/2022/08/08/漫画印刷与扫描错误/index.html' (47,045)
2025-03-07 19:59:09: Copy Over 'G:/Andy/hexo/public/2024/02/05/挪威的森林赖明珠译标注/index.html' -> 'G:/Work/Github/wangandi520.github.io/2024/02/05/挪威的森林赖明珠译标注/index.html' (33,132)
2025-03-07 19:59:09: Copy Over 'G:/Andy/hexo/public/2024/03/03/立直麻将点数计算工具mahjong-calc/index.html' -> 'G:/Work/Github/wangandi520.github.io/2024/03/03/立直麻将点数计算工具mahjong-calc/index.html' (26,267)
2025-03-07 19:59:09: Copy Over 'G:/Andy/hexo/public/2024/03/07/neeview一键保存当前图片/index.html' -> 'G:/Work/Github/wangandi520.github.io/2024/03/07/neeview一键保存当前图片/index.html' (29,570)
2025-03-07 19:59:09: Copy Over 'G:/Andy/hexo/public/2024/03/13/个人笔记跨平台解决方案/index.html' -> 'G:/Work/Github/wangandi520.github.io/2024/03/13/个人笔记跨平台解决方案/index.html' (24,431)
2025-03-07 19:59:09: Copy Over 'G:/Andy/hexo/public/2024/02/18/中文日文注音使用html上标注音格式/index.html' -> 'G:/Work/Github/wangandi520.github.io/2024/02/18/中文日文注音使用html上标注音格式/index.html' (26,040)
2025-03-07 19:59:09: Copy Over 'G:/Andy/hexo/public/2024/02/11/使用github的action配合python每天签到/index.html' -> 'G:/Work/Github/wangandi520.github.io/2024/02/11/使用github的action配合python每天签到/index.html' (23,125)
2025-03-07 19:59:09: Copy Over 'G:/Andy/hexo/public/2024/02/29/hexo和next主题的一些配置/index.html' -> 'G:/Work/Github/wangandi520.github.io/2024/02/29/hexo和next主题的一些配置/index.html' (62,670)
2025-03-07 19:59:09: Copy Over 'G:/Andy/hexo/public/2024/01/03/Windows和Android优质软件/index.html' -> 'G:/Work/Github/wangandi520.github.io/2024/01/03/Windows和Android优质软件/index.html' (22,575)
2025-03-07 19:59:09: Copy Over 'G:/Andy/hexo/public/2024/01/13/联想拯救者y700一代（2022）平板刷机过程/index.html' -> 'G:/Work/Github/wangandi520.github.io/2024/01/13/联想拯救者y700一代（2022）平板刷机过程/index.html' (28,538)
2025-03-07 19:59:09: Copy Over 'G:/Andy/hexo/public/2024/04/13/其他标注/index.html' -> 'G:/Work/Github/wangandi520.github.io/2024/04/13/其他标注/index.html' (52,986)
2025-03-07 19:59:09: Copy Over 'G:/Andy/hexo/public/2024/04/25/不能承受的生命之轻标注/index.html' -> 'G:/Work/Github/wangandi520.github.io/2024/04/25/不能承受的生命之轻标注/index.html' (39,710)
2025-03-07 19:59:09: Copy Over 'G:/Andy/hexo/public/2024/06/06/三日间的幸福标注/index.html' -> 'G:/Work/Github/wangandi520.github.io/2024/06/06/三日间的幸福标注/index.html' (24,452)
2025-03-07 19:59:09: Copy Over 'G:/Andy/hexo/public/2024/11/09/文石poke6黑色评测体验/index.html' -> 'G:/Work/Github/wangandi520.github.io/2024/11/09/文石poke6黑色评测体验/index.html' (22,521)
2025-03-07 19:59:09: Copy Over 'G:/Andy/hexo/public/404.html' -> 'G:/Work/Github/wangandi520.github.io/404.html' (13,318)
2025-03-07 19:59:09: Copy Over 'G:/Andy/hexo/public/2025/01/10/仙境传说简易入门攻略/index.html' -> 'G:/Work/Github/wangandi520.github.io/2025/01/10/仙境传说简易入门攻略/index.html' (60,568)
2025-03-07 19:59:09: Create Folder G:/Work/Github/wangandi520.github.io/2025/03
2025-03-07 19:59:09: Copy Over 'G:/Andy/hexo/public/2025/02/24/王小波真正大全集15册标注/index.html' -> 'G:/Work/Github/wangandi520.github.io/2025/02/24/王小波真正大全集15册标注/index.html' (59,897)
2025-03-07 19:59:09: Create Folder G:/Work/Github/wangandi520.github.io/2025/03/07
2025-03-07 19:59:09: Create Folder G:/Work/Github/wangandi520.github.io/2025/03/07/贝壳省心租个人体验
2025-03-07 19:59:09: Copy Over 'G:/Andy/hexo/public/2025/01/26/本地运行deepseekr1模型/index.html' -> 'G:/Work/Github/wangandi520.github.io/2025/01/26/本地运行deepseekr1模型/index.html' (26,914)
2025-03-07 19:59:09: Copy Over 'G:/Andy/hexo/public/2024/12/13/单页面投资行情/index.html' -> 'G:/Work/Github/wangandi520.github.io/2024/12/13/单页面投资行情/index.html' (22,962)
2025-03-07 19:59:09: Copy New 'G:/Andy/hexo/public/2025/03/07/贝壳省心租个人体验/index.html' -> 'G:/Work/Github/wangandi520.github.io/2025/03/07/贝壳省心租个人体验/index.html' (23,112)
2025-03-07 19:59:09: Copy Over 'G:/Andy/hexo/public/about/index.html' -> 'G:/Work/Github/wangandi520.github.io/about/index.html' (17,292)
2025-03-07 19:59:09: Copy Over 'G:/Andy/hexo/public/archives/2017/01/index.html' -> 'G:/Work/Github/wangandi520.github.io/archives/2017/01/index.html' (16,546)
2025-03-07 19:59:09: Copy Over 'G:/Andy/hexo/public/atom.xml' -> 'G:/Work/Github/wangandi520.github.io/atom.xml' (66,589)
2025-03-07 19:59:09: Copy Over 'G:/Andy/hexo/public/archives/2019/03/index.html' -> 'G:/Work/Github/wangandi520.github.io/archives/2019/03/index.html' (14,194)
2025-03-07 19:59:09: Copy Over 'G:/Andy/hexo/public/archives/2019/12/index.html' -> 'G:/Work/Github/wangandi520.github.io/archives/2019/12/index.html' (13,561)
2025-03-07 19:59:09: Copy Over 'G:/Andy/hexo/public/archives/2019/index.html' -> 'G:/Work/Github/wangandi520.github.io/archives/2019/index.html' (14,790)
2025-03-07 19:59:09: Copy Over 'G:/Andy/hexo/public/archives/2017/05/index.html' -> 'G:/Work/Github/wangandi520.github.io/archives/2017/05/index.html' (13,563)
2025-03-07 19:59:09: Copy Over 'G:/Andy/hexo/public/archives/2017/03/index.html' -> 'G:/Work/Github/wangandi520.github.io/archives/2017/03/index.html' (13,528)
2025-03-07 19:59:09: Copy Over 'G:/Andy/hexo/public/archives/2017/index.html' -> 'G:/Work/Github/wangandi520.github.io/archives/2017/index.html' (17,716)
2025-03-07 19:59:09: Copy Over 'G:/Andy/hexo/public/archives/2020/03/index.html' -> 'G:/Work/Github/wangandi520.github.io/archives/2020/03/index.html' (13,662)
2025-03-07 19:59:09: Copy Over 'G:/Andy/hexo/public/archives/2021/03/index.html' -> 'G:/Work/Github/wangandi520.github.io/archives/2021/03/index.html' (19,553)
2025-03-07 19:59:09: Copy Over 'G:/Andy/hexo/public/archives/2021/07/index.html' -> 'G:/Work/Github/wangandi520.github.io/archives/2021/07/index.html' (13,602)
2025-03-07 19:59:09: Copy Over 'G:/Andy/hexo/public/archives/2021/06/index.html' -> 'G:/Work/Github/wangandi520.github.io/archives/2021/06/index.html' (13,592)
2025-03-07 19:59:09: Copy Over 'G:/Andy/hexo/public/archives/2021/03/page/2/index.html' -> 'G:/Work/Github/wangandi520.github.io/archives/2021/03/page/2/index.html' (13,837)
2025-03-07 19:59:09: Copy Over 'G:/Andy/hexo/public/archives/2021/09/index.html' -> 'G:/Work/Github/wangandi520.github.io/archives/2021/09/index.html' (14,225)
2025-03-07 19:59:09: Copy Over 'G:/Andy/hexo/public/archives/2021/index.html' -> 'G:/Work/Github/wangandi520.github.io/archives/2021/index.html' (19,846)
2025-03-07 19:59:09: Copy Over 'G:/Andy/hexo/public/archives/2021/10/index.html' -> 'G:/Work/Github/wangandi520.github.io/archives/2021/10/index.html' (14,286)
2025-03-07 19:59:09: Copy Over 'G:/Andy/hexo/public/archives/2021/12/index.html' -> 'G:/Work/Github/wangandi520.github.io/archives/2021/12/index.html' (13,572)
2025-03-07 19:59:09: Copy Over 'G:/Andy/hexo/public/archives/2020/06/index.html' -> 'G:/Work/Github/wangandi520.github.io/archives/2020/06/index.html' (13,563)
2025-03-07 19:59:09: Copy Over 'G:/Andy/hexo/public/archives/2021/page/2/index.html' -> 'G:/Work/Github/wangandi520.github.io/archives/2021/page/2/index.html' (18,006)
2025-03-07 19:59:09: Copy Over 'G:/Andy/hexo/public/archives/2020/index.html' -> 'G:/Work/Github/wangandi520.github.io/archives/2020/index.html' (14,260)
2025-03-07 19:59:09: Copy Over 'G:/Andy/hexo/public/archives/2023/01/index.html' -> 'G:/Work/Github/wangandi520.github.io/archives/2023/01/index.html' (13,563)
2025-03-07 19:59:09: Copy Over 'G:/Andy/hexo/public/archives/2022/01/index.html' -> 'G:/Work/Github/wangandi520.github.io/archives/2022/01/index.html' (15,398)
2025-03-07 19:59:09: Copy Over 'G:/Andy/hexo/public/archives/2023/05/index.html' -> 'G:/Work/Github/wangandi520.github.io/archives/2023/05/index.html' (13,577)
2025-03-07 19:59:09: Copy Over 'G:/Andy/hexo/public/archives/2023/06/index.html' -> 'G:/Work/Github/wangandi520.github.io/archives/2023/06/index.html' (14,795)
2025-03-07 19:59:09: Copy Over 'G:/Andy/hexo/public/archives/2023/11/index.html' -> 'G:/Work/Github/wangandi520.github.io/archives/2023/11/index.html' (13,521)
2025-03-07 19:59:09: Copy Over 'G:/Andy/hexo/public/archives/2023/index.html' -> 'G:/Work/Github/wangandi520.github.io/archives/2023/index.html' (19,154)
2025-03-07 19:59:09: Copy Over 'G:/Andy/hexo/public/archives/2023/12/index.html' -> 'G:/Work/Github/wangandi520.github.io/archives/2023/12/index.html' (15,531)
2025-03-07 19:59:09: Copy Over 'G:/Andy/hexo/public/archives/2022/03/index.html' -> 'G:/Work/Github/wangandi520.github.io/archives/2022/03/index.html' (13,525)
2025-03-07 19:59:09: Copy Over 'G:/Andy/hexo/public/archives/2022/08/index.html' -> 'G:/Work/Github/wangandi520.github.io/archives/2022/08/index.html' (13,577)
2025-03-07 19:59:09: Copy Over 'G:/Andy/hexo/public/archives/2022/index.html' -> 'G:/Work/Github/wangandi520.github.io/archives/2022/index.html' (16,579)
2025-03-07 19:59:09: Copy Over 'G:/Andy/hexo/public/archives/2024/01/index.html' -> 'G:/Work/Github/wangandi520.github.io/archives/2024/01/index.html' (14,267)
2025-03-07 19:59:09: Create Folder G:/Work/Github/wangandi520.github.io/archives/2025/03
2025-03-07 19:59:09: Copy Over 'G:/Andy/hexo/public/archives/2025/01/index.html' -> 'G:/Work/Github/wangandi520.github.io/archives/2025/01/index.html' (14,195)
2025-03-07 19:59:09: Copy Over 'G:/Andy/hexo/public/archives/2025/02/index.html' -> 'G:/Work/Github/wangandi520.github.io/archives/2025/02/index.html' (13,606)
2025-03-07 19:59:09: Copy Over 'G:/Andy/hexo/public/archives/2025/index.html' -> 'G:/Work/Github/wangandi520.github.io/archives/2025/index.html' (15,457)
2025-03-07 19:59:09: Copy New 'G:/Andy/hexo/public/archives/2025/03/index.html' -> 'G:/Work/Github/wangandi520.github.io/archives/2025/03/index.html' (13,577)
2025-03-07 19:59:09: Copy Over 'G:/Andy/hexo/public/archives/2024/02/index.html' -> 'G:/Work/Github/wangandi520.github.io/archives/2024/02/index.html' (15,574)
2025-03-07 19:59:09: Copy Over 'G:/Andy/hexo/public/archives/2024/03/index.html' -> 'G:/Work/Github/wangandi520.github.io/archives/2024/03/index.html' (14,882)
2025-03-07 19:59:09: Copy Over 'G:/Andy/hexo/public/archives/2024/04/index.html' -> 'G:/Work/Github/wangandi520.github.io/archives/2024/04/index.html' (14,164)
2025-03-07 19:59:09: Copy Over 'G:/Andy/hexo/public/archives/2024/06/index.html' -> 'G:/Work/Github/wangandi520.github.io/archives/2024/06/index.html' (13,567)
2025-03-07 19:59:09: Copy Over 'G:/Andy/hexo/public/archives/2024/11/index.html' -> 'G:/Work/Github/wangandi520.github.io/archives/2024/11/index.html' (13,576)
2025-03-07 19:59:09: Copy Over 'G:/Andy/hexo/public/archives/2024/12/index.html' -> 'G:/Work/Github/wangandi520.github.io/archives/2024/12/index.html' (13,554)
2025-03-07 19:59:09: Copy Over 'G:/Andy/hexo/public/archives/index.html' -> 'G:/Work/Github/wangandi520.github.io/archives/index.html' (19,621)
2025-03-07 19:59:09: Copy Over 'G:/Andy/hexo/public/archives/2024/index.html' -> 'G:/Work/Github/wangandi520.github.io/archives/2024/index.html' (19,503)
2025-03-07 19:59:09: Copy Over 'G:/Andy/hexo/public/archives/2024/page/2/index.html' -> 'G:/Work/Github/wangandi520.github.io/archives/2024/page/2/index.html' (15,850)
2025-03-07 19:59:09: Copy Over 'G:/Andy/hexo/public/archives/page/2/index.html' -> 'G:/Work/Github/wangandi520.github.io/archives/page/2/index.html' (20,150)
2025-03-07 19:59:09: Copy Over 'G:/Andy/hexo/public/archives/page/3/index.html' -> 'G:/Work/Github/wangandi520.github.io/archives/page/3/index.html' (19,771)
2025-03-07 19:59:09: Copy Over 'G:/Andy/hexo/public/archives/page/4/index.html' -> 'G:/Work/Github/wangandi520.github.io/archives/page/4/index.html' (20,023)
2025-03-07 19:59:09: Copy Over 'G:/Andy/hexo/public/archives/page/7/index.html' -> 'G:/Work/Github/wangandi520.github.io/archives/page/7/index.html' (16,271)
2025-03-07 19:59:09: Copy Over 'G:/Andy/hexo/public/archives/page/6/index.html' -> 'G:/Work/Github/wangandi520.github.io/archives/page/6/index.html' (20,069)
2025-03-07 19:59:09: Copy Over 'G:/Andy/hexo/public/archives/page/5/index.html' -> 'G:/Work/Github/wangandi520.github.io/archives/page/5/index.html' (19,882)
2025-03-07 19:59:09: Copy Over 'G:/Andy/hexo/public/categories/index.html' -> 'G:/Work/Github/wangandi520.github.io/categories/index.html' (14,569)
2025-03-07 19:59:09: Copy Over 'G:/Andy/hexo/public/categories/个人/index.html' -> 'G:/Work/Github/wangandi520.github.io/categories/个人/index.html' (14,968)
2025-03-07 19:59:09: Copy Over 'G:/Andy/hexo/public/categories/吉他/index.html' -> 'G:/Work/Github/wangandi520.github.io/categories/吉他/index.html' (13,499)
2025-03-07 19:59:09: Copy Over 'G:/Andy/hexo/public/categories/学习笔记/index.html' -> 'G:/Work/Github/wangandi520.github.io/categories/学习笔记/index.html' (17,353)
2025-03-07 19:59:09: Copy Over 'G:/Andy/hexo/public/categories/极客/index.html' -> 'G:/Work/Github/wangandi520.github.io/categories/极客/index.html' (15,770)
2025-03-07 19:59:09: Copy Over 'G:/Andy/hexo/public/categories/游戏/index.html' -> 'G:/Work/Github/wangandi520.github.io/categories/游戏/index.html' (13,560)
2025-03-07 19:59:09: Copy Over 'G:/Andy/hexo/public/categories/程序/index.html' -> 'G:/Work/Github/wangandi520.github.io/categories/程序/index.html' (19,790)
2025-03-07 19:59:09: Copy Over 'G:/Andy/hexo/public/categories/评测/index.html' -> 'G:/Work/Github/wangandi520.github.io/categories/评测/index.html' (19,598)
2025-03-07 19:59:09: Copy Over 'G:/Andy/hexo/public/categories/读书笔记/index.html' -> 'G:/Work/Github/wangandi520.github.io/categories/读书笔记/index.html' (19,862)
2025-03-07 19:59:09: Copy Over 'G:/Andy/hexo/public/categories/程序/page/2/index.html' -> 'G:/Work/Github/wangandi520.github.io/categories/程序/page/2/index.html' (20,308)
2025-03-07 19:59:09: Copy Over 'G:/Andy/hexo/public/categories/程序/page/3/index.html' -> 'G:/Work/Github/wangandi520.github.io/categories/程序/page/3/index.html' (14,599)
2025-03-07 19:59:09: Copy Over 'G:/Andy/hexo/public/categories/读书笔记/page/2/index.html' -> 'G:/Work/Github/wangandi520.github.io/categories/读书笔记/page/2/index.html' (17,642)
2025-03-07 19:59:09: Copy Over 'G:/Andy/hexo/public/index.html' -> 'G:/Work/Github/wangandi520.github.io/index.html' (54,881)
2025-03-07 19:59:09: Copy Over 'G:/Andy/hexo/public/links/index.html' -> 'G:/Work/Github/wangandi520.github.io/links/index.html' (14,552)
2025-03-07 19:59:09: Copy Over 'G:/Andy/hexo/public/page/2/index.html' -> 'G:/Work/Github/wangandi520.github.io/page/2/index.html' (48,358)
2025-03-07 19:59:09: Copy Over 'G:/Andy/hexo/public/page/3/index.html' -> 'G:/Work/Github/wangandi520.github.io/page/3/index.html' (52,007)
2025-03-07 19:59:09: Copy Over 'G:/Andy/hexo/public/page/4/index.html' -> 'G:/Work/Github/wangandi520.github.io/page/4/index.html' (52,074)
2025-03-07 19:59:09: > Copy Over 'G:/Andy/hexo/public/search.xml' -> 'G:/Work/Github/wangandi520.github.io/search.xml' (1,194,788)
2025-03-07 19:59:09: Create Folder G:/Work/Github/wangandi520.github.io/page/6
2025-03-07 19:59:09: Copy Over 'G:/Andy/hexo/public/page/5/index.html' -> 'G:/Work/Github/wangandi520.github.io/page/5/index.html' (50,870)
2025-03-07 19:59:09: < Copy Over 'G:/Andy/hexo/public/search.xml' -> 'G:/Work/Github/wangandi520.github.io/search.xml' (1,194,788)
2025-03-07 19:59:09: Copy Over 'G:/Andy/hexo/public/sitemap.xml' -> 'G:/Work/Github/wangandi520.github.io/sitemap.xml' (32,691)
2025-03-07 19:59:09: Copy New 'G:/Andy/hexo/public/page/6/index.html' -> 'G:/Work/Github/wangandi520.github.io/page/6/index.html' (16,648)
2025-03-07 19:59:09: Copy Over 'G:/Andy/hexo/public/tags/AI/index.html' -> 'G:/Work/Github/wangandi520.github.io/tags/AI/index.html' (13,466)
2025-03-07 19:59:09: Copy Over 'G:/Andy/hexo/public/tags/archlinuxarm/index.html' -> 'G:/Work/Github/wangandi520.github.io/tags/archlinuxarm/index.html' (13,521)
2025-03-07 19:59:09: Copy Over 'G:/Andy/hexo/public/tags/bash/index.html' -> 'G:/Work/Github/wangandi520.github.io/tags/bash/index.html' (13,495)
2025-03-07 19:59:09: Copy Over 'G:/Andy/hexo/public/tags/boox/index.html' -> 'G:/Work/Github/wangandi520.github.io/tags/boox/index.html' (15,524)
2025-03-07 19:59:09: Copy Over 'G:/Andy/hexo/public/tags/hexo/index.html' -> 'G:/Work/Github/wangandi520.github.io/tags/hexo/index.html' (14,207)
2025-03-07 19:59:09: Copy Over 'G:/Andy/hexo/public/tags/html/index.html' -> 'G:/Work/Github/wangandi520.github.io/tags/html/index.html' (13,467)
2025-03-07 19:59:09: Copy Over 'G:/Andy/hexo/public/tags/icarus/index.html' -> 'G:/Work/Github/wangandi520.github.io/tags/icarus/index.html' (13,497)
2025-03-07 19:59:09: Copy Over 'G:/Andy/hexo/public/tags/index.html' -> 'G:/Work/Github/wangandi520.github.io/tags/index.html' (20,253)
2025-03-07 19:59:09: Copy Over 'G:/Andy/hexo/public/tags/javascript/index.html' -> 'G:/Work/Github/wangandi520.github.io/tags/javascript/index.html' (14,154)
2025-03-07 19:59:09: Copy Over 'G:/Andy/hexo/public/tags/kali/index.html' -> 'G:/Work/Github/wangandi520.github.io/tags/kali/index.html' (13,529)
2025-03-07 19:59:09: Copy Over 'G:/Andy/hexo/public/tags/kindle/index.html' -> 'G:/Work/Github/wangandi520.github.io/tags/kindle/index.html' (14,349)
2025-03-07 19:59:09: Copy Over 'G:/Andy/hexo/public/tags/koreader/index.html' -> 'G:/Work/Github/wangandi520.github.io/tags/koreader/index.html' (13,715)
2025-03-07 19:59:09: Copy Over 'G:/Andy/hexo/public/tags/linux/index.html' -> 'G:/Work/Github/wangandi520.github.io/tags/linux/index.html' (13,422)
2025-03-07 19:59:09: Copy Over 'G:/Andy/hexo/public/tags/markdown/index.html' -> 'G:/Work/Github/wangandi520.github.io/tags/markdown/index.html' (13,715)
2025-03-07 19:59:09: Copy Over 'G:/Andy/hexo/public/tags/NeeView/index.html' -> 'G:/Work/Github/wangandi520.github.io/tags/NeeView/index.html' (14,322)
2025-03-07 19:59:09: Copy Over 'G:/Andy/hexo/public/tags/nuc/index.html' -> 'G:/Work/Github/wangandi520.github.io/tags/nuc/index.html' (13,540)
2025-03-07 19:59:09: Copy Over 'G:/Andy/hexo/public/tags/OpenWrt/index.html' -> 'G:/Work/Github/wangandi520.github.io/tags/OpenWrt/index.html' (13,494)
2025-03-07 19:59:09: Copy Over 'G:/Andy/hexo/public/tags/padavan/index.html' -> 'G:/Work/Github/wangandi520.github.io/tags/padavan/index.html' (13,520)
2025-03-07 19:59:09: Copy Over 'G:/Andy/hexo/public/tags/PM2-5/index.html' -> 'G:/Work/Github/wangandi520.github.io/tags/PM2-5/index.html' (13,482)
2025-03-07 19:59:09: Copy Over 'G:/Andy/hexo/public/tags/php/index.html' -> 'G:/Work/Github/wangandi520.github.io/tags/php/index.html' (13,490)
2025-03-07 19:59:09: Copy Over 'G:/Andy/hexo/public/tags/PMS5003ST/index.html' -> 'G:/Work/Github/wangandi520.github.io/tags/PMS5003ST/index.html' (13,502)
2025-03-07 19:59:09: Copy Over 'G:/Andy/hexo/public/tags/python/index.html' -> 'G:/Work/Github/wangandi520.github.io/tags/python/index.html' (15,630)
2025-03-07 19:59:09: Copy Over 'G:/Andy/hexo/public/tags/Qt/index.html' -> 'G:/Work/Github/wangandi520.github.io/tags/Qt/index.html' (14,129)
2025-03-07 19:59:09: Copy Over 'G:/Andy/hexo/public/tags/Raspberry/index.html' -> 'G:/Work/Github/wangandi520.github.io/tags/Raspberry/index.html' (16,952)
2025-03-07 19:59:09: Copy Over 'G:/Andy/hexo/public/tags/REAPER/index.html' -> 'G:/Work/Github/wangandi520.github.io/tags/REAPER/index.html' (13,455)
2025-03-07 19:59:09: Create Folder G:/Work/Github/wangandi520.github.io/tags/个人
2025-03-07 19:59:09: Copy Over 'G:/Andy/hexo/public/tags/webdav/index.html' -> 'G:/Work/Github/wangandi520.github.io/tags/webdav/index.html' (13,561)
2025-03-07 19:59:09: Copy New 'G:/Andy/hexo/public/tags/个人/index.html' -> 'G:/Work/Github/wangandi520.github.io/tags/个人/index.html' (13,525)
2025-03-07 19:59:09: Copy Over 'G:/Andy/hexo/public/tags/y700/index.html' -> 'G:/Work/Github/wangandi520.github.io/tags/y700/index.html' (13,579)
2025-03-07 19:59:09: Copy Over 'G:/Andy/hexo/public/tags/书/index.html' -> 'G:/Work/Github/wangandi520.github.io/tags/书/index.html' (14,202)
2025-03-07 19:59:09: Copy Over 'G:/Andy/hexo/public/tags/仙境传说/index.html' -> 'G:/Work/Github/wangandi520.github.io/tags/仙境传说/index.html' (13,591)
2025-03-07 19:59:09: Copy Over 'G:/Andy/hexo/public/tags/余华/index.html' -> 'G:/Work/Github/wangandi520.github.io/tags/余华/index.html' (13,466)
2025-03-07 19:59:09: Copy Over 'G:/Andy/hexo/public/tags/刷机/index.html' -> 'G:/Work/Github/wangandi520.github.io/tags/刷机/index.html' (13,613)
2025-03-07 19:59:09: Copy Over 'G:/Andy/hexo/public/tags/单车/index.html' -> 'G:/Work/Github/wangandi520.github.io/tags/单车/index.html' (13,597)
2025-03-07 19:59:09: Copy Over 'G:/Andy/hexo/public/tags/学习笔记/index.html' -> 'G:/Work/Github/wangandi520.github.io/tags/学习笔记/index.html' (13,519)
2025-03-07 19:59:09: Copy Over 'G:/Andy/hexo/public/tags/吉他/index.html' -> 'G:/Work/Github/wangandi520.github.io/tags/吉他/index.html' (14,204)
2025-03-07 19:59:09: Copy Over 'G:/Andy/hexo/public/tags/弹弓/index.html' -> 'G:/Work/Github/wangandi520.github.io/tags/弹弓/index.html' (13,525)
2025-03-07 19:59:09: Copy Over 'G:/Andy/hexo/public/tags/微信读书/index.html' -> 'G:/Work/Github/wangandi520.github.io/tags/微信读书/index.html' (13,783)
2025-03-07 19:59:09: Copy Over 'G:/Andy/hexo/public/tags/微雪/index.html' -> 'G:/Work/Github/wangandi520.github.io/tags/微雪/index.html' (13,610)
2025-03-07 19:59:09: Copy Over 'G:/Andy/hexo/public/tags/投资/index.html' -> 'G:/Work/Github/wangandi520.github.io/tags/投资/index.html' (13,501)
2025-03-07 19:59:09: Copy Over 'G:/Andy/hexo/public/tags/摄影/index.html' -> 'G:/Work/Github/wangandi520.github.io/tags/摄影/index.html' (13,597)
2025-03-07 19:59:09: Copy Over 'G:/Andy/hexo/public/tags/指弹/index.html' -> 'G:/Work/Github/wangandi520.github.io/tags/指弹/index.html' (13,476)
2025-03-07 19:59:09: Copy Over 'G:/Andy/hexo/public/tags/摘抄/index.html' -> 'G:/Work/Github/wangandi520.github.io/tags/摘抄/index.html' (13,453)
2025-03-07 19:59:09: Copy Over 'G:/Andy/hexo/public/tags/攀藤/index.html' -> 'G:/Work/Github/wangandi520.github.io/tags/攀藤/index.html' (13,511)
2025-03-07 19:59:09: Copy Over 'G:/Andy/hexo/public/tags/文城/index.html' -> 'G:/Work/Github/wangandi520.github.io/tags/文城/index.html' (13,466)
2025-03-07 19:59:09: Copy Over 'G:/Andy/hexo/public/tags/文石/index.html' -> 'G:/Work/Github/wangandi520.github.io/tags/文石/index.html' (16,478)
2025-03-07 19:59:09: Copy Over 'G:/Andy/hexo/public/tags/日语/index.html' -> 'G:/Work/Github/wangandi520.github.io/tags/日语/index.html' (13,441)
2025-03-07 19:59:09: Copy Over 'G:/Andy/hexo/public/tags/极客/index.html' -> 'G:/Work/Github/wangandi520.github.io/tags/极客/index.html' (13,510)
2025-03-07 19:59:09: Copy Over 'G:/Andy/hexo/public/tags/标注/index.html' -> 'G:/Work/Github/wangandi520.github.io/tags/标注/index.html' (19,835)
2025-03-07 19:59:09: Copy Over 'G:/Andy/hexo/public/tags/树莓派/index.html' -> 'G:/Work/Github/wangandi520.github.io/tags/树莓派/index.html' (17,764)
2025-03-07 19:59:09: Copy Over 'G:/Andy/hexo/public/tags/标注/page/2/index.html' -> 'G:/Work/Github/wangandi520.github.io/tags/标注/page/2/index.html' (15,639)
2025-03-07 19:59:09: Copy Over 'G:/Andy/hexo/public/tags/歌词/index.html' -> 'G:/Work/Github/wangandi520.github.io/tags/歌词/index.html' (13,441)
2025-03-07 19:59:09: Copy Over 'G:/Andy/hexo/public/tags/漫画/index.html' -> 'G:/Work/Github/wangandi520.github.io/tags/漫画/index.html' (16,335)
2025-03-07 19:59:09: Copy Over 'G:/Andy/hexo/public/tags/王小波/index.html' -> 'G:/Work/Github/wangandi520.github.io/tags/王小波/index.html' (14,175)
2025-03-07 19:59:09: Copy Over 'G:/Andy/hexo/public/tags/电吉他/index.html' -> 'G:/Work/Github/wangandi520.github.io/tags/电吉他/index.html' (13,624)
2025-03-07 19:59:09: Copy Over 'G:/Andy/hexo/public/tags/电影/index.html' -> 'G:/Work/Github/wangandi520.github.io/tags/电影/index.html' (14,229)
2025-03-07 19:59:09: Copy Over 'G:/Andy/hexo/public/tags/电纸书/index.html' -> 'G:/Work/Github/wangandi520.github.io/tags/电纸书/index.html' (15,585)
2025-03-07 19:59:09: Copy Over 'G:/Andy/hexo/public/tags/电脑手机技巧/index.html' -> 'G:/Work/Github/wangandi520.github.io/tags/电脑手机技巧/index.html' (13,597)
2025-03-07 19:59:09: Copy Over 'G:/Andy/hexo/public/tags/电脑技巧/index.html' -> 'G:/Work/Github/wangandi520.github.io/tags/电脑技巧/index.html' (14,261)
2025-03-07 19:59:09: Copy Over 'G:/Andy/hexo/public/tags/电视剧/index.html' -> 'G:/Work/Github/wangandi520.github.io/tags/电视剧/index.html' (14,256)
2025-03-07 19:59:09: Copy Over 'G:/Andy/hexo/public/tags/百年孤独/index.html' -> 'G:/Work/Github/wangandi520.github.io/tags/百年孤独/index.html' (13,591)
2025-03-07 19:59:09: Copy Over 'G:/Andy/hexo/public/tags/程序/index.html' -> 'G:/Work/Github/wangandi520.github.io/tags/程序/index.html' (14,856)
2025-03-07 19:59:09: Copy Over 'G:/Andy/hexo/public/tags/笔记/index.html' -> 'G:/Work/Github/wangandi520.github.io/tags/笔记/index.html' (13,549)
2025-03-07 19:59:09: Copy Over 'G:/Andy/hexo/public/tags/红楼梦/index.html' -> 'G:/Work/Github/wangandi520.github.io/tags/红楼梦/index.html' (14,257)
2025-03-07 19:59:09: Copy Over 'G:/Andy/hexo/public/tags/羽毛球/index.html' -> 'G:/Work/Github/wangandi520.github.io/tags/羽毛球/index.html' (13,552)
2025-03-07 19:59:09: Copy Over 'G:/Andy/hexo/public/tags/英语/index.html' -> 'G:/Work/Github/wangandi520.github.io/tags/英语/index.html' (13,441)
2025-03-07 19:59:09: Copy Over 'G:/Andy/hexo/public/tags/西游记/index.html' -> 'G:/Work/Github/wangandi520.github.io/tags/西游记/index.html' (13,541)
2025-03-07 19:59:09: Create Folder G:/Work/Github/wangandi520.github.io/tags/贝壳省心租
2025-03-07 19:59:09: Copy Over 'G:/Andy/hexo/public/tags/评测/index.html' -> 'G:/Work/Github/wangandi520.github.io/tags/评测/index.html' (16,946)
2025-03-07 19:59:09: Copy Over 'G:/Andy/hexo/public/tags/读书笔记/index.html' -> 'G:/Work/Github/wangandi520.github.io/tags/读书笔记/index.html' (19,974)
2025-03-07 19:59:09: Copy New 'G:/Andy/hexo/public/tags/贝壳省心租/index.html' -> 'G:/Work/Github/wangandi520.github.io/tags/贝壳省心租/index.html' (13,606)
2025-03-07 19:59:09: Copy Over 'G:/Andy/hexo/public/tags/读书笔记/page/2/index.html' -> 'G:/Work/Github/wangandi520.github.io/tags/读书笔记/page/2/index.html' (14,475)
2025-03-07 19:59:09: Copy Over 'G:/Andy/hexo/public/tags/路由器/index.html' -> 'G:/Work/Github/wangandi520.github.io/tags/路由器/index.html' (13,566)
2025-03-07 19:59:09: Copy Over 'G:/Andy/hexo/public/tags/钱穆/index.html' -> 'G:/Work/Github/wangandi520.github.io/tags/钱穆/index.html' (13,538)
2025-03-07 19:59:09: Copy Over 'G:/Andy/hexo/public/tags/阅读/index.html' -> 'G:/Work/Github/wangandi520.github.io/tags/阅读/index.html' (19,730)
2025-03-07 19:59:09: Copy Over 'G:/Andy/hexo/public/tags/静读天下专业版/index.html' -> 'G:/Work/Github/wangandi520.github.io/tags/静读天下专业版/index.html' (14,545)
2025-03-07 19:59:09: Copy Over 'G:/Andy/hexo/public/tags/阅读/page/2/index.html' -> 'G:/Work/Github/wangandi520.github.io/tags/阅读/page/2/index.html' (16,917)
2025-03-07 19:59:09: Copy Over 'G:/Andy/hexo/public/tags/音乐/index.html' -> 'G:/Work/Github/wangandi520.github.io/tags/音乐/index.html' (13,597)
2025-03-07 19:59:09: Copy Over 'G:/Andy/hexo/public/tags/音频/index.html' -> 'G:/Work/Github/wangandi520.github.io/tags/音频/index.html' (14,876)
2025-03-07 19:59:09: Close Modified Folder (mod-time, acl): /2017/01/09/kindle标注
2025-03-07 19:59:09: Close Modified Folder (mod-time, acl): /2017/01/09/树莓派-archlinuxarm做路由
2025-03-07 19:59:09: Copy Over 'G:/Andy/hexo/public/tags/食品/index.html' -> 'G:/Work/Github/wangandi520.github.io/tags/食品/index.html' (13,489)
2025-03-07 19:59:09: Close Modified Folder (mod-time, acl): /2017/01/14/路由器发送IP至服务器
2025-03-07 19:59:09: Copy Over 'G:/Andy/hexo/public/tags/魔方/index.html' -> 'G:/Work/Github/wangandi520.github.io/tags/魔方/index.html' (13,465)
2025-03-07 19:59:09: Close Modified Folder (mod-time, acl): /2017/01/09/树莓派3-Raspberry-pi-3-刷kali-3-5寸微雪屏
2025-03-07 19:59:09: Close Modified Folder (mod-time, acl): /2021/03/09/电脑手机技巧
2025-03-07 19:59:09: Copy Over 'G:/Andy/hexo/public/tags/麻将/index.html' -> 'G:/Work/Github/wangandi520.github.io/tags/麻将/index.html' (13,509)
2025-03-07 19:59:09: Close Modified Folder (mod-time, acl): /2021/03/09/红楼梦校注本标注
2025-03-07 19:59:09: Close Modified Folder (mod-time, acl): /2021/03/12/REAPER6学习笔记
2025-03-07 19:59:09: Close Modified Folder (mod-time, acl): /2017/01/09/歌词
2025-03-07 19:59:09: Close Modified Folder (mod-time, acl): /2017/01/09/树莓派3-Raspberry-pi-3-刷OpenWrt
2025-03-07 19:59:09: Close Modified Folder (mod-time, acl): /2021/03/11/魔方笔记
2025-03-07 19:59:09: Close Modified Folder (mod-time, acl): /2021/03/16/西游记校注本标注
2025-03-07 19:59:09: Close Modified Folder (mod-time, acl): /2021/03/16/舒适阅读电子书和漫画
2025-03-07 19:59:09: Close Modified Folder (mod-time, acl): /2021/03/13/文城标注
2025-03-07 19:59:09: Close Modified Folder (mod-time, acl): /2021/03/15/吉他和弦图查询与生成
2025-03-07 19:59:09: Close Modified Folder (mod-time, acl): /2021/03/17/hexo主题icarus的一些玩法
2025-03-07 19:59:09: Close Modified Folder (mod-time, acl): /2021/03/22/搭建webdav服务器实现静读天下同步
2025-03-07 19:59:09: Close Modified Folder (mod-time, acl): /2021/03/18/文石Boox,Kindle,静读天下专业版,微信读书,KOReader的标注转换为Markdown格式
2025-03-07 19:59:09: Close Modified Folder (mod-time, acl): /2021/06/07/红米ac2100路由器刷padavan系统
2025-03-07 19:59:09: Close Modified Folder (mod-time, acl): /2021/09/25/一只特立独行的猪标注
2025-03-07 19:59:09: Close Modified Folder (mod-time, acl): /2021/07/03/几个漫画整理脚本的使用
2025-03-07 19:59:09: Close Modified Folder (mod-time, acl): /2021/10/05/离线漫画NeeView的使用和与其他软件的对比
2025-03-07 19:59:09: Close Modified Folder (mod-time, acl): /2021/12/31/书电影电视剧记录
2025-03-07 19:59:09: Close Modified Folder (mod-time, acl): /2021/09/28/中国历代政治得失标注
2025-03-07 19:59:09: Close Modified Folder (mod-time, acl): /2017/03/23/speaksoftlylove
2025-03-07 19:59:09: Close Modified Folder (mod-time, acl): /2021/10/22/沉默的大多数标注
2025-03-07 19:59:09: Close Modified Folder (mod-time, acl): /2017/05/15/树莓派3B和攀藤PMS5003ST
2025-03-07 19:59:09: Close Modified Folder (mod-time, acl): /2020/03/26/树莓派4B加微雪2.13寸墨水屏监测pm2.5信息
2025-03-07 19:59:09: Close Modified Folder (mod-time, acl): /2019/03/29/文石poke pro,nova pro评测体验
2025-03-07 19:59:09: Close Modified Folder (mod-time, acl): /2019/03/29/文石boox poke pro评测体验
2025-03-07 19:59:09: Close Modified Folder (mod-time, acl): /2019/12/04/老王随机点名器v1.0
2025-03-07 19:59:09: Close Modified Folder (mod-time, acl): /2022/01/08/Seventh9日麻教程 标注
2025-03-07 19:59:09: Close Modified Folder (mod-time, acl): /2022/01/06/书电影电视剧简评
2025-03-07 19:59:09: Close Modified Folder (mod-time, acl): /2022/03/19/几个PyQt程序
2025-03-07 19:59:09: Close Modified Folder (mod-time, acl): /2022/01/26/linux笔记
2025-03-07 19:59:09: Close Modified Folder (mod-time, acl): /2022/01/26/使用archlinux搭建家庭数据服务中心
2025-03-07 19:59:09: Close Modified Folder (mod-time, acl): /2023/01/29/SciTE文本编辑器配置
2025-03-07 19:59:09: Close Modified Folder (mod-time, acl): /2023/05/25/红楼梦人物关系图
2025-03-07 19:59:09: Close Modified Folder (mod-time, acl): /2023/06/06/书籍删减与翻译情况
2025-03-07 19:59:09: Close Modified Folder (mod-time, acl): /2023/06/07/店铺食品用品
2025-03-07 19:59:09: Close Modified Folder (mod-time, acl): /2023/06/11/百年孤独人物关系图
2025-03-07 19:59:09: Close Modified Folder (mod-time, acl): /2023/11/20/小米14的bug
2025-03-07 19:59:09: Close Modified Folder (mod-time, acl): /2023/12/15/音频软件插件简评
2025-03-07 19:59:09: Close Modified Folder (mod-time, acl): /2023/12/25/美丽的世界你在哪里 标注
2025-03-07 19:59:09: Close Modified Folder (mod-time, acl): /2023/12/29/快速上手羽毛球弹弓
2025-03-07 19:59:09: Close Modified Folder (mod-time, acl): /2023/12/29/省钱玩电吉他单车摄影，阅读音乐
2025-03-07 19:59:09: Close Modified Folder (mod-time, acl): /2020/06/23/文石boox nova2评测体验
2025-03-07 19:59:09: Close Modified Folder (mod-time, acl): /2022/08/08/漫画印刷与扫描错误
2025-03-07 19:59:09: Close Modified Folder (mod-time, acl): /2024/02/05/挪威的森林赖明珠译标注
2025-03-07 19:59:09: Close Modified Folder (mod-time, acl): /2024/03/03/立直麻将点数计算工具mahjong-calc
2025-03-07 19:59:09: Close Modified Folder (mod-time, acl): /2024/03/07/neeview一键保存当前图片
2025-03-07 19:59:09: Close Modified Folder (mod-time, acl): /2024/03/13/个人笔记跨平台解决方案
2025-03-07 19:59:09: Close Modified Folder (mod-time, acl): /2024/02/18/中文日文注音使用html上标注音格式
2025-03-07 19:59:09: Close Modified Folder (mod-time, acl): /2024/02/11/使用github的action配合python每天签到
2025-03-07 19:59:09: Close Modified Folder (mod-time, acl): /2024/02/29/hexo和next主题的一些配置
2025-03-07 19:59:09: Close Modified Folder (mod-time, acl): /2024/01/13/联想拯救者y700一代（2022）平板刷机过程
2025-03-07 19:59:09: Close Modified Folder (mod-time, acl): /2024/01/03/Windows和Android优质软件
2025-03-07 19:59:10: Close Modified Folder (mod-time, acl): /2024/04/13/其他标注
2025-03-07 19:59:10: Close Modified Folder (mod-time, acl): /2024/06/06/三日间的幸福标注
2025-03-07 19:59:10: Close Modified Folder (mod-time, acl): /2024/04/25/不能承受的生命之轻标注
2025-03-07 19:59:10: Close Modified Folder (mod-time, acl): /2024/11/09/文石poke6黑色评测体验
2025-03-07 19:59:10: Close Modified Folder (mod-time, acl): /2025/01/10/仙境传说简易入门攻略
2025-03-07 19:59:10: Close Modified Folder (mod-time, acl): /2025/02/24/王小波真正大全集15册标注
2025-03-07 19:59:10: Close Modified Folder (mod-time, acl): /2025/01/26/本地运行deepseekr1模型
2025-03-07 19:59:10: Close Modified Folder (mod-time, acl): /2024/12/13/单页面投资行情
2025-03-07 19:59:10: Close Modified Folder (mod-time, acl): /2025/03/07/贝壳省心租个人体验
2025-03-07 19:59:10: Close Modified Folder (mod-time, acl): /about
2025-03-07 19:59:10: Close Modified Folder (mod-time, acl): /archives/2017/01
2025-03-07 19:59:10: Close Modified Folder (mod-time, acl): /archives/2019/03
2025-03-07 19:59:10: Close Modified Folder (mod-time, acl): /archives/2019/12
2025-03-07 19:59:10: Close Modified Folder (mod-time, acl): /archives/2017/05
2025-03-07 19:59:10: Close Modified Folder (mod-time, acl): /archives/2017/03
2025-03-07 19:59:10: Close Modified Folder (mod-time, acl): /archives/2020/03
2025-03-07 19:59:10: Close Modified Folder (mod-time, acl): /archives/2021/07
2025-03-07 19:59:10: Close Modified Folder (mod-time, acl): /archives/2021/06
2025-03-07 19:59:10: Close Modified Folder (mod-time, acl): /archives/2021/03/page/2
2025-03-07 19:59:10: Close Modified Folder (mod-time, acl): /archives/2021/09
2025-03-07 19:59:10: Close Modified Folder (mod-time, acl): /archives/2021/10
2025-03-07 19:59:10: Close Modified Folder (mod-time, acl): /archives/2021/12
2025-03-07 19:59:10: Close Modified Folder (mod-time, acl): /archives/2020/06
2025-03-07 19:59:10: Close Modified Folder (mod-time, acl): /archives/2021/page/2
2025-03-07 19:59:10: Close Modified Folder (mod-time, acl): /archives/2023/01
2025-03-07 19:59:10: Close Modified Folder (mod-time, acl): /archives/2022/01
2025-03-07 19:59:10: Close Modified Folder (mod-time, acl): /archives/2023/05
2025-03-07 19:59:10: Close Modified Folder (mod-time, acl): /archives/2023/06
2025-03-07 19:59:10: Close Modified Folder (mod-time, acl): /archives/2023/11
2025-03-07 19:59:10: Close Modified Folder (mod-time, acl): /archives/2023/12
2025-03-07 19:59:10: Close Modified Folder (mod-time, acl): /archives/2022/03
2025-03-07 19:59:10: Close Modified Folder (mod-time, acl): /archives/2022/08
2025-03-07 19:59:10: Close Modified Folder (mod-time, acl): /archives/2024/01
2025-03-07 19:59:10: Close Modified Folder (mod-time, acl): /archives/2025/01
2025-03-07 19:59:10: Close Modified Folder (mod-time, acl): /archives/2025/02
2025-03-07 19:59:10: Close Modified Folder (mod-time, acl): /archives/2025/03
2025-03-07 19:59:10: Close Modified Folder (mod-time, acl): /archives/2024/02
2025-03-07 19:59:10: Close Modified Folder (mod-time, acl): /archives/2024/03
2025-03-07 19:59:10: Close Modified Folder (mod-time, acl): /archives/2024/04
2025-03-07 19:59:10: Close Modified Folder (mod-time, acl): /archives/2024/06
2025-03-07 19:59:10: Close Modified Folder (mod-time, acl): /archives/2024/11
2025-03-07 19:59:10: Close Modified Folder (mod-time, acl): /archives/2024/12
2025-03-07 19:59:10: Close Modified Folder (mod-time, acl): /archives/2024/page/2
2025-03-07 19:59:10: Close Modified Folder (mod-time, acl): /archives/page/2
2025-03-07 19:59:10: Close Modified Folder (mod-time, acl): /archives/page/3
2025-03-07 19:59:10: Close Modified Folder (mod-time, acl): /archives/page/4
2025-03-07 19:59:10: Close Modified Folder (mod-time, acl): /archives/page/7
2025-03-07 19:59:10: Close Modified Folder (mod-time, acl): /archives/page/6
2025-03-07 19:59:10: Close Modified Folder (mod-time, acl): /archives/page/5
2025-03-07 19:59:10: Close Modified Folder (mod-time, acl): /categories/个人
2025-03-07 19:59:10: Close Modified Folder (mod-time, acl): /categories/吉他
2025-03-07 19:59:10: Close Modified Folder (mod-time, acl): /categories/学习笔记
2025-03-07 19:59:10: Close Modified Folder (mod-time, acl): /categories/极客
2025-03-07 19:59:10: Close Modified Folder (mod-time, acl): /categories/游戏
2025-03-07 19:59:10: Close Modified Folder (mod-time, acl): /categories/程序/page/2
2025-03-07 19:59:10: Close Modified Folder (mod-time, acl): /categories/程序/page/3
2025-03-07 19:59:10: Close Modified Folder (mod-time, acl): /categories/读书笔记/page/2
2025-03-07 19:59:10: Close Modified Folder (mod-time, acl): /links
2025-03-07 19:59:10: Close Modified Folder (mod-time, acl): /page/3
2025-03-07 19:59:10: Close Modified Folder (mod-time, acl): /page/2
2025-03-07 19:59:10: Close Modified Folder (mod-time, acl): /page/4
2025-03-07 19:59:10: Close Modified Folder (mod-time, acl): /page/5
2025-03-07 19:59:10: Close Modified Folder (mod-time, acl): /page/6
2025-03-07 19:59:10: Close Modified Folder (mod-time, acl): /tags/AI
2025-03-07 19:59:10: Close Modified Folder (mod-time, acl): /tags/archlinuxarm
2025-03-07 19:59:10: Close Modified Folder (mod-time, acl): /tags/bash
2025-03-07 19:59:10: Close Modified Folder (mod-time, acl): /tags/boox
2025-03-07 19:59:10: Close Modified Folder (mod-time, acl): /tags/hexo
2025-03-07 19:59:10: Close Modified Folder (mod-time, acl): /tags/html
2025-03-07 19:59:10: Close Modified Folder (mod-time, acl): /tags/icarus
2025-03-07 19:59:10: Close Modified Folder (mod-time, acl): /tags/javascript
2025-03-07 19:59:10: Close Modified Folder (mod-time, acl): /tags/kali
2025-03-07 19:59:10: Close Modified Folder (mod-time, acl): /tags/kindle
2025-03-07 19:59:10: Close Modified Folder (mod-time, acl): /tags/koreader
2025-03-07 19:59:10: Close Modified Folder (mod-time, acl): /tags/linux
2025-03-07 19:59:10: Close Modified Folder (mod-time, acl): /tags/markdown
2025-03-07 19:59:10: Close Modified Folder (mod-time, acl): /tags/NeeView
2025-03-07 19:59:10: Close Modified Folder (mod-time, acl): /tags/nuc
2025-03-07 19:59:10: Close Modified Folder (mod-time, acl): /tags/OpenWrt
2025-03-07 19:59:10: Close Modified Folder (mod-time, acl): /tags/padavan
2025-03-07 19:59:10: Close Modified Folder (mod-time, acl): /tags/PM2-5
2025-03-07 19:59:10: Close Modified Folder (mod-time, acl): /tags/php
2025-03-07 19:59:10: Close Modified Folder (mod-time, acl): /tags/PMS5003ST
2025-03-07 19:59:10: Close Modified Folder (mod-time, acl): /tags/python
2025-03-07 19:59:10: Close Modified Folder (mod-time, acl): /tags/Qt
2025-03-07 19:59:10: Close Modified Folder (mod-time, acl): /tags/Raspberry
2025-03-07 19:59:10: Close Modified Folder (mod-time, acl): /tags/REAPER
2025-03-07 19:59:10: Close Modified Folder (mod-time, acl): /tags/webdav
2025-03-07 19:59:10: Close Modified Folder (mod-time, acl): /tags/个人
2025-03-07 19:59:10: Close Modified Folder (mod-time, acl): /tags/书
2025-03-07 19:59:10: Close Modified Folder (mod-time, acl): /tags/y700
2025-03-07 19:59:10: Close Modified Folder (mod-time, acl): /tags/仙境传说
2025-03-07 19:59:10: Close Modified Folder (mod-time, acl): /tags/余华
2025-03-07 19:59:10: Close Modified Folder (mod-time, acl): /tags/刷机
2025-03-07 19:59:10: Close Modified Folder (mod-time, acl): /tags/单车
2025-03-07 19:59:10: Close Modified Folder (mod-time, acl): /tags/学习笔记
2025-03-07 19:59:10: Close Modified Folder (mod-time, acl): /tags/吉他
2025-03-07 19:59:10: Close Modified Folder (mod-time, acl): /tags/弹弓
2025-03-07 19:59:10: Close Modified Folder (mod-time, acl): /tags/微雪
2025-03-07 19:59:10: Close Modified Folder (mod-time, acl): /tags/微信读书
2025-03-07 19:59:10: Close Modified Folder (mod-time, acl): /tags/投资
2025-03-07 19:59:10: Close Modified Folder (mod-time, acl): /tags/摄影
2025-03-07 19:59:10: Close Modified Folder (mod-time, acl): /tags/指弹
2025-03-07 19:59:10: Close Modified Folder (mod-time, acl): /tags/摘抄
2025-03-07 19:59:10: Close Modified Folder (mod-time, acl): /tags/攀藤
2025-03-07 19:59:10: Close Modified Folder (mod-time, acl): /tags/文城
2025-03-07 19:59:10: Close Modified Folder (mod-time, acl): /tags/文石
2025-03-07 19:59:10: Close Modified Folder (mod-time, acl): /tags/日语
2025-03-07 19:59:10: Close Modified Folder (mod-time, acl): /tags/极客
2025-03-07 19:59:10: Close Modified Folder (mod-time, acl): /tags/树莓派
2025-03-07 19:59:10: Close Modified Folder (mod-time, acl): /tags/标注/page/2
2025-03-07 19:59:10: Close Modified Folder (mod-time, acl): /tags/歌词
2025-03-07 19:59:10: Close Modified Folder (mod-time, acl): /tags/漫画
2025-03-07 19:59:10: Close Modified Folder (mod-time, acl): /tags/王小波
2025-03-07 19:59:10: Close Modified Folder (mod-time, acl): /tags/电吉他
2025-03-07 19:59:10: Close Modified Folder (mod-time, acl): /tags/电影
2025-03-07 19:59:10: Close Modified Folder (mod-time, acl): /tags/电纸书
2025-03-07 19:59:10: Close Modified Folder (mod-time, acl): /tags/电脑手机技巧
2025-03-07 19:59:10: Close Modified Folder (mod-time, acl): /tags/电脑技巧
2025-03-07 19:59:10: Close Modified Folder (mod-time, acl): /tags/电视剧
2025-03-07 19:59:10: Close Modified Folder (mod-time, acl): /tags/百年孤独
2025-03-07 19:59:10: Close Modified Folder (mod-time, acl): /tags/程序
2025-03-07 19:59:10: Close Modified Folder (mod-time, acl): /tags/笔记
2025-03-07 19:59:10: Close Modified Folder (mod-time, acl): /tags/红楼梦
2025-03-07 19:59:10: Close Modified Folder (mod-time, acl): /tags/羽毛球
2025-03-07 19:59:10: Close Modified Folder (mod-time, acl): /tags/英语
2025-03-07 19:59:10: Close Modified Folder (mod-time, acl): /tags/西游记
2025-03-07 19:59:10: Close Modified Folder (mod-time, acl): /tags/评测
2025-03-07 19:59:10: Close Modified Folder (mod-time, acl): /tags/贝壳省心租
2025-03-07 19:59:10: Close Modified Folder (mod-time, acl): /tags/读书笔记/page/2
2025-03-07 19:59:10: Close Modified Folder (mod-time, acl): /tags/路由器
2025-03-07 19:59:10: Close Modified Folder (mod-time, acl): /tags/钱穆
2025-03-07 19:59:10: Close Modified Folder (mod-time, acl): /tags/静读天下专业版
2025-03-07 19:59:10: Close Modified Folder (mod-time, acl): /tags/阅读/page/2
2025-03-07 19:59:10: Close Modified Folder (mod-time, acl): /tags/音乐
2025-03-07 19:59:10: Close Modified Folder (mod-time, acl): /tags/音频
2025-03-07 19:59:10: Close Modified Folder (mod-time, acl): /tags/食品
2025-03-07 19:59:10: Close Modified Folder (mod-time, acl): /tags/魔方
2025-03-07 19:59:10: Close Modified Folder (mod-time, acl): /tags/麻将
2025-03-07 19:59:10: Close Modified Folder (mod-time, acl): /2025/03/07
2025-03-07 19:59:10: Close Modified Folder (mod-time, acl): /archives/2019
2025-03-07 19:59:10: Close Modified Folder (mod-time, acl): /archives/2017
2025-03-07 19:59:10: Close Modified Folder (mod-time, acl): /archives/2020
2025-03-07 19:59:10: Close Modified Folder (mod-time, acl): /archives/2022
2025-03-07 19:59:10: Close Modified Folder (mod-time, acl): /archives/2025
2025-03-07 19:59:10: Close Modified Folder (mod-time, acl): /page
2025-03-07 19:59:10: Close Modified Folder (mod-time, acl): /2025/03
2025-03-07 19:59:10: Close Modified Folder (mod-time, acl): /archives/2021/03
2025-03-07 19:59:10: Close Modified Folder (mod-time, acl): /archives/2023
2025-03-07 19:59:10: Close Modified Folder (mod-time, acl): /archives/2024
2025-03-07 19:59:10: Close Modified Folder (mod-time, acl): /categories/评测
2025-03-07 19:59:10: Close Modified Folder (mod-time, acl): /categories/程序
2025-03-07 19:59:10: Close Modified Folder (mod-time, acl): /categories/读书笔记
2025-03-07 19:59:10: Close Modified Folder (mod-time, acl): /tags/标注
2025-03-07 19:59:10: Close Modified Folder (mod-time, acl): /tags/读书笔记
2025-03-07 19:59:10: Close Modified Folder (mod-time, acl): /tags/阅读
2025-03-07 19:59:10: Close Modified Folder (mod-time, acl): /2025
2025-03-07 19:59:10: Close Modified Folder (mod-time, acl): /archives/2021
2025-03-07 19:59:10: Close Modified Folder (mod-time, acl): /categories
2025-03-07 19:59:10: Close Modified Folder (mod-time, acl): /tags
2025-03-07 19:59:10: Close Modified Folder (mod-time, acl): /archives
2025-03-07 19:59:10: Save State File G:/Andy/hexo/public/_gsdata_/_file_state_v4._gs
2025-03-07 19:59:10: Save State File G:/Work/Github/wangandi520.github.io/_gsdata_/_file_state_v4._gs
2025-03-07 19:59:10: == Sync Complete. Time: 00:00:01, Speed: 0.00/s, OK: 308, Errors: 0
