2025-02-13 16:12:29: == Sync Started by User Command
2025-02-13 16:12:29: ConnectCloned connected to file:///G:/Andy/hexo/public
2025-02-13 16:12:29: ConnectCloned connected to file:///G:/Andy/hexo/public
2025-02-13 16:12:29: ConnectCloned connected to file:///G:/Andy/hexo/public
2025-02-13 16:12:29: ConnectCloned connected to file:///G:/Work/Github/wangandi520.github.io
2025-02-13 16:12:29: ConnectCloned connected to file:///G:/Work/Github/wangandi520.github.io
2025-02-13 16:12:29: ConnectCloned connected to file:///G:/Work/Github/wangandi520.github.io
2025-02-13 16:12:30: Copy Over 'G:/Andy/hexo/public/2017/03/23/speaksoftlylove/index.html' -> 'G:/Work/Github/wangandi520.github.io/2017/03/23/speaksoftlylove/index.html' (20,255)
2025-02-13 16:12:30: Copy Over 'G:/Andy/hexo/public/2021/03/09/电脑手机技巧/index.html' -> 'G:/Work/Github/wangandi520.github.io/2021/03/09/电脑手机技巧/index.html' (62,735)
2025-02-13 16:12:30: Copy Over 'G:/Andy/hexo/public/2017/01/09/kindle标注/index.html' -> 'G:/Work/Github/wangandi520.github.io/2017/01/09/kindle标注/index.html' (214,863)
2025-02-13 16:12:30: Copy Over 'G:/Andy/hexo/public/2017/01/09/树莓派-archlinuxarm做路由/index.html' -> 'G:/Work/Github/wangandi520.github.io/2017/01/09/树莓派-archlinuxarm做路由/index.html' (23,434)
2025-02-13 16:12:30: Copy Over 'G:/Andy/hexo/public/2017/01/09/树莓派3-Raspberry-pi-3-刷kali-3-5寸微雪屏/index.html' -> 'G:/Work/Github/wangandi520.github.io/2017/01/09/树莓派3-Raspberry-pi-3-刷kali-3-5寸微雪屏/index.html' (25,433)
2025-02-13 16:12:30: Copy Over 'G:/Andy/hexo/public/2021/03/09/红楼梦校注本标注/index.html' -> 'G:/Work/Github/wangandi520.github.io/2021/03/09/红楼梦校注本标注/index.html' (28,891)
2025-02-13 16:12:30: Copy Over 'G:/Andy/hexo/public/2017/01/09/树莓派3-Raspberry-pi-3-刷OpenWrt/index.html' -> 'G:/Work/Github/wangandi520.github.io/2017/01/09/树莓派3-Raspberry-pi-3-刷OpenWrt/index.html' (32,831)
2025-02-13 16:12:30: Copy Over 'G:/Andy/hexo/public/2017/01/09/歌词/index.html' -> 'G:/Work/Github/wangandi520.github.io/2017/01/09/歌词/index.html' (164,932)
2025-02-13 16:12:30: Copy Over 'G:/Andy/hexo/public/2021/03/11/魔方笔记/index.html' -> 'G:/Work/Github/wangandi520.github.io/2021/03/11/魔方笔记/index.html' (24,610)
2025-02-13 16:12:30: Copy Over 'G:/Andy/hexo/public/2021/03/12/REAPER6学习笔记/index.html' -> 'G:/Work/Github/wangandi520.github.io/2021/03/12/REAPER6学习笔记/index.html' (39,174)
2025-02-13 16:12:30: Copy Over 'G:/Andy/hexo/public/2021/03/13/文城标注/index.html' -> 'G:/Work/Github/wangandi520.github.io/2021/03/13/文城标注/index.html' (26,299)
2025-02-13 16:12:30: Copy Over 'G:/Andy/hexo/public/2021/03/15/吉他和弦图查询与生成/index.html' -> 'G:/Work/Github/wangandi520.github.io/2021/03/15/吉他和弦图查询与生成/index.html' (23,493)
2025-02-13 16:12:30: Copy Over 'G:/Andy/hexo/public/2021/03/15/文石Boox,Kindle,静读天下专业版,微信读书,KOReader的标注转换为Markdown格式/index.html' -> 'G:/Work/Github/wangandi520.github.io/2021/03/15/文石Boox,Kindle,静读天下专业版,微信读书,KOReader的标注转换为Markdown格式/index.html' (28,787)
2025-02-13 16:12:30: Copy Over 'G:/Andy/hexo/public/2021/03/16/舒适阅读电子书和漫画/index.html' -> 'G:/Work/Github/wangandi520.github.io/2021/03/16/舒适阅读电子书和漫画/index.html' (39,715)
2025-02-13 16:12:30: Copy Over 'G:/Andy/hexo/public/2021/03/17/hexo主题icarus的一些玩法/index.html' -> 'G:/Work/Github/wangandi520.github.io/2021/03/17/hexo主题icarus的一些玩法/index.html' (27,405)
2025-02-13 16:12:30: Copy Over 'G:/Andy/hexo/public/2021/03/16/西游记校注本标注/index.html' -> 'G:/Work/Github/wangandi520.github.io/2021/03/16/西游记校注本标注/index.html' (27,288)
2025-02-13 16:12:30: Copy Over 'G:/Andy/hexo/public/2021/03/22/搭建webdav服务器实现静读天下同步/index.html' -> 'G:/Work/Github/wangandi520.github.io/2021/03/22/搭建webdav服务器实现静读天下同步/index.html' (27,415)
2025-02-13 16:12:30: Copy Over 'G:/Andy/hexo/public/2017/01/14/路由器发送IP至服务器/index.html' -> 'G:/Work/Github/wangandi520.github.io/2017/01/14/路由器发送IP至服务器/index.html' (26,802)
2025-02-13 16:12:30: Copy Over 'G:/Andy/hexo/public/2021/06/07/红米ac2100路由器刷padavan系统/index.html' -> 'G:/Work/Github/wangandi520.github.io/2021/06/07/红米ac2100路由器刷padavan系统/index.html' (25,777)
2025-02-13 16:12:30: Copy Over 'G:/Andy/hexo/public/2021/07/03/几个漫画整理脚本的使用/index.html' -> 'G:/Work/Github/wangandi520.github.io/2021/07/03/几个漫画整理脚本的使用/index.html' (64,291)
2025-02-13 16:12:30: Copy Over 'G:/Andy/hexo/public/2021/09/25/一只特立独行的猪标注/index.html' -> 'G:/Work/Github/wangandi520.github.io/2021/09/25/一只特立独行的猪标注/index.html' (48,811)
2025-02-13 16:12:30: Copy Over 'G:/Andy/hexo/public/2021/10/05/离线漫画NeeView的使用和与其他软件的对比/index.html' -> 'G:/Work/Github/wangandi520.github.io/2021/10/05/离线漫画NeeView的使用和与其他软件的对比/index.html' (27,419)
2025-02-13 16:12:30: Copy Over 'G:/Andy/hexo/public/2021/10/22/沉默的大多数标注/index.html' -> 'G:/Work/Github/wangandi520.github.io/2021/10/22/沉默的大多数标注/index.html' (44,785)
2025-02-13 16:12:30: Copy Over 'G:/Andy/hexo/public/2021/09/28/中国历代政治得失标注/index.html' -> 'G:/Work/Github/wangandi520.github.io/2021/09/28/中国历代政治得失标注/index.html' (69,483)
2025-02-13 16:12:30: Copy Over 'G:/Andy/hexo/public/2020/06/23/文石boox nova2评测体验/index.html' -> 'G:/Work/Github/wangandi520.github.io/2020/06/23/文石boox nova2评测体验/index.html' (29,981)
2025-02-13 16:12:30: Copy Over 'G:/Andy/hexo/public/2017/05/15/树莓派3B和攀藤PMS5003ST/index.html' -> 'G:/Work/Github/wangandi520.github.io/2017/05/15/树莓派3B和攀藤PMS5003ST/index.html' (56,711)
2025-02-13 16:12:30: Copy Over 'G:/Andy/hexo/public/2021/12/31/书电影电视剧记录/index.html' -> 'G:/Work/Github/wangandi520.github.io/2021/12/31/书电影电视剧记录/index.html' (208,529)
2025-02-13 16:12:30: Copy Over 'G:/Andy/hexo/public/2020/03/26/树莓派4B加微雪2.13寸墨水屏监测pm2.5信息/index.html' -> 'G:/Work/Github/wangandi520.github.io/2020/03/26/树莓派4B加微雪2.13寸墨水屏监测pm2.5信息/index.html' (29,681)
2025-02-13 16:12:30: Copy Over 'G:/Andy/hexo/public/2019/03/29/文石boox poke pro评测体验/index.html' -> 'G:/Work/Github/wangandi520.github.io/2019/03/29/文石boox poke pro评测体验/index.html' (26,288)
2025-02-13 16:12:30: Copy Over 'G:/Andy/hexo/public/2019/12/04/老王随机点名器v1.0/index.html' -> 'G:/Work/Github/wangandi520.github.io/2019/12/04/老王随机点名器v1.0/index.html' (21,561)
2025-02-13 16:12:30: Copy Over 'G:/Andy/hexo/public/2019/03/29/文石poke pro,nova pro评测体验/index.html' -> 'G:/Work/Github/wangandi520.github.io/2019/03/29/文石poke pro,nova pro评测体验/index.html' (23,572)
2025-02-13 16:12:30: Copy Over 'G:/Andy/hexo/public/2022/01/06/书电影电视剧简评/index.html' -> 'G:/Work/Github/wangandi520.github.io/2022/01/06/书电影电视剧简评/index.html' (56,403)
2025-02-13 16:12:30: Copy Over 'G:/Andy/hexo/public/2022/03/19/几个PyQt程序/index.html' -> 'G:/Work/Github/wangandi520.github.io/2022/03/19/几个PyQt程序/index.html' (28,096)
2025-02-13 16:12:30: Copy Over 'G:/Andy/hexo/public/2022/01/26/使用archlinux搭建家庭数据服务中心/index.html' -> 'G:/Work/Github/wangandi520.github.io/2022/01/26/使用archlinux搭建家庭数据服务中心/index.html' (88,215)
2025-02-13 16:12:30: Copy Over 'G:/Andy/hexo/public/2022/01/26/linux笔记/index.html' -> 'G:/Work/Github/wangandi520.github.io/2022/01/26/linux笔记/index.html' (47,385)
2025-02-13 16:12:30: Copy Over 'G:/Andy/hexo/public/2022/08/08/漫画印刷与扫描错误/index.html' -> 'G:/Work/Github/wangandi520.github.io/2022/08/08/漫画印刷与扫描错误/index.html' (47,912)
2025-02-13 16:12:30: Copy Over 'G:/Andy/hexo/public/2022/01/08/Seventh9日麻教程（79博客）v1.2/index.html' -> 'G:/Work/Github/wangandi520.github.io/2022/01/08/Seventh9日麻教程（79博客）v1.2/index.html' (58,659)
2025-02-13 16:12:30: Copy Over 'G:/Andy/hexo/public/2023/01/29/SciTE文本编辑器配置/index.html' -> 'G:/Work/Github/wangandi520.github.io/2023/01/29/SciTE文本编辑器配置/index.html' (25,768)
2025-02-13 16:12:30: Copy Over 'G:/Andy/hexo/public/2023/05/25/红楼梦人物关系图/index.html' -> 'G:/Work/Github/wangandi520.github.io/2023/05/25/红楼梦人物关系图/index.html' (19,553)
2025-02-13 16:12:30: Copy Over 'G:/Andy/hexo/public/2023/06/06/书籍删减与翻译情况/index.html' -> 'G:/Work/Github/wangandi520.github.io/2023/06/06/书籍删减与翻译情况/index.html' (27,148)
2025-02-13 16:12:30: Copy Over 'G:/Andy/hexo/public/2023/11/20/小米14的bug/index.html' -> 'G:/Work/Github/wangandi520.github.io/2023/11/20/小米14的bug/index.html' (23,584)
2025-02-13 16:12:30: Copy Over 'G:/Andy/hexo/public/2023/12/15/音频软件插件简评/index.html' -> 'G:/Work/Github/wangandi520.github.io/2023/12/15/音频软件插件简评/index.html' (30,408)
2025-02-13 16:12:30: Copy Over 'G:/Andy/hexo/public/2023/12/29/快速上手羽毛球弹弓/index.html' -> 'G:/Work/Github/wangandi520.github.io/2023/12/29/快速上手羽毛球弹弓/index.html' (23,584)
2025-02-13 16:12:30: Copy Over 'G:/Andy/hexo/public/2023/12/29/省钱玩电吉他单车摄影，阅读音乐/index.html' -> 'G:/Work/Github/wangandi520.github.io/2023/12/29/省钱玩电吉他单车摄影，阅读音乐/index.html' (29,842)
2025-02-13 16:12:30: Copy Over 'G:/Andy/hexo/public/2023/06/07/店铺食品用品/index.html' -> 'G:/Work/Github/wangandi520.github.io/2023/06/07/店铺食品用品/index.html' (26,060)
2025-02-13 16:12:30: Copy Over 'G:/Andy/hexo/public/2023/12/25/美丽的世界你在哪里/index.html' -> 'G:/Work/Github/wangandi520.github.io/2023/12/25/美丽的世界你在哪里/index.html' (28,239)
2025-02-13 16:12:30: Copy Over 'G:/Andy/hexo/public/2023/06/11/百年孤独人物关系图/index.html' -> 'G:/Work/Github/wangandi520.github.io/2023/06/11/百年孤独人物关系图/index.html' (19,547)
2025-02-13 16:12:30: Copy Over 'G:/Andy/hexo/public/2024/01/03/Windows和Android优质软件/index.html' -> 'G:/Work/Github/wangandi520.github.io/2024/01/03/Windows和Android优质软件/index.html' (23,442)
2025-02-13 16:12:30: Copy Over 'G:/Andy/hexo/public/2024/01/13/联想拯救者y700一代（2022）平板刷机过程/index.html' -> 'G:/Work/Github/wangandi520.github.io/2024/01/13/联想拯救者y700一代（2022）平板刷机过程/index.html' (29,383)
2025-02-13 16:12:30: Copy Over 'G:/Andy/hexo/public/2024/03/03/立直麻将点数计算工具mahjong-calc/index.html' -> 'G:/Work/Github/wangandi520.github.io/2024/03/03/立直麻将点数计算工具mahjong-calc/index.html' (24,004)
2025-02-13 16:12:30: Copy Over 'G:/Andy/hexo/public/2024/02/05/挪威的森林赖明珠译标注/index.html' -> 'G:/Work/Github/wangandi520.github.io/2024/02/05/挪威的森林赖明珠译标注/index.html' (34,507)
2025-02-13 16:12:30: Copy Over 'G:/Andy/hexo/public/2024/03/07/neeview一键保存当前图片/index.html' -> 'G:/Work/Github/wangandi520.github.io/2024/03/07/neeview一键保存当前图片/index.html' (30,437)
2025-02-13 16:12:30: Copy Over 'G:/Andy/hexo/public/2024/02/11/使用github的action配合python每天签到/index.html' -> 'G:/Work/Github/wangandi520.github.io/2024/02/11/使用github的action配合python每天签到/index.html' (23,910)
2025-02-13 16:12:30: Copy Over 'G:/Andy/hexo/public/2024/03/13/个人笔记跨平台解决方案/index.html' -> 'G:/Work/Github/wangandi520.github.io/2024/03/13/个人笔记跨平台解决方案/index.html' (25,223)
2025-02-13 16:12:30: Copy Over 'G:/Andy/hexo/public/2024/02/18/中文日文注音使用html上标注音格式/index.html' -> 'G:/Work/Github/wangandi520.github.io/2024/02/18/中文日文注音使用html上标注音格式/index.html' (26,907)
2025-02-13 16:12:30: Copy Over 'G:/Andy/hexo/public/2024/04/13/其他标注/index.html' -> 'G:/Work/Github/wangandi520.github.io/2024/04/13/其他标注/index.html' (54,593)
2025-02-13 16:12:30: Copy Over 'G:/Andy/hexo/public/2024/04/25/不能承受的生命之轻标注/index.html' -> 'G:/Work/Github/wangandi520.github.io/2024/04/25/不能承受的生命之轻标注/index.html' (40,829)
2025-02-13 16:12:30: Copy Over 'G:/Andy/hexo/public/2024/06/06/三日间的幸福标注/index.html' -> 'G:/Work/Github/wangandi520.github.io/2024/06/06/三日间的幸福标注/index.html' (25,691)
2025-02-13 16:12:30: Copy Over 'G:/Andy/hexo/public/2024/02/29/hexo和next主题的一些配置/index.html' -> 'G:/Work/Github/wangandi520.github.io/2024/02/29/hexo和next主题的一些配置/index.html' (58,214)
2025-02-13 16:12:30: Copy Over 'G:/Andy/hexo/public/2024/11/09/文石poke6黑色评测体验/index.html' -> 'G:/Work/Github/wangandi520.github.io/2024/11/09/文石poke6黑色评测体验/index.html' (23,345)
2025-02-13 16:12:30: Copy Over 'G:/Andy/hexo/public/2024/12/13/单页面投资行情/index.html' -> 'G:/Work/Github/wangandi520.github.io/2024/12/13/单页面投资行情/index.html' (23,829)
2025-02-13 16:12:30: Copy Over 'G:/Andy/hexo/public/404.html' -> 'G:/Work/Github/wangandi520.github.io/404.html' (14,170)
2025-02-13 16:12:30: Copy Over 'G:/Andy/hexo/public/2025/01/10/仙境传说简易入门攻略/index.html' -> 'G:/Work/Github/wangandi520.github.io/2025/01/10/仙境传说简易入门攻略/index.html' (61,439)
2025-02-13 16:12:30: Copy Over 'G:/Andy/hexo/public/2025/01/26/本地运行deepseekr1模型/index.html' -> 'G:/Work/Github/wangandi520.github.io/2025/01/26/本地运行deepseekr1模型/index.html' (26,456)
2025-02-13 16:12:30: Copy Over 'G:/Andy/hexo/public/about/index.html' -> 'G:/Work/Github/wangandi520.github.io/about/index.html' (16,986)
2025-02-13 16:12:30: Copy Over 'G:/Andy/hexo/public/archives/2019/03/index.html' -> 'G:/Work/Github/wangandi520.github.io/archives/2019/03/index.html' (15,076)
2025-02-13 16:12:30: Copy Over 'G:/Andy/hexo/public/archives/2017/01/index.html' -> 'G:/Work/Github/wangandi520.github.io/archives/2017/01/index.html' (17,428)
2025-02-13 16:12:30: Copy Over 'G:/Andy/hexo/public/archives/2019/12/index.html' -> 'G:/Work/Github/wangandi520.github.io/archives/2019/12/index.html' (14,443)
2025-02-13 16:12:30: Copy Over 'G:/Andy/hexo/public/archives/2019/index.html' -> 'G:/Work/Github/wangandi520.github.io/archives/2019/index.html' (15,672)
2025-02-13 16:12:30: Copy Over 'G:/Andy/hexo/public/archives/2017/03/index.html' -> 'G:/Work/Github/wangandi520.github.io/archives/2017/03/index.html' (14,410)
2025-02-13 16:12:30: Copy Over 'G:/Andy/hexo/public/archives/2017/05/index.html' -> 'G:/Work/Github/wangandi520.github.io/archives/2017/05/index.html' (14,445)
2025-02-13 16:12:30: Copy Over 'G:/Andy/hexo/public/archives/2017/index.html' -> 'G:/Work/Github/wangandi520.github.io/archives/2017/index.html' (18,598)
2025-02-13 16:12:30: Copy Over 'G:/Andy/hexo/public/archives/2020/03/index.html' -> 'G:/Work/Github/wangandi520.github.io/archives/2020/03/index.html' (14,544)
2025-02-13 16:12:30: Copy Over 'G:/Andy/hexo/public/archives/2021/03/index.html' -> 'G:/Work/Github/wangandi520.github.io/archives/2021/03/index.html' (20,435)
2025-02-13 16:12:30: Copy Over 'G:/Andy/hexo/public/archives/2021/06/index.html' -> 'G:/Work/Github/wangandi520.github.io/archives/2021/06/index.html' (14,474)
2025-02-13 16:12:30: Copy Over 'G:/Andy/hexo/public/archives/2021/07/index.html' -> 'G:/Work/Github/wangandi520.github.io/archives/2021/07/index.html' (14,484)
2025-02-13 16:12:30: Copy Over 'G:/Andy/hexo/public/archives/2021/09/index.html' -> 'G:/Work/Github/wangandi520.github.io/archives/2021/09/index.html' (15,107)
2025-02-13 16:12:30: Copy Over 'G:/Andy/hexo/public/archives/2021/03/page/2/index.html' -> 'G:/Work/Github/wangandi520.github.io/archives/2021/03/page/2/index.html' (14,719)
2025-02-13 16:12:30: Copy Over 'G:/Andy/hexo/public/archives/2021/index.html' -> 'G:/Work/Github/wangandi520.github.io/archives/2021/index.html' (20,536)
2025-02-13 16:12:30: Copy Over 'G:/Andy/hexo/public/archives/2021/10/index.html' -> 'G:/Work/Github/wangandi520.github.io/archives/2021/10/index.html' (15,168)
2025-02-13 16:12:30: Copy Over 'G:/Andy/hexo/public/archives/2021/12/index.html' -> 'G:/Work/Github/wangandi520.github.io/archives/2021/12/index.html' (14,454)
2025-02-13 16:12:30: Copy Over 'G:/Andy/hexo/public/archives/2020/index.html' -> 'G:/Work/Github/wangandi520.github.io/archives/2020/index.html' (15,142)
2025-02-13 16:12:30: Copy Over 'G:/Andy/hexo/public/archives/2020/06/index.html' -> 'G:/Work/Github/wangandi520.github.io/archives/2020/06/index.html' (14,445)
2025-02-13 16:12:30: Copy Over 'G:/Andy/hexo/public/archives/2021/page/2/index.html' -> 'G:/Work/Github/wangandi520.github.io/archives/2021/page/2/index.html' (19,080)
2025-02-13 16:12:30: Copy Over 'G:/Andy/hexo/public/archives/2023/05/index.html' -> 'G:/Work/Github/wangandi520.github.io/archives/2023/05/index.html' (14,460)
2025-02-13 16:12:30: Copy Over 'G:/Andy/hexo/public/archives/2023/06/index.html' -> 'G:/Work/Github/wangandi520.github.io/archives/2023/06/index.html' (15,678)
2025-02-13 16:12:30: Copy Over 'G:/Andy/hexo/public/archives/2022/01/index.html' -> 'G:/Work/Github/wangandi520.github.io/archives/2022/01/index.html' (16,301)
2025-02-13 16:12:30: Copy Over 'G:/Andy/hexo/public/archives/2023/01/index.html' -> 'G:/Work/Github/wangandi520.github.io/archives/2023/01/index.html' (14,446)
2025-02-13 16:12:30: Copy Over 'G:/Andy/hexo/public/archives/2023/11/index.html' -> 'G:/Work/Github/wangandi520.github.io/archives/2023/11/index.html' (14,404)
2025-02-13 16:12:30: Copy Over 'G:/Andy/hexo/public/archives/2023/12/index.html' -> 'G:/Work/Github/wangandi520.github.io/archives/2023/12/index.html' (16,393)
2025-02-13 16:12:30: Copy Over 'G:/Andy/hexo/public/archives/2023/index.html' -> 'G:/Work/Github/wangandi520.github.io/archives/2023/index.html' (20,016)
2025-02-13 16:12:30: Copy Over 'G:/Andy/hexo/public/archives/2022/03/index.html' -> 'G:/Work/Github/wangandi520.github.io/archives/2022/03/index.html' (14,407)
2025-02-13 16:12:30: Copy Over 'G:/Andy/hexo/public/archives/2022/08/index.html' -> 'G:/Work/Github/wangandi520.github.io/archives/2022/08/index.html' (14,459)
2025-02-13 16:12:30: Copy Over 'G:/Andy/hexo/public/archives/2022/index.html' -> 'G:/Work/Github/wangandi520.github.io/archives/2022/index.html' (17,482)
2025-02-13 16:12:30: Copy Over 'G:/Andy/hexo/public/archives/2024/01/index.html' -> 'G:/Work/Github/wangandi520.github.io/archives/2024/01/index.html' (15,149)
2025-02-13 16:12:30: Copy Over 'G:/Andy/hexo/public/archives/2025/01/index.html' -> 'G:/Work/Github/wangandi520.github.io/archives/2025/01/index.html' (15,077)
2025-02-13 16:12:30: Copy Over 'G:/Andy/hexo/public/archives/2025/index.html' -> 'G:/Work/Github/wangandi520.github.io/archives/2025/index.html' (15,068)
2025-02-13 16:12:30: Copy Over 'G:/Andy/hexo/public/archives/2024/02/index.html' -> 'G:/Work/Github/wangandi520.github.io/archives/2024/02/index.html' (16,456)
2025-02-13 16:12:30: Copy Over 'G:/Andy/hexo/public/archives/2024/03/index.html' -> 'G:/Work/Github/wangandi520.github.io/archives/2024/03/index.html' (15,764)
2025-02-13 16:12:30: Copy Over 'G:/Andy/hexo/public/archives/2024/04/index.html' -> 'G:/Work/Github/wangandi520.github.io/archives/2024/04/index.html' (15,046)
2025-02-13 16:12:30: Copy Over 'G:/Andy/hexo/public/archives/2024/06/index.html' -> 'G:/Work/Github/wangandi520.github.io/archives/2024/06/index.html' (14,449)
2025-02-13 16:12:30: Copy Over 'G:/Andy/hexo/public/archives/2024/11/index.html' -> 'G:/Work/Github/wangandi520.github.io/archives/2024/11/index.html' (14,458)
2025-02-13 16:12:30: Copy Over 'G:/Andy/hexo/public/archives/2024/12/index.html' -> 'G:/Work/Github/wangandi520.github.io/archives/2024/12/index.html' (14,436)
2025-02-13 16:12:30: Copy Over 'G:/Andy/hexo/public/archives/2024/index.html' -> 'G:/Work/Github/wangandi520.github.io/archives/2024/index.html' (20,385)
2025-02-13 16:12:30: Copy Over 'G:/Andy/hexo/public/archives/index.html' -> 'G:/Work/Github/wangandi520.github.io/archives/index.html' (20,512)
2025-02-13 16:12:30: Copy Over 'G:/Andy/hexo/public/archives/2024/page/2/index.html' -> 'G:/Work/Github/wangandi520.github.io/archives/2024/page/2/index.html' (16,732)
2025-02-13 16:12:30: Copy Over 'G:/Andy/hexo/public/archives/page/2/index.html' -> 'G:/Work/Github/wangandi520.github.io/archives/page/2/index.html' (20,993)
2025-02-13 16:12:30: Copy Over 'G:/Andy/hexo/public/archives/page/3/index.html' -> 'G:/Work/Github/wangandi520.github.io/archives/page/3/index.html' (20,615)
2025-02-13 16:12:30: Copy Over 'G:/Andy/hexo/public/archives/page/4/index.html' -> 'G:/Work/Github/wangandi520.github.io/archives/page/4/index.html' (21,020)
2025-02-13 16:12:30: Copy Over 'G:/Andy/hexo/public/archives/page/5/index.html' -> 'G:/Work/Github/wangandi520.github.io/archives/page/5/index.html' (20,643)
2025-02-13 16:12:30: Copy Over 'G:/Andy/hexo/public/archives/page/6/index.html' -> 'G:/Work/Github/wangandi520.github.io/archives/page/6/index.html' (20,702)
2025-02-13 16:12:30: Copy Over 'G:/Andy/hexo/public/archives/page/7/index.html' -> 'G:/Work/Github/wangandi520.github.io/archives/page/7/index.html' (16,067)
2025-02-13 16:12:30: Copy Over 'G:/Andy/hexo/public/atom.xml' -> 'G:/Work/Github/wangandi520.github.io/atom.xml' (64,288)
2025-02-13 16:12:30: Copy Over 'G:/Andy/hexo/public/index.html' -> 'G:/Work/Github/wangandi520.github.io/index.html' (55,414)
2025-02-13 16:12:30: Copy Over 'G:/Andy/hexo/public/categories/index.html' -> 'G:/Work/Github/wangandi520.github.io/categories/index.html' (15,451)
2025-02-13 16:12:30: Copy Over 'G:/Andy/hexo/public/categories/吉他/index.html' -> 'G:/Work/Github/wangandi520.github.io/categories/吉他/index.html' (14,381)
2025-02-13 16:12:30: Copy Over 'G:/Andy/hexo/public/categories/个人/index.html' -> 'G:/Work/Github/wangandi520.github.io/categories/个人/index.html' (15,134)
2025-02-13 16:12:30: Copy Over 'G:/Andy/hexo/public/categories/学习笔记/index.html' -> 'G:/Work/Github/wangandi520.github.io/categories/学习笔记/index.html' (18,235)
2025-02-13 16:12:30: Copy Over 'G:/Andy/hexo/public/categories/游戏/index.html' -> 'G:/Work/Github/wangandi520.github.io/categories/游戏/index.html' (14,442)
2025-02-13 16:12:30: Copy Over 'G:/Andy/hexo/public/categories/极客/index.html' -> 'G:/Work/Github/wangandi520.github.io/categories/极客/index.html' (16,652)
2025-02-13 16:12:30: Copy Over 'G:/Andy/hexo/public/categories/程序/index.html' -> 'G:/Work/Github/wangandi520.github.io/categories/程序/index.html' (20,672)
2025-02-13 16:12:30: Copy Over 'G:/Andy/hexo/public/categories/评测/index.html' -> 'G:/Work/Github/wangandi520.github.io/categories/评测/index.html' (20,480)
2025-02-13 16:12:30: Copy Over 'G:/Andy/hexo/public/categories/程序/page/2/index.html' -> 'G:/Work/Github/wangandi520.github.io/categories/程序/page/2/index.html' (21,190)
2025-02-13 16:12:30: Copy Over 'G:/Andy/hexo/public/categories/程序/page/3/index.html' -> 'G:/Work/Github/wangandi520.github.io/categories/程序/page/3/index.html' (15,481)
2025-02-13 16:12:30: Copy Over 'G:/Andy/hexo/public/categories/读书笔记/index.html' -> 'G:/Work/Github/wangandi520.github.io/categories/读书笔记/index.html' (20,704)
2025-02-13 16:12:30: > Copy Over 'G:/Andy/hexo/public/search.xml' -> 'G:/Work/Github/wangandi520.github.io/search.xml' (1,143,370)
2025-02-13 16:12:30: Copy Over 'G:/Andy/hexo/public/links/index.html' -> 'G:/Work/Github/wangandi520.github.io/links/index.html' (15,404)
2025-02-13 16:12:30: Copy Over 'G:/Andy/hexo/public/categories/读书笔记/page/2/index.html' -> 'G:/Work/Github/wangandi520.github.io/categories/读书笔记/page/2/index.html' (17,914)
2025-02-13 16:12:30: Copy Over 'G:/Andy/hexo/public/page/2/index.html' -> 'G:/Work/Github/wangandi520.github.io/page/2/index.html' (51,281)
2025-02-13 16:12:30: < Copy Over 'G:/Andy/hexo/public/search.xml' -> 'G:/Work/Github/wangandi520.github.io/search.xml' (1,143,370)
2025-02-13 16:12:30: Copy Over 'G:/Andy/hexo/public/page/3/index.html' -> 'G:/Work/Github/wangandi520.github.io/page/3/index.html' (50,062)
2025-02-13 16:12:30: Copy Over 'G:/Andy/hexo/public/page/4/index.html' -> 'G:/Work/Github/wangandi520.github.io/page/4/index.html' (54,678)
2025-02-13 16:12:30: Copy Over 'G:/Andy/hexo/public/page/5/index.html' -> 'G:/Work/Github/wangandi520.github.io/page/5/index.html' (59,644)
2025-02-13 16:12:30: Copy Over 'G:/Andy/hexo/public/page/6/index.html' -> 'G:/Work/Github/wangandi520.github.io/page/6/index.html' (54,566)
2025-02-13 16:12:30: Close Modified Folder (mod-time, acl): /2021/03/09/电脑手机技巧
2025-02-13 16:12:30: Copy Over 'G:/Andy/hexo/public/page/7/index.html' -> 'G:/Work/Github/wangandi520.github.io/page/7/index.html' (25,511)
2025-02-13 16:12:30: Copy Over 'G:/Andy/hexo/public/sitemap.xml' -> 'G:/Work/Github/wangandi520.github.io/sitemap.xml' (31,776)
2025-02-13 16:12:30: Copy Over 'G:/Andy/hexo/public/tags/bash/index.html' -> 'G:/Work/Github/wangandi520.github.io/tags/bash/index.html' (14,377)
2025-02-13 16:12:30: Copy Over 'G:/Andy/hexo/public/tags/archlinuxarm/index.html' -> 'G:/Work/Github/wangandi520.github.io/tags/archlinuxarm/index.html' (14,403)
2025-02-13 16:12:30: Copy Over 'G:/Andy/hexo/public/tags/AI/index.html' -> 'G:/Work/Github/wangandi520.github.io/tags/AI/index.html' (14,348)
2025-02-13 16:12:30: Copy Over 'G:/Andy/hexo/public/tags/hexo/index.html' -> 'G:/Work/Github/wangandi520.github.io/tags/hexo/index.html' (15,089)
2025-02-13 16:12:30: Copy Over 'G:/Andy/hexo/public/tags/boox/index.html' -> 'G:/Work/Github/wangandi520.github.io/tags/boox/index.html' (16,406)
2025-02-13 16:12:30: Copy Over 'G:/Andy/hexo/public/tags/html/index.html' -> 'G:/Work/Github/wangandi520.github.io/tags/html/index.html' (14,349)
2025-02-13 16:12:30: Copy Over 'G:/Andy/hexo/public/tags/icarus/index.html' -> 'G:/Work/Github/wangandi520.github.io/tags/icarus/index.html' (14,379)
2025-02-13 16:12:30: Copy Over 'G:/Andy/hexo/public/tags/index.html' -> 'G:/Work/Github/wangandi520.github.io/tags/index.html' (20,915)
2025-02-13 16:12:30: Copy Over 'G:/Andy/hexo/public/tags/javascript/index.html' -> 'G:/Work/Github/wangandi520.github.io/tags/javascript/index.html' (15,036)
2025-02-13 16:12:30: Copy Over 'G:/Andy/hexo/public/tags/kali/index.html' -> 'G:/Work/Github/wangandi520.github.io/tags/kali/index.html' (14,411)
2025-02-13 16:12:30: Copy Over 'G:/Andy/hexo/public/tags/kindle/index.html' -> 'G:/Work/Github/wangandi520.github.io/tags/kindle/index.html' (15,231)
2025-02-13 16:12:30: Copy Over 'G:/Andy/hexo/public/tags/koreader/index.html' -> 'G:/Work/Github/wangandi520.github.io/tags/koreader/index.html' (14,597)
2025-02-13 16:12:30: Copy Over 'G:/Andy/hexo/public/tags/markdown/index.html' -> 'G:/Work/Github/wangandi520.github.io/tags/markdown/index.html' (14,597)
2025-02-13 16:12:30: Copy Over 'G:/Andy/hexo/public/tags/linux/index.html' -> 'G:/Work/Github/wangandi520.github.io/tags/linux/index.html' (14,304)
2025-02-13 16:12:30: Copy Over 'G:/Andy/hexo/public/tags/NeeView/index.html' -> 'G:/Work/Github/wangandi520.github.io/tags/NeeView/index.html' (15,204)
2025-02-13 16:12:30: Copy Over 'G:/Andy/hexo/public/tags/nuc/index.html' -> 'G:/Work/Github/wangandi520.github.io/tags/nuc/index.html' (14,422)
2025-02-13 16:12:30: Copy Over 'G:/Andy/hexo/public/tags/OpenWrt/index.html' -> 'G:/Work/Github/wangandi520.github.io/tags/OpenWrt/index.html' (14,376)
2025-02-13 16:12:30: Copy Over 'G:/Andy/hexo/public/tags/padavan/index.html' -> 'G:/Work/Github/wangandi520.github.io/tags/padavan/index.html' (14,402)
2025-02-13 16:12:30: Copy Over 'G:/Andy/hexo/public/tags/php/index.html' -> 'G:/Work/Github/wangandi520.github.io/tags/php/index.html' (14,372)
2025-02-13 16:12:30: Copy Over 'G:/Andy/hexo/public/tags/PM2-5/index.html' -> 'G:/Work/Github/wangandi520.github.io/tags/PM2-5/index.html' (14,364)
2025-02-13 16:12:30: Copy Over 'G:/Andy/hexo/public/tags/PMS5003ST/index.html' -> 'G:/Work/Github/wangandi520.github.io/tags/PMS5003ST/index.html' (14,384)
2025-02-13 16:12:30: Copy Over 'G:/Andy/hexo/public/tags/python/index.html' -> 'G:/Work/Github/wangandi520.github.io/tags/python/index.html' (16,512)
2025-02-13 16:12:30: Copy Over 'G:/Andy/hexo/public/tags/Qt/index.html' -> 'G:/Work/Github/wangandi520.github.io/tags/Qt/index.html' (15,011)
2025-02-13 16:12:30: Copy Over 'G:/Andy/hexo/public/tags/Raspberry/index.html' -> 'G:/Work/Github/wangandi520.github.io/tags/Raspberry/index.html' (17,834)
2025-02-13 16:12:30: Copy Over 'G:/Andy/hexo/public/tags/REAPER/index.html' -> 'G:/Work/Github/wangandi520.github.io/tags/REAPER/index.html' (14,337)
2025-02-13 16:12:30: Copy Over 'G:/Andy/hexo/public/tags/webdav/index.html' -> 'G:/Work/Github/wangandi520.github.io/tags/webdav/index.html' (14,443)
2025-02-13 16:12:30: Copy Over 'G:/Andy/hexo/public/tags/书/index.html' -> 'G:/Work/Github/wangandi520.github.io/tags/书/index.html' (15,084)
2025-02-13 16:12:30: Copy Over 'G:/Andy/hexo/public/tags/y700/index.html' -> 'G:/Work/Github/wangandi520.github.io/tags/y700/index.html' (14,461)
2025-02-13 16:12:30: Copy Over 'G:/Andy/hexo/public/tags/仙境传说/index.html' -> 'G:/Work/Github/wangandi520.github.io/tags/仙境传说/index.html' (14,473)
2025-02-13 16:12:30: Copy Over 'G:/Andy/hexo/public/tags/余华/index.html' -> 'G:/Work/Github/wangandi520.github.io/tags/余华/index.html' (14,348)
2025-02-13 16:12:30: Copy Over 'G:/Andy/hexo/public/tags/刷机/index.html' -> 'G:/Work/Github/wangandi520.github.io/tags/刷机/index.html' (14,495)
2025-02-13 16:12:30: Copy Over 'G:/Andy/hexo/public/tags/单车/index.html' -> 'G:/Work/Github/wangandi520.github.io/tags/单车/index.html' (14,479)
2025-02-13 16:12:30: Copy Over 'G:/Andy/hexo/public/tags/吉他/index.html' -> 'G:/Work/Github/wangandi520.github.io/tags/吉他/index.html' (15,086)
2025-02-13 16:12:30: Copy Over 'G:/Andy/hexo/public/tags/弹弓/index.html' -> 'G:/Work/Github/wangandi520.github.io/tags/弹弓/index.html' (14,407)
2025-02-13 16:12:30: Copy Over 'G:/Andy/hexo/public/tags/学习笔记/index.html' -> 'G:/Work/Github/wangandi520.github.io/tags/学习笔记/index.html' (14,401)
2025-02-13 16:12:30: Copy Over 'G:/Andy/hexo/public/tags/投资/index.html' -> 'G:/Work/Github/wangandi520.github.io/tags/投资/index.html' (14,383)
2025-02-13 16:12:30: Copy Over 'G:/Andy/hexo/public/tags/微雪/index.html' -> 'G:/Work/Github/wangandi520.github.io/tags/微雪/index.html' (14,492)
2025-02-13 16:12:30: Copy Over 'G:/Andy/hexo/public/tags/微信读书/index.html' -> 'G:/Work/Github/wangandi520.github.io/tags/微信读书/index.html' (14,665)
2025-02-13 16:12:30: Copy Over 'G:/Andy/hexo/public/tags/指弹/index.html' -> 'G:/Work/Github/wangandi520.github.io/tags/指弹/index.html' (14,358)
2025-02-13 16:12:30: Copy Over 'G:/Andy/hexo/public/tags/摄影/index.html' -> 'G:/Work/Github/wangandi520.github.io/tags/摄影/index.html' (14,479)
2025-02-13 16:12:30: Copy Over 'G:/Andy/hexo/public/tags/摘抄/index.html' -> 'G:/Work/Github/wangandi520.github.io/tags/摘抄/index.html' (14,335)
2025-02-13 16:12:30: Copy Over 'G:/Andy/hexo/public/tags/攀藤/index.html' -> 'G:/Work/Github/wangandi520.github.io/tags/攀藤/index.html' (14,393)
2025-02-13 16:12:30: Copy Over 'G:/Andy/hexo/public/tags/文城/index.html' -> 'G:/Work/Github/wangandi520.github.io/tags/文城/index.html' (14,348)
2025-02-13 16:12:30: Copy Over 'G:/Andy/hexo/public/tags/文石/index.html' -> 'G:/Work/Github/wangandi520.github.io/tags/文石/index.html' (17,360)
2025-02-13 16:12:30: Copy Over 'G:/Andy/hexo/public/tags/日语/index.html' -> 'G:/Work/Github/wangandi520.github.io/tags/日语/index.html' (14,323)
2025-02-13 16:12:30: Copy Over 'G:/Andy/hexo/public/tags/极客/index.html' -> 'G:/Work/Github/wangandi520.github.io/tags/极客/index.html' (14,392)
2025-02-13 16:12:30: Copy Over 'G:/Andy/hexo/public/tags/标注/index.html' -> 'G:/Work/Github/wangandi520.github.io/tags/标注/index.html' (20,582)
2025-02-13 16:12:30: Copy Over 'G:/Andy/hexo/public/tags/树莓派/index.html' -> 'G:/Work/Github/wangandi520.github.io/tags/树莓派/index.html' (18,646)
2025-02-13 16:12:30: Copy Over 'G:/Andy/hexo/public/tags/歌词/index.html' -> 'G:/Work/Github/wangandi520.github.io/tags/歌词/index.html' (14,323)
2025-02-13 16:12:30: Copy Over 'G:/Andy/hexo/public/tags/标注/page/2/index.html' -> 'G:/Work/Github/wangandi520.github.io/tags/标注/page/2/index.html' (15,911)
2025-02-13 16:12:30: Copy Over 'G:/Andy/hexo/public/tags/漫画/index.html' -> 'G:/Work/Github/wangandi520.github.io/tags/漫画/index.html' (17,217)
2025-02-13 16:12:30: Copy Over 'G:/Andy/hexo/public/tags/王小波/index.html' -> 'G:/Work/Github/wangandi520.github.io/tags/王小波/index.html' (15,057)
2025-02-13 16:12:30: Copy Over 'G:/Andy/hexo/public/tags/电吉他/index.html' -> 'G:/Work/Github/wangandi520.github.io/tags/电吉他/index.html' (14,506)
2025-02-13 16:12:30: Copy Over 'G:/Andy/hexo/public/tags/电影/index.html' -> 'G:/Work/Github/wangandi520.github.io/tags/电影/index.html' (15,111)
2025-02-13 16:12:30: Copy Over 'G:/Andy/hexo/public/tags/电纸书/index.html' -> 'G:/Work/Github/wangandi520.github.io/tags/电纸书/index.html' (16,467)
2025-02-13 16:12:30: Copy Over 'G:/Andy/hexo/public/tags/电脑技巧/index.html' -> 'G:/Work/Github/wangandi520.github.io/tags/电脑技巧/index.html' (15,143)
2025-02-13 16:12:30: Copy Over 'G:/Andy/hexo/public/tags/电脑手机技巧/index.html' -> 'G:/Work/Github/wangandi520.github.io/tags/电脑手机技巧/index.html' (14,479)
2025-02-13 16:12:30: Copy Over 'G:/Andy/hexo/public/tags/电视剧/index.html' -> 'G:/Work/Github/wangandi520.github.io/tags/电视剧/index.html' (15,138)
2025-02-13 16:12:30: Copy Over 'G:/Andy/hexo/public/tags/笔记/index.html' -> 'G:/Work/Github/wangandi520.github.io/tags/笔记/index.html' (14,431)
2025-02-13 16:12:30: Copy Over 'G:/Andy/hexo/public/tags/程序/index.html' -> 'G:/Work/Github/wangandi520.github.io/tags/程序/index.html' (15,738)
2025-02-13 16:12:30: Copy Over 'G:/Andy/hexo/public/tags/百年孤独/index.html' -> 'G:/Work/Github/wangandi520.github.io/tags/百年孤独/index.html' (14,473)
2025-02-13 16:12:30: Copy Over 'G:/Andy/hexo/public/tags/红楼梦/index.html' -> 'G:/Work/Github/wangandi520.github.io/tags/红楼梦/index.html' (15,139)
2025-02-13 16:12:30: Copy Over 'G:/Andy/hexo/public/tags/羽毛球/index.html' -> 'G:/Work/Github/wangandi520.github.io/tags/羽毛球/index.html' (14,434)
2025-02-13 16:12:30: Copy Over 'G:/Andy/hexo/public/tags/英语/index.html' -> 'G:/Work/Github/wangandi520.github.io/tags/英语/index.html' (14,323)
2025-02-13 16:12:30: Copy Over 'G:/Andy/hexo/public/tags/西游记/index.html' -> 'G:/Work/Github/wangandi520.github.io/tags/西游记/index.html' (14,423)
2025-02-13 16:12:30: Copy Over 'G:/Andy/hexo/public/tags/评测/index.html' -> 'G:/Work/Github/wangandi520.github.io/tags/评测/index.html' (17,828)
2025-02-13 16:12:30: Copy Over 'G:/Andy/hexo/public/tags/读书笔记/index.html' -> 'G:/Work/Github/wangandi520.github.io/tags/读书笔记/index.html' (20,673)
2025-02-13 16:12:30: Copy Over 'G:/Andy/hexo/public/tags/钱穆/index.html' -> 'G:/Work/Github/wangandi520.github.io/tags/钱穆/index.html' (14,420)
2025-02-13 16:12:30: Copy Over 'G:/Andy/hexo/public/tags/路由器/index.html' -> 'G:/Work/Github/wangandi520.github.io/tags/路由器/index.html' (14,448)
2025-02-13 16:12:30: Copy Over 'G:/Andy/hexo/public/tags/读书笔记/page/2/index.html' -> 'G:/Work/Github/wangandi520.github.io/tags/读书笔记/page/2/index.html' (14,795)
2025-02-13 16:12:30: Copy Over 'G:/Andy/hexo/public/tags/阅读/index.html' -> 'G:/Work/Github/wangandi520.github.io/tags/阅读/index.html' (20,586)
2025-02-13 16:12:30: Copy Over 'G:/Andy/hexo/public/tags/静读天下专业版/index.html' -> 'G:/Work/Github/wangandi520.github.io/tags/静读天下专业版/index.html' (15,427)
2025-02-13 16:12:30: Copy Over 'G:/Andy/hexo/public/tags/音乐/index.html' -> 'G:/Work/Github/wangandi520.github.io/tags/音乐/index.html' (14,479)
2025-02-13 16:12:30: Copy Over 'G:/Andy/hexo/public/tags/食品/index.html' -> 'G:/Work/Github/wangandi520.github.io/tags/食品/index.html' (14,371)
2025-02-13 16:12:30: Copy Over 'G:/Andy/hexo/public/tags/阅读/page/2/index.html' -> 'G:/Work/Github/wangandi520.github.io/tags/阅读/page/2/index.html' (17,154)
2025-02-13 16:12:30: Close Modified Folder (mod-time, acl): /2017/01/09/kindle标注
2025-02-13 16:12:30: Copy Over 'G:/Andy/hexo/public/tags/音频/index.html' -> 'G:/Work/Github/wangandi520.github.io/tags/音频/index.html' (15,758)
2025-02-13 16:12:30: Close Modified Folder (mod-time, acl): /2017/03/23/speaksoftlylove
2025-02-13 16:12:30: Close Modified Folder (mod-time, acl): /2017/01/09/树莓派3-Raspberry-pi-3-刷kali-3-5寸微雪屏
2025-02-13 16:12:30: Close Modified Folder (mod-time, acl): /2017/01/09/树莓派-archlinuxarm做路由
2025-02-13 16:12:30: Close Modified Folder (mod-time, acl): /2021/03/09/红楼梦校注本标注
2025-02-13 16:12:30: Close Modified Folder (mod-time, acl): /2017/01/09/歌词
2025-02-13 16:12:30: Close Modified Folder (mod-time, acl): /2017/01/09/树莓派3-Raspberry-pi-3-刷OpenWrt
2025-02-13 16:12:30: Close Modified Folder (mod-time, acl): /2021/03/11/魔方笔记
2025-02-13 16:12:30: Close Modified Folder (mod-time, acl): /2021/03/12/REAPER6学习笔记
2025-02-13 16:12:30: Close Modified Folder (mod-time, acl): /2021/03/13/文城标注
2025-02-13 16:12:30: Close Modified Folder (mod-time, acl): /2021/03/15/吉他和弦图查询与生成
2025-02-13 16:12:30: Close Modified Folder (mod-time, acl): /2021/03/15/文石Boox,Kindle,静读天下专业版,微信读书,KOReader的标注转换为Markdown格式
2025-02-13 16:12:30: Close Modified Folder (mod-time, acl): /2021/03/16/舒适阅读电子书和漫画
2025-02-13 16:12:30: Close Modified Folder (mod-time, acl): /2021/03/17/hexo主题icarus的一些玩法
2025-02-13 16:12:30: Close Modified Folder (mod-time, acl): /2021/03/22/搭建webdav服务器实现静读天下同步
2025-02-13 16:12:30: Close Modified Folder (mod-time, acl): /2021/03/16/西游记校注本标注
2025-02-13 16:12:30: Close Modified Folder (mod-time, acl): /2017/01/14/路由器发送IP至服务器
2025-02-13 16:12:30: Close Modified Folder (mod-time, acl): /2021/06/07/红米ac2100路由器刷padavan系统
2025-02-13 16:12:30: Close Modified Folder (mod-time, acl): /2021/07/03/几个漫画整理脚本的使用
2025-02-13 16:12:30: Close Modified Folder (mod-time, acl): /2021/09/25/一只特立独行的猪标注
2025-02-13 16:12:30: Close Modified Folder (mod-time, acl): /2021/10/22/沉默的大多数标注
2025-02-13 16:12:30: Close Modified Folder (mod-time, acl): /2021/09/28/中国历代政治得失标注
2025-02-13 16:12:30: Close Modified Folder (mod-time, acl): /2021/10/05/离线漫画NeeView的使用和与其他软件的对比
2025-02-13 16:12:30: Close Modified Folder (mod-time, acl): /2020/06/23/文石boox nova2评测体验
2025-02-13 16:12:30: Close Modified Folder (mod-time, acl): /2017/05/15/树莓派3B和攀藤PMS5003ST
2025-02-13 16:12:30: Close Modified Folder (mod-time, acl): /2021/12/31/书电影电视剧记录
2025-02-13 16:12:30: Close Modified Folder (mod-time, acl): /2020/03/26/树莓派4B加微雪2.13寸墨水屏监测pm2.5信息
2025-02-13 16:12:30: Close Modified Folder (mod-time, acl): /2019/03/29/文石boox poke pro评测体验
2025-02-13 16:12:30: Close Modified Folder (mod-time, acl): /2019/12/04/老王随机点名器v1.0
2025-02-13 16:12:30: Close Modified Folder (mod-time, acl): /2022/01/06/书电影电视剧简评
2025-02-13 16:12:30: Close Modified Folder (mod-time, acl): /2019/03/29/文石poke pro,nova pro评测体验
2025-02-13 16:12:30: Close Modified Folder (mod-time, acl): /2022/03/19/几个PyQt程序
2025-02-13 16:12:30: Close Modified Folder (mod-time, acl): /2022/01/26/使用archlinux搭建家庭数据服务中心
2025-02-13 16:12:30: Close Modified Folder (mod-time, acl): /2022/01/26/linux笔记
2025-02-13 16:12:30: Close Modified Folder (mod-time, acl): /2022/08/08/漫画印刷与扫描错误
2025-02-13 16:12:30: Close Modified Folder (mod-time, acl): /2023/01/29/SciTE文本编辑器配置
2025-02-13 16:12:30: Close Modified Folder (mod-time, acl): /2022/01/08/Seventh9日麻教程（79博客）v1.2
2025-02-13 16:12:30: Close Modified Folder (mod-time, acl): /2023/05/25/红楼梦人物关系图
2025-02-13 16:12:30: Close Modified Folder (mod-time, acl): /2023/11/20/小米14的bug
2025-02-13 16:12:30: Close Modified Folder (mod-time, acl): /2023/06/06/书籍删减与翻译情况
2025-02-13 16:12:30: Close Modified Folder (mod-time, acl): /2023/12/15/音频软件插件简评
2025-02-13 16:12:30: Close Modified Folder (mod-time, acl): /2023/12/29/快速上手羽毛球弹弓
2025-02-13 16:12:30: Close Modified Folder (mod-time, acl): /2023/12/29/省钱玩电吉他单车摄影，阅读音乐
2025-02-13 16:12:30: Close Modified Folder (mod-time, acl): /2023/06/07/店铺食品用品
2025-02-13 16:12:30: Close Modified Folder (mod-time, acl): /2023/12/25/美丽的世界你在哪里
2025-02-13 16:12:30: Close Modified Folder (mod-time, acl): /2023/06/11/百年孤独人物关系图
2025-02-13 16:12:30: Close Modified Folder (mod-time, acl): /2024/01/03/Windows和Android优质软件
2025-02-13 16:12:30: Copy Over 'G:/Andy/hexo/public/tags/魔方/index.html' -> 'G:/Work/Github/wangandi520.github.io/tags/魔方/index.html' (14,347)
2025-02-13 16:12:30: Close Modified Folder (mod-time, acl): /2024/01/13/联想拯救者y700一代（2022）平板刷机过程
2025-02-13 16:12:30: Copy Over 'G:/Andy/hexo/public/tags/麻将/index.html' -> 'G:/Work/Github/wangandi520.github.io/tags/麻将/index.html' (14,412)
2025-02-13 16:12:30: Close Modified Folder (mod-time, acl): /2024/03/03/立直麻将点数计算工具mahjong-calc
2025-02-13 16:12:30: Close Modified Folder (mod-time, acl): /2024/02/05/挪威的森林赖明珠译标注
2025-02-13 16:12:30: Close Modified Folder (mod-time, acl): /2024/03/07/neeview一键保存当前图片
2025-02-13 16:12:30: Close Modified Folder (mod-time, acl): /2024/02/11/使用github的action配合python每天签到
2025-02-13 16:12:30: Close Modified Folder (mod-time, acl): /2024/03/13/个人笔记跨平台解决方案
2025-02-13 16:12:30: Close Modified Folder (mod-time, acl): /2024/02/18/中文日文注音使用html上标注音格式
2025-02-13 16:12:30: Close Modified Folder (mod-time, acl): /2024/04/13/其他标注
2025-02-13 16:12:30: Close Modified Folder (mod-time, acl): /2024/04/25/不能承受的生命之轻标注
2025-02-13 16:12:30: Close Modified Folder (mod-time, acl): /2024/06/06/三日间的幸福标注
2025-02-13 16:12:30: Close Modified Folder (mod-time, acl): /2024/02/29/hexo和next主题的一些配置
2025-02-13 16:12:30: Close Modified Folder (mod-time, acl): /2024/11/09/文石poke6黑色评测体验
2025-02-13 16:12:30: Close Modified Folder (mod-time, acl): /2024/12/13/单页面投资行情
2025-02-13 16:12:30: Close Modified Folder (mod-time, acl): /2025/01/10/仙境传说简易入门攻略
2025-02-13 16:12:30: Close Modified Folder (mod-time, acl): /2025/01/26/本地运行deepseekr1模型
2025-02-13 16:12:30: Close Modified Folder (mod-time, acl): /about
2025-02-13 16:12:30: Close Modified Folder (mod-time, acl): /archives/2019/03
2025-02-13 16:12:30: Close Modified Folder (mod-time, acl): /archives/2017/01
2025-02-13 16:12:30: Close Modified Folder (mod-time, acl): /archives/2019/12
2025-02-13 16:12:30: Close Modified Folder (mod-time, acl): /archives/2017/03
2025-02-13 16:12:30: Close Modified Folder (mod-time, acl): /archives/2017/05
2025-02-13 16:12:30: Close Modified Folder (mod-time, acl): /archives/2020/03
2025-02-13 16:12:30: Close Modified Folder (mod-time, acl): /archives/2021/06
2025-02-13 16:12:30: Close Modified Folder (mod-time, acl): /archives/2021/09
2025-02-13 16:12:30: Close Modified Folder (mod-time, acl): /archives/2021/07
2025-02-13 16:12:30: Close Modified Folder (mod-time, acl): /archives/2021/03/page/2
2025-02-13 16:12:30: Close Modified Folder (mod-time, acl): /archives/2021/12
2025-02-13 16:12:30: Close Modified Folder (mod-time, acl): /archives/2021/10
2025-02-13 16:12:30: Close Modified Folder (mod-time, acl): /archives/2020/06
2025-02-13 16:12:30: Close Modified Folder (mod-time, acl): /archives/2021/page/2
2025-02-13 16:12:30: Close Modified Folder (mod-time, acl): /archives/2023/05
2025-02-13 16:12:30: Close Modified Folder (mod-time, acl): /archives/2023/06
2025-02-13 16:12:30: Close Modified Folder (mod-time, acl): /archives/2022/01
2025-02-13 16:12:30: Close Modified Folder (mod-time, acl): /archives/2023/01
2025-02-13 16:12:30: Close Modified Folder (mod-time, acl): /archives/2023/11
2025-02-13 16:12:30: Close Modified Folder (mod-time, acl): /archives/2023/12
2025-02-13 16:12:30: Close Modified Folder (mod-time, acl): /archives/2022/03
2025-02-13 16:12:30: Close Modified Folder (mod-time, acl): /archives/2022/08
2025-02-13 16:12:30: Close Modified Folder (mod-time, acl): /archives/2024/01
2025-02-13 16:12:30: Close Modified Folder (mod-time, acl): /archives/2025/01
2025-02-13 16:12:30: Close Modified Folder (mod-time, acl): /archives/2024/02
2025-02-13 16:12:30: Close Modified Folder (mod-time, acl): /archives/2024/03
2025-02-13 16:12:30: Close Modified Folder (mod-time, acl): /archives/2024/04
2025-02-13 16:12:30: Close Modified Folder (mod-time, acl): /archives/2024/06
2025-02-13 16:12:30: Close Modified Folder (mod-time, acl): /archives/2024/11
2025-02-13 16:12:30: Close Modified Folder (mod-time, acl): /archives/2024/12
2025-02-13 16:12:30: Close Modified Folder (mod-time, acl): /archives/2024/page/2
2025-02-13 16:12:30: Close Modified Folder (mod-time, acl): /archives/page/2
2025-02-13 16:12:30: Close Modified Folder (mod-time, acl): /archives/page/3
2025-02-13 16:12:30: Close Modified Folder (mod-time, acl): /archives/page/4
2025-02-13 16:12:30: Close Modified Folder (mod-time, acl): /archives/page/5
2025-02-13 16:12:30: Close Modified Folder (mod-time, acl): /archives/page/6
2025-02-13 16:12:30: Close Modified Folder (mod-time, acl): /archives/page/7
2025-02-13 16:12:30: Close Modified Folder (mod-time, acl): /categories/吉他
2025-02-13 16:12:30: Close Modified Folder (mod-time, acl): /categories/个人
2025-02-13 16:12:30: Close Modified Folder (mod-time, acl): /categories/学习笔记
2025-02-13 16:12:30: Close Modified Folder (mod-time, acl): /categories/游戏
2025-02-13 16:12:30: Close Modified Folder (mod-time, acl): /categories/极客
2025-02-13 16:12:30: Close Modified Folder (mod-time, acl): /categories/评测
2025-02-13 16:12:30: Close Modified Folder (mod-time, acl): /categories/程序/page/2
2025-02-13 16:12:30: Close Modified Folder (mod-time, acl): /categories/程序/page/3
2025-02-13 16:12:30: Close Modified Folder (mod-time, acl): /links
2025-02-13 16:12:30: Close Modified Folder (mod-time, acl): /categories/读书笔记/page/2
2025-02-13 16:12:30: Close Modified Folder (mod-time, acl): /page/2
2025-02-13 16:12:30: Close Modified Folder (mod-time, acl): /page/3
2025-02-13 16:12:30: Close Modified Folder (mod-time, acl): /page/4
2025-02-13 16:12:30: Close Modified Folder (mod-time, acl): /page/5
2025-02-13 16:12:30: Close Modified Folder (mod-time, acl): /page/6
2025-02-13 16:12:30: Close Modified Folder (mod-time, acl): /page/7
2025-02-13 16:12:30: Close Modified Folder (mod-time, acl): /tags/bash
2025-02-13 16:12:30: Close Modified Folder (mod-time, acl): /tags/archlinuxarm
2025-02-13 16:12:30: Close Modified Folder (mod-time, acl): /tags/AI
2025-02-13 16:12:30: Close Modified Folder (mod-time, acl): /tags/hexo
2025-02-13 16:12:30: Close Modified Folder (mod-time, acl): /tags/boox
2025-02-13 16:12:30: Close Modified Folder (mod-time, acl): /tags/html
2025-02-13 16:12:30: Close Modified Folder (mod-time, acl): /tags/icarus
2025-02-13 16:12:30: Close Modified Folder (mod-time, acl): /tags/javascript
2025-02-13 16:12:30: Close Modified Folder (mod-time, acl): /tags/kali
2025-02-13 16:12:30: Close Modified Folder (mod-time, acl): /tags/kindle
2025-02-13 16:12:30: Close Modified Folder (mod-time, acl): /tags/koreader
2025-02-13 16:12:30: Close Modified Folder (mod-time, acl): /tags/markdown
2025-02-13 16:12:30: Close Modified Folder (mod-time, acl): /tags/linux
2025-02-13 16:12:30: Close Modified Folder (mod-time, acl): /tags/NeeView
2025-02-13 16:12:30: Close Modified Folder (mod-time, acl): /tags/nuc
2025-02-13 16:12:30: Close Modified Folder (mod-time, acl): /tags/OpenWrt
2025-02-13 16:12:30: Close Modified Folder (mod-time, acl): /tags/padavan
2025-02-13 16:12:30: Close Modified Folder (mod-time, acl): /tags/php
2025-02-13 16:12:30: Close Modified Folder (mod-time, acl): /tags/PM2-5
2025-02-13 16:12:30: Close Modified Folder (mod-time, acl): /tags/PMS5003ST
2025-02-13 16:12:30: Close Modified Folder (mod-time, acl): /tags/python
2025-02-13 16:12:30: Close Modified Folder (mod-time, acl): /tags/Qt
2025-02-13 16:12:30: Close Modified Folder (mod-time, acl): /tags/Raspberry
2025-02-13 16:12:30: Close Modified Folder (mod-time, acl): /tags/REAPER
2025-02-13 16:12:30: Close Modified Folder (mod-time, acl): /tags/webdav
2025-02-13 16:12:30: Close Modified Folder (mod-time, acl): /tags/书
2025-02-13 16:12:30: Close Modified Folder (mod-time, acl): /tags/y700
2025-02-13 16:12:30: Close Modified Folder (mod-time, acl): /tags/仙境传说
2025-02-13 16:12:30: Close Modified Folder (mod-time, acl): /tags/余华
2025-02-13 16:12:30: Close Modified Folder (mod-time, acl): /tags/刷机
2025-02-13 16:12:30: Close Modified Folder (mod-time, acl): /tags/单车
2025-02-13 16:12:30: Close Modified Folder (mod-time, acl): /tags/吉他
2025-02-13 16:12:30: Close Modified Folder (mod-time, acl): /tags/弹弓
2025-02-13 16:12:30: Close Modified Folder (mod-time, acl): /tags/学习笔记
2025-02-13 16:12:30: Close Modified Folder (mod-time, acl): /tags/投资
2025-02-13 16:12:30: Close Modified Folder (mod-time, acl): /tags/微雪
2025-02-13 16:12:30: Close Modified Folder (mod-time, acl): /tags/微信读书
2025-02-13 16:12:30: Close Modified Folder (mod-time, acl): /tags/指弹
2025-02-13 16:12:30: Close Modified Folder (mod-time, acl): /tags/摄影
2025-02-13 16:12:30: Close Modified Folder (mod-time, acl): /tags/摘抄
2025-02-13 16:12:30: Close Modified Folder (mod-time, acl): /tags/攀藤
2025-02-13 16:12:30: Close Modified Folder (mod-time, acl): /tags/文城
2025-02-13 16:12:30: Close Modified Folder (mod-time, acl): /tags/文石
2025-02-13 16:12:30: Close Modified Folder (mod-time, acl): /tags/日语
2025-02-13 16:12:30: Close Modified Folder (mod-time, acl): /tags/极客
2025-02-13 16:12:30: Close Modified Folder (mod-time, acl): /tags/树莓派
2025-02-13 16:12:30: Close Modified Folder (mod-time, acl): /tags/歌词
2025-02-13 16:12:30: Close Modified Folder (mod-time, acl): /tags/标注/page/2
2025-02-13 16:12:30: Close Modified Folder (mod-time, acl): /tags/漫画
2025-02-13 16:12:30: Close Modified Folder (mod-time, acl): /tags/王小波
2025-02-13 16:12:30: Close Modified Folder (mod-time, acl): /tags/电吉他
2025-02-13 16:12:30: Close Modified Folder (mod-time, acl): /tags/电影
2025-02-13 16:12:30: Close Modified Folder (mod-time, acl): /tags/电纸书
2025-02-13 16:12:30: Close Modified Folder (mod-time, acl): /tags/电脑技巧
2025-02-13 16:12:30: Close Modified Folder (mod-time, acl): /tags/电脑手机技巧
2025-02-13 16:12:30: Close Modified Folder (mod-time, acl): /tags/电视剧
2025-02-13 16:12:30: Close Modified Folder (mod-time, acl): /tags/笔记
2025-02-13 16:12:30: Close Modified Folder (mod-time, acl): /tags/程序
2025-02-13 16:12:30: Close Modified Folder (mod-time, acl): /tags/百年孤独
2025-02-13 16:12:30: Close Modified Folder (mod-time, acl): /tags/红楼梦
2025-02-13 16:12:30: Close Modified Folder (mod-time, acl): /tags/羽毛球
2025-02-13 16:12:30: Close Modified Folder (mod-time, acl): /tags/英语
2025-02-13 16:12:30: Close Modified Folder (mod-time, acl): /tags/评测
2025-02-13 16:12:30: Close Modified Folder (mod-time, acl): /tags/西游记
2025-02-13 16:12:30: Close Modified Folder (mod-time, acl): /tags/钱穆
2025-02-13 16:12:30: Close Modified Folder (mod-time, acl): /tags/路由器
2025-02-13 16:12:30: Close Modified Folder (mod-time, acl): /tags/读书笔记/page/2
2025-02-13 16:12:30: Close Modified Folder (mod-time, acl): /tags/静读天下专业版
2025-02-13 16:12:30: Close Modified Folder (mod-time, acl): /tags/音乐
2025-02-13 16:12:30: Close Modified Folder (mod-time, acl): /tags/食品
2025-02-13 16:12:30: Close Modified Folder (mod-time, acl): /tags/阅读/page/2
2025-02-13 16:12:30: Close Modified Folder (mod-time, acl): /tags/音频
2025-02-13 16:12:30: Close Modified Folder (mod-time, acl): /tags/魔方
2025-02-13 16:12:30: Close Modified Folder (mod-time, acl): /tags/麻将
2025-02-13 16:12:30: Close Modified Folder (mod-time, acl): /archives/2019
2025-02-13 16:12:30: Close Modified Folder (mod-time, acl): /archives/2017
2025-02-13 16:12:30: Close Modified Folder (mod-time, acl): /archives/2020
2025-02-13 16:12:30: Close Modified Folder (mod-time, acl): /archives/2023
2025-02-13 16:12:30: Close Modified Folder (mod-time, acl): /archives/2022
2025-02-13 16:12:30: Close Modified Folder (mod-time, acl): /archives/2025
2025-02-13 16:12:30: Close Modified Folder (mod-time, acl): /archives/2021/03
2025-02-13 16:12:30: Close Modified Folder (mod-time, acl): /archives/2024
2025-02-13 16:12:30: Close Modified Folder (mod-time, acl): /categories/程序
2025-02-13 16:12:30: Close Modified Folder (mod-time, acl): /categories/读书笔记
2025-02-13 16:12:30: Close Modified Folder (mod-time, acl): /tags/标注
2025-02-13 16:12:30: Close Modified Folder (mod-time, acl): /tags/读书笔记
2025-02-13 16:12:30: Close Modified Folder (mod-time, acl): /tags/阅读
2025-02-13 16:12:30: Close Modified Folder (mod-time, acl): /archives/2021
2025-02-13 16:12:30: Close Modified Folder (mod-time, acl): /categories
2025-02-13 16:12:30: Close Modified Folder (mod-time, acl): /tags
2025-02-13 16:12:30: Close Modified Folder (mod-time, acl): /archives
2025-02-13 16:12:30: Save State File G:/Andy/hexo/public/_gsdata_/_file_state_v4._gs
2025-02-13 16:12:30: Save State File G:/Work/Github/wangandi520.github.io/_gsdata_/_file_state_v4._gs
2025-02-13 16:12:31: == Sync Complete. Time: 00:00:02, Speed: 0.00/s, OK: 213, Errors: 0
