2025-02-24 17:53:35: == Sync Started by User Command
2025-02-24 17:53:35: ConnectCloned connected to file:///G:/Andy/hexo/public
2025-02-24 17:53:35: ConnectCloned connected to file:///G:/Andy/hexo/public
2025-02-24 17:53:35: ConnectCloned connected to file:///G:/Andy/hexo/public
2025-02-24 17:53:35: ConnectCloned connected to file:///G:/Work/Github/wangandi520.github.io
2025-02-24 17:53:35: ConnectCloned connected to file:///G:/Work/Github/wangandi520.github.io
2025-02-24 17:53:35: ConnectCloned connected to file:///G:/Work/Github/wangandi520.github.io
2025-02-24 17:53:35: Copy Over 'G:/Andy/hexo/public/2017/01/09/树莓派-archlinuxarm做路由/index.html' -> 'G:/Work/Github/wangandi520.github.io/2017/01/09/树莓派-archlinuxarm做路由/index.html' (22,893)
2025-02-24 17:53:35: Copy Over 'G:/Andy/hexo/public/2017/01/09/kindle标注/index.html' -> 'G:/Work/Github/wangandi520.github.io/2017/01/09/kindle标注/index.html' (213,752)
2025-02-24 17:53:35: Copy Over 'G:/Andy/hexo/public/2017/01/09/树莓派3-Raspberry-pi-3-刷kali-3-5寸微雪屏/index.html' -> 'G:/Work/Github/wangandi520.github.io/2017/01/09/树莓派3-Raspberry-pi-3-刷kali-3-5寸微雪屏/index.html' (24,892)
2025-02-24 17:53:35: Copy Over 'G:/Andy/hexo/public/2017/01/09/树莓派3-Raspberry-pi-3-刷OpenWrt/index.html' -> 'G:/Work/Github/wangandi520.github.io/2017/01/09/树莓派3-Raspberry-pi-3-刷OpenWrt/index.html' (32,272)
2025-02-24 17:53:35: Copy Over 'G:/Andy/hexo/public/2017/01/09/歌词/index.html' -> 'G:/Work/Github/wangandi520.github.io/2017/01/09/歌词/index.html' (164,475)
2025-02-24 17:53:35: Copy Over 'G:/Andy/hexo/public/2017/01/14/路由器发送IP至服务器/index.html' -> 'G:/Work/Github/wangandi520.github.io/2017/01/14/路由器发送IP至服务器/index.html' (26,261)
2025-02-24 17:53:35: Copy Over 'G:/Andy/hexo/public/2017/03/23/speaksoftlylove/index.html' -> 'G:/Work/Github/wangandi520.github.io/2017/03/23/speaksoftlylove/index.html' (19,630)
2025-02-24 17:53:35: Copy Over 'G:/Andy/hexo/public/2017/05/15/树莓派3B和攀藤PMS5003ST/index.html' -> 'G:/Work/Github/wangandi520.github.io/2017/05/15/树莓派3B和攀藤PMS5003ST/index.html' (56,170)
2025-02-24 17:53:35: Copy Over 'G:/Andy/hexo/public/2019/03/29/文石boox poke pro评测体验/index.html' -> 'G:/Work/Github/wangandi520.github.io/2019/03/29/文石boox poke pro评测体验/index.html' (25,747)
2025-02-24 17:53:35: Copy Over 'G:/Andy/hexo/public/2019/03/29/文石poke pro,nova pro评测体验/index.html' -> 'G:/Work/Github/wangandi520.github.io/2019/03/29/文石poke pro,nova pro评测体验/index.html' (23,031)
2025-02-24 17:53:35: Copy Over 'G:/Andy/hexo/public/2019/12/04/老王随机点名器v1.0/index.html' -> 'G:/Work/Github/wangandi520.github.io/2019/12/04/老王随机点名器v1.0/index.html' (21,020)
2025-02-24 17:53:35: Copy Over 'G:/Andy/hexo/public/2020/03/26/树莓派4B加微雪2.13寸墨水屏监测pm2.5信息/index.html' -> 'G:/Work/Github/wangandi520.github.io/2020/03/26/树莓派4B加微雪2.13寸墨水屏监测pm2.5信息/index.html' (29,140)
2025-02-24 17:53:35: Copy Over 'G:/Andy/hexo/public/2020/06/23/文石boox nova2评测体验/index.html' -> 'G:/Work/Github/wangandi520.github.io/2020/06/23/文石boox nova2评测体验/index.html' (29,440)
2025-02-24 17:53:35: Copy Over 'G:/Andy/hexo/public/2021/03/09/电脑手机技巧/index.html' -> 'G:/Work/Github/wangandi520.github.io/2021/03/09/电脑手机技巧/index.html' (62,202)
2025-02-24 17:53:35: Copy Over 'G:/Andy/hexo/public/2021/03/09/红楼梦校注本标注/index.html' -> 'G:/Work/Github/wangandi520.github.io/2021/03/09/红楼梦校注本标注/index.html' (27,792)
2025-02-24 17:53:35: Copy Over 'G:/Andy/hexo/public/2021/03/11/魔方笔记/index.html' -> 'G:/Work/Github/wangandi520.github.io/2021/03/11/魔方笔记/index.html' (24,037)
2025-02-24 17:53:35: Copy Over 'G:/Andy/hexo/public/2021/03/12/REAPER6学习笔记/index.html' -> 'G:/Work/Github/wangandi520.github.io/2021/03/12/REAPER6学习笔记/index.html' (38,721)
2025-02-24 17:53:35: Copy Over 'G:/Andy/hexo/public/2021/03/13/文城标注/index.html' -> 'G:/Work/Github/wangandi520.github.io/2021/03/13/文城标注/index.html' (24,864)
2025-02-24 17:53:35: Copy Over 'G:/Andy/hexo/public/2021/03/15/吉他和弦图查询与生成/index.html' -> 'G:/Work/Github/wangandi520.github.io/2021/03/15/吉他和弦图查询与生成/index.html' (22,656)
2025-02-24 17:53:35: Copy Over 'G:/Andy/hexo/public/2021/03/16/舒适阅读电子书和漫画/index.html' -> 'G:/Work/Github/wangandi520.github.io/2021/03/16/舒适阅读电子书和漫画/index.html' (39,202)
2025-02-24 17:53:35: Copy Over 'G:/Andy/hexo/public/2021/03/16/西游记校注本标注/index.html' -> 'G:/Work/Github/wangandi520.github.io/2021/03/16/西游记校注本标注/index.html' (26,039)
2025-02-24 17:53:35: Copy Over 'G:/Andy/hexo/public/2021/03/17/hexo主题icarus的一些玩法/index.html' -> 'G:/Work/Github/wangandi520.github.io/2021/03/17/hexo主题icarus的一些玩法/index.html' (27,056)
2025-02-24 17:53:35: Copy Over 'G:/Andy/hexo/public/2021/03/18/文石Boox,Kindle,静读天下专业版,微信读书,KOReader的标注转换为Markdown格式/index.html' -> 'G:/Work/Github/wangandi520.github.io/2021/03/18/文石Boox,Kindle,静读天下专业版,微信读书,KOReader的标注转换为Markdown格式/index.html' (28,407)
2025-02-24 17:53:35: Copy Over 'G:/Andy/hexo/public/2021/03/22/搭建webdav服务器实现静读天下同步/index.html' -> 'G:/Work/Github/wangandi520.github.io/2021/03/22/搭建webdav服务器实现静读天下同步/index.html' (27,144)
2025-02-24 17:53:35: Copy Over 'G:/Andy/hexo/public/2021/06/07/红米ac2100路由器刷padavan系统/index.html' -> 'G:/Work/Github/wangandi520.github.io/2021/06/07/红米ac2100路由器刷padavan系统/index.html' (25,236)
2025-02-24 17:53:35: Copy Over 'G:/Andy/hexo/public/2021/07/03/几个漫画整理脚本的使用/index.html' -> 'G:/Work/Github/wangandi520.github.io/2021/07/03/几个漫画整理脚本的使用/index.html' (63,859)
2025-02-24 17:53:35: Copy Over 'G:/Andy/hexo/public/2021/09/25/一只特立独行的猪标注/index.html' -> 'G:/Work/Github/wangandi520.github.io/2021/09/25/一只特立独行的猪标注/index.html' (47,545)
2025-02-24 17:53:35: Copy Over 'G:/Andy/hexo/public/2021/09/28/中国历代政治得失标注/index.html' -> 'G:/Work/Github/wangandi520.github.io/2021/09/28/中国历代政治得失标注/index.html' (68,121)
2025-02-24 17:53:35: Copy Over 'G:/Andy/hexo/public/2021/10/05/离线漫画NeeView的使用和与其他软件的对比/index.html' -> 'G:/Work/Github/wangandi520.github.io/2021/10/05/离线漫画NeeView的使用和与其他软件的对比/index.html' (26,901)
2025-02-24 17:53:35: Copy Over 'G:/Andy/hexo/public/2021/10/22/沉默的大多数标注/index.html' -> 'G:/Work/Github/wangandi520.github.io/2021/10/22/沉默的大多数标注/index.html' (43,443)
2025-02-24 17:53:35: Copy Over 'G:/Andy/hexo/public/2021/12/31/书电影电视剧记录/index.html' -> 'G:/Work/Github/wangandi520.github.io/2021/12/31/书电影电视剧记录/index.html' (208,127)
2025-02-24 17:53:35: Copy Over 'G:/Andy/hexo/public/2022/01/06/书电影电视剧简评/index.html' -> 'G:/Work/Github/wangandi520.github.io/2022/01/06/书电影电视剧简评/index.html' (55,767)
2025-02-24 17:53:35: Copy Over 'G:/Andy/hexo/public/2022/01/08/Seventh9日麻教程 标注/index.html' -> 'G:/Work/Github/wangandi520.github.io/2022/01/08/Seventh9日麻教程 标注/index.html' (57,406)
2025-02-24 17:53:35: Copy Over 'G:/Andy/hexo/public/2022/01/26/linux笔记/index.html' -> 'G:/Work/Github/wangandi520.github.io/2022/01/26/linux笔记/index.html' (46,836)
2025-02-24 17:53:35: Copy Over 'G:/Andy/hexo/public/2022/01/26/使用archlinux搭建家庭数据服务中心/index.html' -> 'G:/Work/Github/wangandi520.github.io/2022/01/26/使用archlinux搭建家庭数据服务中心/index.html' (87,674)
2025-02-24 17:53:35: Copy Over 'G:/Andy/hexo/public/2022/03/19/几个PyQt程序/index.html' -> 'G:/Work/Github/wangandi520.github.io/2022/03/19/几个PyQt程序/index.html' (27,555)
2025-02-24 17:53:35: Copy Over 'G:/Andy/hexo/public/2022/08/08/漫画印刷与扫描错误/index.html' -> 'G:/Work/Github/wangandi520.github.io/2022/08/08/漫画印刷与扫描错误/index.html' (47,371)
2025-02-24 17:53:35: Copy Over 'G:/Andy/hexo/public/2023/01/29/SciTE文本编辑器配置/index.html' -> 'G:/Work/Github/wangandi520.github.io/2023/01/29/SciTE文本编辑器配置/index.html' (25,227)
2025-02-24 17:53:35: Copy Over 'G:/Andy/hexo/public/2023/05/25/红楼梦人物关系图/index.html' -> 'G:/Work/Github/wangandi520.github.io/2023/05/25/红楼梦人物关系图/index.html' (19,012)
2025-02-24 17:53:35: Copy Over 'G:/Andy/hexo/public/2023/06/06/书籍删减与翻译情况/index.html' -> 'G:/Work/Github/wangandi520.github.io/2023/06/06/书籍删减与翻译情况/index.html' (26,607)
2025-02-24 17:53:35: Copy Over 'G:/Andy/hexo/public/2023/06/07/店铺食品用品/index.html' -> 'G:/Work/Github/wangandi520.github.io/2023/06/07/店铺食品用品/index.html' (25,519)
2025-02-24 17:53:35: Copy Over 'G:/Andy/hexo/public/2023/06/11/百年孤独人物关系图/index.html' -> 'G:/Work/Github/wangandi520.github.io/2023/06/11/百年孤独人物关系图/index.html' (19,006)
2025-02-24 17:53:35: Copy Over 'G:/Andy/hexo/public/2023/11/20/小米14的bug/index.html' -> 'G:/Work/Github/wangandi520.github.io/2023/11/20/小米14的bug/index.html' (23,108)
2025-02-24 17:53:35: Copy Over 'G:/Andy/hexo/public/2023/12/15/音频软件插件简评/index.html' -> 'G:/Work/Github/wangandi520.github.io/2023/12/15/音频软件插件简评/index.html' (29,937)
2025-02-24 17:53:35: Copy Over 'G:/Andy/hexo/public/2023/12/25/美丽的世界你在哪里 标注/index.html' -> 'G:/Work/Github/wangandi520.github.io/2023/12/25/美丽的世界你在哪里 标注/index.html' (27,064)
2025-02-24 17:53:35: Copy Over 'G:/Andy/hexo/public/2023/12/29/快速上手羽毛球弹弓/index.html' -> 'G:/Work/Github/wangandi520.github.io/2023/12/29/快速上手羽毛球弹弓/index.html' (23,043)
2025-02-24 17:53:35: Copy Over 'G:/Andy/hexo/public/2023/12/29/省钱玩电吉他单车摄影，阅读音乐/index.html' -> 'G:/Work/Github/wangandi520.github.io/2023/12/29/省钱玩电吉他单车摄影，阅读音乐/index.html' (29,266)
2025-02-24 17:53:35: Copy Over 'G:/Andy/hexo/public/2024/01/03/Windows和Android优质软件/index.html' -> 'G:/Work/Github/wangandi520.github.io/2024/01/03/Windows和Android优质软件/index.html' (22,901)
2025-02-24 17:53:35: Copy Over 'G:/Andy/hexo/public/2024/01/13/联想拯救者y700一代（2022）平板刷机过程/index.html' -> 'G:/Work/Github/wangandi520.github.io/2024/01/13/联想拯救者y700一代（2022）平板刷机过程/index.html' (28,864)
2025-02-24 17:53:35: Copy Over 'G:/Andy/hexo/public/2024/02/05/挪威的森林赖明珠译标注/index.html' -> 'G:/Work/Github/wangandi520.github.io/2024/02/05/挪威的森林赖明珠译标注/index.html' (33,458)
2025-02-24 17:53:35: Copy Over 'G:/Andy/hexo/public/2024/02/11/使用github的action配合python每天签到/index.html' -> 'G:/Work/Github/wangandi520.github.io/2024/02/11/使用github的action配合python每天签到/index.html' (23,451)
2025-02-24 17:53:35: Copy Over 'G:/Andy/hexo/public/2024/02/18/中文日文注音使用html上标注音格式/index.html' -> 'G:/Work/Github/wangandi520.github.io/2024/02/18/中文日文注音使用html上标注音格式/index.html' (26,366)
2025-02-24 17:53:35: Copy Over 'G:/Andy/hexo/public/2024/02/29/hexo和next主题的一些配置/index.html' -> 'G:/Work/Github/wangandi520.github.io/2024/02/29/hexo和next主题的一些配置/index.html' (62,996)
2025-02-24 17:53:35: Copy Over 'G:/Andy/hexo/public/2024/03/03/立直麻将点数计算工具mahjong-calc/index.html' -> 'G:/Work/Github/wangandi520.github.io/2024/03/03/立直麻将点数计算工具mahjong-calc/index.html' (26,593)
2025-02-24 17:53:35: Copy Over 'G:/Andy/hexo/public/2024/03/07/neeview一键保存当前图片/index.html' -> 'G:/Work/Github/wangandi520.github.io/2024/03/07/neeview一键保存当前图片/index.html' (29,896)
2025-02-24 17:53:35: Copy Over 'G:/Andy/hexo/public/2024/03/13/个人笔记跨平台解决方案/index.html' -> 'G:/Work/Github/wangandi520.github.io/2024/03/13/个人笔记跨平台解决方案/index.html' (24,757)
2025-02-24 17:53:35: Copy Over 'G:/Andy/hexo/public/2024/04/13/其他标注/index.html' -> 'G:/Work/Github/wangandi520.github.io/2024/04/13/其他标注/index.html' (53,312)
2025-02-24 17:53:35: Copy Over 'G:/Andy/hexo/public/2024/04/25/不能承受的生命之轻标注/index.html' -> 'G:/Work/Github/wangandi520.github.io/2024/04/25/不能承受的生命之轻标注/index.html' (40,036)
2025-02-24 17:53:35: Copy Over 'G:/Andy/hexo/public/2024/06/06/三日间的幸福标注/index.html' -> 'G:/Work/Github/wangandi520.github.io/2024/06/06/三日间的幸福标注/index.html' (24,778)
2025-02-24 17:53:35: Copy Over 'G:/Andy/hexo/public/2024/11/09/文石poke6黑色评测体验/index.html' -> 'G:/Work/Github/wangandi520.github.io/2024/11/09/文石poke6黑色评测体验/index.html' (22,847)
2025-02-24 17:53:35: Copy Over 'G:/Andy/hexo/public/2024/12/13/单页面投资行情/index.html' -> 'G:/Work/Github/wangandi520.github.io/2024/12/13/单页面投资行情/index.html' (23,288)
2025-02-24 17:53:35: Copy Over 'G:/Andy/hexo/public/2025/01/10/仙境传说简易入门攻略/index.html' -> 'G:/Work/Github/wangandi520.github.io/2025/01/10/仙境传说简易入门攻略/index.html' (60,898)
2025-02-24 17:53:35: Copy Over 'G:/Andy/hexo/public/2025/01/26/本地运行deepseekr1模型/index.html' -> 'G:/Work/Github/wangandi520.github.io/2025/01/26/本地运行deepseekr1模型/index.html' (25,915)
2025-02-24 17:53:35: Copy Over 'G:/Andy/hexo/public/404.html' -> 'G:/Work/Github/wangandi520.github.io/404.html' (13,674)
2025-02-24 17:53:35: Copy Over 'G:/Andy/hexo/public/2025/02/24/王小波真正大全集15册标注/index.html' -> 'G:/Work/Github/wangandi520.github.io/2025/02/24/王小波真正大全集15册标注/index.html' (60,223)
2025-02-24 17:53:35: Copy Over 'G:/Andy/hexo/public/about/index.html' -> 'G:/Work/Github/wangandi520.github.io/about/index.html' (16,490)
2025-02-24 17:53:35: Copy Over 'G:/Andy/hexo/public/archives/2017/01/index.html' -> 'G:/Work/Github/wangandi520.github.io/archives/2017/01/index.html' (16,761)
2025-02-24 17:53:35: Copy Over 'G:/Andy/hexo/public/archives/2017/03/index.html' -> 'G:/Work/Github/wangandi520.github.io/archives/2017/03/index.html' (13,743)
2025-02-24 17:53:35: Copy Over 'G:/Andy/hexo/public/archives/2017/05/index.html' -> 'G:/Work/Github/wangandi520.github.io/archives/2017/05/index.html' (13,778)
2025-02-24 17:53:35: Copy Over 'G:/Andy/hexo/public/archives/2017/index.html' -> 'G:/Work/Github/wangandi520.github.io/archives/2017/index.html' (17,931)
2025-02-24 17:53:35: Copy Over 'G:/Andy/hexo/public/archives/2019/03/index.html' -> 'G:/Work/Github/wangandi520.github.io/archives/2019/03/index.html' (14,409)
2025-02-24 17:53:35: Copy Over 'G:/Andy/hexo/public/archives/2019/12/index.html' -> 'G:/Work/Github/wangandi520.github.io/archives/2019/12/index.html' (13,776)
2025-02-24 17:53:35: Copy Over 'G:/Andy/hexo/public/archives/2019/index.html' -> 'G:/Work/Github/wangandi520.github.io/archives/2019/index.html' (15,005)
2025-02-24 17:53:35: Copy Over 'G:/Andy/hexo/public/archives/2020/03/index.html' -> 'G:/Work/Github/wangandi520.github.io/archives/2020/03/index.html' (13,877)
2025-02-24 17:53:35: Copy Over 'G:/Andy/hexo/public/archives/2020/06/index.html' -> 'G:/Work/Github/wangandi520.github.io/archives/2020/06/index.html' (13,778)
2025-02-24 17:53:35: Copy Over 'G:/Andy/hexo/public/archives/2020/index.html' -> 'G:/Work/Github/wangandi520.github.io/archives/2020/index.html' (14,475)
2025-02-24 17:53:35: Copy Over 'G:/Andy/hexo/public/archives/2021/03/index.html' -> 'G:/Work/Github/wangandi520.github.io/archives/2021/03/index.html' (19,768)
2025-02-24 17:53:35: Copy Over 'G:/Andy/hexo/public/archives/2021/03/page/2/index.html' -> 'G:/Work/Github/wangandi520.github.io/archives/2021/03/page/2/index.html' (14,052)
2025-02-24 17:53:35: Copy Over 'G:/Andy/hexo/public/archives/2021/06/index.html' -> 'G:/Work/Github/wangandi520.github.io/archives/2021/06/index.html' (13,807)
2025-02-24 17:53:35: Copy Over 'G:/Andy/hexo/public/archives/2021/07/index.html' -> 'G:/Work/Github/wangandi520.github.io/archives/2021/07/index.html' (13,817)
2025-02-24 17:53:35: Copy Over 'G:/Andy/hexo/public/archives/2021/09/index.html' -> 'G:/Work/Github/wangandi520.github.io/archives/2021/09/index.html' (14,440)
2025-02-24 17:53:35: Copy Over 'G:/Andy/hexo/public/archives/2021/10/index.html' -> 'G:/Work/Github/wangandi520.github.io/archives/2021/10/index.html' (14,501)
2025-02-24 17:53:35: Copy Over 'G:/Andy/hexo/public/archives/2021/12/index.html' -> 'G:/Work/Github/wangandi520.github.io/archives/2021/12/index.html' (13,787)
2025-02-24 17:53:35: Copy Over 'G:/Andy/hexo/public/archives/2021/index.html' -> 'G:/Work/Github/wangandi520.github.io/archives/2021/index.html' (20,061)
2025-02-24 17:53:35: Copy Over 'G:/Andy/hexo/public/archives/2021/page/2/index.html' -> 'G:/Work/Github/wangandi520.github.io/archives/2021/page/2/index.html' (18,221)
2025-02-24 17:53:35: Copy Over 'G:/Andy/hexo/public/archives/2022/01/index.html' -> 'G:/Work/Github/wangandi520.github.io/archives/2022/01/index.html' (15,613)
2025-02-24 17:53:35: Copy Over 'G:/Andy/hexo/public/archives/2022/03/index.html' -> 'G:/Work/Github/wangandi520.github.io/archives/2022/03/index.html' (13,740)
2025-02-24 17:53:35: Copy Over 'G:/Andy/hexo/public/archives/2022/08/index.html' -> 'G:/Work/Github/wangandi520.github.io/archives/2022/08/index.html' (13,792)
2025-02-24 17:53:35: Copy Over 'G:/Andy/hexo/public/archives/2022/index.html' -> 'G:/Work/Github/wangandi520.github.io/archives/2022/index.html' (16,794)
2025-02-24 17:53:35: Copy Over 'G:/Andy/hexo/public/archives/2023/01/index.html' -> 'G:/Work/Github/wangandi520.github.io/archives/2023/01/index.html' (13,778)
2025-02-24 17:53:35: Copy Over 'G:/Andy/hexo/public/archives/2023/05/index.html' -> 'G:/Work/Github/wangandi520.github.io/archives/2023/05/index.html' (13,792)
2025-02-24 17:53:35: Copy Over 'G:/Andy/hexo/public/archives/2023/06/index.html' -> 'G:/Work/Github/wangandi520.github.io/archives/2023/06/index.html' (15,010)
2025-02-24 17:53:35: Copy Over 'G:/Andy/hexo/public/archives/2023/11/index.html' -> 'G:/Work/Github/wangandi520.github.io/archives/2023/11/index.html' (13,736)
2025-02-24 17:53:35: Copy Over 'G:/Andy/hexo/public/archives/2023/12/index.html' -> 'G:/Work/Github/wangandi520.github.io/archives/2023/12/index.html' (15,746)
2025-02-24 17:53:35: Copy Over 'G:/Andy/hexo/public/archives/2023/index.html' -> 'G:/Work/Github/wangandi520.github.io/archives/2023/index.html' (19,369)
2025-02-24 17:53:35: Copy Over 'G:/Andy/hexo/public/archives/2024/01/index.html' -> 'G:/Work/Github/wangandi520.github.io/archives/2024/01/index.html' (14,482)
2025-02-24 17:53:35: Copy Over 'G:/Andy/hexo/public/archives/2024/02/index.html' -> 'G:/Work/Github/wangandi520.github.io/archives/2024/02/index.html' (15,789)
2025-02-24 17:53:35: Copy Over 'G:/Andy/hexo/public/archives/2024/03/index.html' -> 'G:/Work/Github/wangandi520.github.io/archives/2024/03/index.html' (15,097)
2025-02-24 17:53:35: Copy Over 'G:/Andy/hexo/public/archives/2024/04/index.html' -> 'G:/Work/Github/wangandi520.github.io/archives/2024/04/index.html' (14,379)
2025-02-24 17:53:35: Copy Over 'G:/Andy/hexo/public/archives/2024/06/index.html' -> 'G:/Work/Github/wangandi520.github.io/archives/2024/06/index.html' (13,782)
2025-02-24 17:53:35: Copy Over 'G:/Andy/hexo/public/archives/2024/11/index.html' -> 'G:/Work/Github/wangandi520.github.io/archives/2024/11/index.html' (13,791)
2025-02-24 17:53:35: Copy Over 'G:/Andy/hexo/public/archives/2024/index.html' -> 'G:/Work/Github/wangandi520.github.io/archives/2024/index.html' (19,718)
2025-02-24 17:53:35: Copy Over 'G:/Andy/hexo/public/archives/2024/12/index.html' -> 'G:/Work/Github/wangandi520.github.io/archives/2024/12/index.html' (13,769)
2025-02-24 17:53:35: Copy Over 'G:/Andy/hexo/public/archives/2024/page/2/index.html' -> 'G:/Work/Github/wangandi520.github.io/archives/2024/page/2/index.html' (16,065)
2025-02-24 17:53:35: Copy Over 'G:/Andy/hexo/public/archives/2025/01/index.html' -> 'G:/Work/Github/wangandi520.github.io/archives/2025/01/index.html' (14,410)
2025-02-24 17:53:35: Copy Over 'G:/Andy/hexo/public/archives/2025/02/index.html' -> 'G:/Work/Github/wangandi520.github.io/archives/2025/02/index.html' (13,821)
2025-02-24 17:53:35: Copy Over 'G:/Andy/hexo/public/archives/2025/index.html' -> 'G:/Work/Github/wangandi520.github.io/archives/2025/index.html' (15,051)
2025-02-24 17:53:35: Copy Over 'G:/Andy/hexo/public/archives/index.html' -> 'G:/Work/Github/wangandi520.github.io/archives/index.html' (19,838)
2025-02-24 17:53:35: Copy Over 'G:/Andy/hexo/public/archives/page/3/index.html' -> 'G:/Work/Github/wangandi520.github.io/archives/page/3/index.html' (20,009)
2025-02-24 17:53:35: Copy Over 'G:/Andy/hexo/public/archives/page/2/index.html' -> 'G:/Work/Github/wangandi520.github.io/archives/page/2/index.html' (20,394)
2025-02-24 17:53:35: Copy Over 'G:/Andy/hexo/public/archives/page/4/index.html' -> 'G:/Work/Github/wangandi520.github.io/archives/page/4/index.html' (20,198)
2025-02-24 17:53:35: Copy Over 'G:/Andy/hexo/public/archives/page/5/index.html' -> 'G:/Work/Github/wangandi520.github.io/archives/page/5/index.html' (20,072)
2025-02-24 17:53:35: Copy Over 'G:/Andy/hexo/public/archives/page/6/index.html' -> 'G:/Work/Github/wangandi520.github.io/archives/page/6/index.html' (20,211)
2025-02-24 17:53:35: Copy Over 'G:/Andy/hexo/public/archives/page/7/index.html' -> 'G:/Work/Github/wangandi520.github.io/archives/page/7/index.html' (15,949)
2025-02-24 17:53:35: Copy Over 'G:/Andy/hexo/public/atom.xml' -> 'G:/Work/Github/wangandi520.github.io/atom.xml' (64,927)
2025-02-24 17:53:35: Copy Over 'G:/Andy/hexo/public/categories/index.html' -> 'G:/Work/Github/wangandi520.github.io/categories/index.html' (14,784)
2025-02-24 17:53:35: Copy Over 'G:/Andy/hexo/public/categories/个人/index.html' -> 'G:/Work/Github/wangandi520.github.io/categories/个人/index.html' (14,467)
2025-02-24 17:53:35: Copy Over 'G:/Andy/hexo/public/categories/吉他/index.html' -> 'G:/Work/Github/wangandi520.github.io/categories/吉他/index.html' (13,714)
2025-02-24 17:53:35: Copy Over 'G:/Andy/hexo/public/categories/学习笔记/index.html' -> 'G:/Work/Github/wangandi520.github.io/categories/学习笔记/index.html' (17,568)
2025-02-24 17:53:35: Copy Over 'G:/Andy/hexo/public/categories/极客/index.html' -> 'G:/Work/Github/wangandi520.github.io/categories/极客/index.html' (15,985)
2025-02-24 17:53:35: Copy Over 'G:/Andy/hexo/public/categories/游戏/index.html' -> 'G:/Work/Github/wangandi520.github.io/categories/游戏/index.html' (13,775)
2025-02-24 17:53:35: Copy Over 'G:/Andy/hexo/public/categories/程序/index.html' -> 'G:/Work/Github/wangandi520.github.io/categories/程序/index.html' (20,005)
2025-02-24 17:53:35: Copy Over 'G:/Andy/hexo/public/categories/程序/page/2/index.html' -> 'G:/Work/Github/wangandi520.github.io/categories/程序/page/2/index.html' (20,523)
2025-02-24 17:53:35: Copy Over 'G:/Andy/hexo/public/categories/程序/page/3/index.html' -> 'G:/Work/Github/wangandi520.github.io/categories/程序/page/3/index.html' (14,814)
2025-02-24 17:53:35: Copy Over 'G:/Andy/hexo/public/categories/评测/index.html' -> 'G:/Work/Github/wangandi520.github.io/categories/评测/index.html' (19,813)
2025-02-24 17:53:35: Copy Over 'G:/Andy/hexo/public/categories/读书笔记/index.html' -> 'G:/Work/Github/wangandi520.github.io/categories/读书笔记/index.html' (20,077)
2025-02-24 17:53:35: Copy Over 'G:/Andy/hexo/public/categories/读书笔记/page/2/index.html' -> 'G:/Work/Github/wangandi520.github.io/categories/读书笔记/page/2/index.html' (17,857)
2025-02-24 17:53:35: Copy Over 'G:/Andy/hexo/public/css/main.css' -> 'G:/Work/Github/wangandi520.github.io/css/main.css' (56,015)
2025-02-24 17:53:35: Copy Over 'G:/Andy/hexo/public/css/noscript.css' -> 'G:/Work/Github/wangandi520.github.io/css/noscript.css' (881)
2025-02-24 17:53:35: Copy Over 'G:/Andy/hexo/public/files/foobar左列表右eslyric歌词布局.fth' -> 'G:/Work/Github/wangandi520.github.io/files/foobar左列表右eslyric歌词布局.fth' (2,168)
2025-02-24 17:53:35: Copy Over 'G:/Andy/hexo/public/files/NeeView40.5-20240204.nvzip' -> 'G:/Work/Github/wangandi520.github.io/files/NeeView40.5-20240204.nvzip' (6,987)
2025-02-24 17:53:35: Copy Over 'G:/Andy/hexo/public/images/alipay.png' -> 'G:/Work/Github/wangandi520.github.io/images/alipay.png' (10,470)
2025-02-24 17:53:35: Copy Over 'G:/Andy/hexo/public/images/apple-touch-icon-next.png' -> 'G:/Work/Github/wangandi520.github.io/images/apple-touch-icon-next.png' (1,544)
2025-02-24 17:53:35: Copy Over 'G:/Andy/hexo/public/images/avatar.gif' -> 'G:/Work/Github/wangandi520.github.io/images/avatar.gif' (1,785)
2025-02-24 17:53:35: Copy Over 'G:/Andy/hexo/public/images/avatar.jpg' -> 'G:/Work/Github/wangandi520.github.io/images/avatar.jpg' (14,260)
2025-02-24 17:53:35: Copy Over 'G:/Andy/hexo/public/images/avatar.png' -> 'G:/Work/Github/wangandi520.github.io/images/avatar.png' (26,603)
2025-02-24 17:53:35: Copy Over 'G:/Andy/hexo/public/images/bainiangudu01.png' -> 'G:/Work/Github/wangandi520.github.io/images/bainiangudu01.png' (146,752)
2025-02-24 17:53:35: Copy Over 'G:/Andy/hexo/public/images/comfortreading01.jpg' -> 'G:/Work/Github/wangandi520.github.io/images/comfortreading01.jpg' (128,260)
2025-02-24 17:53:35: Copy Over 'G:/Andy/hexo/public/images/comfortreading03.png' -> 'G:/Work/Github/wangandi520.github.io/images/comfortreading03.png' (118,175)
2025-02-24 17:53:35: Copy Over 'G:/Andy/hexo/public/images/comfortreading04.jpg' -> 'G:/Work/Github/wangandi520.github.io/images/comfortreading04.jpg' (187,349)
2025-02-24 17:53:35: Copy Over 'G:/Andy/hexo/public/images/favicon-16x16-next.png' -> 'G:/Work/Github/wangandi520.github.io/images/favicon-16x16-next.png' (435)
2025-02-24 17:53:35: Copy Over 'G:/Andy/hexo/public/images/favicon-32x32-next.png' -> 'G:/Work/Github/wangandi520.github.io/images/favicon-32x32-next.png' (640)
2025-02-24 17:53:35: Copy Over 'G:/Andy/hexo/public/images/favicon.ico' -> 'G:/Work/Github/wangandi520.github.io/images/favicon.ico' (26,603)
2025-02-24 17:53:35: Copy Over 'G:/Andy/hexo/public/images/hongloumeng01.png' -> 'G:/Work/Github/wangandi520.github.io/images/hongloumeng01.png' (271,010)
2025-02-24 17:53:35: Copy Over 'G:/Andy/hexo/public/images/logo-algolia-nebula-blue-full.svg' -> 'G:/Work/Github/wangandi520.github.io/images/logo-algolia-nebula-blue-full.svg' (5,318)
2025-02-24 17:53:35: Copy Over 'G:/Andy/hexo/public/images/logo.svg' -> 'G:/Work/Github/wangandi520.github.io/images/logo.svg' (647)
2025-02-24 17:53:35: Copy Over 'G:/Andy/hexo/public/images/onepagestock.png' -> 'G:/Work/Github/wangandi520.github.io/images/onepagestock.png' (33,870)
2025-02-24 17:53:35: Copy Over 'G:/Andy/hexo/public/images/photo-1559251606-c623743a6d76.jpg' -> 'G:/Work/Github/wangandi520.github.io/images/photo-1559251606-c623743a6d76.jpg' (192,006)
2025-02-24 17:53:35: Copy Over 'G:/Andy/hexo/public/images/shengqian01.png' -> 'G:/Work/Github/wangandi520.github.io/images/shengqian01.png' (46,562)
2025-02-24 17:53:35: Copy Over 'G:/Andy/hexo/public/images/shengqian02.jpg' -> 'G:/Work/Github/wangandi520.github.io/images/shengqian02.jpg' (427,485)
2025-02-24 17:53:35: Copy Over 'G:/Andy/hexo/public/images/shengqian03.jpg' -> 'G:/Work/Github/wangandi520.github.io/images/shengqian03.jpg' (306,568)
2025-02-24 17:53:35: Copy Over 'G:/Andy/hexo/public/images/shengqian06.jpg' -> 'G:/Work/Github/wangandi520.github.io/images/shengqian06.jpg' (349,584)
2025-02-24 17:53:35: Copy Over 'G:/Andy/hexo/public/images/shengqian05.jpg' -> 'G:/Work/Github/wangandi520.github.io/images/shengqian05.jpg' (224,357)
2025-02-24 17:53:35: Copy Over 'G:/Andy/hexo/public/images/shengqian07.jpg' -> 'G:/Work/Github/wangandi520.github.io/images/shengqian07.jpg' (333,433)
2025-02-24 17:53:35: Copy Over 'G:/Andy/hexo/public/images/shengqian08.jpg' -> 'G:/Work/Github/wangandi520.github.io/images/shengqian08.jpg' (360,345)
2025-02-24 17:53:35: Copy Over 'G:/Andy/hexo/public/images/shengqian10.jpg' -> 'G:/Work/Github/wangandi520.github.io/images/shengqian10.jpg' (272,488)
2025-02-24 17:53:35: Copy Over 'G:/Andy/hexo/public/images/shengqian09.jpg' -> 'G:/Work/Github/wangandi520.github.io/images/shengqian09.jpg' (254,285)
2025-02-24 17:53:35: Copy Over 'G:/Andy/hexo/public/images/weixin.png' -> 'G:/Work/Github/wangandi520.github.io/images/weixin.png' (48,887)
2025-02-24 17:53:35: Copy Over 'G:/Andy/hexo/public/images/y700-01.png' -> 'G:/Work/Github/wangandi520.github.io/images/y700-01.png' (81,680)
2025-02-24 17:53:35: Copy Over 'G:/Andy/hexo/public/index.html' -> 'G:/Work/Github/wangandi520.github.io/index.html' (53,242)
2025-02-24 17:53:35: Copy Over 'G:/Andy/hexo/public/js/bookmark.js' -> 'G:/Work/Github/wangandi520.github.io/js/bookmark.js' (1,682)
2025-02-24 17:53:35: Copy Over 'G:/Andy/hexo/public/js/comments-buttons.js' -> 'G:/Work/Github/wangandi520.github.io/js/comments-buttons.js' (923)
2025-02-24 17:53:35: Copy Over 'G:/Andy/hexo/public/js/comments.js' -> 'G:/Work/Github/wangandi520.github.io/js/comments.js' (666)
2025-02-24 17:53:35: Copy Over 'G:/Andy/hexo/public/js/motion.js' -> 'G:/Work/Github/wangandi520.github.io/js/motion.js' (3,857)
2025-02-24 17:53:35: Copy Over 'G:/Andy/hexo/public/js/config.js' -> 'G:/Work/Github/wangandi520.github.io/js/config.js' (1,704)
2025-02-24 17:53:35: Copy Over 'G:/Andy/hexo/public/js/next-boot.js' -> 'G:/Work/Github/wangandi520.github.io/js/next-boot.js' (2,454)
2025-02-24 17:53:35: Copy Over 'G:/Andy/hexo/public/js/pjax.js' -> 'G:/Work/Github/wangandi520.github.io/js/pjax.js' (1,546)
2025-02-24 17:53:35: Copy Over 'G:/Andy/hexo/public/js/schedule.js' -> 'G:/Work/Github/wangandi520.github.io/js/schedule.js' (4,399)
2025-02-24 17:53:35: Copy Over 'G:/Andy/hexo/public/js/sidebar.js' -> 'G:/Work/Github/wangandi520.github.io/js/sidebar.js' (2,038)
2025-02-24 17:53:35: Copy Over 'G:/Andy/hexo/public/js/third-party/addtoany.js' -> 'G:/Work/Github/wangandi520.github.io/js/third-party/addtoany.js' (217)
2025-02-24 17:53:35: Copy Over 'G:/Andy/hexo/public/js/third-party/analytics/baidu-analytics.js' -> 'G:/Work/Github/wangandi520.github.io/js/third-party/analytics/baidu-analytics.js' (162)
2025-02-24 17:53:35: Copy Over 'G:/Andy/hexo/public/js/third-party/analytics/google-analytics.js' -> 'G:/Work/Github/wangandi520.github.io/js/third-party/analytics/google-analytics.js' (1,549)
2025-02-24 17:53:35: Copy Over 'G:/Andy/hexo/public/js/third-party/analytics/growingio.js' -> 'G:/Work/Github/wangandi520.github.io/js/third-party/analytics/growingio.js' (201)
2025-02-24 17:53:35: Copy Over 'G:/Andy/hexo/public/js/third-party/analytics/matomo.js' -> 'G:/Work/Github/wangandi520.github.io/js/third-party/analytics/matomo.js' (603)
2025-02-24 17:53:35: Copy Over 'G:/Andy/hexo/public/js/third-party/chat/chatra.js' -> 'G:/Work/Github/wangandi520.github.io/js/third-party/chat/chatra.js' (401)
2025-02-24 17:53:35: Copy Over 'G:/Andy/hexo/public/js/third-party/comments/changyan.js' -> 'G:/Work/Github/wangandi520.github.io/js/third-party/comments/changyan.js' (1,023)
2025-02-24 17:53:35: Copy Over 'G:/Andy/hexo/public/js/third-party/chat/tidio.js' -> 'G:/Work/Github/wangandi520.github.io/js/third-party/chat/tidio.js' (226)
2025-02-24 17:53:35: Copy Over 'G:/Andy/hexo/public/js/third-party/comments/disqus.js' -> 'G:/Work/Github/wangandi520.github.io/js/third-party/comments/disqus.js' (1,299)
2025-02-24 17:53:35: Copy Over 'G:/Andy/hexo/public/js/third-party/comments/disqusjs.js' -> 'G:/Work/Github/wangandi520.github.io/js/third-party/comments/disqusjs.js' (784)
2025-02-24 17:53:35: Copy Over 'G:/Andy/hexo/public/js/third-party/comments/gitalk.js' -> 'G:/Work/Github/wangandi520.github.io/js/third-party/comments/gitalk.js' (927)
2025-02-24 17:53:35: Copy Over 'G:/Andy/hexo/public/js/third-party/comments/isso.js' -> 'G:/Work/Github/wangandi520.github.io/js/third-party/comments/isso.js' (389)
2025-02-24 17:53:35: Copy Over 'G:/Andy/hexo/public/js/third-party/comments/livere.js' -> 'G:/Work/Github/wangandi520.github.io/js/third-party/comments/livere.js' (471)
2025-02-24 17:53:35: Copy Over 'G:/Andy/hexo/public/js/third-party/comments/utterances.js' -> 'G:/Work/Github/wangandi520.github.io/js/third-party/comments/utterances.js' (552)
2025-02-24 17:53:35: Copy Over 'G:/Andy/hexo/public/js/third-party/fancybox.js' -> 'G:/Work/Github/wangandi520.github.io/js/third-party/fancybox.js' (1,151)
2025-02-24 17:53:35: Copy Over 'G:/Andy/hexo/public/js/third-party/math/katex.js' -> 'G:/Work/Github/wangandi520.github.io/js/third-party/math/katex.js' (181)
2025-02-24 17:53:35: Copy Over 'G:/Andy/hexo/public/js/third-party/math/mathjax.js' -> 'G:/Work/Github/wangandi520.github.io/js/third-party/math/mathjax.js' (934)
2025-02-24 17:53:35: Copy Over 'G:/Andy/hexo/public/js/third-party/pace.js' -> 'G:/Work/Github/wangandi520.github.io/js/third-party/pace.js' (130)
2025-02-24 17:53:35: Copy Over 'G:/Andy/hexo/public/js/third-party/quicklink.js' -> 'G:/Work/Github/wangandi520.github.io/js/third-party/quicklink.js' (944)
2025-02-24 17:53:35: Copy Over 'G:/Andy/hexo/public/js/third-party/search/algolia-search.js' -> 'G:/Work/Github/wangandi520.github.io/js/third-party/search/algolia-search.js' (4,058)
2025-02-24 17:53:35: Copy Over 'G:/Andy/hexo/public/js/third-party/search/local-search.js' -> 'G:/Work/Github/wangandi520.github.io/js/third-party/search/local-search.js' (3,587)
2025-02-24 17:53:35: Copy Over 'G:/Andy/hexo/public/js/third-party/statistics/firestore.js' -> 'G:/Work/Github/wangandi520.github.io/js/third-party/statistics/firestore.js' (1,834)
2025-02-24 17:53:35: Copy Over 'G:/Andy/hexo/public/js/third-party/statistics/lean-analytics.js' -> 'G:/Work/Github/wangandi520.github.io/js/third-party/statistics/lean-analytics.js' (3,719)
2025-02-24 17:53:35: Copy Over 'G:/Andy/hexo/public/js/third-party/tags/mermaid.js' -> 'G:/Work/Github/wangandi520.github.io/js/third-party/tags/mermaid.js' (1,168)
2025-02-24 17:53:35: Copy Over 'G:/Andy/hexo/public/js/third-party/tags/pdf.js' -> 'G:/Work/Github/wangandi520.github.io/js/third-party/tags/pdf.js' (681)
2025-02-24 17:53:35: Copy Over 'G:/Andy/hexo/public/js/third-party/tags/wavedrom.js' -> 'G:/Work/Github/wangandi520.github.io/js/third-party/tags/wavedrom.js' (332)
2025-02-24 17:53:35: Copy Over 'G:/Andy/hexo/public/js/utils.js' -> 'G:/Work/Github/wangandi520.github.io/js/utils.js' (20,086)
2025-02-24 17:53:35: Copy Over 'G:/Andy/hexo/public/links/index.html' -> 'G:/Work/Github/wangandi520.github.io/links/index.html' (14,908)
2025-02-24 17:53:35: Copy Over 'G:/Andy/hexo/public/page/2/index.html' -> 'G:/Work/Github/wangandi520.github.io/page/2/index.html' (48,057)
2025-02-24 17:53:35: Copy Over 'G:/Andy/hexo/public/page/3/index.html' -> 'G:/Work/Github/wangandi520.github.io/page/3/index.html' (52,623)
2025-02-24 17:53:35: Copy Over 'G:/Andy/hexo/public/page/4/index.html' -> 'G:/Work/Github/wangandi520.github.io/page/4/index.html' (51,718)
2025-02-24 17:53:35: > Copy Over 'G:/Andy/hexo/public/search.xml' -> 'G:/Work/Github/wangandi520.github.io/search.xml' (1,190,691)
2025-02-24 17:53:35: Copy Over 'G:/Andy/hexo/public/page/5/index.html' -> 'G:/Work/Github/wangandi520.github.io/page/5/index.html' (50,611)
2025-02-24 17:53:35: < Copy Over 'G:/Andy/hexo/public/search.xml' -> 'G:/Work/Github/wangandi520.github.io/search.xml' (1,190,691)
2025-02-24 17:53:35: Copy Over 'G:/Andy/hexo/public/sitemap.xml' -> 'G:/Work/Github/wangandi520.github.io/sitemap.xml' (32,053)
2025-02-24 17:53:35: Copy Over 'G:/Andy/hexo/public/tags/AI/index.html' -> 'G:/Work/Github/wangandi520.github.io/tags/AI/index.html' (13,681)
2025-02-24 17:53:35: Copy Over 'G:/Andy/hexo/public/tags/archlinuxarm/index.html' -> 'G:/Work/Github/wangandi520.github.io/tags/archlinuxarm/index.html' (13,736)
2025-02-24 17:53:35: Copy Over 'G:/Andy/hexo/public/tags/bash/index.html' -> 'G:/Work/Github/wangandi520.github.io/tags/bash/index.html' (13,710)
2025-02-24 17:53:35: Copy Over 'G:/Andy/hexo/public/tags/boox/index.html' -> 'G:/Work/Github/wangandi520.github.io/tags/boox/index.html' (15,739)
2025-02-24 17:53:35: Copy Over 'G:/Andy/hexo/public/tags/hexo/index.html' -> 'G:/Work/Github/wangandi520.github.io/tags/hexo/index.html' (14,422)
2025-02-24 17:53:35: Copy Over 'G:/Andy/hexo/public/tags/html/index.html' -> 'G:/Work/Github/wangandi520.github.io/tags/html/index.html' (13,682)
2025-02-24 17:53:35: Copy Over 'G:/Andy/hexo/public/tags/icarus/index.html' -> 'G:/Work/Github/wangandi520.github.io/tags/icarus/index.html' (13,712)
2025-02-24 17:53:35: Copy Over 'G:/Andy/hexo/public/tags/index.html' -> 'G:/Work/Github/wangandi520.github.io/tags/index.html' (20,248)
2025-02-24 17:53:35: Copy Over 'G:/Andy/hexo/public/tags/javascript/index.html' -> 'G:/Work/Github/wangandi520.github.io/tags/javascript/index.html' (14,369)
2025-02-24 17:53:35: Copy Over 'G:/Andy/hexo/public/tags/kali/index.html' -> 'G:/Work/Github/wangandi520.github.io/tags/kali/index.html' (13,744)
2025-02-24 17:53:35: Copy Over 'G:/Andy/hexo/public/tags/kindle/index.html' -> 'G:/Work/Github/wangandi520.github.io/tags/kindle/index.html' (14,564)
2025-02-24 17:53:35: Copy Over 'G:/Andy/hexo/public/tags/koreader/index.html' -> 'G:/Work/Github/wangandi520.github.io/tags/koreader/index.html' (13,930)
2025-02-24 17:53:35: Copy Over 'G:/Andy/hexo/public/tags/linux/index.html' -> 'G:/Work/Github/wangandi520.github.io/tags/linux/index.html' (13,637)
2025-02-24 17:53:35: Copy Over 'G:/Andy/hexo/public/tags/markdown/index.html' -> 'G:/Work/Github/wangandi520.github.io/tags/markdown/index.html' (13,930)
2025-02-24 17:53:35: Copy Over 'G:/Andy/hexo/public/tags/NeeView/index.html' -> 'G:/Work/Github/wangandi520.github.io/tags/NeeView/index.html' (14,537)
2025-02-24 17:53:36: Copy Over 'G:/Andy/hexo/public/tags/nuc/index.html' -> 'G:/Work/Github/wangandi520.github.io/tags/nuc/index.html' (13,755)
2025-02-24 17:53:36: Copy Over 'G:/Andy/hexo/public/tags/OpenWrt/index.html' -> 'G:/Work/Github/wangandi520.github.io/tags/OpenWrt/index.html' (13,709)
2025-02-24 17:53:36: Copy Over 'G:/Andy/hexo/public/tags/padavan/index.html' -> 'G:/Work/Github/wangandi520.github.io/tags/padavan/index.html' (13,735)
2025-02-24 17:53:36: Copy Over 'G:/Andy/hexo/public/tags/php/index.html' -> 'G:/Work/Github/wangandi520.github.io/tags/php/index.html' (13,705)
2025-02-24 17:53:36: Copy Over 'G:/Andy/hexo/public/tags/PM2-5/index.html' -> 'G:/Work/Github/wangandi520.github.io/tags/PM2-5/index.html' (13,697)
2025-02-24 17:53:36: Copy Over 'G:/Andy/hexo/public/tags/PMS5003ST/index.html' -> 'G:/Work/Github/wangandi520.github.io/tags/PMS5003ST/index.html' (13,717)
2025-02-24 17:53:36: Copy Over 'G:/Andy/hexo/public/tags/python/index.html' -> 'G:/Work/Github/wangandi520.github.io/tags/python/index.html' (15,845)
2025-02-24 17:53:36: Copy Over 'G:/Andy/hexo/public/tags/Qt/index.html' -> 'G:/Work/Github/wangandi520.github.io/tags/Qt/index.html' (14,344)
2025-02-24 17:53:36: Copy Over 'G:/Andy/hexo/public/tags/Raspberry/index.html' -> 'G:/Work/Github/wangandi520.github.io/tags/Raspberry/index.html' (17,167)
2025-02-24 17:53:36: Copy Over 'G:/Andy/hexo/public/tags/REAPER/index.html' -> 'G:/Work/Github/wangandi520.github.io/tags/REAPER/index.html' (13,670)
2025-02-24 17:53:36: Copy Over 'G:/Andy/hexo/public/tags/webdav/index.html' -> 'G:/Work/Github/wangandi520.github.io/tags/webdav/index.html' (13,776)
2025-02-24 17:53:36: Copy Over 'G:/Andy/hexo/public/tags/y700/index.html' -> 'G:/Work/Github/wangandi520.github.io/tags/y700/index.html' (13,794)
2025-02-24 17:53:36: Copy Over 'G:/Andy/hexo/public/tags/书/index.html' -> 'G:/Work/Github/wangandi520.github.io/tags/书/index.html' (14,417)
2025-02-24 17:53:36: Copy Over 'G:/Andy/hexo/public/tags/仙境传说/index.html' -> 'G:/Work/Github/wangandi520.github.io/tags/仙境传说/index.html' (13,806)
2025-02-24 17:53:36: Copy Over 'G:/Andy/hexo/public/tags/余华/index.html' -> 'G:/Work/Github/wangandi520.github.io/tags/余华/index.html' (13,681)
2025-02-24 17:53:36: Copy Over 'G:/Andy/hexo/public/tags/刷机/index.html' -> 'G:/Work/Github/wangandi520.github.io/tags/刷机/index.html' (13,828)
2025-02-24 17:53:36: Copy Over 'G:/Andy/hexo/public/tags/单车/index.html' -> 'G:/Work/Github/wangandi520.github.io/tags/单车/index.html' (13,812)
2025-02-24 17:53:36: Copy Over 'G:/Andy/hexo/public/tags/吉他/index.html' -> 'G:/Work/Github/wangandi520.github.io/tags/吉他/index.html' (14,419)
2025-02-24 17:53:36: Copy Over 'G:/Andy/hexo/public/tags/学习笔记/index.html' -> 'G:/Work/Github/wangandi520.github.io/tags/学习笔记/index.html' (13,734)
2025-02-24 17:53:36: Copy Over 'G:/Andy/hexo/public/tags/弹弓/index.html' -> 'G:/Work/Github/wangandi520.github.io/tags/弹弓/index.html' (13,740)
2025-02-24 17:53:36: Copy Over 'G:/Andy/hexo/public/tags/微信读书/index.html' -> 'G:/Work/Github/wangandi520.github.io/tags/微信读书/index.html' (13,998)
2025-02-24 17:53:36: Copy Over 'G:/Andy/hexo/public/tags/微雪/index.html' -> 'G:/Work/Github/wangandi520.github.io/tags/微雪/index.html' (13,825)
2025-02-24 17:53:36: Copy Over 'G:/Andy/hexo/public/tags/投资/index.html' -> 'G:/Work/Github/wangandi520.github.io/tags/投资/index.html' (13,716)
2025-02-24 17:53:36: Copy Over 'G:/Andy/hexo/public/tags/指弹/index.html' -> 'G:/Work/Github/wangandi520.github.io/tags/指弹/index.html' (13,691)
2025-02-24 17:53:36: Copy Over 'G:/Andy/hexo/public/tags/摄影/index.html' -> 'G:/Work/Github/wangandi520.github.io/tags/摄影/index.html' (13,812)
2025-02-24 17:53:36: Copy Over 'G:/Andy/hexo/public/tags/摘抄/index.html' -> 'G:/Work/Github/wangandi520.github.io/tags/摘抄/index.html' (13,668)
2025-02-24 17:53:36: Copy Over 'G:/Andy/hexo/public/tags/攀藤/index.html' -> 'G:/Work/Github/wangandi520.github.io/tags/攀藤/index.html' (13,726)
2025-02-24 17:53:36: Copy Over 'G:/Andy/hexo/public/tags/文城/index.html' -> 'G:/Work/Github/wangandi520.github.io/tags/文城/index.html' (13,681)
2025-02-24 17:53:36: Copy Over 'G:/Andy/hexo/public/tags/文石/index.html' -> 'G:/Work/Github/wangandi520.github.io/tags/文石/index.html' (16,693)
2025-02-24 17:53:36: Copy Over 'G:/Andy/hexo/public/tags/日语/index.html' -> 'G:/Work/Github/wangandi520.github.io/tags/日语/index.html' (13,656)
2025-02-24 17:53:36: Copy Over 'G:/Andy/hexo/public/tags/极客/index.html' -> 'G:/Work/Github/wangandi520.github.io/tags/极客/index.html' (13,725)
2025-02-24 17:53:36: Copy Over 'G:/Andy/hexo/public/tags/标注/index.html' -> 'G:/Work/Github/wangandi520.github.io/tags/标注/index.html' (20,050)
2025-02-24 17:53:36: Copy Over 'G:/Andy/hexo/public/tags/标注/page/2/index.html' -> 'G:/Work/Github/wangandi520.github.io/tags/标注/page/2/index.html' (15,854)
2025-02-24 17:53:36: Copy Over 'G:/Andy/hexo/public/tags/树莓派/index.html' -> 'G:/Work/Github/wangandi520.github.io/tags/树莓派/index.html' (17,979)
2025-02-24 17:53:36: Copy Over 'G:/Andy/hexo/public/tags/漫画/index.html' -> 'G:/Work/Github/wangandi520.github.io/tags/漫画/index.html' (16,550)
2025-02-24 17:53:36: Copy Over 'G:/Andy/hexo/public/tags/歌词/index.html' -> 'G:/Work/Github/wangandi520.github.io/tags/歌词/index.html' (13,656)
2025-02-24 17:53:36: Copy Over 'G:/Andy/hexo/public/tags/王小波/index.html' -> 'G:/Work/Github/wangandi520.github.io/tags/王小波/index.html' (14,390)
2025-02-24 17:53:36: Copy Over 'G:/Andy/hexo/public/tags/电吉他/index.html' -> 'G:/Work/Github/wangandi520.github.io/tags/电吉他/index.html' (13,839)
2025-02-24 17:53:36: Copy Over 'G:/Andy/hexo/public/tags/电影/index.html' -> 'G:/Work/Github/wangandi520.github.io/tags/电影/index.html' (14,444)
2025-02-24 17:53:36: Copy Over 'G:/Andy/hexo/public/tags/电纸书/index.html' -> 'G:/Work/Github/wangandi520.github.io/tags/电纸书/index.html' (15,800)
2025-02-24 17:53:36: Copy Over 'G:/Andy/hexo/public/tags/电脑手机技巧/index.html' -> 'G:/Work/Github/wangandi520.github.io/tags/电脑手机技巧/index.html' (13,812)
2025-02-24 17:53:36: Copy Over 'G:/Andy/hexo/public/tags/电脑技巧/index.html' -> 'G:/Work/Github/wangandi520.github.io/tags/电脑技巧/index.html' (14,476)
2025-02-24 17:53:36: Copy Over 'G:/Andy/hexo/public/tags/电视剧/index.html' -> 'G:/Work/Github/wangandi520.github.io/tags/电视剧/index.html' (14,471)
2025-02-24 17:53:36: Copy Over 'G:/Andy/hexo/public/tags/百年孤独/index.html' -> 'G:/Work/Github/wangandi520.github.io/tags/百年孤独/index.html' (13,806)
2025-02-24 17:53:36: Copy Over 'G:/Andy/hexo/public/tags/程序/index.html' -> 'G:/Work/Github/wangandi520.github.io/tags/程序/index.html' (15,071)
2025-02-24 17:53:36: Copy Over 'G:/Andy/hexo/public/tags/笔记/index.html' -> 'G:/Work/Github/wangandi520.github.io/tags/笔记/index.html' (13,764)
2025-02-24 17:53:36: Copy Over 'G:/Andy/hexo/public/tags/羽毛球/index.html' -> 'G:/Work/Github/wangandi520.github.io/tags/羽毛球/index.html' (13,767)
2025-02-24 17:53:36: Copy Over 'G:/Andy/hexo/public/tags/红楼梦/index.html' -> 'G:/Work/Github/wangandi520.github.io/tags/红楼梦/index.html' (14,472)
2025-02-24 17:53:36: Copy Over 'G:/Andy/hexo/public/tags/西游记/index.html' -> 'G:/Work/Github/wangandi520.github.io/tags/西游记/index.html' (13,756)
2025-02-24 17:53:36: Copy Over 'G:/Andy/hexo/public/tags/英语/index.html' -> 'G:/Work/Github/wangandi520.github.io/tags/英语/index.html' (13,656)
2025-02-24 17:53:36: Copy Over 'G:/Andy/hexo/public/tags/评测/index.html' -> 'G:/Work/Github/wangandi520.github.io/tags/评测/index.html' (17,161)
2025-02-24 17:53:36: Copy Over 'G:/Andy/hexo/public/tags/读书笔记/index.html' -> 'G:/Work/Github/wangandi520.github.io/tags/读书笔记/index.html' (20,189)
2025-02-24 17:53:36: Copy Over 'G:/Andy/hexo/public/tags/路由器/index.html' -> 'G:/Work/Github/wangandi520.github.io/tags/路由器/index.html' (13,781)
2025-02-24 17:53:36: Copy Over 'G:/Andy/hexo/public/tags/读书笔记/page/2/index.html' -> 'G:/Work/Github/wangandi520.github.io/tags/读书笔记/page/2/index.html' (14,690)
2025-02-24 17:53:36: Copy Over 'G:/Andy/hexo/public/tags/钱穆/index.html' -> 'G:/Work/Github/wangandi520.github.io/tags/钱穆/index.html' (13,753)
2025-02-24 17:53:36: Copy Over 'G:/Andy/hexo/public/tags/阅读/index.html' -> 'G:/Work/Github/wangandi520.github.io/tags/阅读/index.html' (19,945)
2025-02-24 17:53:36: Copy Over 'G:/Andy/hexo/public/tags/阅读/page/2/index.html' -> 'G:/Work/Github/wangandi520.github.io/tags/阅读/page/2/index.html' (17,132)
2025-02-24 17:53:36: Copy Over 'G:/Andy/hexo/public/tags/静读天下专业版/index.html' -> 'G:/Work/Github/wangandi520.github.io/tags/静读天下专业版/index.html' (14,760)
2025-02-24 17:53:36: Copy Over 'G:/Andy/hexo/public/tags/音频/index.html' -> 'G:/Work/Github/wangandi520.github.io/tags/音频/index.html' (15,091)
2025-02-24 17:53:36: Copy Over 'G:/Andy/hexo/public/tags/音乐/index.html' -> 'G:/Work/Github/wangandi520.github.io/tags/音乐/index.html' (13,812)
2025-02-24 17:53:36: Copy Over 'G:/Andy/hexo/public/tags/食品/index.html' -> 'G:/Work/Github/wangandi520.github.io/tags/食品/index.html' (13,704)
2025-02-24 17:53:36: Copy Over 'G:/Andy/hexo/public/tags/魔方/index.html' -> 'G:/Work/Github/wangandi520.github.io/tags/魔方/index.html' (13,680)
2025-02-24 17:53:36: Close Modified Folder (mod-time, acl): /2017/01/09/树莓派3-Raspberry-pi-3-刷kali-3-5寸微雪屏
2025-02-24 17:53:36: Close Modified Folder (mod-time, acl): /2017/01/09/kindle标注
2025-02-24 17:53:36: Close Modified Folder (mod-time, acl): /2017/01/09/树莓派-archlinuxarm做路由
2025-02-24 17:53:36: Close Modified Folder (mod-time, acl): /2017/01/09/树莓派3-Raspberry-pi-3-刷OpenWrt
2025-02-24 17:53:36: Copy Over 'G:/Andy/hexo/public/tags/麻将/index.html' -> 'G:/Work/Github/wangandi520.github.io/tags/麻将/index.html' (13,724)
2025-02-24 17:53:36: Close Modified Folder (mod-time, acl): /2017/01/09/歌词
2025-02-24 17:53:36: Close Modified Folder (mod-time, acl): /2017/01/14/路由器发送IP至服务器
2025-02-24 17:53:36: Close Modified Folder (mod-time, acl): /2017/03/23/speaksoftlylove
2025-02-24 17:53:36: Close Modified Folder (mod-time, acl): /2017/05/15/树莓派3B和攀藤PMS5003ST
2025-02-24 17:53:36: Close Modified Folder (mod-time, acl): /2019/03/29/文石boox poke pro评测体验
2025-02-24 17:53:36: Close Modified Folder (mod-time, acl): /2019/03/29/文石poke pro,nova pro评测体验
2025-02-24 17:53:36: Close Modified Folder (mod-time, acl): /2019/12/04/老王随机点名器v1.0
2025-02-24 17:53:36: Close Modified Folder (mod-time, acl): /2020/03/26/树莓派4B加微雪2.13寸墨水屏监测pm2.5信息
2025-02-24 17:53:36: Close Modified Folder (mod-time, acl): /2020/06/23/文石boox nova2评测体验
2025-02-24 17:53:36: Close Modified Folder (mod-time, acl): /2021/03/09/电脑手机技巧
2025-02-24 17:53:36: Close Modified Folder (mod-time, acl): /2021/03/09/红楼梦校注本标注
2025-02-24 17:53:36: Close Modified Folder (mod-time, acl): /2021/03/11/魔方笔记
2025-02-24 17:53:36: Close Modified Folder (mod-time, acl): /2021/03/12/REAPER6学习笔记
2025-02-24 17:53:36: Close Modified Folder (mod-time, acl): /2021/03/13/文城标注
2025-02-24 17:53:36: Close Modified Folder (mod-time, acl): /2021/03/15/吉他和弦图查询与生成
2025-02-24 17:53:36: Close Modified Folder (mod-time, acl): /2021/03/16/舒适阅读电子书和漫画
2025-02-24 17:53:36: Close Modified Folder (mod-time, acl): /2021/03/16/西游记校注本标注
2025-02-24 17:53:36: Close Modified Folder (mod-time, acl): /2021/03/17/hexo主题icarus的一些玩法
2025-02-24 17:53:36: Close Modified Folder (mod-time, acl): /2021/03/18/文石Boox,Kindle,静读天下专业版,微信读书,KOReader的标注转换为Markdown格式
2025-02-24 17:53:36: Close Modified Folder (mod-time, acl): /2021/03/22/搭建webdav服务器实现静读天下同步
2025-02-24 17:53:36: Close Modified Folder (mod-time, acl): /2021/06/07/红米ac2100路由器刷padavan系统
2025-02-24 17:53:36: Close Modified Folder (mod-time, acl): /2021/07/03/几个漫画整理脚本的使用
2025-02-24 17:53:36: Close Modified Folder (mod-time, acl): /2021/09/25/一只特立独行的猪标注
2025-02-24 17:53:36: Close Modified Folder (mod-time, acl): /2021/09/28/中国历代政治得失标注
2025-02-24 17:53:36: Close Modified Folder (mod-time, acl): /2021/10/05/离线漫画NeeView的使用和与其他软件的对比
2025-02-24 17:53:36: Close Modified Folder (mod-time, acl): /2021/10/22/沉默的大多数标注
2025-02-24 17:53:36: Close Modified Folder (mod-time, acl): /2021/12/31/书电影电视剧记录
2025-02-24 17:53:36: Close Modified Folder (mod-time, acl): /2022/01/06/书电影电视剧简评
2025-02-24 17:53:36: Close Modified Folder (mod-time, acl): /2022/01/08/Seventh9日麻教程 标注
2025-02-24 17:53:36: Close Modified Folder (mod-time, acl): /2022/01/26/linux笔记
2025-02-24 17:53:36: Close Modified Folder (mod-time, acl): /2022/01/26/使用archlinux搭建家庭数据服务中心
2025-02-24 17:53:36: Close Modified Folder (mod-time, acl): /2022/03/19/几个PyQt程序
2025-02-24 17:53:36: Close Modified Folder (mod-time, acl): /2022/08/08/漫画印刷与扫描错误
2025-02-24 17:53:36: Close Modified Folder (mod-time, acl): /2023/01/29/SciTE文本编辑器配置
2025-02-24 17:53:36: Close Modified Folder (mod-time, acl): /2023/05/25/红楼梦人物关系图
2025-02-24 17:53:36: Close Modified Folder (mod-time, acl): /2023/06/07/店铺食品用品
2025-02-24 17:53:36: Close Modified Folder (mod-time, acl): /2023/06/06/书籍删减与翻译情况
2025-02-24 17:53:36: Close Modified Folder (mod-time, acl): /2023/06/11/百年孤独人物关系图
2025-02-24 17:53:36: Close Modified Folder (mod-time, acl): /2023/11/20/小米14的bug
2025-02-24 17:53:36: Close Modified Folder (mod-time, acl): /2023/12/15/音频软件插件简评
2025-02-24 17:53:36: Close Modified Folder (mod-time, acl): /2023/12/25/美丽的世界你在哪里 标注
2025-02-24 17:53:36: Close Modified Folder (mod-time, acl): /2023/12/29/快速上手羽毛球弹弓
2025-02-24 17:53:36: Close Modified Folder (mod-time, acl): /2023/12/29/省钱玩电吉他单车摄影，阅读音乐
2025-02-24 17:53:36: Close Modified Folder (mod-time, acl): /2024/01/03/Windows和Android优质软件
2025-02-24 17:53:36: Close Modified Folder (mod-time, acl): /2024/01/13/联想拯救者y700一代（2022）平板刷机过程
2025-02-24 17:53:36: Close Modified Folder (mod-time, acl): /2024/02/05/挪威的森林赖明珠译标注
2025-02-24 17:53:36: Close Modified Folder (mod-time, acl): /2024/02/11/使用github的action配合python每天签到
2025-02-24 17:53:36: Close Modified Folder (mod-time, acl): /2024/02/18/中文日文注音使用html上标注音格式
2025-02-24 17:53:36: Close Modified Folder (mod-time, acl): /2024/02/29/hexo和next主题的一些配置
2025-02-24 17:53:36: Close Modified Folder (mod-time, acl): /2024/03/03/立直麻将点数计算工具mahjong-calc
2025-02-24 17:53:36: Close Modified Folder (mod-time, acl): /2024/03/07/neeview一键保存当前图片
2025-02-24 17:53:36: Close Modified Folder (mod-time, acl): /2024/03/13/个人笔记跨平台解决方案
2025-02-24 17:53:36: Close Modified Folder (mod-time, acl): /2024/04/13/其他标注
2025-02-24 17:53:36: Close Modified Folder (mod-time, acl): /2024/04/25/不能承受的生命之轻标注
2025-02-24 17:53:36: Close Modified Folder (mod-time, acl): /2024/06/06/三日间的幸福标注
2025-02-24 17:53:36: Close Modified Folder (mod-time, acl): /2024/11/09/文石poke6黑色评测体验
2025-02-24 17:53:36: Close Modified Folder (mod-time, acl): /2024/12/13/单页面投资行情
2025-02-24 17:53:36: Close Modified Folder (mod-time, acl): /2025/01/10/仙境传说简易入门攻略
2025-02-24 17:53:36: Close Modified Folder (mod-time, acl): /2025/01/26/本地运行deepseekr1模型
2025-02-24 17:53:36: Close Modified Folder (mod-time, acl): /2025/02/24/王小波真正大全集15册标注
2025-02-24 17:53:36: Close Modified Folder (mod-time, acl): /about
2025-02-24 17:53:36: Close Modified Folder (mod-time, acl): /archives/2017/01
2025-02-24 17:53:36: Close Modified Folder (mod-time, acl): /archives/2017/03
2025-02-24 17:53:36: Close Modified Folder (mod-time, acl): /archives/2017/05
2025-02-24 17:53:36: Close Modified Folder (mod-time, acl): /archives/2019/03
2025-02-24 17:53:36: Close Modified Folder (mod-time, acl): /archives/2019/12
2025-02-24 17:53:36: Close Modified Folder (mod-time, acl): /archives/2020/03
2025-02-24 17:53:36: Close Modified Folder (mod-time, acl): /archives/2020/06
2025-02-24 17:53:36: Close Modified Folder (mod-time, acl): /archives/2021/03/page/2
2025-02-24 17:53:36: Close Modified Folder (mod-time, acl): /archives/2021/06
2025-02-24 17:53:36: Close Modified Folder (mod-time, acl): /archives/2021/07
2025-02-24 17:53:36: Close Modified Folder (mod-time, acl): /archives/2021/09
2025-02-24 17:53:36: Close Modified Folder (mod-time, acl): /archives/2021/10
2025-02-24 17:53:36: Close Modified Folder (mod-time, acl): /archives/2021/12
2025-02-24 17:53:36: Close Modified Folder (mod-time, acl): /archives/2021/page/2
2025-02-24 17:53:36: Close Modified Folder (mod-time, acl): /archives/2022/01
2025-02-24 17:53:36: Close Modified Folder (mod-time, acl): /archives/2022/03
2025-02-24 17:53:36: Close Modified Folder (mod-time, acl): /archives/2022/08
2025-02-24 17:53:36: Close Modified Folder (mod-time, acl): /archives/2023/01
2025-02-24 17:53:36: Close Modified Folder (mod-time, acl): /archives/2023/05
2025-02-24 17:53:36: Close Modified Folder (mod-time, acl): /archives/2023/06
2025-02-24 17:53:36: Close Modified Folder (mod-time, acl): /archives/2023/11
2025-02-24 17:53:36: Close Modified Folder (mod-time, acl): /archives/2023/12
2025-02-24 17:53:36: Close Modified Folder (mod-time, acl): /archives/2024/01
2025-02-24 17:53:36: Close Modified Folder (mod-time, acl): /archives/2024/02
2025-02-24 17:53:36: Close Modified Folder (mod-time, acl): /archives/2024/03
2025-02-24 17:53:36: Close Modified Folder (mod-time, acl): /archives/2024/04
2025-02-24 17:53:36: Close Modified Folder (mod-time, acl): /archives/2024/06
2025-02-24 17:53:36: Close Modified Folder (mod-time, acl): /archives/2024/11
2025-02-24 17:53:36: Close Modified Folder (mod-time, acl): /archives/2024/12
2025-02-24 17:53:36: Close Modified Folder (mod-time, acl): /archives/2024/page/2
2025-02-24 17:53:36: Close Modified Folder (mod-time, acl): /archives/2025/01
2025-02-24 17:53:36: Close Modified Folder (mod-time, acl): /archives/2025/02
2025-02-24 17:53:36: Close Modified Folder (mod-time, acl): /archives/page/3
2025-02-24 17:53:36: Close Modified Folder (mod-time, acl): /archives/page/2
2025-02-24 17:53:36: Close Modified Folder (mod-time, acl): /archives/page/4
2025-02-24 17:53:36: Close Modified Folder (mod-time, acl): /archives/page/5
2025-02-24 17:53:36: Close Modified Folder (mod-time, acl): /archives/page/6
2025-02-24 17:53:36: Close Modified Folder (mod-time, acl): /archives/page/7
2025-02-24 17:53:36: Close Modified Folder (mod-time, acl): /categories/个人
2025-02-24 17:53:36: Close Modified Folder (mod-time, acl): /categories/吉他
2025-02-24 17:53:36: Close Modified Folder (mod-time, acl): /categories/学习笔记
2025-02-24 17:53:36: Close Modified Folder (mod-time, acl): /categories/极客
2025-02-24 17:53:36: Close Modified Folder (mod-time, acl): /categories/游戏
2025-02-24 17:53:36: Close Modified Folder (mod-time, acl): /categories/程序/page/2
2025-02-24 17:53:36: Close Modified Folder (mod-time, acl): /categories/程序/page/3
2025-02-24 17:53:36: Close Modified Folder (mod-time, acl): /categories/评测
2025-02-24 17:53:36: Close Modified Folder (mod-time, acl): /categories/读书笔记/page/2
2025-02-24 17:53:36: Close Modified Folder (mod-time, acl): /css
2025-02-24 17:53:36: Close Modified Folder (mod-time, acl): /files
2025-02-24 17:53:36: Close Modified Folder (mod-time, acl): /js/third-party/analytics
2025-02-24 17:53:36: Close Modified Folder (mod-time, acl): /js/third-party/chat
2025-02-24 17:53:36: Close Modified Folder (mod-time, acl): /js/third-party/comments
2025-02-24 17:53:36: Close Modified Folder (mod-time, acl): /js/third-party/math
2025-02-24 17:53:36: Close Modified Folder (mod-time, acl): /js/third-party/search
2025-02-24 17:53:36: Close Modified Folder (mod-time, acl): /js/third-party/statistics
2025-02-24 17:53:36: Close Modified Folder (mod-time, acl): /js/third-party/tags
2025-02-24 17:53:36: Close Modified Folder (mod-time, acl): /links
2025-02-24 17:53:36: Close Modified Folder (mod-time, acl): /page/2
2025-02-24 17:53:36: Close Modified Folder (mod-time, acl): /page/3
2025-02-24 17:53:36: Close Modified Folder (mod-time, acl): /page/4
2025-02-24 17:53:36: Close Modified Folder (mod-time, acl): /page/5
2025-02-24 17:53:36: Close Modified Folder (mod-time, acl): /tags/AI
2025-02-24 17:53:36: Close Modified Folder (mod-time, acl): /tags/archlinuxarm
2025-02-24 17:53:36: Close Modified Folder (mod-time, acl): /tags/bash
2025-02-24 17:53:36: Close Modified Folder (mod-time, acl): /tags/boox
2025-02-24 17:53:36: Close Modified Folder (mod-time, acl): /tags/hexo
2025-02-24 17:53:36: Close Modified Folder (mod-time, acl): /tags/html
2025-02-24 17:53:36: Close Modified Folder (mod-time, acl): /tags/icarus
2025-02-24 17:53:36: Close Modified Folder (mod-time, acl): /tags/javascript
2025-02-24 17:53:36: Close Modified Folder (mod-time, acl): /tags/kali
2025-02-24 17:53:36: Close Modified Folder (mod-time, acl): /tags/kindle
2025-02-24 17:53:36: Close Modified Folder (mod-time, acl): /tags/koreader
2025-02-24 17:53:36: Close Modified Folder (mod-time, acl): /tags/linux
2025-02-24 17:53:36: Close Modified Folder (mod-time, acl): /tags/markdown
2025-02-24 17:53:36: Close Modified Folder (mod-time, acl): /tags/NeeView
2025-02-24 17:53:36: Close Modified Folder (mod-time, acl): /tags/nuc
2025-02-24 17:53:36: Close Modified Folder (mod-time, acl): /tags/OpenWrt
2025-02-24 17:53:36: Close Modified Folder (mod-time, acl): /tags/padavan
2025-02-24 17:53:36: Close Modified Folder (mod-time, acl): /tags/php
2025-02-24 17:53:36: Close Modified Folder (mod-time, acl): /tags/PM2-5
2025-02-24 17:53:36: Close Modified Folder (mod-time, acl): /tags/PMS5003ST
2025-02-24 17:53:36: Close Modified Folder (mod-time, acl): /tags/python
2025-02-24 17:53:36: Close Modified Folder (mod-time, acl): /tags/Qt
2025-02-24 17:53:36: Close Modified Folder (mod-time, acl): /tags/Raspberry
2025-02-24 17:53:36: Close Modified Folder (mod-time, acl): /tags/REAPER
2025-02-24 17:53:36: Close Modified Folder (mod-time, acl): /tags/webdav
2025-02-24 17:53:36: Close Modified Folder (mod-time, acl): /tags/y700
2025-02-24 17:53:36: Close Modified Folder (mod-time, acl): /tags/书
2025-02-24 17:53:36: Close Modified Folder (mod-time, acl): /tags/仙境传说
2025-02-24 17:53:36: Close Modified Folder (mod-time, acl): /tags/余华
2025-02-24 17:53:36: Close Modified Folder (mod-time, acl): /tags/刷机
2025-02-24 17:53:36: Close Modified Folder (mod-time, acl): /tags/单车
2025-02-24 17:53:36: Close Modified Folder (mod-time, acl): /tags/吉他
2025-02-24 17:53:36: Close Modified Folder (mod-time, acl): /tags/学习笔记
2025-02-24 17:53:36: Close Modified Folder (mod-time, acl): /tags/弹弓
2025-02-24 17:53:36: Close Modified Folder (mod-time, acl): /tags/微信读书
2025-02-24 17:53:36: Close Modified Folder (mod-time, acl): /tags/微雪
2025-02-24 17:53:36: Close Modified Folder (mod-time, acl): /tags/投资
2025-02-24 17:53:36: Close Modified Folder (mod-time, acl): /tags/指弹
2025-02-24 17:53:36: Close Modified Folder (mod-time, acl): /tags/摄影
2025-02-24 17:53:36: Close Modified Folder (mod-time, acl): /tags/摘抄
2025-02-24 17:53:36: Close Modified Folder (mod-time, acl): /tags/攀藤
2025-02-24 17:53:36: Close Modified Folder (mod-time, acl): /tags/文城
2025-02-24 17:53:36: Close Modified Folder (mod-time, acl): /tags/文石
2025-02-24 17:53:36: Close Modified Folder (mod-time, acl): /tags/日语
2025-02-24 17:53:36: Close Modified Folder (mod-time, acl): /tags/极客
2025-02-24 17:53:36: Close Modified Folder (mod-time, acl): /tags/标注/page/2
2025-02-24 17:53:36: Close Modified Folder (mod-time, acl): /tags/树莓派
2025-02-24 17:53:36: Close Modified Folder (mod-time, acl): /tags/漫画
2025-02-24 17:53:36: Close Modified Folder (mod-time, acl): /tags/歌词
2025-02-24 17:53:36: Close Modified Folder (mod-time, acl): /tags/王小波
2025-02-24 17:53:36: Close Modified Folder (mod-time, acl): /tags/电吉他
2025-02-24 17:53:36: Close Modified Folder (mod-time, acl): /tags/电影
2025-02-24 17:53:36: Close Modified Folder (mod-time, acl): /tags/电纸书
2025-02-24 17:53:36: Close Modified Folder (mod-time, acl): /tags/电脑技巧
2025-02-24 17:53:36: Close Modified Folder (mod-time, acl): /tags/电脑手机技巧
2025-02-24 17:53:36: Close Modified Folder (mod-time, acl): /tags/电视剧
2025-02-24 17:53:36: Close Modified Folder (mod-time, acl): /tags/百年孤独
2025-02-24 17:53:36: Close Modified Folder (mod-time, acl): /tags/程序
2025-02-24 17:53:36: Close Modified Folder (mod-time, acl): /tags/笔记
2025-02-24 17:53:36: Close Modified Folder (mod-time, acl): /tags/红楼梦
2025-02-24 17:53:36: Close Modified Folder (mod-time, acl): /tags/羽毛球
2025-02-24 17:53:36: Close Modified Folder (mod-time, acl): /tags/西游记
2025-02-24 17:53:36: Close Modified Folder (mod-time, acl): /tags/英语
2025-02-24 17:53:36: Close Modified Folder (mod-time, acl): /tags/评测
2025-02-24 17:53:36: Close Modified Folder (mod-time, acl): /tags/路由器
2025-02-24 17:53:36: Close Modified Folder (mod-time, acl): /tags/读书笔记/page/2
2025-02-24 17:53:36: Close Modified Folder (mod-time, acl): /tags/钱穆
2025-02-24 17:53:36: Close Modified Folder (mod-time, acl): /tags/阅读/page/2
2025-02-24 17:53:36: Close Modified Folder (mod-time, acl): /tags/静读天下专业版
2025-02-24 17:53:36: Close Modified Folder (mod-time, acl): /tags/音频
2025-02-24 17:53:36: Close Modified Folder (mod-time, acl): /tags/音乐
2025-02-24 17:53:36: Close Modified Folder (mod-time, acl): /tags/食品
2025-02-24 17:53:36: Close Modified Folder (mod-time, acl): /tags/魔方
2025-02-24 17:53:36: Close Modified Folder (mod-time, acl): /tags/麻将
2025-02-24 17:53:36: Close Modified Folder (mod-time, acl): /archives/2017
2025-02-24 17:53:36: Close Modified Folder (mod-time, acl): /archives/2019
2025-02-24 17:53:36: Close Modified Folder (mod-time, acl): /archives/2020
2025-02-24 17:53:36: Close Modified Folder (mod-time, acl): /archives/2022
2025-02-24 17:53:36: Close Modified Folder (mod-time, acl): /archives/2023
2025-02-24 17:53:36: Close Modified Folder (mod-time, acl): /archives/2025
2025-02-24 17:53:36: Close Modified Folder (mod-time, acl): /js/third-party
2025-02-24 17:53:36: Close Modified Folder (mod-time, acl): /archives/2021/03
2025-02-24 17:53:36: Close Modified Folder (mod-time, acl): /archives/2024
2025-02-24 17:53:36: Close Modified Folder (mod-time, acl): /categories/程序
2025-02-24 17:53:36: Close Modified Folder (mod-time, acl): /categories/读书笔记
2025-02-24 17:53:36: Close Modified Folder (mod-time, acl): /js
2025-02-24 17:53:36: Close Modified Folder (mod-time, acl): /tags/标注
2025-02-24 17:53:36: Close Modified Folder (mod-time, acl): /tags/读书笔记
2025-02-24 17:53:36: Close Modified Folder (mod-time, acl): /tags/阅读
2025-02-24 17:53:36: Close Modified Folder (mod-time, acl): /archives/2021
2025-02-24 17:53:36: Close Modified Folder (mod-time, acl): /categories
2025-02-24 17:53:36: Close Modified Folder (mod-time, acl): /tags
2025-02-24 17:53:36: Close Modified Folder (mod-time, acl): /archives
2025-02-24 17:53:36: Copy Over 'G:/Andy/hexo/public/images/shengqian04.jpg' -> 'G:/Work/Github/wangandi520.github.io/images/shengqian04.jpg' (467,812)
2025-02-24 17:53:36: Close Modified Folder (mod-time, acl): /images
2025-02-24 17:53:37: Save State File G:/Andy/hexo/public/_gsdata_/_file_state_v4._gs
2025-02-24 17:53:37: Save State File G:/Work/Github/wangandi520.github.io/_gsdata_/_file_state_v4._gs
2025-02-24 17:53:37: == Sync Complete. Time: 00:00:02, Speed: 0.00/s, OK: 619, Errors: 0
