2025-02-24 16:17:02: == Sync Started by User Command
2025-02-24 16:17:02: ConnectCloned connected to file:///G:/Andy/hexo/public
2025-02-24 16:17:02: ConnectCloned connected to file:///G:/Andy/hexo/public
2025-02-24 16:17:02: ConnectCloned connected to file:///G:/Andy/hexo/public
2025-02-24 16:17:02: ConnectCloned connected to file:///G:/Work/Github/wangandi520.github.io
2025-02-24 16:17:02: ConnectCloned connected to file:///G:/Work/Github/wangandi520.github.io
2025-02-24 16:17:02: ConnectCloned connected to file:///G:/Work/Github/wangandi520.github.io
2025-02-24 16:17:02: Copy Over 'G:/Andy/hexo/public/archives/index.html' -> 'G:/Work/Github/wangandi520.github.io/archives/index.html' (20,505)
2025-02-24 16:17:02: Copy Over 'G:/Andy/hexo/public/2024/03/03/立直麻将点数计算工具mahjong-calc/index.html' -> 'G:/Work/Github/wangandi520.github.io/2024/03/03/立直麻将点数计算工具mahjong-calc/index.html' (27,134)
2025-02-24 16:17:02: Copy Over 'G:/Andy/hexo/public/atom.xml' -> 'G:/Work/Github/wangandi520.github.io/atom.xml' (64,906)
2025-02-24 16:17:02: Create Folder G:/Work/Github/wangandi520.github.io/archives/2025/02
2025-02-24 16:17:02: Create Folder G:/Work/Github/wangandi520.github.io/2025/02
2025-02-24 16:17:02: Copy Over 'G:/Andy/hexo/public/archives/2025/index.html' -> 'G:/Work/Github/wangandi520.github.io/archives/2025/index.html' (15,718)
2025-02-24 16:17:02: Create Folder G:/Work/Github/wangandi520.github.io/2025/02/24
2025-02-24 16:17:02: Copy New 'G:/Andy/hexo/public/archives/2025/02/index.html' -> 'G:/Work/Github/wangandi520.github.io/archives/2025/02/index.html' (14,488)
2025-02-24 16:17:02: Copy Over 'G:/Andy/hexo/public/archives/page/2/index.html' -> 'G:/Work/Github/wangandi520.github.io/archives/page/2/index.html' (21,061)
2025-02-24 16:17:02: Create Folder G:/Work/Github/wangandi520.github.io/2025/02/24/王小波真正大全集15册标注
2025-02-24 16:17:02: Copy Over 'G:/Andy/hexo/public/archives/page/3/index.html' -> 'G:/Work/Github/wangandi520.github.io/archives/page/3/index.html' (20,676)
2025-02-24 16:17:02: Copy Over 'G:/Andy/hexo/public/archives/page/4/index.html' -> 'G:/Work/Github/wangandi520.github.io/archives/page/4/index.html' (20,865)
2025-02-24 16:17:02: Copy Over 'G:/Andy/hexo/public/archives/page/5/index.html' -> 'G:/Work/Github/wangandi520.github.io/archives/page/5/index.html' (20,739)
2025-02-24 16:17:02: Copy New 'G:/Andy/hexo/public/2025/02/24/王小波真正大全集15册标注/index.html' -> 'G:/Work/Github/wangandi520.github.io/2025/02/24/王小波真正大全集15册标注/index.html' (60,265)
2025-02-24 16:17:02: Copy Over 'G:/Andy/hexo/public/archives/page/6/index.html' -> 'G:/Work/Github/wangandi520.github.io/archives/page/6/index.html' (20,878)
2025-02-24 16:17:02: Copy Over 'G:/Andy/hexo/public/archives/page/7/index.html' -> 'G:/Work/Github/wangandi520.github.io/archives/page/7/index.html' (16,616)
2025-02-24 16:17:02: > Copy Over 'G:/Andy/hexo/public/search.xml' -> 'G:/Work/Github/wangandi520.github.io/search.xml' (1,189,430)
2025-02-24 16:17:02: Copy Over 'G:/Andy/hexo/public/index.html' -> 'G:/Work/Github/wangandi520.github.io/index.html' (54,359)
2025-02-24 16:17:02: Copy Over 'G:/Andy/hexo/public/categories/index.html' -> 'G:/Work/Github/wangandi520.github.io/categories/index.html' (15,451)
2025-02-24 16:17:02: < Copy Over 'G:/Andy/hexo/public/search.xml' -> 'G:/Work/Github/wangandi520.github.io/search.xml' (1,189,430)
2025-02-24 16:17:02: Copy Over 'G:/Andy/hexo/public/categories/读书笔记/index.html' -> 'G:/Work/Github/wangandi520.github.io/categories/读书笔记/index.html' (20,744)
2025-02-24 16:17:02: Copy Over 'G:/Andy/hexo/public/sitemap.xml' -> 'G:/Work/Github/wangandi520.github.io/sitemap.xml' (32,053)
2025-02-24 16:17:02: Copy Over 'G:/Andy/hexo/public/categories/读书笔记/page/2/index.html' -> 'G:/Work/Github/wangandi520.github.io/categories/读书笔记/page/2/index.html' (18,524)
2025-02-24 16:17:02: Copy Over 'G:/Andy/hexo/public/tags/标注/index.html' -> 'G:/Work/Github/wangandi520.github.io/tags/标注/index.html' (20,717)
2025-02-24 16:17:02: Copy Over 'G:/Andy/hexo/public/tags/读书笔记/index.html' -> 'G:/Work/Github/wangandi520.github.io/tags/读书笔记/index.html' (20,856)
2025-02-24 16:17:02: Close Modified Folder (mod-time, acl): /2024/03/03/立直麻将点数计算工具mahjong-calc
2025-02-24 16:17:02: Copy Over 'G:/Andy/hexo/public/tags/读书笔记/page/2/index.html' -> 'G:/Work/Github/wangandi520.github.io/tags/读书笔记/page/2/index.html' (15,357)
2025-02-24 16:17:02: Close Modified Folder (mod-time, acl): /archives/2025/02
2025-02-24 16:17:02: Close Modified Folder (mod-time, acl): /archives/page/2
2025-02-24 16:17:02: Close Modified Folder (mod-time, acl): /archives/page/3
2025-02-24 16:17:02: Copy Over 'G:/Andy/hexo/public/tags/阅读/index.html' -> 'G:/Work/Github/wangandi520.github.io/tags/阅读/index.html' (20,612)
2025-02-24 16:17:02: Copy Over 'G:/Andy/hexo/public/tags/标注/page/2/index.html' -> 'G:/Work/Github/wangandi520.github.io/tags/标注/page/2/index.html' (16,521)
2025-02-24 16:17:02: Close Modified Folder (mod-time, acl): /archives/page/4
2025-02-24 16:17:02: Close Modified Folder (mod-time, acl): /archives/page/5
2025-02-24 16:17:02: Close Modified Folder (mod-time, acl): /2025/02/24/王小波真正大全集15册标注
2025-02-24 16:17:02: Close Modified Folder (mod-time, acl): /archives/page/6
2025-02-24 16:17:02: Copy Over 'G:/Andy/hexo/public/tags/阅读/page/2/index.html' -> 'G:/Work/Github/wangandi520.github.io/tags/阅读/page/2/index.html' (17,799)
2025-02-24 16:17:02: Close Modified Folder (mod-time, acl): /archives/page/7
2025-02-24 16:17:02: Close Modified Folder (mod-time, acl): /categories/读书笔记/page/2
2025-02-24 16:17:02: Close Modified Folder (mod-time, acl): /tags/读书笔记/page/2
2025-02-24 16:17:02: Close Modified Folder (mod-time, acl): /archives/2025
2025-02-24 16:17:02: Close Modified Folder (mod-time, acl): /tags/标注/page/2
2025-02-24 16:17:02: Close Modified Folder (mod-time, acl): /2025/02/24
2025-02-24 16:17:02: Close Modified Folder (mod-time, acl): /tags/阅读/page/2
2025-02-24 16:17:02: Close Modified Folder (mod-time, acl): /2025/02
2025-02-24 16:17:02: Close Modified Folder (mod-time, acl): /archives
2025-02-24 16:17:02: Close Modified Folder (mod-time, acl): /categories/读书笔记
2025-02-24 16:17:02: Close Modified Folder (mod-time, acl): /tags/读书笔记
2025-02-24 16:17:02: Close Modified Folder (mod-time, acl): /tags/标注
2025-02-24 16:17:02: Close Modified Folder (mod-time, acl): /2025
2025-02-24 16:17:02: Close Modified Folder (mod-time, acl): /tags/阅读
2025-02-24 16:17:02: Close Modified Folder (mod-time, acl): /categories
2025-02-24 16:17:02: Save State File G:/Andy/hexo/public/_gsdata_/_file_state_v4._gs
2025-02-24 16:17:02: Save State File G:/Work/Github/wangandi520.github.io/_gsdata_/_file_state_v4._gs
2025-02-24 16:17:02: == Sync Complete. Time: 00:00:00, Speed: 0.00/s, OK: 28, Errors: 0
