2025-03-01 09:37:58: == Sync Started by User Command
2025-03-01 09:37:58: ConnectCloned connected to file:///G:/Andy/hexo/public
2025-03-01 09:37:58: ConnectCloned connected to file:///G:/Andy/hexo/public
2025-03-01 09:37:58: ConnectCloned connected to file:///G:/Andy/hexo/public
2025-03-01 09:37:58: ConnectCloned connected to file:///G:/Work/Github/wangandi520.github.io
2025-03-01 09:37:58: ConnectCloned connected to file:///G:/Work/Github/wangandi520.github.io
2025-03-01 09:37:58: ConnectCloned connected to file:///G:/Work/Github/wangandi520.github.io
2025-03-01 09:37:59: Copy Over 'G:/Andy/hexo/public/2020/03/26/树莓派4B加微雪2.13寸墨水屏监测pm2.5信息/index.html' -> 'G:/Work/Github/wangandi520.github.io/2020/03/26/树莓派4B加微雪2.13寸墨水屏监测pm2.5信息/index.html' (28,947)
2025-03-01 09:37:59: Copy Over 'G:/Andy/hexo/public/2021/03/09/红楼梦校注本标注/index.html' -> 'G:/Work/Github/wangandi520.github.io/2021/03/09/红楼梦校注本标注/index.html' (27,599)
2025-03-01 09:37:59: Copy Over 'G:/Andy/hexo/public/2021/03/09/电脑手机技巧/index.html' -> 'G:/Work/Github/wangandi520.github.io/2021/03/09/电脑手机技巧/index.html' (62,009)
2025-03-01 09:37:59: Copy Over 'G:/Andy/hexo/public/2020/06/23/文石boox nova2评测体验/index.html' -> 'G:/Work/Github/wangandi520.github.io/2020/06/23/文石boox nova2评测体验/index.html' (29,247)
2025-03-01 09:37:59: Copy Over 'G:/Andy/hexo/public/2021/03/12/REAPER6学习笔记/index.html' -> 'G:/Work/Github/wangandi520.github.io/2021/03/12/REAPER6学习笔记/index.html' (38,528)
2025-03-01 09:37:59: Copy Over 'G:/Andy/hexo/public/2021/03/11/魔方笔记/index.html' -> 'G:/Work/Github/wangandi520.github.io/2021/03/11/魔方笔记/index.html' (23,844)
2025-03-01 09:37:59: Copy Over 'G:/Andy/hexo/public/2021/03/13/文城标注/index.html' -> 'G:/Work/Github/wangandi520.github.io/2021/03/13/文城标注/index.html' (24,671)
2025-03-01 09:37:59: Copy Over 'G:/Andy/hexo/public/2021/03/15/吉他和弦图查询与生成/index.html' -> 'G:/Work/Github/wangandi520.github.io/2021/03/15/吉他和弦图查询与生成/index.html' (22,463)
2025-03-01 09:37:59: Copy Over 'G:/Andy/hexo/public/2021/03/16/舒适阅读电子书和漫画/index.html' -> 'G:/Work/Github/wangandi520.github.io/2021/03/16/舒适阅读电子书和漫画/index.html' (39,009)
2025-03-01 09:37:59: Copy Over 'G:/Andy/hexo/public/2021/03/16/西游记校注本标注/index.html' -> 'G:/Work/Github/wangandi520.github.io/2021/03/16/西游记校注本标注/index.html' (25,846)
2025-03-01 09:37:59: Copy Over 'G:/Andy/hexo/public/2021/03/17/hexo主题icarus的一些玩法/index.html' -> 'G:/Work/Github/wangandi520.github.io/2021/03/17/hexo主题icarus的一些玩法/index.html' (26,863)
2025-03-01 09:37:59: Copy Over 'G:/Andy/hexo/public/2021/03/18/文石Boox,Kindle,静读天下专业版,微信读书,KOReader的标注转换为Markdown格式/index.html' -> 'G:/Work/Github/wangandi520.github.io/2021/03/18/文石Boox,Kindle,静读天下专业版,微信读书,KOReader的标注转换为Markdown格式/index.html' (28,214)
2025-03-01 09:37:59: Copy Over 'G:/Andy/hexo/public/2021/03/22/搭建webdav服务器实现静读天下同步/index.html' -> 'G:/Work/Github/wangandi520.github.io/2021/03/22/搭建webdav服务器实现静读天下同步/index.html' (26,951)
2025-03-01 09:37:59: Copy Over 'G:/Andy/hexo/public/2021/07/03/几个漫画整理脚本的使用/index.html' -> 'G:/Work/Github/wangandi520.github.io/2021/07/03/几个漫画整理脚本的使用/index.html' (63,666)
2025-03-01 09:37:59: Copy Over 'G:/Andy/hexo/public/2021/06/07/红米ac2100路由器刷padavan系统/index.html' -> 'G:/Work/Github/wangandi520.github.io/2021/06/07/红米ac2100路由器刷padavan系统/index.html' (25,043)
2025-03-01 09:37:59: Copy Over 'G:/Andy/hexo/public/2021/09/25/一只特立独行的猪标注/index.html' -> 'G:/Work/Github/wangandi520.github.io/2021/09/25/一只特立独行的猪标注/index.html' (47,352)
2025-03-01 09:37:59: Copy Over 'G:/Andy/hexo/public/2021/10/05/离线漫画NeeView的使用和与其他软件的对比/index.html' -> 'G:/Work/Github/wangandi520.github.io/2021/10/05/离线漫画NeeView的使用和与其他软件的对比/index.html' (26,708)
2025-03-01 09:37:59: Copy Over 'G:/Andy/hexo/public/2021/10/22/沉默的大多数标注/index.html' -> 'G:/Work/Github/wangandi520.github.io/2021/10/22/沉默的大多数标注/index.html' (43,250)
2025-03-01 09:37:59: Copy Over 'G:/Andy/hexo/public/2021/09/28/中国历代政治得失标注/index.html' -> 'G:/Work/Github/wangandi520.github.io/2021/09/28/中国历代政治得失标注/index.html' (67,928)
2025-03-01 09:37:59: Copy Over 'G:/Andy/hexo/public/2021/12/31/书电影电视剧记录/index.html' -> 'G:/Work/Github/wangandi520.github.io/2021/12/31/书电影电视剧记录/index.html' (207,934)
2025-03-01 09:37:59: Copy Over 'G:/Andy/hexo/public/2019/03/29/文石boox poke pro评测体验/index.html' -> 'G:/Work/Github/wangandi520.github.io/2019/03/29/文石boox poke pro评测体验/index.html' (25,554)
2025-03-01 09:37:59: Copy Over 'G:/Andy/hexo/public/2019/03/29/文石poke pro,nova pro评测体验/index.html' -> 'G:/Work/Github/wangandi520.github.io/2019/03/29/文石poke pro,nova pro评测体验/index.html' (22,838)
2025-03-01 09:37:59: Copy Over 'G:/Andy/hexo/public/2019/12/04/老王随机点名器v1.0/index.html' -> 'G:/Work/Github/wangandi520.github.io/2019/12/04/老王随机点名器v1.0/index.html' (20,827)
2025-03-01 09:37:59: Copy Over 'G:/Andy/hexo/public/2017/01/09/kindle标注/index.html' -> 'G:/Work/Github/wangandi520.github.io/2017/01/09/kindle标注/index.html' (213,559)
2025-03-01 09:37:59: Copy Over 'G:/Andy/hexo/public/2017/01/09/树莓派-archlinuxarm做路由/index.html' -> 'G:/Work/Github/wangandi520.github.io/2017/01/09/树莓派-archlinuxarm做路由/index.html' (22,700)
2025-03-01 09:37:59: Copy Over 'G:/Andy/hexo/public/2017/01/09/树莓派3-Raspberry-pi-3-刷OpenWrt/index.html' -> 'G:/Work/Github/wangandi520.github.io/2017/01/09/树莓派3-Raspberry-pi-3-刷OpenWrt/index.html' (32,079)
2025-03-01 09:37:59: Copy Over 'G:/Andy/hexo/public/2017/01/09/歌词/index.html' -> 'G:/Work/Github/wangandi520.github.io/2017/01/09/歌词/index.html' (164,282)
2025-03-01 09:37:59: Copy Over 'G:/Andy/hexo/public/2017/03/23/speaksoftlylove/index.html' -> 'G:/Work/Github/wangandi520.github.io/2017/03/23/speaksoftlylove/index.html' (19,437)
2025-03-01 09:37:59: Copy Over 'G:/Andy/hexo/public/2017/01/09/树莓派3-Raspberry-pi-3-刷kali-3-5寸微雪屏/index.html' -> 'G:/Work/Github/wangandi520.github.io/2017/01/09/树莓派3-Raspberry-pi-3-刷kali-3-5寸微雪屏/index.html' (24,699)
2025-03-01 09:37:59: Copy Over 'G:/Andy/hexo/public/2017/01/14/路由器发送IP至服务器/index.html' -> 'G:/Work/Github/wangandi520.github.io/2017/01/14/路由器发送IP至服务器/index.html' (26,068)
2025-03-01 09:37:59: Copy Over 'G:/Andy/hexo/public/2017/05/15/树莓派3B和攀藤PMS5003ST/index.html' -> 'G:/Work/Github/wangandi520.github.io/2017/05/15/树莓派3B和攀藤PMS5003ST/index.html' (55,977)
2025-03-01 09:37:59: Copy Over 'G:/Andy/hexo/public/2022/01/08/Seventh9日麻教程 标注/index.html' -> 'G:/Work/Github/wangandi520.github.io/2022/01/08/Seventh9日麻教程 标注/index.html' (57,213)
2025-03-01 09:37:59: Copy Over 'G:/Andy/hexo/public/2022/03/19/几个PyQt程序/index.html' -> 'G:/Work/Github/wangandi520.github.io/2022/03/19/几个PyQt程序/index.html' (27,362)
2025-03-01 09:37:59: Copy Over 'G:/Andy/hexo/public/2022/01/06/书电影电视剧简评/index.html' -> 'G:/Work/Github/wangandi520.github.io/2022/01/06/书电影电视剧简评/index.html' (55,574)
2025-03-01 09:37:59: Copy Over 'G:/Andy/hexo/public/2022/01/26/linux笔记/index.html' -> 'G:/Work/Github/wangandi520.github.io/2022/01/26/linux笔记/index.html' (46,643)
2025-03-01 09:37:59: Copy Over 'G:/Andy/hexo/public/2022/01/26/使用archlinux搭建家庭数据服务中心/index.html' -> 'G:/Work/Github/wangandi520.github.io/2022/01/26/使用archlinux搭建家庭数据服务中心/index.html' (87,481)
2025-03-01 09:37:59: Copy Over 'G:/Andy/hexo/public/2022/08/08/漫画印刷与扫描错误/index.html' -> 'G:/Work/Github/wangandi520.github.io/2022/08/08/漫画印刷与扫描错误/index.html' (47,178)
2025-03-01 09:37:59: Copy Over 'G:/Andy/hexo/public/2023/05/25/红楼梦人物关系图/index.html' -> 'G:/Work/Github/wangandi520.github.io/2023/05/25/红楼梦人物关系图/index.html' (18,819)
2025-03-01 09:37:59: Copy Over 'G:/Andy/hexo/public/2023/01/29/SciTE文本编辑器配置/index.html' -> 'G:/Work/Github/wangandi520.github.io/2023/01/29/SciTE文本编辑器配置/index.html' (25,034)
2025-03-01 09:37:59: Copy Over 'G:/Andy/hexo/public/2023/06/06/书籍删减与翻译情况/index.html' -> 'G:/Work/Github/wangandi520.github.io/2023/06/06/书籍删减与翻译情况/index.html' (26,414)
2025-03-01 09:37:59: Copy Over 'G:/Andy/hexo/public/2023/06/07/店铺食品用品/index.html' -> 'G:/Work/Github/wangandi520.github.io/2023/06/07/店铺食品用品/index.html' (25,521)
2025-03-01 09:37:59: Copy Over 'G:/Andy/hexo/public/2023/06/11/百年孤独人物关系图/index.html' -> 'G:/Work/Github/wangandi520.github.io/2023/06/11/百年孤独人物关系图/index.html' (18,813)
2025-03-01 09:37:59: Copy Over 'G:/Andy/hexo/public/2023/11/20/小米14的bug/index.html' -> 'G:/Work/Github/wangandi520.github.io/2023/11/20/小米14的bug/index.html' (22,915)
2025-03-01 09:37:59: Copy Over 'G:/Andy/hexo/public/2023/12/15/音频软件插件简评/index.html' -> 'G:/Work/Github/wangandi520.github.io/2023/12/15/音频软件插件简评/index.html' (29,744)
2025-03-01 09:37:59: Copy Over 'G:/Andy/hexo/public/2023/12/25/美丽的世界你在哪里 标注/index.html' -> 'G:/Work/Github/wangandi520.github.io/2023/12/25/美丽的世界你在哪里 标注/index.html' (26,871)
2025-03-01 09:37:59: Copy Over 'G:/Andy/hexo/public/2023/12/29/快速上手羽毛球弹弓/index.html' -> 'G:/Work/Github/wangandi520.github.io/2023/12/29/快速上手羽毛球弹弓/index.html' (22,850)
2025-03-01 09:37:59: Copy Over 'G:/Andy/hexo/public/2023/12/29/省钱玩电吉他单车摄影，阅读音乐/index.html' -> 'G:/Work/Github/wangandi520.github.io/2023/12/29/省钱玩电吉他单车摄影，阅读音乐/index.html' (29,073)
2025-03-01 09:37:59: Copy Over 'G:/Andy/hexo/public/2024/01/03/Windows和Android优质软件/index.html' -> 'G:/Work/Github/wangandi520.github.io/2024/01/03/Windows和Android优质软件/index.html' (22,708)
2025-03-01 09:37:59: Copy Over 'G:/Andy/hexo/public/2024/02/05/挪威的森林赖明珠译标注/index.html' -> 'G:/Work/Github/wangandi520.github.io/2024/02/05/挪威的森林赖明珠译标注/index.html' (33,265)
2025-03-01 09:37:59: Copy Over 'G:/Andy/hexo/public/2024/02/11/使用github的action配合python每天签到/index.html' -> 'G:/Work/Github/wangandi520.github.io/2024/02/11/使用github的action配合python每天签到/index.html' (23,258)
2025-03-01 09:37:59: Copy Over 'G:/Andy/hexo/public/2024/02/18/中文日文注音使用html上标注音格式/index.html' -> 'G:/Work/Github/wangandi520.github.io/2024/02/18/中文日文注音使用html上标注音格式/index.html' (26,173)
2025-03-01 09:37:59: Copy Over 'G:/Andy/hexo/public/2024/02/29/hexo和next主题的一些配置/index.html' -> 'G:/Work/Github/wangandi520.github.io/2024/02/29/hexo和next主题的一些配置/index.html' (62,803)
2025-03-01 09:37:59: Copy Over 'G:/Andy/hexo/public/2024/01/13/联想拯救者y700一代（2022）平板刷机过程/index.html' -> 'G:/Work/Github/wangandi520.github.io/2024/01/13/联想拯救者y700一代（2022）平板刷机过程/index.html' (28,671)
2025-03-01 09:37:59: Copy Over 'G:/Andy/hexo/public/2024/03/03/立直麻将点数计算工具mahjong-calc/index.html' -> 'G:/Work/Github/wangandi520.github.io/2024/03/03/立直麻将点数计算工具mahjong-calc/index.html' (26,400)
2025-03-01 09:37:59: Copy Over 'G:/Andy/hexo/public/2024/04/13/其他标注/index.html' -> 'G:/Work/Github/wangandi520.github.io/2024/04/13/其他标注/index.html' (53,119)
2025-03-01 09:37:59: Copy Over 'G:/Andy/hexo/public/2024/03/07/neeview一键保存当前图片/index.html' -> 'G:/Work/Github/wangandi520.github.io/2024/03/07/neeview一键保存当前图片/index.html' (29,703)
2025-03-01 09:37:59: Copy Over 'G:/Andy/hexo/public/2024/04/25/不能承受的生命之轻标注/index.html' -> 'G:/Work/Github/wangandi520.github.io/2024/04/25/不能承受的生命之轻标注/index.html' (39,843)
2025-03-01 09:37:59: Copy Over 'G:/Andy/hexo/public/2024/03/13/个人笔记跨平台解决方案/index.html' -> 'G:/Work/Github/wangandi520.github.io/2024/03/13/个人笔记跨平台解决方案/index.html' (24,564)
2025-03-01 09:37:59: Copy Over 'G:/Andy/hexo/public/2024/06/06/三日间的幸福标注/index.html' -> 'G:/Work/Github/wangandi520.github.io/2024/06/06/三日间的幸福标注/index.html' (24,585)
2025-03-01 09:37:59: Copy Over 'G:/Andy/hexo/public/2024/11/09/文石poke6黑色评测体验/index.html' -> 'G:/Work/Github/wangandi520.github.io/2024/11/09/文石poke6黑色评测体验/index.html' (22,654)
2025-03-01 09:37:59: Copy Over 'G:/Andy/hexo/public/2025/01/10/仙境传说简易入门攻略/index.html' -> 'G:/Work/Github/wangandi520.github.io/2025/01/10/仙境传说简易入门攻略/index.html' (60,701)
2025-03-01 09:37:59: Copy Over 'G:/Andy/hexo/public/2024/12/13/单页面投资行情/index.html' -> 'G:/Work/Github/wangandi520.github.io/2024/12/13/单页面投资行情/index.html' (23,095)
2025-03-01 09:37:59: Copy Over 'G:/Andy/hexo/public/2025/01/26/本地运行deepseekr1模型/index.html' -> 'G:/Work/Github/wangandi520.github.io/2025/01/26/本地运行deepseekr1模型/index.html' (25,722)
2025-03-01 09:37:59: Copy Over 'G:/Andy/hexo/public/404.html' -> 'G:/Work/Github/wangandi520.github.io/404.html' (13,451)
2025-03-01 09:37:59: Copy Over 'G:/Andy/hexo/public/about/index.html' -> 'G:/Work/Github/wangandi520.github.io/about/index.html' (17,425)
2025-03-01 09:37:59: Copy Over 'G:/Andy/hexo/public/atom.xml' -> 'G:/Work/Github/wangandi520.github.io/atom.xml' (64,923)
2025-03-01 09:37:59: Copy Over 'G:/Andy/hexo/public/archives/2017/01/index.html' -> 'G:/Work/Github/wangandi520.github.io/archives/2017/01/index.html' (16,679)
2025-03-01 09:37:59: Copy Over 'G:/Andy/hexo/public/archives/2019/03/index.html' -> 'G:/Work/Github/wangandi520.github.io/archives/2019/03/index.html' (14,327)
2025-03-01 09:37:59: Copy Over 'G:/Andy/hexo/public/archives/2019/index.html' -> 'G:/Work/Github/wangandi520.github.io/archives/2019/index.html' (14,923)
2025-03-01 09:37:59: Copy Over 'G:/Andy/hexo/public/archives/2019/12/index.html' -> 'G:/Work/Github/wangandi520.github.io/archives/2019/12/index.html' (13,694)
2025-03-01 09:37:59: Copy Over 'G:/Andy/hexo/public/archives/2017/03/index.html' -> 'G:/Work/Github/wangandi520.github.io/archives/2017/03/index.html' (13,661)
2025-03-01 09:37:59: Copy Over 'G:/Andy/hexo/public/archives/2017/05/index.html' -> 'G:/Work/Github/wangandi520.github.io/archives/2017/05/index.html' (13,696)
2025-03-01 09:37:59: Copy Over 'G:/Andy/hexo/public/archives/2017/index.html' -> 'G:/Work/Github/wangandi520.github.io/archives/2017/index.html' (17,849)
2025-03-01 09:37:59: Copy Over 'G:/Andy/hexo/public/archives/2020/03/index.html' -> 'G:/Work/Github/wangandi520.github.io/archives/2020/03/index.html' (13,795)
2025-03-01 09:37:59: Copy Over 'G:/Andy/hexo/public/archives/2021/03/index.html' -> 'G:/Work/Github/wangandi520.github.io/archives/2021/03/index.html' (19,686)
2025-03-01 09:37:59: Copy Over 'G:/Andy/hexo/public/archives/2021/06/index.html' -> 'G:/Work/Github/wangandi520.github.io/archives/2021/06/index.html' (13,725)
2025-03-01 09:37:59: Copy Over 'G:/Andy/hexo/public/archives/2021/03/page/2/index.html' -> 'G:/Work/Github/wangandi520.github.io/archives/2021/03/page/2/index.html' (13,970)
2025-03-01 09:37:59: Copy Over 'G:/Andy/hexo/public/2025/02/24/王小波真正大全集15册标注/index.html' -> 'G:/Work/Github/wangandi520.github.io/2025/02/24/王小波真正大全集15册标注/index.html' (60,030)
2025-03-01 09:37:59: Copy Over 'G:/Andy/hexo/public/archives/2021/09/index.html' -> 'G:/Work/Github/wangandi520.github.io/archives/2021/09/index.html' (14,358)
2025-03-01 09:37:59: Copy Over 'G:/Andy/hexo/public/archives/2021/07/index.html' -> 'G:/Work/Github/wangandi520.github.io/archives/2021/07/index.html' (13,735)
2025-03-01 09:37:59: Copy Over 'G:/Andy/hexo/public/archives/2021/10/index.html' -> 'G:/Work/Github/wangandi520.github.io/archives/2021/10/index.html' (14,419)
2025-03-01 09:37:59: Copy Over 'G:/Andy/hexo/public/archives/2021/index.html' -> 'G:/Work/Github/wangandi520.github.io/archives/2021/index.html' (19,979)
2025-03-01 09:37:59: Copy Over 'G:/Andy/hexo/public/archives/2021/12/index.html' -> 'G:/Work/Github/wangandi520.github.io/archives/2021/12/index.html' (13,705)
2025-03-01 09:37:59: Copy Over 'G:/Andy/hexo/public/archives/2020/06/index.html' -> 'G:/Work/Github/wangandi520.github.io/archives/2020/06/index.html' (13,696)
2025-03-01 09:37:59: Copy Over 'G:/Andy/hexo/public/archives/2021/page/2/index.html' -> 'G:/Work/Github/wangandi520.github.io/archives/2021/page/2/index.html' (18,139)
2025-03-01 09:37:59: Copy Over 'G:/Andy/hexo/public/archives/2020/index.html' -> 'G:/Work/Github/wangandi520.github.io/archives/2020/index.html' (14,393)
2025-03-01 09:37:59: Copy Over 'G:/Andy/hexo/public/archives/2022/01/index.html' -> 'G:/Work/Github/wangandi520.github.io/archives/2022/01/index.html' (15,531)
2025-03-01 09:37:59: Copy Over 'G:/Andy/hexo/public/archives/2023/01/index.html' -> 'G:/Work/Github/wangandi520.github.io/archives/2023/01/index.html' (13,696)
2025-03-01 09:37:59: Copy Over 'G:/Andy/hexo/public/archives/2023/05/index.html' -> 'G:/Work/Github/wangandi520.github.io/archives/2023/05/index.html' (13,710)
2025-03-01 09:37:59: Copy Over 'G:/Andy/hexo/public/archives/2023/06/index.html' -> 'G:/Work/Github/wangandi520.github.io/archives/2023/06/index.html' (14,928)
2025-03-01 09:37:59: Copy Over 'G:/Andy/hexo/public/archives/2023/11/index.html' -> 'G:/Work/Github/wangandi520.github.io/archives/2023/11/index.html' (13,654)
2025-03-01 09:37:59: Copy Over 'G:/Andy/hexo/public/archives/2023/12/index.html' -> 'G:/Work/Github/wangandi520.github.io/archives/2023/12/index.html' (15,664)
2025-03-01 09:37:59: Copy Over 'G:/Andy/hexo/public/archives/2023/index.html' -> 'G:/Work/Github/wangandi520.github.io/archives/2023/index.html' (19,287)
2025-03-01 09:37:59: Copy Over 'G:/Andy/hexo/public/archives/2022/08/index.html' -> 'G:/Work/Github/wangandi520.github.io/archives/2022/08/index.html' (13,710)
2025-03-01 09:37:59: Copy Over 'G:/Andy/hexo/public/archives/2022/index.html' -> 'G:/Work/Github/wangandi520.github.io/archives/2022/index.html' (16,712)
2025-03-01 09:37:59: Copy Over 'G:/Andy/hexo/public/archives/2022/03/index.html' -> 'G:/Work/Github/wangandi520.github.io/archives/2022/03/index.html' (13,658)
2025-03-01 09:37:59: Copy Over 'G:/Andy/hexo/public/archives/index.html' -> 'G:/Work/Github/wangandi520.github.io/archives/index.html' (19,756)
2025-03-01 09:37:59: Copy Over 'G:/Andy/hexo/public/archives/2024/01/index.html' -> 'G:/Work/Github/wangandi520.github.io/archives/2024/01/index.html' (14,400)
2025-03-01 09:37:59: Copy Over 'G:/Andy/hexo/public/archives/2025/01/index.html' -> 'G:/Work/Github/wangandi520.github.io/archives/2025/01/index.html' (14,328)
2025-03-01 09:37:59: Copy Over 'G:/Andy/hexo/public/archives/2024/02/index.html' -> 'G:/Work/Github/wangandi520.github.io/archives/2024/02/index.html' (15,707)
2025-03-01 09:37:59: Copy Over 'G:/Andy/hexo/public/archives/2025/02/index.html' -> 'G:/Work/Github/wangandi520.github.io/archives/2025/02/index.html' (13,739)
2025-03-01 09:37:59: Copy Over 'G:/Andy/hexo/public/archives/2025/index.html' -> 'G:/Work/Github/wangandi520.github.io/archives/2025/index.html' (14,969)
2025-03-01 09:37:59: Copy Over 'G:/Andy/hexo/public/archives/2024/03/index.html' -> 'G:/Work/Github/wangandi520.github.io/archives/2024/03/index.html' (15,015)
2025-03-01 09:37:59: Copy Over 'G:/Andy/hexo/public/archives/2024/04/index.html' -> 'G:/Work/Github/wangandi520.github.io/archives/2024/04/index.html' (14,297)
2025-03-01 09:37:59: Copy Over 'G:/Andy/hexo/public/archives/2024/06/index.html' -> 'G:/Work/Github/wangandi520.github.io/archives/2024/06/index.html' (13,700)
2025-03-01 09:37:59: Copy Over 'G:/Andy/hexo/public/archives/2024/11/index.html' -> 'G:/Work/Github/wangandi520.github.io/archives/2024/11/index.html' (13,709)
2025-03-01 09:37:59: Copy Over 'G:/Andy/hexo/public/archives/2024/12/index.html' -> 'G:/Work/Github/wangandi520.github.io/archives/2024/12/index.html' (13,687)
2025-03-01 09:37:59: Copy Over 'G:/Andy/hexo/public/archives/2024/index.html' -> 'G:/Work/Github/wangandi520.github.io/archives/2024/index.html' (19,636)
2025-03-01 09:37:59: Copy Over 'G:/Andy/hexo/public/archives/page/2/index.html' -> 'G:/Work/Github/wangandi520.github.io/archives/page/2/index.html' (20,312)
2025-03-01 09:37:59: Copy Over 'G:/Andy/hexo/public/categories/index.html' -> 'G:/Work/Github/wangandi520.github.io/categories/index.html' (14,702)
2025-03-01 09:37:59: Copy Over 'G:/Andy/hexo/public/archives/page/3/index.html' -> 'G:/Work/Github/wangandi520.github.io/archives/page/3/index.html' (19,927)
2025-03-01 09:37:59: Copy Over 'G:/Andy/hexo/public/categories/个人/index.html' -> 'G:/Work/Github/wangandi520.github.io/categories/个人/index.html' (14,385)
2025-03-01 09:37:59: Copy Over 'G:/Andy/hexo/public/categories/吉他/index.html' -> 'G:/Work/Github/wangandi520.github.io/categories/吉他/index.html' (13,632)
2025-03-01 09:37:59: Copy Over 'G:/Andy/hexo/public/categories/学习笔记/index.html' -> 'G:/Work/Github/wangandi520.github.io/categories/学习笔记/index.html' (17,486)
2025-03-01 09:37:59: Copy Over 'G:/Andy/hexo/public/categories/极客/index.html' -> 'G:/Work/Github/wangandi520.github.io/categories/极客/index.html' (15,903)
2025-03-01 09:37:59: Copy Over 'G:/Andy/hexo/public/categories/游戏/index.html' -> 'G:/Work/Github/wangandi520.github.io/categories/游戏/index.html' (13,693)
2025-03-01 09:37:59: Copy Over 'G:/Andy/hexo/public/categories/程序/index.html' -> 'G:/Work/Github/wangandi520.github.io/categories/程序/index.html' (19,923)
2025-03-01 09:37:59: Copy Over 'G:/Andy/hexo/public/categories/评测/index.html' -> 'G:/Work/Github/wangandi520.github.io/categories/评测/index.html' (19,731)
2025-03-01 09:37:59: Copy Over 'G:/Andy/hexo/public/categories/读书笔记/index.html' -> 'G:/Work/Github/wangandi520.github.io/categories/读书笔记/index.html' (19,995)
2025-03-01 09:37:59: Copy Over 'G:/Andy/hexo/public/categories/程序/page/2/index.html' -> 'G:/Work/Github/wangandi520.github.io/categories/程序/page/2/index.html' (20,441)
2025-03-01 09:37:59: Copy Over 'G:/Andy/hexo/public/categories/程序/page/3/index.html' -> 'G:/Work/Github/wangandi520.github.io/categories/程序/page/3/index.html' (14,732)
2025-03-01 09:37:59: Copy Over 'G:/Andy/hexo/public/categories/读书笔记/page/2/index.html' -> 'G:/Work/Github/wangandi520.github.io/categories/读书笔记/page/2/index.html' (17,775)
2025-03-01 09:37:59: Copy Over 'G:/Andy/hexo/public/archives/page/4/index.html' -> 'G:/Work/Github/wangandi520.github.io/archives/page/4/index.html' (20,116)
2025-03-01 09:37:59: Copy Over 'G:/Andy/hexo/public/archives/page/5/index.html' -> 'G:/Work/Github/wangandi520.github.io/archives/page/5/index.html' (19,990)
2025-03-01 09:37:59: Copy Over 'G:/Andy/hexo/public/archives/page/6/index.html' -> 'G:/Work/Github/wangandi520.github.io/archives/page/6/index.html' (20,129)
2025-03-01 09:37:59: Copy Over 'G:/Andy/hexo/public/archives/page/7/index.html' -> 'G:/Work/Github/wangandi520.github.io/archives/page/7/index.html' (15,867)
2025-03-01 09:37:59: Copy Over 'G:/Andy/hexo/public/index.html' -> 'G:/Work/Github/wangandi520.github.io/index.html' (53,456)
2025-03-01 09:37:59: Copy Over 'G:/Andy/hexo/public/archives/2024/page/2/index.html' -> 'G:/Work/Github/wangandi520.github.io/archives/2024/page/2/index.html' (15,983)
2025-03-01 09:37:59: Copy Over 'G:/Andy/hexo/public/links/index.html' -> 'G:/Work/Github/wangandi520.github.io/links/index.html' (14,685)
2025-03-01 09:37:59: Copy Over 'G:/Andy/hexo/public/page/2/index.html' -> 'G:/Work/Github/wangandi520.github.io/page/2/index.html' (48,275)
2025-03-01 09:37:59: Copy Over 'G:/Andy/hexo/public/page/3/index.html' -> 'G:/Work/Github/wangandi520.github.io/page/3/index.html' (52,841)
2025-03-01 09:37:59: > Copy Over 'G:/Andy/hexo/public/search.xml' -> 'G:/Work/Github/wangandi520.github.io/search.xml' (1,191,338)
2025-03-01 09:37:59: Copy Over 'G:/Andy/hexo/public/page/4/index.html' -> 'G:/Work/Github/wangandi520.github.io/page/4/index.html' (51,936)
2025-03-01 09:37:59: Copy Over 'G:/Andy/hexo/public/page/5/index.html' -> 'G:/Work/Github/wangandi520.github.io/page/5/index.html' (50,829)
2025-03-01 09:37:59: Close Modified Folder (mod-time, acl): /2020/03/26/树莓派4B加微雪2.13寸墨水屏监测pm2.5信息
2025-03-01 09:37:59: Copy Over 'G:/Andy/hexo/public/sitemap.xml' -> 'G:/Work/Github/wangandi520.github.io/sitemap.xml' (32,053)
2025-03-01 09:37:59: < Copy Over 'G:/Andy/hexo/public/search.xml' -> 'G:/Work/Github/wangandi520.github.io/search.xml' (1,191,338)
2025-03-01 09:37:59: Copy Over 'G:/Andy/hexo/public/tags/archlinuxarm/index.html' -> 'G:/Work/Github/wangandi520.github.io/tags/archlinuxarm/index.html' (13,654)
2025-03-01 09:37:59: Copy Over 'G:/Andy/hexo/public/tags/AI/index.html' -> 'G:/Work/Github/wangandi520.github.io/tags/AI/index.html' (13,599)
2025-03-01 09:37:59: Copy Over 'G:/Andy/hexo/public/tags/bash/index.html' -> 'G:/Work/Github/wangandi520.github.io/tags/bash/index.html' (13,628)
2025-03-01 09:37:59: Copy Over 'G:/Andy/hexo/public/tags/boox/index.html' -> 'G:/Work/Github/wangandi520.github.io/tags/boox/index.html' (15,657)
2025-03-01 09:37:59: Copy Over 'G:/Andy/hexo/public/tags/hexo/index.html' -> 'G:/Work/Github/wangandi520.github.io/tags/hexo/index.html' (14,340)
2025-03-01 09:37:59: Copy Over 'G:/Andy/hexo/public/tags/html/index.html' -> 'G:/Work/Github/wangandi520.github.io/tags/html/index.html' (13,600)
2025-03-01 09:37:59: Copy Over 'G:/Andy/hexo/public/tags/index.html' -> 'G:/Work/Github/wangandi520.github.io/tags/index.html' (20,166)
2025-03-01 09:37:59: Copy Over 'G:/Andy/hexo/public/tags/icarus/index.html' -> 'G:/Work/Github/wangandi520.github.io/tags/icarus/index.html' (13,630)
2025-03-01 09:37:59: Copy Over 'G:/Andy/hexo/public/tags/javascript/index.html' -> 'G:/Work/Github/wangandi520.github.io/tags/javascript/index.html' (14,287)
2025-03-01 09:37:59: Copy Over 'G:/Andy/hexo/public/tags/kindle/index.html' -> 'G:/Work/Github/wangandi520.github.io/tags/kindle/index.html' (14,482)
2025-03-01 09:37:59: Copy Over 'G:/Andy/hexo/public/tags/kali/index.html' -> 'G:/Work/Github/wangandi520.github.io/tags/kali/index.html' (13,662)
2025-03-01 09:37:59: Copy Over 'G:/Andy/hexo/public/tags/koreader/index.html' -> 'G:/Work/Github/wangandi520.github.io/tags/koreader/index.html' (13,848)
2025-03-01 09:37:59: Copy Over 'G:/Andy/hexo/public/tags/markdown/index.html' -> 'G:/Work/Github/wangandi520.github.io/tags/markdown/index.html' (13,848)
2025-03-01 09:37:59: Copy Over 'G:/Andy/hexo/public/tags/NeeView/index.html' -> 'G:/Work/Github/wangandi520.github.io/tags/NeeView/index.html' (14,455)
2025-03-01 09:37:59: Copy Over 'G:/Andy/hexo/public/tags/linux/index.html' -> 'G:/Work/Github/wangandi520.github.io/tags/linux/index.html' (13,555)
2025-03-01 09:37:59: Copy Over 'G:/Andy/hexo/public/tags/nuc/index.html' -> 'G:/Work/Github/wangandi520.github.io/tags/nuc/index.html' (13,673)
2025-03-01 09:37:59: Copy Over 'G:/Andy/hexo/public/tags/OpenWrt/index.html' -> 'G:/Work/Github/wangandi520.github.io/tags/OpenWrt/index.html' (13,627)
2025-03-01 09:37:59: Copy Over 'G:/Andy/hexo/public/tags/padavan/index.html' -> 'G:/Work/Github/wangandi520.github.io/tags/padavan/index.html' (13,653)
2025-03-01 09:37:59: Copy Over 'G:/Andy/hexo/public/tags/php/index.html' -> 'G:/Work/Github/wangandi520.github.io/tags/php/index.html' (13,623)
2025-03-01 09:37:59: Copy Over 'G:/Andy/hexo/public/tags/PMS5003ST/index.html' -> 'G:/Work/Github/wangandi520.github.io/tags/PMS5003ST/index.html' (13,635)
2025-03-01 09:37:59: Copy Over 'G:/Andy/hexo/public/tags/PM2-5/index.html' -> 'G:/Work/Github/wangandi520.github.io/tags/PM2-5/index.html' (13,615)
2025-03-01 09:37:59: Copy Over 'G:/Andy/hexo/public/tags/python/index.html' -> 'G:/Work/Github/wangandi520.github.io/tags/python/index.html' (15,763)
2025-03-01 09:37:59: Copy Over 'G:/Andy/hexo/public/tags/Qt/index.html' -> 'G:/Work/Github/wangandi520.github.io/tags/Qt/index.html' (14,262)
2025-03-01 09:37:59: Copy Over 'G:/Andy/hexo/public/tags/Raspberry/index.html' -> 'G:/Work/Github/wangandi520.github.io/tags/Raspberry/index.html' (17,085)
2025-03-01 09:37:59: Copy Over 'G:/Andy/hexo/public/tags/REAPER/index.html' -> 'G:/Work/Github/wangandi520.github.io/tags/REAPER/index.html' (13,588)
2025-03-01 09:37:59: Copy Over 'G:/Andy/hexo/public/tags/webdav/index.html' -> 'G:/Work/Github/wangandi520.github.io/tags/webdav/index.html' (13,694)
2025-03-01 09:37:59: Copy Over 'G:/Andy/hexo/public/tags/y700/index.html' -> 'G:/Work/Github/wangandi520.github.io/tags/y700/index.html' (13,712)
2025-03-01 09:37:59: Copy Over 'G:/Andy/hexo/public/tags/书/index.html' -> 'G:/Work/Github/wangandi520.github.io/tags/书/index.html' (14,335)
2025-03-01 09:37:59: Copy Over 'G:/Andy/hexo/public/tags/仙境传说/index.html' -> 'G:/Work/Github/wangandi520.github.io/tags/仙境传说/index.html' (13,724)
2025-03-01 09:37:59: Copy Over 'G:/Andy/hexo/public/tags/余华/index.html' -> 'G:/Work/Github/wangandi520.github.io/tags/余华/index.html' (13,599)
2025-03-01 09:37:59: Copy Over 'G:/Andy/hexo/public/tags/刷机/index.html' -> 'G:/Work/Github/wangandi520.github.io/tags/刷机/index.html' (13,746)
2025-03-01 09:37:59: Copy Over 'G:/Andy/hexo/public/tags/单车/index.html' -> 'G:/Work/Github/wangandi520.github.io/tags/单车/index.html' (13,730)
2025-03-01 09:37:59: Copy Over 'G:/Andy/hexo/public/tags/吉他/index.html' -> 'G:/Work/Github/wangandi520.github.io/tags/吉他/index.html' (14,337)
2025-03-01 09:37:59: Copy Over 'G:/Andy/hexo/public/tags/学习笔记/index.html' -> 'G:/Work/Github/wangandi520.github.io/tags/学习笔记/index.html' (13,652)
2025-03-01 09:37:59: Copy Over 'G:/Andy/hexo/public/tags/弹弓/index.html' -> 'G:/Work/Github/wangandi520.github.io/tags/弹弓/index.html' (13,658)
2025-03-01 09:37:59: Copy Over 'G:/Andy/hexo/public/tags/微信读书/index.html' -> 'G:/Work/Github/wangandi520.github.io/tags/微信读书/index.html' (13,916)
2025-03-01 09:37:59: Copy Over 'G:/Andy/hexo/public/tags/微雪/index.html' -> 'G:/Work/Github/wangandi520.github.io/tags/微雪/index.html' (13,743)
2025-03-01 09:37:59: Copy Over 'G:/Andy/hexo/public/tags/投资/index.html' -> 'G:/Work/Github/wangandi520.github.io/tags/投资/index.html' (13,634)
2025-03-01 09:37:59: Copy Over 'G:/Andy/hexo/public/tags/指弹/index.html' -> 'G:/Work/Github/wangandi520.github.io/tags/指弹/index.html' (13,609)
2025-03-01 09:37:59: Copy Over 'G:/Andy/hexo/public/tags/摄影/index.html' -> 'G:/Work/Github/wangandi520.github.io/tags/摄影/index.html' (13,730)
2025-03-01 09:37:59: Copy Over 'G:/Andy/hexo/public/tags/摘抄/index.html' -> 'G:/Work/Github/wangandi520.github.io/tags/摘抄/index.html' (13,586)
2025-03-01 09:37:59: Copy Over 'G:/Andy/hexo/public/tags/攀藤/index.html' -> 'G:/Work/Github/wangandi520.github.io/tags/攀藤/index.html' (13,644)
2025-03-01 09:37:59: Copy Over 'G:/Andy/hexo/public/tags/文城/index.html' -> 'G:/Work/Github/wangandi520.github.io/tags/文城/index.html' (13,599)
2025-03-01 09:37:59: Copy Over 'G:/Andy/hexo/public/tags/文石/index.html' -> 'G:/Work/Github/wangandi520.github.io/tags/文石/index.html' (16,611)
2025-03-01 09:37:59: Copy Over 'G:/Andy/hexo/public/tags/日语/index.html' -> 'G:/Work/Github/wangandi520.github.io/tags/日语/index.html' (13,574)
2025-03-01 09:37:59: Copy Over 'G:/Andy/hexo/public/tags/极客/index.html' -> 'G:/Work/Github/wangandi520.github.io/tags/极客/index.html' (13,643)
2025-03-01 09:37:59: Copy Over 'G:/Andy/hexo/public/tags/标注/index.html' -> 'G:/Work/Github/wangandi520.github.io/tags/标注/index.html' (19,968)
2025-03-01 09:37:59: Copy Over 'G:/Andy/hexo/public/tags/树莓派/index.html' -> 'G:/Work/Github/wangandi520.github.io/tags/树莓派/index.html' (17,897)
2025-03-01 09:37:59: Copy Over 'G:/Andy/hexo/public/tags/标注/page/2/index.html' -> 'G:/Work/Github/wangandi520.github.io/tags/标注/page/2/index.html' (15,772)
2025-03-01 09:37:59: Copy Over 'G:/Andy/hexo/public/tags/歌词/index.html' -> 'G:/Work/Github/wangandi520.github.io/tags/歌词/index.html' (13,574)
2025-03-01 09:37:59: Copy Over 'G:/Andy/hexo/public/tags/漫画/index.html' -> 'G:/Work/Github/wangandi520.github.io/tags/漫画/index.html' (16,468)
2025-03-01 09:37:59: Copy Over 'G:/Andy/hexo/public/tags/王小波/index.html' -> 'G:/Work/Github/wangandi520.github.io/tags/王小波/index.html' (14,308)
2025-03-01 09:37:59: Copy Over 'G:/Andy/hexo/public/tags/电吉他/index.html' -> 'G:/Work/Github/wangandi520.github.io/tags/电吉他/index.html' (13,757)
2025-03-01 09:37:59: Copy Over 'G:/Andy/hexo/public/tags/电影/index.html' -> 'G:/Work/Github/wangandi520.github.io/tags/电影/index.html' (14,362)
2025-03-01 09:37:59: Copy Over 'G:/Andy/hexo/public/tags/电纸书/index.html' -> 'G:/Work/Github/wangandi520.github.io/tags/电纸书/index.html' (15,718)
2025-03-01 09:37:59: Copy Over 'G:/Andy/hexo/public/tags/电脑手机技巧/index.html' -> 'G:/Work/Github/wangandi520.github.io/tags/电脑手机技巧/index.html' (13,730)
2025-03-01 09:37:59: Copy Over 'G:/Andy/hexo/public/tags/电视剧/index.html' -> 'G:/Work/Github/wangandi520.github.io/tags/电视剧/index.html' (14,389)
2025-03-01 09:37:59: Copy Over 'G:/Andy/hexo/public/tags/电脑技巧/index.html' -> 'G:/Work/Github/wangandi520.github.io/tags/电脑技巧/index.html' (14,394)
2025-03-01 09:37:59: Copy Over 'G:/Andy/hexo/public/tags/百年孤独/index.html' -> 'G:/Work/Github/wangandi520.github.io/tags/百年孤独/index.html' (13,724)
2025-03-01 09:37:59: Copy Over 'G:/Andy/hexo/public/tags/程序/index.html' -> 'G:/Work/Github/wangandi520.github.io/tags/程序/index.html' (14,989)
2025-03-01 09:37:59: Copy Over 'G:/Andy/hexo/public/tags/笔记/index.html' -> 'G:/Work/Github/wangandi520.github.io/tags/笔记/index.html' (13,682)
2025-03-01 09:37:59: Copy Over 'G:/Andy/hexo/public/tags/红楼梦/index.html' -> 'G:/Work/Github/wangandi520.github.io/tags/红楼梦/index.html' (14,390)
2025-03-01 09:37:59: Copy Over 'G:/Andy/hexo/public/tags/羽毛球/index.html' -> 'G:/Work/Github/wangandi520.github.io/tags/羽毛球/index.html' (13,685)
2025-03-01 09:37:59: Copy Over 'G:/Andy/hexo/public/tags/英语/index.html' -> 'G:/Work/Github/wangandi520.github.io/tags/英语/index.html' (13,574)
2025-03-01 09:37:59: Copy Over 'G:/Andy/hexo/public/tags/西游记/index.html' -> 'G:/Work/Github/wangandi520.github.io/tags/西游记/index.html' (13,674)
2025-03-01 09:37:59: Copy Over 'G:/Andy/hexo/public/tags/评测/index.html' -> 'G:/Work/Github/wangandi520.github.io/tags/评测/index.html' (17,079)
2025-03-01 09:37:59: Copy Over 'G:/Andy/hexo/public/tags/读书笔记/index.html' -> 'G:/Work/Github/wangandi520.github.io/tags/读书笔记/index.html' (20,107)
2025-03-01 09:37:59: Copy Over 'G:/Andy/hexo/public/tags/路由器/index.html' -> 'G:/Work/Github/wangandi520.github.io/tags/路由器/index.html' (13,699)
2025-03-01 09:37:59: Copy Over 'G:/Andy/hexo/public/tags/读书笔记/page/2/index.html' -> 'G:/Work/Github/wangandi520.github.io/tags/读书笔记/page/2/index.html' (14,608)
2025-03-01 09:37:59: Copy Over 'G:/Andy/hexo/public/tags/钱穆/index.html' -> 'G:/Work/Github/wangandi520.github.io/tags/钱穆/index.html' (13,671)
2025-03-01 09:37:59: Copy Over 'G:/Andy/hexo/public/tags/阅读/index.html' -> 'G:/Work/Github/wangandi520.github.io/tags/阅读/index.html' (19,863)
2025-03-01 09:37:59: Copy Over 'G:/Andy/hexo/public/tags/静读天下专业版/index.html' -> 'G:/Work/Github/wangandi520.github.io/tags/静读天下专业版/index.html' (14,678)
2025-03-01 09:37:59: Copy Over 'G:/Andy/hexo/public/tags/音乐/index.html' -> 'G:/Work/Github/wangandi520.github.io/tags/音乐/index.html' (13,730)
2025-03-01 09:37:59: Copy Over 'G:/Andy/hexo/public/tags/阅读/page/2/index.html' -> 'G:/Work/Github/wangandi520.github.io/tags/阅读/page/2/index.html' (17,050)
2025-03-01 09:37:59: Copy Over 'G:/Andy/hexo/public/tags/音频/index.html' -> 'G:/Work/Github/wangandi520.github.io/tags/音频/index.html' (15,009)
2025-03-01 09:37:59: Close Modified Folder (mod-time, acl): /2021/03/09/红楼梦校注本标注
2025-03-01 09:37:59: Copy Over 'G:/Andy/hexo/public/tags/食品/index.html' -> 'G:/Work/Github/wangandi520.github.io/tags/食品/index.html' (13,622)
2025-03-01 09:37:59: Copy Over 'G:/Andy/hexo/public/tags/魔方/index.html' -> 'G:/Work/Github/wangandi520.github.io/tags/魔方/index.html' (13,598)
2025-03-01 09:37:59: Close Modified Folder (mod-time, acl): /2021/03/09/电脑手机技巧
2025-03-01 09:37:59: Close Modified Folder (mod-time, acl): /2020/06/23/文石boox nova2评测体验
2025-03-01 09:37:59: Close Modified Folder (mod-time, acl): /2021/03/12/REAPER6学习笔记
2025-03-01 09:37:59: Close Modified Folder (mod-time, acl): /2021/03/11/魔方笔记
2025-03-01 09:37:59: Copy Over 'G:/Andy/hexo/public/tags/麻将/index.html' -> 'G:/Work/Github/wangandi520.github.io/tags/麻将/index.html' (13,642)
2025-03-01 09:37:59: Close Modified Folder (mod-time, acl): /2021/03/13/文城标注
2025-03-01 09:37:59: Close Modified Folder (mod-time, acl): /2021/03/15/吉他和弦图查询与生成
2025-03-01 09:37:59: Close Modified Folder (mod-time, acl): /2021/03/16/舒适阅读电子书和漫画
2025-03-01 09:37:59: Close Modified Folder (mod-time, acl): /2021/03/16/西游记校注本标注
2025-03-01 09:37:59: Close Modified Folder (mod-time, acl): /2021/03/17/hexo主题icarus的一些玩法
2025-03-01 09:37:59: Close Modified Folder (mod-time, acl): /2021/03/18/文石Boox,Kindle,静读天下专业版,微信读书,KOReader的标注转换为Markdown格式
2025-03-01 09:37:59: Close Modified Folder (mod-time, acl): /2021/03/22/搭建webdav服务器实现静读天下同步
2025-03-01 09:37:59: Close Modified Folder (mod-time, acl): /2021/07/03/几个漫画整理脚本的使用
2025-03-01 09:37:59: Close Modified Folder (mod-time, acl): /2021/06/07/红米ac2100路由器刷padavan系统
2025-03-01 09:37:59: Close Modified Folder (mod-time, acl): /2021/09/25/一只特立独行的猪标注
2025-03-01 09:37:59: Close Modified Folder (mod-time, acl): /2021/10/05/离线漫画NeeView的使用和与其他软件的对比
2025-03-01 09:37:59: Close Modified Folder (mod-time, acl): /2021/10/22/沉默的大多数标注
2025-03-01 09:37:59: Close Modified Folder (mod-time, acl): /2021/09/28/中国历代政治得失标注
2025-03-01 09:37:59: Close Modified Folder (mod-time, acl): /2021/12/31/书电影电视剧记录
2025-03-01 09:37:59: Close Modified Folder (mod-time, acl): /2019/03/29/文石boox poke pro评测体验
2025-03-01 09:37:59: Close Modified Folder (mod-time, acl): /2019/03/29/文石poke pro,nova pro评测体验
2025-03-01 09:37:59: Close Modified Folder (mod-time, acl): /2019/12/04/老王随机点名器v1.0
2025-03-01 09:37:59: Close Modified Folder (mod-time, acl): /2017/01/09/kindle标注
2025-03-01 09:37:59: Close Modified Folder (mod-time, acl): /2017/01/09/树莓派-archlinuxarm做路由
2025-03-01 09:37:59: Close Modified Folder (mod-time, acl): /2017/01/09/树莓派3-Raspberry-pi-3-刷OpenWrt
2025-03-01 09:37:59: Close Modified Folder (mod-time, acl): /2017/01/09/歌词
2025-03-01 09:37:59: Close Modified Folder (mod-time, acl): /2017/03/23/speaksoftlylove
2025-03-01 09:37:59: Close Modified Folder (mod-time, acl): /2017/01/09/树莓派3-Raspberry-pi-3-刷kali-3-5寸微雪屏
2025-03-01 09:37:59: Close Modified Folder (mod-time, acl): /2017/01/14/路由器发送IP至服务器
2025-03-01 09:37:59: Close Modified Folder (mod-time, acl): /2017/05/15/树莓派3B和攀藤PMS5003ST
2025-03-01 09:37:59: Close Modified Folder (mod-time, acl): /2022/01/08/Seventh9日麻教程 标注
2025-03-01 09:37:59: Close Modified Folder (mod-time, acl): /2022/03/19/几个PyQt程序
2025-03-01 09:37:59: Close Modified Folder (mod-time, acl): /2022/01/06/书电影电视剧简评
2025-03-01 09:37:59: Close Modified Folder (mod-time, acl): /2022/01/26/linux笔记
2025-03-01 09:37:59: Close Modified Folder (mod-time, acl): /2022/01/26/使用archlinux搭建家庭数据服务中心
2025-03-01 09:37:59: Close Modified Folder (mod-time, acl): /2022/08/08/漫画印刷与扫描错误
2025-03-01 09:37:59: Close Modified Folder (mod-time, acl): /2023/05/25/红楼梦人物关系图
2025-03-01 09:37:59: Close Modified Folder (mod-time, acl): /2023/01/29/SciTE文本编辑器配置
2025-03-01 09:37:59: Close Modified Folder (mod-time, acl): /2023/06/06/书籍删减与翻译情况
2025-03-01 09:37:59: Close Modified Folder (mod-time, acl): /2023/06/07/店铺食品用品
2025-03-01 09:37:59: Close Modified Folder (mod-time, acl): /2023/06/11/百年孤独人物关系图
2025-03-01 09:37:59: Close Modified Folder (mod-time, acl): /2023/11/20/小米14的bug
2025-03-01 09:37:59: Close Modified Folder (mod-time, acl): /2023/12/15/音频软件插件简评
2025-03-01 09:37:59: Close Modified Folder (mod-time, acl): /2023/12/25/美丽的世界你在哪里 标注
2025-03-01 09:37:59: Close Modified Folder (mod-time, acl): /2023/12/29/快速上手羽毛球弹弓
2025-03-01 09:37:59: Close Modified Folder (mod-time, acl): /2023/12/29/省钱玩电吉他单车摄影，阅读音乐
2025-03-01 09:37:59: Close Modified Folder (mod-time, acl): /2024/01/03/Windows和Android优质软件
2025-03-01 09:37:59: Close Modified Folder (mod-time, acl): /2024/02/05/挪威的森林赖明珠译标注
2025-03-01 09:37:59: Close Modified Folder (mod-time, acl): /2024/02/11/使用github的action配合python每天签到
2025-03-01 09:37:59: Close Modified Folder (mod-time, acl): /2024/02/18/中文日文注音使用html上标注音格式
2025-03-01 09:37:59: Close Modified Folder (mod-time, acl): /2024/02/29/hexo和next主题的一些配置
2025-03-01 09:37:59: Close Modified Folder (mod-time, acl): /2024/01/13/联想拯救者y700一代（2022）平板刷机过程
2025-03-01 09:37:59: Close Modified Folder (mod-time, acl): /2024/03/03/立直麻将点数计算工具mahjong-calc
2025-03-01 09:37:59: Close Modified Folder (mod-time, acl): /2024/04/13/其他标注
2025-03-01 09:37:59: Close Modified Folder (mod-time, acl): /2024/03/07/neeview一键保存当前图片
2025-03-01 09:37:59: Close Modified Folder (mod-time, acl): /2024/04/25/不能承受的生命之轻标注
2025-03-01 09:37:59: Close Modified Folder (mod-time, acl): /2024/03/13/个人笔记跨平台解决方案
2025-03-01 09:37:59: Close Modified Folder (mod-time, acl): /2024/06/06/三日间的幸福标注
2025-03-01 09:37:59: Close Modified Folder (mod-time, acl): /2024/11/09/文石poke6黑色评测体验
2025-03-01 09:37:59: Close Modified Folder (mod-time, acl): /2025/01/10/仙境传说简易入门攻略
2025-03-01 09:37:59: Close Modified Folder (mod-time, acl): /2024/12/13/单页面投资行情
2025-03-01 09:37:59: Close Modified Folder (mod-time, acl): /2025/01/26/本地运行deepseekr1模型
2025-03-01 09:37:59: Close Modified Folder (mod-time, acl): /about
2025-03-01 09:37:59: Close Modified Folder (mod-time, acl): /archives/2017/01
2025-03-01 09:37:59: Close Modified Folder (mod-time, acl): /archives/2019/03
2025-03-01 09:37:59: Close Modified Folder (mod-time, acl): /archives/2019/12
2025-03-01 09:37:59: Close Modified Folder (mod-time, acl): /archives/2017/03
2025-03-01 09:37:59: Close Modified Folder (mod-time, acl): /archives/2017/05
2025-03-01 09:37:59: Close Modified Folder (mod-time, acl): /archives/2020/03
2025-03-01 09:37:59: Close Modified Folder (mod-time, acl): /archives/2021/06
2025-03-01 09:37:59: Close Modified Folder (mod-time, acl): /archives/2021/03/page/2
2025-03-01 09:37:59: Close Modified Folder (mod-time, acl): /2025/02/24/王小波真正大全集15册标注
2025-03-01 09:37:59: Close Modified Folder (mod-time, acl): /archives/2021/09
2025-03-01 09:37:59: Close Modified Folder (mod-time, acl): /archives/2021/07
2025-03-01 09:37:59: Close Modified Folder (mod-time, acl): /archives/2021/10
2025-03-01 09:37:59: Close Modified Folder (mod-time, acl): /archives/2021/12
2025-03-01 09:37:59: Close Modified Folder (mod-time, acl): /archives/2020/06
2025-03-01 09:37:59: Close Modified Folder (mod-time, acl): /archives/2021/page/2
2025-03-01 09:37:59: Close Modified Folder (mod-time, acl): /archives/2022/01
2025-03-01 09:37:59: Close Modified Folder (mod-time, acl): /archives/2023/01
2025-03-01 09:37:59: Close Modified Folder (mod-time, acl): /archives/2023/05
2025-03-01 09:37:59: Close Modified Folder (mod-time, acl): /archives/2023/06
2025-03-01 09:37:59: Close Modified Folder (mod-time, acl): /archives/2023/11
2025-03-01 09:37:59: Close Modified Folder (mod-time, acl): /archives/2023/12
2025-03-01 09:37:59: Close Modified Folder (mod-time, acl): /archives/2022/03
2025-03-01 09:37:59: Close Modified Folder (mod-time, acl): /archives/2022/08
2025-03-01 09:37:59: Close Modified Folder (mod-time, acl): /archives/2024/01
2025-03-01 09:37:59: Close Modified Folder (mod-time, acl): /archives/2025/01
2025-03-01 09:37:59: Close Modified Folder (mod-time, acl): /archives/2024/02
2025-03-01 09:37:59: Close Modified Folder (mod-time, acl): /archives/2025/02
2025-03-01 09:37:59: Close Modified Folder (mod-time, acl): /archives/2024/03
2025-03-01 09:37:59: Close Modified Folder (mod-time, acl): /archives/2024/04
2025-03-01 09:37:59: Close Modified Folder (mod-time, acl): /archives/2024/06
2025-03-01 09:37:59: Close Modified Folder (mod-time, acl): /archives/2024/11
2025-03-01 09:37:59: Close Modified Folder (mod-time, acl): /archives/2024/12
2025-03-01 09:37:59: Close Modified Folder (mod-time, acl): /archives/page/2
2025-03-01 09:37:59: Close Modified Folder (mod-time, acl): /archives/page/3
2025-03-01 09:37:59: Close Modified Folder (mod-time, acl): /categories/个人
2025-03-01 09:37:59: Close Modified Folder (mod-time, acl): /categories/吉他
2025-03-01 09:37:59: Close Modified Folder (mod-time, acl): /categories/学习笔记
2025-03-01 09:37:59: Close Modified Folder (mod-time, acl): /categories/极客
2025-03-01 09:37:59: Close Modified Folder (mod-time, acl): /categories/游戏
2025-03-01 09:37:59: Close Modified Folder (mod-time, acl): /categories/评测
2025-03-01 09:37:59: Close Modified Folder (mod-time, acl): /categories/程序/page/2
2025-03-01 09:37:59: Close Modified Folder (mod-time, acl): /categories/程序/page/3
2025-03-01 09:37:59: Close Modified Folder (mod-time, acl): /categories/读书笔记/page/2
2025-03-01 09:37:59: Close Modified Folder (mod-time, acl): /archives/page/4
2025-03-01 09:37:59: Close Modified Folder (mod-time, acl): /archives/page/5
2025-03-01 09:37:59: Close Modified Folder (mod-time, acl): /archives/page/6
2025-03-01 09:37:59: Close Modified Folder (mod-time, acl): /archives/page/7
2025-03-01 09:37:59: Close Modified Folder (mod-time, acl): /archives/2024/page/2
2025-03-01 09:37:59: Close Modified Folder (mod-time, acl): /links
2025-03-01 09:37:59: Close Modified Folder (mod-time, acl): /page/2
2025-03-01 09:37:59: Close Modified Folder (mod-time, acl): /page/3
2025-03-01 09:37:59: Close Modified Folder (mod-time, acl): /page/4
2025-03-01 09:37:59: Close Modified Folder (mod-time, acl): /page/5
2025-03-01 09:37:59: Close Modified Folder (mod-time, acl): /tags/archlinuxarm
2025-03-01 09:37:59: Close Modified Folder (mod-time, acl): /tags/AI
2025-03-01 09:37:59: Close Modified Folder (mod-time, acl): /tags/bash
2025-03-01 09:37:59: Close Modified Folder (mod-time, acl): /tags/boox
2025-03-01 09:37:59: Close Modified Folder (mod-time, acl): /tags/hexo
2025-03-01 09:37:59: Close Modified Folder (mod-time, acl): /tags/html
2025-03-01 09:37:59: Close Modified Folder (mod-time, acl): /tags/icarus
2025-03-01 09:37:59: Close Modified Folder (mod-time, acl): /tags/javascript
2025-03-01 09:37:59: Close Modified Folder (mod-time, acl): /tags/kindle
2025-03-01 09:37:59: Close Modified Folder (mod-time, acl): /tags/kali
2025-03-01 09:37:59: Close Modified Folder (mod-time, acl): /tags/koreader
2025-03-01 09:37:59: Close Modified Folder (mod-time, acl): /tags/markdown
2025-03-01 09:37:59: Close Modified Folder (mod-time, acl): /tags/NeeView
2025-03-01 09:37:59: Close Modified Folder (mod-time, acl): /tags/linux
2025-03-01 09:37:59: Close Modified Folder (mod-time, acl): /tags/nuc
2025-03-01 09:37:59: Close Modified Folder (mod-time, acl): /tags/OpenWrt
2025-03-01 09:37:59: Close Modified Folder (mod-time, acl): /tags/padavan
2025-03-01 09:37:59: Close Modified Folder (mod-time, acl): /tags/php
2025-03-01 09:37:59: Close Modified Folder (mod-time, acl): /tags/PMS5003ST
2025-03-01 09:37:59: Close Modified Folder (mod-time, acl): /tags/PM2-5
2025-03-01 09:37:59: Close Modified Folder (mod-time, acl): /tags/python
2025-03-01 09:37:59: Close Modified Folder (mod-time, acl): /tags/Qt
2025-03-01 09:37:59: Close Modified Folder (mod-time, acl): /tags/Raspberry
2025-03-01 09:37:59: Close Modified Folder (mod-time, acl): /tags/REAPER
2025-03-01 09:37:59: Close Modified Folder (mod-time, acl): /tags/webdav
2025-03-01 09:37:59: Close Modified Folder (mod-time, acl): /tags/y700
2025-03-01 09:37:59: Close Modified Folder (mod-time, acl): /tags/书
2025-03-01 09:37:59: Close Modified Folder (mod-time, acl): /tags/仙境传说
2025-03-01 09:37:59: Close Modified Folder (mod-time, acl): /tags/余华
2025-03-01 09:37:59: Close Modified Folder (mod-time, acl): /tags/刷机
2025-03-01 09:37:59: Close Modified Folder (mod-time, acl): /tags/单车
2025-03-01 09:37:59: Close Modified Folder (mod-time, acl): /tags/吉他
2025-03-01 09:37:59: Close Modified Folder (mod-time, acl): /tags/学习笔记
2025-03-01 09:37:59: Close Modified Folder (mod-time, acl): /tags/弹弓
2025-03-01 09:37:59: Close Modified Folder (mod-time, acl): /tags/微信读书
2025-03-01 09:37:59: Close Modified Folder (mod-time, acl): /tags/微雪
2025-03-01 09:37:59: Close Modified Folder (mod-time, acl): /tags/投资
2025-03-01 09:37:59: Close Modified Folder (mod-time, acl): /tags/指弹
2025-03-01 09:37:59: Close Modified Folder (mod-time, acl): /tags/摄影
2025-03-01 09:37:59: Close Modified Folder (mod-time, acl): /tags/摘抄
2025-03-01 09:37:59: Close Modified Folder (mod-time, acl): /tags/攀藤
2025-03-01 09:37:59: Close Modified Folder (mod-time, acl): /tags/文城
2025-03-01 09:37:59: Close Modified Folder (mod-time, acl): /tags/文石
2025-03-01 09:37:59: Close Modified Folder (mod-time, acl): /tags/日语
2025-03-01 09:37:59: Close Modified Folder (mod-time, acl): /tags/极客
2025-03-01 09:37:59: Close Modified Folder (mod-time, acl): /tags/树莓派
2025-03-01 09:37:59: Close Modified Folder (mod-time, acl): /tags/标注/page/2
2025-03-01 09:37:59: Close Modified Folder (mod-time, acl): /tags/歌词
2025-03-01 09:37:59: Close Modified Folder (mod-time, acl): /tags/漫画
2025-03-01 09:37:59: Close Modified Folder (mod-time, acl): /tags/王小波
2025-03-01 09:37:59: Close Modified Folder (mod-time, acl): /tags/电吉他
2025-03-01 09:37:59: Close Modified Folder (mod-time, acl): /tags/电影
2025-03-01 09:37:59: Close Modified Folder (mod-time, acl): /tags/电纸书
2025-03-01 09:37:59: Close Modified Folder (mod-time, acl): /tags/电脑手机技巧
2025-03-01 09:37:59: Close Modified Folder (mod-time, acl): /tags/电视剧
2025-03-01 09:37:59: Close Modified Folder (mod-time, acl): /tags/电脑技巧
2025-03-01 09:37:59: Close Modified Folder (mod-time, acl): /tags/百年孤独
2025-03-01 09:37:59: Close Modified Folder (mod-time, acl): /tags/程序
2025-03-01 09:37:59: Close Modified Folder (mod-time, acl): /tags/笔记
2025-03-01 09:37:59: Close Modified Folder (mod-time, acl): /tags/红楼梦
2025-03-01 09:37:59: Close Modified Folder (mod-time, acl): /tags/羽毛球
2025-03-01 09:37:59: Close Modified Folder (mod-time, acl): /tags/英语
2025-03-01 09:37:59: Close Modified Folder (mod-time, acl): /tags/西游记
2025-03-01 09:37:59: Close Modified Folder (mod-time, acl): /tags/评测
2025-03-01 09:37:59: Close Modified Folder (mod-time, acl): /tags/路由器
2025-03-01 09:37:59: Close Modified Folder (mod-time, acl): /tags/读书笔记/page/2
2025-03-01 09:37:59: Close Modified Folder (mod-time, acl): /tags/钱穆
2025-03-01 09:37:59: Close Modified Folder (mod-time, acl): /tags/静读天下专业版
2025-03-01 09:37:59: Close Modified Folder (mod-time, acl): /tags/音乐
2025-03-01 09:37:59: Close Modified Folder (mod-time, acl): /tags/阅读/page/2
2025-03-01 09:37:59: Close Modified Folder (mod-time, acl): /tags/音频
2025-03-01 09:37:59: Close Modified Folder (mod-time, acl): /tags/食品
2025-03-01 09:37:59: Close Modified Folder (mod-time, acl): /tags/魔方
2025-03-01 09:37:59: Close Modified Folder (mod-time, acl): /tags/麻将
2025-03-01 09:37:59: Close Modified Folder (mod-time, acl): /archives/2019
2025-03-01 09:37:59: Close Modified Folder (mod-time, acl): /archives/2017
2025-03-01 09:37:59: Close Modified Folder (mod-time, acl): /archives/2020
2025-03-01 09:37:59: Close Modified Folder (mod-time, acl): /archives/2023
2025-03-01 09:37:59: Close Modified Folder (mod-time, acl): /archives/2022
2025-03-01 09:37:59: Close Modified Folder (mod-time, acl): /archives/2025
2025-03-01 09:37:59: Close Modified Folder (mod-time, acl): /archives/2021/03
2025-03-01 09:37:59: Close Modified Folder (mod-time, acl): /categories/程序
2025-03-01 09:37:59: Close Modified Folder (mod-time, acl): /categories/读书笔记
2025-03-01 09:37:59: Close Modified Folder (mod-time, acl): /archives/2024
2025-03-01 09:37:59: Close Modified Folder (mod-time, acl): /tags/标注
2025-03-01 09:37:59: Close Modified Folder (mod-time, acl): /tags/读书笔记
2025-03-01 09:37:59: Close Modified Folder (mod-time, acl): /tags/阅读
2025-03-01 09:37:59: Close Modified Folder (mod-time, acl): /archives/2021
2025-03-01 09:37:59: Close Modified Folder (mod-time, acl): /categories
2025-03-01 09:37:59: Close Modified Folder (mod-time, acl): /tags
2025-03-01 09:37:59: Close Modified Folder (mod-time, acl): /archives
2025-03-01 09:37:59: Save State File G:/Andy/hexo/public/_gsdata_/_file_state_v4._gs
2025-03-01 09:37:59: Save State File G:/Work/Github/wangandi520.github.io/_gsdata_/_file_state_v4._gs
2025-03-01 09:37:59: == Sync Complete. Time: 00:00:01, Speed: 0.00/s, OK: 213, Errors: 0
